[2021-12-18T09:13:39+08:00][sql] CONNECT:[ UseTime:0.023913s ] mysql:host=124.71.218.160;port=3306;dbname=www_akali_ltd;charset=utf8
[2021-12-18T09:13:39+08:00][sql] SHOW FULL COLUMNS FROM `product` [ RunTime:0.016702s ]
[2021-12-18T09:13:39+08:00][sql] SELECT `id`,`product_category_id` FROM `product` WHERE  `name` = '苹果13' LIMIT 1 [ RunTime:0.011867s ]
[2021-12-18T11:48:21+08:00][sql] CONNECT:[ UseTime:0.042755s ] mysql:host=124.71.218.160;port=3306;dbname=www_akali_ltd;charset=utf8
[2021-12-18T11:48:21+08:00][sql] SHOW FULL COLUMNS FROM `product` [ RunTime:0.015751s ]
[2021-12-18T11:48:21+08:00][sql] SELECT `id`,`product_category_id` FROM `product` WHERE  `name` = '苹果13' LIMIT 1 [ RunTime:0.014880s ]
[2021-12-18T11:48:21+08:00][error] [0]specs_value_id格式错误[D:\Web\www.ruiwen.com\app\admin\validate\Product.php:89]
[2021-12-18T11:48:58+08:00][sql] CONNECT:[ UseTime:0.032532s ] mysql:host=124.71.218.160;port=3306;dbname=www_akali_ltd;charset=utf8
[2021-12-18T11:48:58+08:00][sql] SHOW FULL COLUMNS FROM `product` [ RunTime:0.023271s ]
[2021-12-18T11:48:58+08:00][sql] SELECT `id`,`product_category_id` FROM `product` WHERE  `name` = '苹果13' LIMIT 1 [ RunTime:0.023468s ]
[2021-12-18T11:50:32+08:00][sql] CONNECT:[ UseTime:0.027201s ] mysql:host=124.71.218.160;port=3306;dbname=www_akali_ltd;charset=utf8
[2021-12-18T11:50:32+08:00][sql] SHOW FULL COLUMNS FROM `product` [ RunTime:0.018385s ]
[2021-12-18T11:50:32+08:00][sql] SELECT `id`,`product_category_id` FROM `product` WHERE  `name` = '苹果13' LIMIT 1 [ RunTime:0.016633s ]
[2021-12-18T11:50:51+08:00][sql] CONNECT:[ UseTime:0.034959s ] mysql:host=124.71.218.160;port=3306;dbname=www_akali_ltd;charset=utf8
[2021-12-18T11:50:51+08:00][sql] SHOW FULL COLUMNS FROM `product` [ RunTime:0.016629s ]
[2021-12-18T11:50:51+08:00][sql] SELECT `id`,`product_category_id` FROM `product` WHERE  `name` = '苹果13' LIMIT 1 [ RunTime:0.015529s ]
[2021-12-18T11:50:51+08:00][error] [0]规格库存必须是数字[D:\Web\www.ruiwen.com\app\admin\validate\Product.php:89]
[2021-12-18T11:51:54+08:00][sql] CONNECT:[ UseTime:0.021319s ] mysql:host=124.71.218.160;port=3306;dbname=www_akali_ltd;charset=utf8
[2021-12-18T11:51:54+08:00][sql] SHOW FULL COLUMNS FROM `product` [ RunTime:0.014904s ]
[2021-12-18T11:51:54+08:00][sql] SELECT `id`,`product_category_id` FROM `product` WHERE  `name` = '苹果13' LIMIT 1 [ RunTime:0.014123s ]
[2021-12-18T15:48:41+08:00][sql] CONNECT:[ UseTime:0.026237s ] mysql:host=124.71.218.160;port=3306;dbname=www_akali_ltd;charset=utf8
[2021-12-18T15:48:41+08:00][sql] SHOW FULL COLUMNS FROM `product` [ RunTime:0.018410s ]
[2021-12-18T15:48:41+08:00][sql] SELECT `id`,`product_category_id` FROM `product` WHERE  `name` = '苹果13' LIMIT 1 [ RunTime:0.018144s ]
[2021-12-18T15:51:14+08:00][sql] CONNECT:[ UseTime:0.017556s ] mysql:host=124.71.218.160;port=3306;dbname=www_akali_ltd;charset=utf8
[2021-12-18T15:51:14+08:00][sql] SHOW FULL COLUMNS FROM `product` [ RunTime:0.010390s ]
[2021-12-18T15:51:14+08:00][sql] SELECT `id`,`product_category_id` FROM `product` WHERE  `name` = '苹果13' LIMIT 1 [ RunTime:0.010520s ]
[2021-12-18T15:51:14+08:00][sql] INSERT INTO `product` SET `product_category_id` = 1 , `name` = '苹果13' , `image` = '寒蝉鸣泣之时 7月一号.png' , `market_price` = '3800' , `shop_price` = '3699' , `stock` = 4561 , `is_hot` = 1 , `spec_type` = 0 , `create_time` = 1639813874 , `update_time` = 1639813874 [ RunTime:0.009816s ]
[2021-12-18T15:51:14+08:00][error] [8]未定义数组索引: stcok[D:\Web\www.ruiwen.com\app\admin\logic\Product.php:32]
[2021-12-18T15:51:44+08:00][sql] CONNECT:[ UseTime:0.013113s ] mysql:host=124.71.218.160;port=3306;dbname=www_akali_ltd;charset=utf8
[2021-12-18T15:51:44+08:00][sql] SHOW FULL COLUMNS FROM `product` [ RunTime:0.009449s ]
[2021-12-18T15:51:44+08:00][sql] SELECT `id`,`product_category_id` FROM `product` WHERE  `name` = '苹果13' LIMIT 1 [ RunTime:0.008516s ]
[2021-12-18T15:51:44+08:00][sql] INSERT INTO `product` SET `product_category_id` = 1 , `name` = '苹果13' , `image` = '寒蝉鸣泣之时 7月一号.png' , `market_price` = '3800' , `shop_price` = '3699' , `stock` = 4561 , `is_hot` = 1 , `spec_type` = 0 , `create_time` = 1639813904 , `update_time` = 1639813904 [ RunTime:0.009017s ]
[2021-12-18T15:51:44+08:00][sql] SHOW FULL COLUMNS FROM `product_specs` [ RunTime:0.009300s ]
[2021-12-18T15:51:44+08:00][sql] REPLACE INTO `product_specs` SET `product_id` = 2 , `specs_value_id` = '1,2' , `price` = '12' , `stock` = 52 , `create_time` = 1639813904 , `update_time` = 1639813904 [ RunTime:0.008786s ]
[2021-12-18T15:51:44+08:00][sql] REPLACE INTO `product_specs` SET `product_id` = 2 , `specs_value_id` = '2' , `price` = '52' , `stock` = 3 , `create_time` = 1639813904 , `update_time` = 1639813904 [ RunTime:0.008580s ]
[2021-12-18T15:51:44+08:00][sql] REPLACE INTO `product_specs` SET `product_id` = 2 , `specs_value_id` = '3' , `price` = '62' , `stock` = 9 , `create_time` = 1639813904 , `update_time` = 1639813904 [ RunTime:0.008728s ]
[2021-12-18T15:51:44+08:00][sql] UPDATE `product`  SET `stock` = 64 , `update_time` = 1639813904  WHERE (  `id` = 2 ) AND `product`.`delete_time` IS NULL [ RunTime:0.008602s ]
[2021-12-18T15:51:44+08:00][error] [0]Cannot use object of type think\response\Json as array[D:\Web\www.ruiwen.com\app\admin\controller\Product.php:24]
[2021-12-18T15:53:08+08:00][sql] CONNECT:[ UseTime:0.026168s ] mysql:host=124.71.218.160;port=3306;dbname=www_akali_ltd;charset=utf8
[2021-12-18T15:53:08+08:00][sql] SHOW FULL COLUMNS FROM `product` [ RunTime:0.018680s ]
[2021-12-18T15:53:08+08:00][sql] SELECT `id`,`product_category_id` FROM `product` WHERE  `name` = '苹果13' LIMIT 1 [ RunTime:0.017572s ]
[2021-12-18T15:53:08+08:00][error] [300][D:\Web\www.ruiwen.com\app\common\middleware\CheckParams.php:61]
[2021-12-18T15:53:29+08:00][sql] CONNECT:[ UseTime:0.015334s ] mysql:host=124.71.218.160;port=3306;dbname=www_akali_ltd;charset=utf8
[2021-12-18T15:53:29+08:00][sql] SHOW FULL COLUMNS FROM `product` [ RunTime:0.009624s ]
[2021-12-18T15:53:29+08:00][sql] SELECT `id`,`product_category_id` FROM `product` WHERE  `name` = '苹果13' LIMIT 1 [ RunTime:0.007929s ]
[2021-12-18T15:53:29+08:00][sql] INSERT INTO `product` SET `product_category_id` = 1 , `name` = '苹果13' , `image` = '寒蝉鸣泣之时 7月一号.png' , `market_price` = '3800' , `shop_price` = '3699' , `stock` = 4561 , `is_hot` = 1 , `spec_type` = 0 , `create_time` = 1639814008 , `update_time` = 1639814008 [ RunTime:0.008416s ]
[2021-12-18T15:53:29+08:00][sql] SHOW FULL COLUMNS FROM `product_specs` [ RunTime:0.009341s ]
[2021-12-18T15:53:29+08:00][sql] REPLACE INTO `product_specs` SET `product_id` = 3 , `specs_value_id` = '1,2' , `price` = '12' , `stock` = 52 , `create_time` = 1639814009 , `update_time` = 1639814009 [ RunTime:0.008339s ]
[2021-12-18T15:53:29+08:00][sql] REPLACE INTO `product_specs` SET `product_id` = 3 , `specs_value_id` = '2' , `price` = '52' , `stock` = 3 , `create_time` = 1639814009 , `update_time` = 1639814009 [ RunTime:0.062478s ]
[2021-12-18T15:53:29+08:00][sql] REPLACE INTO `product_specs` SET `product_id` = 3 , `specs_value_id` = '3' , `price` = '62' , `stock` = 9 , `create_time` = 1639814009 , `update_time` = 1639814009 [ RunTime:0.009448s ]
[2021-12-18T15:53:29+08:00][sql] UPDATE `product`  SET `stock` = 64 , `update_time` = 1639814009  WHERE (  `id` = 3 ) AND `product`.`delete_time` IS NULL [ RunTime:0.008580s ]
[2021-12-18T15:53:59+08:00][sql] CONNECT:[ UseTime:0.023319s ] mysql:host=124.71.218.160;port=3306;dbname=www_akali_ltd;charset=utf8
[2021-12-18T15:53:59+08:00][sql] SHOW FULL COLUMNS FROM `product` [ RunTime:0.017263s ]
[2021-12-18T15:53:59+08:00][sql] SELECT `id`,`product_category_id` FROM `product` WHERE  `name` = '苹果13' LIMIT 1 [ RunTime:0.015892s ]
[2021-12-18T15:53:59+08:00][sql] INSERT INTO `product` SET `product_category_id` = 1 , `name` = '苹果13' , `image` = '寒蝉鸣泣之时 7月一号.png' , `market_price` = '3800' , `shop_price` = '3699' , `stock` = 4561 , `is_hot` = 1 , `spec_type` = 0 , `create_time` = 1639814039 , `update_time` = 1639814039 [ RunTime:0.015555s ]
[2021-12-18T15:53:59+08:00][sql] SHOW FULL COLUMNS FROM `product_specs` [ RunTime:0.019122s ]
[2021-12-18T15:53:59+08:00][sql] REPLACE INTO `product_specs` SET `product_id` = 4 , `specs_value_id` = '1,2' , `price` = '12' , `stock` = 52 , `create_time` = 1639814039 , `update_time` = 1639814039 [ RunTime:0.015831s ]
[2021-12-18T15:53:59+08:00][sql] REPLACE INTO `product_specs` SET `product_id` = 4 , `specs_value_id` = '2' , `price` = '52' , `stock` = 3 , `create_time` = 1639814039 , `update_time` = 1639814039 [ RunTime:0.015713s ]
[2021-12-18T15:53:59+08:00][sql] REPLACE INTO `product_specs` SET `product_id` = 4 , `specs_value_id` = '3' , `price` = '62' , `stock` = 9 , `create_time` = 1639814039 , `update_time` = 1639814039 [ RunTime:0.015754s ]
[2021-12-18T15:53:59+08:00][sql] UPDATE `product`  SET `stock` = 64 , `update_time` = 1639814039  WHERE (  `id` = 4 ) AND `product`.`delete_time` IS NULL [ RunTime:0.018830s ]
[2021-12-18T15:55:05+08:00][sql] CONNECT:[ UseTime:0.032913s ] mysql:host=124.71.218.160;port=3306;dbname=www_akali_ltd;charset=utf8
[2021-12-18T15:55:05+08:00][sql] SHOW FULL COLUMNS FROM `product` [ RunTime:0.023666s ]
[2021-12-18T15:55:05+08:00][sql] SELECT `id`,`product_category_id` FROM `product` WHERE  `name` = '苹果13' LIMIT 1 [ RunTime:0.024927s ]
[2021-12-18T15:55:05+08:00][sql] INSERT INTO `product` SET `product_category_id` = 1 , `name` = '苹果13' , `image` = '寒蝉鸣泣之时 7月一号.png' , `market_price` = '3800' , `shop_price` = '3699' , `stock` = 4561 , `is_hot` = 1 , `spec_type` = 0 , `create_time` = 1639814105 , `update_time` = 1639814105 [ RunTime:0.024378s ]
[2021-12-18T15:55:05+08:00][sql] SHOW FULL COLUMNS FROM `product_specs` [ RunTime:0.022557s ]
[2021-12-18T15:55:05+08:00][sql] REPLACE INTO `product_specs` SET `product_id` = 5 , `specs_value_id` = '1,2' , `price` = '12' , `stock` = 52 , `create_time` = 1639814105 , `update_time` = 1639814105 [ RunTime:0.024227s ]
[2021-12-18T15:55:05+08:00][sql] REPLACE INTO `product_specs` SET `product_id` = 5 , `specs_value_id` = '2' , `price` = '52' , `stock` = 3 , `create_time` = 1639814105 , `update_time` = 1639814105 [ RunTime:0.024619s ]
[2021-12-18T15:55:05+08:00][sql] REPLACE INTO `product_specs` SET `product_id` = 5 , `specs_value_id` = '3' , `price` = '62' , `stock` = 9 , `create_time` = 1639814105 , `update_time` = 1639814105 [ RunTime:0.026802s ]
[2021-12-18T15:55:05+08:00][sql] UPDATE `product`  SET `stock` = 64 , `update_time` = 1639814105  WHERE (  `id` = 5 ) AND `product`.`delete_time` IS NULL [ RunTime:0.024144s ]
[2021-12-18T15:56:19+08:00][sql] CONNECT:[ UseTime:0.014259s ] mysql:host=124.71.218.160;port=3306;dbname=www_akali_ltd;charset=utf8
[2021-12-18T15:56:19+08:00][sql] SHOW FULL COLUMNS FROM `product` [ RunTime:0.010870s ]
[2021-12-18T15:56:19+08:00][sql] SELECT `id`,`product_category_id` FROM `product` WHERE  `name` = '苹果13' LIMIT 1 [ RunTime:0.009364s ]
[2021-12-18T15:56:19+08:00][sql] INSERT INTO `product` SET `product_category_id` = 1 , `name` = '苹果13' , `image` = '寒蝉鸣泣之时 7月一号.png' , `market_price` = '3800' , `shop_price` = '3699' , `stock` = 4561 , `is_hot` = 1 , `spec_type` = 0 , `create_time` = 1639814179 , `update_time` = 1639814179 [ RunTime:0.009960s ]
[2021-12-18T15:56:19+08:00][sql] SHOW FULL COLUMNS FROM `product_specs` [ RunTime:0.010541s ]
[2021-12-18T15:56:19+08:00][sql] REPLACE INTO `product_specs` SET `product_id` = 6 , `specs_value_id` = '1,2' , `price` = '12' , `stock` = 52 , `create_time` = 1639814179 , `update_time` = 1639814179 [ RunTime:0.009455s ]
[2021-12-18T15:56:19+08:00][sql] REPLACE INTO `product_specs` SET `product_id` = 6 , `specs_value_id` = '2' , `price` = '52' , `stock` = 3 , `create_time` = 1639814179 , `update_time` = 1639814179 [ RunTime:0.009462s ]
[2021-12-18T15:56:19+08:00][sql] REPLACE INTO `product_specs` SET `product_id` = 6 , `specs_value_id` = '3' , `price` = '62' , `stock` = 9 , `create_time` = 1639814179 , `update_time` = 1639814179 [ RunTime:0.009675s ]
[2021-12-18T15:56:19+08:00][sql] UPDATE `product`  SET `stock` = 64 , `update_time` = 1639814179  WHERE (  `id` = 6 ) AND `product`.`delete_time` IS NULL [ RunTime:0.009467s ]
[2021-12-18T16:01:04+08:00][sql] CONNECT:[ UseTime:0.028225s ] mysql:host=124.71.218.160;port=3306;dbname=www_akali_ltd;charset=utf8
[2021-12-18T16:01:04+08:00][sql] SHOW FULL COLUMNS FROM `product` [ RunTime:0.010868s ]
[2021-12-18T16:01:04+08:00][sql] SELECT `id`,`product_category_id` FROM `product` WHERE  `name` = '苹果12' LIMIT 1 [ RunTime:0.010019s ]
[2021-12-18T16:01:04+08:00][sql] INSERT INTO `product` SET `product_category_id` = 1 , `name` = '苹果12' , `image` = '寒蝉鸣泣之时 7月一号.png' , `market_price` = '3800' , `shop_price` = '3699' , `stock` = 4561 , `is_hot` = 1 , `spec_type` = 0 , `create_time` = 1639814464 , `update_time` = 1639814464 [ RunTime:0.010066s ]
[2021-12-18T16:01:04+08:00][sql] SHOW FULL COLUMNS FROM `product_specs` [ RunTime:0.010976s ]
[2021-12-18T16:01:04+08:00][sql] REPLACE INTO `product_specs` SET `product_id` = 7 , `specs_value_id` = '1,2,3' , `price` = '22' , `stock` = 12 , `create_time` = 1639814464 , `update_time` = 1639814464 [ RunTime:0.009814s ]
[2021-12-18T16:01:04+08:00][sql] REPLACE INTO `product_specs` SET `product_id` = 7 , `specs_value_id` = '2,7' , `price` = '32' , `stock` = 3 , `create_time` = 1639814464 , `update_time` = 1639814464 [ RunTime:0.009746s ]
[2021-12-18T16:01:04+08:00][sql] UPDATE `product`  SET `stock` = 15 , `update_time` = 1639814464  WHERE (  `id` = 7 ) AND `product`.`delete_time` IS NULL [ RunTime:0.009861s ]
[2021-12-18T16:17:06+08:00][sql] CONNECT:[ UseTime:0.029910s ] mysql:host=124.71.218.160;port=3306;dbname=www_akali_ltd;charset=utf8
[2021-12-18T16:17:06+08:00][sql] SHOW FULL COLUMNS FROM `product` [ RunTime:0.015130s ]
[2021-12-18T16:17:06+08:00][sql] SELECT `id`,`product_category_id` FROM `product` WHERE  `name` = '苹果12' LIMIT 1 [ RunTime:0.014249s ]
[2021-12-18T16:17:06+08:00][error] [300][D:\Web\www.ruiwen.com\app\common\middleware\CheckParams.php:61]
[2021-12-18T16:17:19+08:00][sql] CONNECT:[ UseTime:0.023845s ] mysql:host=124.71.218.160;port=3306;dbname=www_akali_ltd;charset=utf8
[2021-12-18T16:17:19+08:00][sql] SHOW FULL COLUMNS FROM `product` [ RunTime:0.016133s ]
[2021-12-18T16:17:19+08:00][sql] SELECT `id`,`product_category_id` FROM `product` WHERE  `name` = '苹果11' LIMIT 1 [ RunTime:0.015412s ]
[2021-12-18T16:17:19+08:00][sql] INSERT INTO `product` SET `product_category_id` = 1 , `name` = '苹果11' , `image` = '寒蝉鸣泣之时 7月一号.png' , `market_price` = '3800' , `shop_price` = '3699' , `stock` = 4561 , `is_hot` = 1 , `spec_type` = 0 , `create_time` = 1639815439 , `update_time` = 1639815439 [ RunTime:0.016317s ]
[2021-12-18T16:17:19+08:00][error] [400][D:\Web\www.ruiwen.com\app\admin\logic\Product.php:59]
[2021-12-18T16:19:40+08:00][sql] CONNECT:[ UseTime:0.016203s ] mysql:host=124.71.218.160;port=3306;dbname=www_akali_ltd;charset=utf8
[2021-12-18T16:19:40+08:00][sql] SHOW FULL COLUMNS FROM `product` [ RunTime:0.010975s ]
[2021-12-18T16:19:40+08:00][sql] SELECT `id`,`product_category_id` FROM `product` WHERE  `name` = '苹果11' LIMIT 1 [ RunTime:0.011722s ]
[2021-12-18T16:19:40+08:00][sql] INSERT INTO `product` SET `product_category_id` = 1 , `name` = '苹果11' , `image` = '寒蝉鸣泣之时 7月一号.png' , `market_price` = '3800' , `shop_price` = '3699' , `stock` = 4561 , `is_hot` = 1 , `spec_type` = 0 , `create_time` = 1639815580 , `update_time` = 1639815580 [ RunTime:0.010563s ]
[2021-12-18T16:19:40+08:00][error] [0]Class 'app\admin\logic\Fails' not found[D:\Web\www.ruiwen.com\app\admin\logic\Product.php:26]
[2021-12-18T16:21:40+08:00][error] [0]Class 'app\admin\logic\Fails' not found
[2021-12-18T16:21:50+08:00][error] [0]Class 'app\admin\logic\Fails' not found
[2021-12-18T16:21:54+08:00][error] [0]Class 'app\admin\logic\Fails' not found
[2021-12-18T16:23:02+08:00][sql] CONNECT:[ UseTime:0.025517s ] mysql:host=124.71.218.160;port=3306;dbname=www_akali_ltd;charset=utf8
[2021-12-18T16:23:02+08:00][sql] SHOW FULL COLUMNS FROM `product` [ RunTime:0.016988s ]
[2021-12-18T16:23:02+08:00][sql] SELECT `id`,`product_category_id` FROM `product` WHERE  `name` = '苹果11' LIMIT 1 [ RunTime:0.018055s ]
[2021-12-18T16:23:02+08:00][sql] INSERT INTO `product` SET `product_category_id` = 1 , `name` = '苹果11' , `image` = '寒蝉鸣泣之时 7月一号.png' , `market_price` = '3800' , `shop_price` = '3699' , `stock` = 4561 , `is_hot` = 1 , `spec_type` = 0 , `create_time` = 1639815782 , `update_time` = 1639815782 [ RunTime:0.016061s ]
[2021-12-18T16:23:02+08:00][sql] SHOW FULL COLUMNS FROM `product_specs` [ RunTime:0.017668s ]
[2021-12-18T16:23:02+08:00][sql] REPLACE INTO `product_specs` SET `product_id` = 13 , `specs_value_id` = '1,2,3' , `price` = '22' , `stock` = 12 , `create_time` = 1639815782 , `update_time` = 1639815782 [ RunTime:0.015981s ]
[2021-12-18T16:23:02+08:00][sql] REPLACE INTO `product_specs` SET `product_id` = 13 , `specs_value_id` = '2,7' , `price` = '32' , `stock` = 3 , `create_time` = 1639815782 , `update_time` = 1639815782 [ RunTime:0.017776s ]
[2021-12-18T16:23:02+08:00][sql] UPDATE `product`  SET `stock` = 15 , `update_time` = 1639815782  WHERE (  `id` = 13 ) AND `product`.`delete_time` IS NULL [ RunTime:0.017154s ]
[2021-12-18T16:36:05+08:00][sql] CONNECT:[ UseTime:0.043458s ] mysql:host=124.71.218.160;port=3306;dbname=www_akali_ltd;charset=utf8
[2021-12-18T16:36:05+08:00][sql] SHOW FULL COLUMNS FROM `product` [ RunTime:0.017323s ]
[2021-12-18T16:36:05+08:00][sql] SELECT `id`,`product_category_id` FROM `product` WHERE  `name` = '苹果11' LIMIT 1 [ RunTime:0.015822s ]
[2021-12-18T16:36:05+08:00][error] [8]未定义数组索引: id[D:\Web\www.ruiwen.com\app\admin\logic\Product.php:21]
[2021-12-18T16:37:48+08:00][sql] CONNECT:[ UseTime:0.024493s ] mysql:host=124.71.218.160;port=3306;dbname=www_akali_ltd;charset=utf8
[2021-12-18T16:37:48+08:00][sql] SHOW FULL COLUMNS FROM `product` [ RunTime:0.017417s ]
[2021-12-18T16:37:48+08:00][sql] SELECT `id`,`product_category_id` FROM `product` WHERE  `name` = '苹果11' LIMIT 1 [ RunTime:0.016493s ]
[2021-12-18T16:38:25+08:00][sql] CONNECT:[ UseTime:0.029135s ] mysql:host=124.71.218.160;port=3306;dbname=www_akali_ltd;charset=utf8
[2021-12-18T16:38:25+08:00][sql] SHOW FULL COLUMNS FROM `product` [ RunTime:0.016621s ]
[2021-12-18T16:38:25+08:00][sql] SELECT `id`,`product_category_id` FROM `product` WHERE  `name` = '苹果11' LIMIT 1 [ RunTime:0.015446s ]
[2021-12-18T16:38:25+08:00][error] [8]未定义数组索引: id[D:\Web\www.ruiwen.com\app\admin\logic\Product.php:21]
[2021-12-18T16:57:34+08:00][sql] CONNECT:[ UseTime:0.025086s ] mysql:host=124.71.218.160;port=3306;dbname=www_akali_ltd;charset=utf8
[2021-12-18T16:57:34+08:00][sql] SHOW FULL COLUMNS FROM `product` [ RunTime:0.015292s ]
[2021-12-18T16:57:34+08:00][sql] SELECT `id`,`product_category_id` FROM `product` WHERE  `name` = '苹果11' LIMIT 1 [ RunTime:0.014444s ]
[2021-12-18T16:57:34+08:00][error] [8]未定义数组索引: id[D:\Web\www.ruiwen.com\app\admin\logic\Product.php:20]
[2021-12-18T16:58:36+08:00][sql] CONNECT:[ UseTime:0.024465s ] mysql:host=124.71.218.160;port=3306;dbname=www_akali_ltd;charset=utf8
[2021-12-18T16:58:36+08:00][sql] SHOW FULL COLUMNS FROM `product` [ RunTime:0.016836s ]
[2021-12-18T16:58:36+08:00][sql] SELECT `id`,`product_category_id` FROM `product` WHERE  `name` = '苹果11' LIMIT 1 [ RunTime:0.017177s ]
[2021-12-18T16:58:36+08:00][error] [200][D:\Web\www.ruiwen.com\app\admin\logic\Product.php:24]
[2021-12-18T16:59:13+08:00][sql] CONNECT:[ UseTime:0.023889s ] mysql:host=124.71.218.160;port=3306;dbname=www_akali_ltd;charset=utf8
[2021-12-18T16:59:13+08:00][sql] SHOW FULL COLUMNS FROM `product` [ RunTime:0.016112s ]
[2021-12-18T16:59:13+08:00][sql] SELECT `id`,`product_category_id` FROM `product` WHERE  `name` = '苹果11' LIMIT 1 [ RunTime:0.015365s ]
[2021-12-18T16:59:13+08:00][error] [200][D:\Web\www.ruiwen.com\app\admin\logic\Product.php:24]
[2021-12-18T16:59:36+08:00][sql] CONNECT:[ UseTime:0.050914s ] mysql:host=124.71.218.160;port=3306;dbname=www_akali_ltd;charset=utf8
[2021-12-18T16:59:36+08:00][sql] SHOW FULL COLUMNS FROM `product` [ RunTime:0.023812s ]
[2021-12-18T16:59:36+08:00][sql] SELECT `id`,`product_category_id` FROM `product` WHERE  `name` = '苹果11' LIMIT 1 [ RunTime:0.023182s ]
[2021-12-18T16:59:55+08:00][sql] CONNECT:[ UseTime:0.041680s ] mysql:host=124.71.218.160;port=3306;dbname=www_akali_ltd;charset=utf8
[2021-12-18T16:59:55+08:00][sql] SHOW FULL COLUMNS FROM `product` [ RunTime:0.015430s ]
[2021-12-18T16:59:55+08:00][sql] SELECT `id`,`product_category_id` FROM `product` WHERE  `name` = '苹果11' LIMIT 1 [ RunTime:0.014715s ]
[2021-12-18T17:00:01+08:00][sql] CONNECT:[ UseTime:0.026713s ] mysql:host=124.71.218.160;port=3306;dbname=www_akali_ltd;charset=utf8
[2021-12-18T17:00:01+08:00][sql] SHOW FULL COLUMNS FROM `product` [ RunTime:0.018751s ]
[2021-12-18T17:00:01+08:00][sql] SELECT `id`,`product_category_id` FROM `product` WHERE  `name` = '苹果11' LIMIT 1 [ RunTime:0.015993s ]
[2021-12-18T17:00:48+08:00][sql] CONNECT:[ UseTime:0.025180s ] mysql:host=124.71.218.160;port=3306;dbname=www_akali_ltd;charset=utf8
[2021-12-18T17:00:48+08:00][sql] SHOW FULL COLUMNS FROM `product` [ RunTime:0.017461s ]
[2021-12-18T17:00:48+08:00][sql] SELECT `id`,`product_category_id` FROM `product` WHERE  `name` = '苹果11' LIMIT 1 [ RunTime:0.016115s ]
[2021-12-18T17:00:48+08:00][error] [8]未定义变量: params[D:\Web\www.ruiwen.com\app\admin\logic\Product.php:19]
[2021-12-18T17:00:56+08:00][sql] CONNECT:[ UseTime:0.033789s ] mysql:host=124.71.218.160;port=3306;dbname=www_akali_ltd;charset=utf8
[2021-12-18T17:00:56+08:00][sql] SHOW FULL COLUMNS FROM `product` [ RunTime:0.023467s ]
[2021-12-18T17:00:56+08:00][sql] SELECT `id`,`product_category_id` FROM `product` WHERE  `name` = '苹果11' LIMIT 1 [ RunTime:0.024501s ]
[2021-12-18T17:02:01+08:00][sql] CONNECT:[ UseTime:0.041900s ] mysql:host=124.71.218.160;port=3306;dbname=www_akali_ltd;charset=utf8
[2021-12-18T17:02:01+08:00][sql] SHOW FULL COLUMNS FROM `product` [ RunTime:0.029030s ]
[2021-12-18T17:02:01+08:00][sql] SELECT `id`,`product_category_id` FROM `product` WHERE  `name` = '苹果11' LIMIT 1 [ RunTime:0.024745s ]
[2021-12-18T17:03:36+08:00][sql] CONNECT:[ UseTime:0.015472s ] mysql:host=124.71.218.160;port=3306;dbname=www_akali_ltd;charset=utf8
[2021-12-18T17:03:36+08:00][sql] SHOW FULL COLUMNS FROM `product` [ RunTime:0.011049s ]
[2021-12-18T17:03:36+08:00][sql] SELECT `id`,`product_category_id` FROM `product` WHERE  `name` = '苹果11' LIMIT 1 [ RunTime:0.010521s ]
[2021-12-18T17:03:36+08:00][sql] SELECT * FROM `product` WHERE (  `id` = 2 ) AND `product`.`delete_time` IS NULL LIMIT 1 [ RunTime:0.010459s ]
[2021-12-18T17:03:36+08:00][error] [0]Call to a member function Empty() on null[D:\Web\www.ruiwen.com\app\admin\logic\Product.php:22]
[2021-12-18T17:03:56+08:00][sql] CONNECT:[ UseTime:0.040634s ] mysql:host=124.71.218.160;port=3306;dbname=www_akali_ltd;charset=utf8
[2021-12-18T17:03:56+08:00][sql] SHOW FULL COLUMNS FROM `product` [ RunTime:0.026530s ]
[2021-12-18T17:03:56+08:00][sql] SELECT `id`,`product_category_id` FROM `product` WHERE  `name` = '苹果11' LIMIT 1 [ RunTime:0.025430s ]
[2021-12-18T17:03:56+08:00][sql] SELECT * FROM `product` WHERE (  `id` = 2 ) AND `product`.`delete_time` IS NULL LIMIT 1 [ RunTime:0.028684s ]
[2021-12-18T17:03:56+08:00][error] [0]Call to a member function isEmpty() on null[D:\Web\www.ruiwen.com\app\admin\logic\Product.php:22]
[2021-12-18T17:04:12+08:00][sql] CONNECT:[ UseTime:0.031624s ] mysql:host=124.71.218.160;port=3306;dbname=www_akali_ltd;charset=utf8
[2021-12-18T17:04:12+08:00][sql] SHOW FULL COLUMNS FROM `product` [ RunTime:0.014615s ]
[2021-12-18T17:04:12+08:00][sql] SELECT `id`,`product_category_id` FROM `product` WHERE  `name` = '苹果11' LIMIT 1 [ RunTime:0.013668s ]
[2021-12-18T17:04:12+08:00][sql] SELECT * FROM `product` WHERE (  `id` = 2 ) AND `product`.`delete_time` IS NULL LIMIT 1 [ RunTime:0.016361s ]
[2021-12-18T17:04:31+08:00][sql] CONNECT:[ UseTime:0.035585s ] mysql:host=124.71.218.160;port=3306;dbname=www_akali_ltd;charset=utf8
[2021-12-18T17:04:31+08:00][sql] SHOW FULL COLUMNS FROM `product` [ RunTime:0.018025s ]
[2021-12-18T17:04:31+08:00][sql] SELECT `id`,`product_category_id` FROM `product` WHERE  `name` = '苹果11' LIMIT 1 [ RunTime:0.016411s ]
[2021-12-18T17:04:31+08:00][sql] SELECT * FROM `product` WHERE (  `id` = 2 ) AND `product`.`delete_time` IS NULL LIMIT 1 [ RunTime:0.019582s ]
[2021-12-18T17:04:31+08:00][error] [400][D:\Web\www.ruiwen.com\app\admin\logic\Product.php:22]
[2021-12-18T17:04:49+08:00][sql] CONNECT:[ UseTime:0.025462s ] mysql:host=124.71.218.160;port=3306;dbname=www_akali_ltd;charset=utf8
[2021-12-18T17:04:49+08:00][sql] SHOW FULL COLUMNS FROM `product` [ RunTime:0.017375s ]
[2021-12-18T17:04:49+08:00][sql] SELECT `id`,`product_category_id` FROM `product` WHERE  `name` = '苹果11' LIMIT 1 [ RunTime:0.016403s ]
[2021-12-18T17:04:49+08:00][sql] SELECT * FROM `product` WHERE (  `id` = 2 ) AND `product`.`delete_time` IS NULL LIMIT 1 [ RunTime:0.019463s ]
[2021-12-18T17:04:49+08:00][error] [400][D:\Web\www.ruiwen.com\app\admin\logic\Product.php:22]
[2021-12-18T17:05:13+08:00][sql] CONNECT:[ UseTime:0.017189s ] mysql:host=124.71.218.160;port=3306;dbname=www_akali_ltd;charset=utf8
[2021-12-18T17:05:13+08:00][sql] SHOW FULL COLUMNS FROM `product` [ RunTime:0.010825s ]
[2021-12-18T17:05:13+08:00][sql] SELECT `id`,`product_category_id` FROM `product` WHERE  `name` = '苹果11' LIMIT 1 [ RunTime:0.009997s ]
[2021-12-18T17:05:13+08:00][sql] SELECT * FROM `product` WHERE (  `id` = 2 ) AND `product`.`delete_time` IS NULL LIMIT 1 [ RunTime:0.010683s ]
[2021-12-18T17:05:13+08:00][error] [400][D:\Web\www.ruiwen.com\app\admin\logic\Product.php:22]
[2021-12-18T17:05:20+08:00][sql] CONNECT:[ UseTime:0.043115s ] mysql:host=124.71.218.160;port=3306;dbname=www_akali_ltd;charset=utf8
[2021-12-18T17:05:20+08:00][sql] SHOW FULL COLUMNS FROM `product` [ RunTime:0.016437s ]
[2021-12-18T17:05:20+08:00][sql] SELECT `id`,`product_category_id` FROM `product` WHERE  `name` = '苹果11' LIMIT 1 [ RunTime:0.015694s ]
[2021-12-18T17:05:20+08:00][sql] SELECT * FROM `product` WHERE (  `id` = 1 ) AND `product`.`delete_time` IS NULL LIMIT 1 [ RunTime:0.015836s ]
[2021-12-18T17:05:20+08:00][error] [400][D:\Web\www.ruiwen.com\app\admin\logic\Product.php:22]
[2021-12-18T17:05:36+08:00][sql] CONNECT:[ UseTime:0.017664s ] mysql:host=124.71.218.160;port=3306;dbname=www_akali_ltd;charset=utf8
[2021-12-18T17:05:36+08:00][sql] SHOW FULL COLUMNS FROM `product` [ RunTime:0.010977s ]
[2021-12-18T17:05:36+08:00][sql] SELECT `id`,`product_category_id` FROM `product` WHERE  `name` = '苹果11' LIMIT 1 [ RunTime:0.009733s ]
[2021-12-18T17:05:36+08:00][sql] SELECT * FROM `product` WHERE (  `id` = 7 ) AND `product`.`delete_time` IS NULL LIMIT 1 [ RunTime:0.010484s ]
[2021-12-18T17:05:36+08:00][sql] UPDATE `product`  SET `name` = '苹果11' , `stock` = 4561 , `spec_type` = 0 , `update_time` = 1639818336  WHERE (  `id` = 7 ) AND `product`.`delete_time` IS NULL [ RunTime:0.009968s ]
[2021-12-18T17:05:36+08:00][sql] SHOW FULL COLUMNS FROM `product_specs` [ RunTime:0.010605s ]
[2021-12-18T17:05:36+08:00][error] [0][D:\Web\www.ruiwen.com\app\admin\logic\Product.php:56]
[2021-12-18T17:10:05+08:00][sql] CONNECT:[ UseTime:0.014657s ] mysql:host=124.71.218.160;port=3306;dbname=www_akali_ltd;charset=utf8
[2021-12-18T17:10:05+08:00][sql] SHOW FULL COLUMNS FROM `product` [ RunTime:0.009012s ]
[2021-12-18T17:10:05+08:00][sql] SELECT `id`,`product_category_id` FROM `product` WHERE  `name` = '苹果12X' LIMIT 1 [ RunTime:0.008102s ]
[2021-12-18T17:10:05+08:00][sql] SELECT * FROM `product` WHERE (  `id` = 7 ) AND `product`.`delete_time` IS NULL LIMIT 1 [ RunTime:0.008427s ]
[2021-12-18T17:10:05+08:00][sql] UPDATE `product`  SET `name` = '苹果12X' , `stock` = 4561 , `spec_type` = 0 , `update_time` = 1639818605  WHERE (  `id` = 7 ) AND `product`.`delete_time` IS NULL [ RunTime:0.008385s ]
[2021-12-18T17:10:05+08:00][sql] SHOW FULL COLUMNS FROM `product_specs` [ RunTime:0.009240s ]
[2021-12-18T17:10:05+08:00][error] [0][D:\Web\www.ruiwen.com\app\admin\logic\Product.php:56]
[2021-12-18T17:10:21+08:00][sql] CONNECT:[ UseTime:0.026116s ] mysql:host=124.71.218.160;port=3306;dbname=www_akali_ltd;charset=utf8
[2021-12-18T17:10:21+08:00][sql] SHOW FULL COLUMNS FROM `product` [ RunTime:0.016442s ]
[2021-12-18T17:10:21+08:00][sql] SELECT `id`,`product_category_id` FROM `product` WHERE  `name` = '苹果12X' LIMIT 1 [ RunTime:0.015502s ]
[2021-12-18T17:10:21+08:00][sql] SELECT * FROM `product` WHERE (  `id` = 7 ) AND `product`.`delete_time` IS NULL LIMIT 1 [ RunTime:0.019878s ]
[2021-12-18T17:10:21+08:00][sql] UPDATE `product`  SET `name` = '苹果12X' , `stock` = 4561 , `spec_type` = 0 , `update_time` = 1639818621  WHERE (  `id` = 7 ) AND `product`.`delete_time` IS NULL [ RunTime:0.021726s ]
[2021-12-18T17:10:21+08:00][sql] SHOW FULL COLUMNS FROM `product_specs` [ RunTime:0.020778s ]
[2021-12-18T17:10:21+08:00][error] [0][D:\Web\www.ruiwen.com\app\admin\logic\Product.php:56]
[2021-12-18T17:11:13+08:00][sql] CONNECT:[ UseTime:0.022825s ] mysql:host=124.71.218.160;port=3306;dbname=www_akali_ltd;charset=utf8
[2021-12-18T17:11:13+08:00][sql] SHOW FULL COLUMNS FROM `product` [ RunTime:0.016169s ]
[2021-12-18T17:11:13+08:00][sql] SELECT `id`,`product_category_id` FROM `product` WHERE  `name` = '苹果12X' LIMIT 1 [ RunTime:0.015352s ]
[2021-12-18T17:11:13+08:00][sql] SELECT * FROM `product` WHERE (  `id` = 7 ) AND `product`.`delete_time` IS NULL LIMIT 1 [ RunTime:0.018183s ]
[2021-12-18T17:11:13+08:00][sql] UPDATE `product`  SET `name` = '苹果12X' , `stock` = 4561 , `spec_type` = 0 , `update_time` = 1639818672  WHERE (  `id` = 7 ) AND `product`.`delete_time` IS NULL [ RunTime:0.015178s ]
[2021-12-18T17:11:13+08:00][sql] SHOW FULL COLUMNS FROM `product_specs` [ RunTime:0.019486s ]
[2021-12-18T17:11:13+08:00][error] [0][D:\Web\www.ruiwen.com\app\admin\logic\Product.php:56]
[2021-12-18T17:13:47+08:00][sql] CONNECT:[ UseTime:0.027486s ] mysql:host=124.71.218.160;port=3306;dbname=www_akali_ltd;charset=utf8
[2021-12-18T17:13:47+08:00][sql] SHOW FULL COLUMNS FROM `product` [ RunTime:0.017258s ]
[2021-12-18T17:13:47+08:00][sql] SELECT `id`,`product_category_id` FROM `product` WHERE  `name` = '苹果12X' LIMIT 1 [ RunTime:0.016153s ]
[2021-12-18T17:13:47+08:00][sql] SELECT * FROM `product` WHERE (  `id` = 7 ) AND `product`.`delete_time` IS NULL LIMIT 1 [ RunTime:0.019039s ]
[2021-12-18T17:13:47+08:00][sql] UPDATE `product`  SET `name` = '苹果12X' , `stock` = 4561 , `spec_type` = 0 , `update_time` = 1639818827  WHERE (  `id` = 7 ) AND `product`.`delete_time` IS NULL [ RunTime:0.016270s ]
[2021-12-18T17:13:47+08:00][sql] SHOW FULL COLUMNS FROM `product_specs` [ RunTime:0.016994s ]
[2021-12-18T17:13:47+08:00][error] [400][D:\Web\www.ruiwen.com\app\admin\logic\Product.php:34]
[2021-12-18T17:14:06+08:00][sql] CONNECT:[ UseTime:0.023843s ] mysql:host=124.71.218.160;port=3306;dbname=www_akali_ltd;charset=utf8
[2021-12-18T17:14:06+08:00][sql] SHOW FULL COLUMNS FROM `product` [ RunTime:0.015051s ]
[2021-12-18T17:14:06+08:00][sql] SELECT `id`,`product_category_id` FROM `product` WHERE  `name` = '苹果12X' LIMIT 1 [ RunTime:0.014509s ]
[2021-12-18T17:14:06+08:00][sql] SELECT * FROM `product` WHERE (  `id` = 7 ) AND `product`.`delete_time` IS NULL LIMIT 1 [ RunTime:0.017544s ]
[2021-12-18T17:14:06+08:00][sql] UPDATE `product`  SET `name` = '苹果12X' , `stock` = 4561 , `spec_type` = 0 , `update_time` = 1639818846  WHERE (  `id` = 7 ) AND `product`.`delete_time` IS NULL [ RunTime:0.015636s ]
[2021-12-18T17:14:06+08:00][sql] SHOW FULL COLUMNS FROM `product_specs` [ RunTime:0.015031s ]
[2021-12-18T17:14:06+08:00][error] [400][D:\Web\www.ruiwen.com\app\admin\logic\Product.php:56]
[2021-12-18T17:14:25+08:00][sql] CONNECT:[ UseTime:0.026170s ] mysql:host=124.71.218.160;port=3306;dbname=www_akali_ltd;charset=utf8
[2021-12-18T17:14:25+08:00][sql] SHOW FULL COLUMNS FROM `product` [ RunTime:0.016164s ]
[2021-12-18T17:14:25+08:00][sql] SELECT `id`,`product_category_id` FROM `product` WHERE  `name` = '苹果12X' LIMIT 1 [ RunTime:0.015652s ]
[2021-12-18T17:14:25+08:00][sql] SELECT * FROM `product` WHERE (  `id` = 7 ) AND `product`.`delete_time` IS NULL LIMIT 1 [ RunTime:0.018689s ]
[2021-12-18T17:14:25+08:00][sql] UPDATE `product`  SET `name` = '苹果12X' , `stock` = 4561 , `spec_type` = 0 , `update_time` = 1639818865  WHERE (  `id` = 7 ) AND `product`.`delete_time` IS NULL [ RunTime:0.016008s ]
[2021-12-18T17:14:25+08:00][sql] SHOW FULL COLUMNS FROM `product_specs` [ RunTime:0.016560s ]
[2021-12-18T17:14:25+08:00][error] [400][D:\Web\www.ruiwen.com\app\admin\logic\Product.php:56]
[2021-12-18T17:15:01+08:00][sql] CONNECT:[ UseTime:0.101869s ] mysql:host=124.71.218.160;port=3306;dbname=www_akali_ltd;charset=utf8
[2021-12-18T17:15:01+08:00][sql] SHOW FULL COLUMNS FROM `product` [ RunTime:0.010718s ]
[2021-12-18T17:15:01+08:00][sql] SELECT `id`,`product_category_id` FROM `product` WHERE  `name` = '苹果12X' LIMIT 1 [ RunTime:0.009667s ]
[2021-12-18T17:15:01+08:00][sql] SELECT * FROM `product` WHERE (  `id` = 7 ) AND `product`.`delete_time` IS NULL LIMIT 1 [ RunTime:0.012989s ]
[2021-12-18T17:15:01+08:00][sql] UPDATE `product`  SET `name` = '苹果12X' , `stock` = 4561 , `spec_type` = 0 , `update_time` = 1639818901  WHERE (  `id` = 7 ) AND `product`.`delete_time` IS NULL [ RunTime:0.009467s ]
[2021-12-18T17:15:01+08:00][sql] SHOW FULL COLUMNS FROM `product_specs` [ RunTime:0.009910s ]
[2021-12-18T17:15:01+08:00][error] [0][D:\Web\www.ruiwen.com\app\admin\logic\Product.php:56]
[2021-12-18T17:15:41+08:00][sql] CONNECT:[ UseTime:0.039391s ] mysql:host=124.71.218.160;port=3306;dbname=www_akali_ltd;charset=utf8
[2021-12-18T17:15:41+08:00][sql] SHOW FULL COLUMNS FROM `product` [ RunTime:0.028224s ]
[2021-12-18T17:15:41+08:00][sql] SELECT `id`,`product_category_id` FROM `product` WHERE  `name` = '苹果12X' LIMIT 1 [ RunTime:0.024551s ]
[2021-12-18T17:15:41+08:00][sql] SELECT * FROM `product` WHERE (  `id` = 7 ) AND `product`.`delete_time` IS NULL LIMIT 1 [ RunTime:0.027613s ]
[2021-12-18T17:15:41+08:00][sql] UPDATE `product`  SET `name` = '苹果12X' , `stock` = 4561 , `spec_type` = 0 , `update_time` = 1639818941  WHERE (  `id` = 7 ) AND `product`.`delete_time` IS NULL [ RunTime:0.026225s ]
[2021-12-18T17:15:41+08:00][sql] SHOW FULL COLUMNS FROM `product_specs` [ RunTime:0.028427s ]
[2021-12-18T17:15:41+08:00][error] [0]原来的商品规格删除失败[D:\Web\www.ruiwen.com\app\admin\logic\Product.php:35]
[2021-12-18T17:16:09+08:00][error] [0]原来的商品规格删除失败
[2021-12-18T17:16:16+08:00][sql] CONNECT:[ UseTime:0.026204s ] mysql:host=124.71.218.160;port=3306;dbname=www_akali_ltd;charset=utf8
[2021-12-18T17:16:16+08:00][sql] SHOW FULL COLUMNS FROM `product` [ RunTime:0.018243s ]
[2021-12-18T17:16:16+08:00][sql] SELECT `id`,`product_category_id` FROM `product` WHERE  `name` = '苹果12X' LIMIT 1 [ RunTime:0.018481s ]
[2021-12-18T17:16:16+08:00][sql] SELECT * FROM `product` WHERE (  `id` = 7 ) AND `product`.`delete_time` IS NULL LIMIT 1 [ RunTime:0.020505s ]
[2021-12-18T17:16:16+08:00][sql] UPDATE `product`  SET `name` = '苹果12X' , `stock` = 4561 , `spec_type` = 0 , `update_time` = 1639818976  WHERE (  `id` = 7 ) AND `product`.`delete_time` IS NULL [ RunTime:0.017549s ]
[2021-12-18T17:16:16+08:00][sql] SHOW FULL COLUMNS FROM `product_specs` [ RunTime:0.021334s ]
[2021-12-18T17:16:16+08:00][error] [0]原来的商品规格删除失败[D:\Web\www.ruiwen.com\app\admin\logic\Product.php:35]
[2021-12-18T17:16:35+08:00][sql] CONNECT:[ UseTime:0.041696s ] mysql:host=124.71.218.160;port=3306;dbname=www_akali_ltd;charset=utf8
[2021-12-18T17:16:35+08:00][sql] SHOW FULL COLUMNS FROM `product` [ RunTime:0.028626s ]
[2021-12-18T17:16:35+08:00][sql] SELECT `id`,`product_category_id` FROM `product` WHERE  `name` = '苹果12X' LIMIT 1 [ RunTime:0.025329s ]
[2021-12-18T17:16:35+08:00][sql] SELECT * FROM `product` WHERE (  `id` = 7 ) AND `product`.`delete_time` IS NULL LIMIT 1 [ RunTime:0.026487s ]
[2021-12-18T17:16:35+08:00][sql] UPDATE `product`  SET `name` = '苹果12X' , `stock` = 4561 , `spec_type` = 0 , `update_time` = 1639818995  WHERE (  `id` = 7 ) AND `product`.`delete_time` IS NULL [ RunTime:0.028060s ]
[2021-12-18T17:16:35+08:00][sql] SHOW FULL COLUMNS FROM `product_specs` [ RunTime:0.028236s ]
[2021-12-18T17:16:35+08:00][error] [0]原来的商品规格删除失败[D:\Web\www.ruiwen.com\app\admin\logic\Product.php:35]
[2021-12-18T17:16:44+08:00][sql] CONNECT:[ UseTime:0.025559s ] mysql:host=124.71.218.160;port=3306;dbname=www_akali_ltd;charset=utf8
[2021-12-18T17:16:44+08:00][sql] SHOW FULL COLUMNS FROM `product` [ RunTime:0.016107s ]
[2021-12-18T17:16:44+08:00][sql] SELECT `id`,`product_category_id` FROM `product` WHERE  `name` = '苹果12X' LIMIT 1 [ RunTime:0.015020s ]
[2021-12-18T17:16:44+08:00][sql] SELECT * FROM `product` WHERE (  `id` = 7 ) AND `product`.`delete_time` IS NULL LIMIT 1 [ RunTime:0.018010s ]
[2021-12-18T17:16:44+08:00][sql] UPDATE `product`  SET `name` = '苹果12X' , `stock` = 4561 , `spec_type` = 0 , `update_time` = 1639819004  WHERE (  `id` = 7 ) AND `product`.`delete_time` IS NULL [ RunTime:0.015446s ]
[2021-12-18T17:16:44+08:00][sql] SHOW FULL COLUMNS FROM `product_specs` [ RunTime:0.016254s ]
[2021-12-18T17:16:44+08:00][error] [0]原来的商品规格删除失败[D:\Web\www.ruiwen.com\app\admin\logic\Product.php:35]
[2021-12-18T17:16:56+08:00][sql] CONNECT:[ UseTime:0.024519s ] mysql:host=124.71.218.160;port=3306;dbname=www_akali_ltd;charset=utf8
[2021-12-18T17:16:56+08:00][sql] SHOW FULL COLUMNS FROM `product` [ RunTime:0.015512s ]
[2021-12-18T17:16:56+08:00][sql] SELECT `id`,`product_category_id` FROM `product` WHERE  `name` = '苹果12X' LIMIT 1 [ RunTime:0.014591s ]
[2021-12-18T17:16:56+08:00][sql] SELECT * FROM `product` WHERE (  `id` = 7 ) AND `product`.`delete_time` IS NULL LIMIT 1 [ RunTime:0.014959s ]
[2021-12-18T17:16:56+08:00][sql] UPDATE `product`  SET `name` = '苹果12X' , `stock` = 4561 , `spec_type` = 0 , `update_time` = 1639819016  WHERE (  `id` = 7 ) AND `product`.`delete_time` IS NULL [ RunTime:0.014840s ]
[2021-12-18T17:16:56+08:00][sql] SHOW FULL COLUMNS FROM `product_specs` [ RunTime:0.015650s ]
[2021-12-18T17:16:56+08:00][error] [0]原来的商品规格删除失败[D:\Web\www.ruiwen.com\app\admin\logic\Product.php:35]
[2021-12-18T17:17:03+08:00][sql] CONNECT:[ UseTime:0.017951s ] mysql:host=124.71.218.160;port=3306;dbname=www_akali_ltd;charset=utf8
[2021-12-18T17:17:03+08:00][sql] SHOW FULL COLUMNS FROM `product` [ RunTime:0.010865s ]
[2021-12-18T17:17:03+08:00][sql] SELECT `id`,`product_category_id` FROM `product` WHERE  `name` = '苹果12X' LIMIT 1 [ RunTime:0.010096s ]
[2021-12-18T17:17:03+08:00][sql] SELECT * FROM `product` WHERE (  `id` = 7 ) AND `product`.`delete_time` IS NULL LIMIT 1 [ RunTime:0.011352s ]
[2021-12-18T17:17:03+08:00][sql] UPDATE `product`  SET `name` = '苹果12X' , `stock` = 4561 , `spec_type` = 0 , `update_time` = 1639819023  WHERE (  `id` = 7 ) AND `product`.`delete_time` IS NULL [ RunTime:0.010527s ]
[2021-12-18T17:17:03+08:00][sql] SHOW FULL COLUMNS FROM `product_specs` [ RunTime:0.010962s ]
[2021-12-18T17:17:03+08:00][error] [0]原来的商品规格删除失败[D:\Web\www.ruiwen.com\app\admin\logic\Product.php:35]
[2021-12-18T17:17:20+08:00][sql] CONNECT:[ UseTime:0.019544s ] mysql:host=124.71.218.160;port=3306;dbname=www_akali_ltd;charset=utf8
[2021-12-18T17:17:20+08:00][sql] SHOW FULL COLUMNS FROM `product` [ RunTime:0.012768s ]
[2021-12-18T17:17:20+08:00][sql] SELECT `id`,`product_category_id` FROM `product` WHERE  `name` = '苹果12X' LIMIT 1 [ RunTime:0.011434s ]
[2021-12-18T17:17:20+08:00][sql] SELECT * FROM `product` WHERE (  `id` = 7 ) AND `product`.`delete_time` IS NULL LIMIT 1 [ RunTime:0.012085s ]
[2021-12-18T17:17:20+08:00][sql] UPDATE `product`  SET `name` = '苹果12X' , `stock` = 4561 , `spec_type` = 0 , `update_time` = 1639819040  WHERE (  `id` = 7 ) AND `product`.`delete_time` IS NULL [ RunTime:0.011800s ]
[2021-12-18T17:17:20+08:00][sql] SHOW FULL COLUMNS FROM `product_specs` [ RunTime:0.012453s ]
[2021-12-18T17:17:20+08:00][error] [0]原来的商品规格删除失败[D:\Web\www.ruiwen.com\app\admin\logic\Product.php:35]
[2021-12-18T17:17:39+08:00][sql] CONNECT:[ UseTime:0.039006s ] mysql:host=124.71.218.160;port=3306;dbname=www_akali_ltd;charset=utf8
[2021-12-18T17:17:39+08:00][sql] SHOW FULL COLUMNS FROM `product` [ RunTime:0.011960s ]
[2021-12-18T17:17:39+08:00][sql] SELECT `id`,`product_category_id` FROM `product` WHERE  `name` = '苹果12X' LIMIT 1 [ RunTime:0.009913s ]
[2021-12-18T17:17:39+08:00][sql] SELECT * FROM `product` WHERE (  `id` = 7 ) AND `product`.`delete_time` IS NULL LIMIT 1 [ RunTime:0.010968s ]
[2021-12-18T17:17:39+08:00][sql] UPDATE `product`  SET `name` = '苹果12X' , `stock` = 4561 , `spec_type` = 0 , `update_time` = 1639819059  WHERE (  `id` = 7 ) AND `product`.`delete_time` IS NULL [ RunTime:0.010151s ]
[2021-12-18T17:17:39+08:00][sql] SHOW FULL COLUMNS FROM `product_specs` [ RunTime:0.010614s ]
[2021-12-18T17:17:39+08:00][error] [0]原来的商品规格删除失败[D:\Web\www.ruiwen.com\app\admin\logic\Product.php:35]
[2021-12-18T17:18:05+08:00][sql] CONNECT:[ UseTime:0.037716s ] mysql:host=124.71.218.160;port=3306;dbname=www_akali_ltd;charset=utf8
[2021-12-18T17:18:05+08:00][sql] SHOW FULL COLUMNS FROM `product` [ RunTime:0.024261s ]
[2021-12-18T17:18:05+08:00][sql] SELECT `id`,`product_category_id` FROM `product` WHERE  `name` = '苹果12X' LIMIT 1 [ RunTime:0.024115s ]
[2021-12-18T17:18:05+08:00][sql] SELECT * FROM `product` WHERE (  `id` = 7 ) AND `product`.`delete_time` IS NULL LIMIT 1 [ RunTime:0.027099s ]
[2021-12-18T17:18:05+08:00][sql] UPDATE `product`  SET `name` = '苹果12X' , `stock` = 4561 , `spec_type` = 0 , `update_time` = 1639819085  WHERE (  `id` = 7 ) AND `product`.`delete_time` IS NULL [ RunTime:0.025905s ]
[2021-12-18T17:18:05+08:00][sql] SHOW FULL COLUMNS FROM `product_specs` [ RunTime:0.026476s ]
[2021-12-18T17:18:05+08:00][error] [0]原来的商品规格删除失败[D:\Web\www.ruiwen.com\app\admin\logic\Product.php:35]
[2021-12-18T17:18:28+08:00][sql] CONNECT:[ UseTime:0.027151s ] mysql:host=124.71.218.160;port=3306;dbname=www_akali_ltd;charset=utf8
[2021-12-18T17:18:28+08:00][sql] SHOW FULL COLUMNS FROM `product` [ RunTime:0.017375s ]
[2021-12-18T17:18:28+08:00][sql] SELECT `id`,`product_category_id` FROM `product` WHERE  `name` = '苹果12X' LIMIT 1 [ RunTime:0.016548s ]
[2021-12-18T17:18:28+08:00][sql] SELECT * FROM `product` WHERE (  `id` = 7 ) AND `product`.`delete_time` IS NULL LIMIT 1 [ RunTime:0.019666s ]
[2021-12-18T17:18:28+08:00][sql] UPDATE `product`  SET `name` = '苹果12X' , `stock` = 4561 , `spec_type` = 0 , `update_time` = 1639819108  WHERE (  `id` = 7 ) AND `product`.`delete_time` IS NULL [ RunTime:0.016823s ]
[2021-12-18T17:18:28+08:00][sql] SHOW FULL COLUMNS FROM `product_specs` [ RunTime:0.020176s ]
[2021-12-18T17:18:28+08:00][error] [0]原来的商品规格删除失败[D:\Web\www.ruiwen.com\app\admin\logic\Product.php:56]
[2021-12-18T17:18:36+08:00][sql] CONNECT:[ UseTime:0.039554s ] mysql:host=124.71.218.160;port=3306;dbname=www_akali_ltd;charset=utf8
[2021-12-18T17:18:36+08:00][sql] SHOW FULL COLUMNS FROM `product` [ RunTime:0.027337s ]
[2021-12-18T17:18:36+08:00][sql] SELECT `id`,`product_category_id` FROM `product` WHERE  `name` = '苹果12X' LIMIT 1 [ RunTime:0.027339s ]
[2021-12-18T17:18:36+08:00][sql] SELECT * FROM `product` WHERE (  `id` = 7 ) AND `product`.`delete_time` IS NULL LIMIT 1 [ RunTime:0.028691s ]
[2021-12-18T17:18:36+08:00][sql] UPDATE `product`  SET `name` = '苹果12X' , `stock` = 4561 , `spec_type` = 0 , `update_time` = 1639819116  WHERE (  `id` = 7 ) AND `product`.`delete_time` IS NULL [ RunTime:0.024279s ]
[2021-12-18T17:18:36+08:00][sql] SHOW FULL COLUMNS FROM `product_specs` [ RunTime:0.025686s ]
[2021-12-18T17:18:36+08:00][error] [0]原来的商品规格删除失败[D:\Web\www.ruiwen.com\app\admin\logic\Product.php:56]
[2021-12-18T17:18:49+08:00][sql] CONNECT:[ UseTime:0.036714s ] mysql:host=124.71.218.160;port=3306;dbname=www_akali_ltd;charset=utf8
[2021-12-18T17:18:49+08:00][sql] SHOW FULL COLUMNS FROM `product` [ RunTime:0.026863s ]
[2021-12-18T17:18:49+08:00][sql] SELECT `id`,`product_category_id` FROM `product` WHERE  `name` = '苹果12X' LIMIT 1 [ RunTime:0.025892s ]
[2021-12-18T17:18:49+08:00][sql] SELECT * FROM `product` WHERE (  `id` = 7 ) AND `product`.`delete_time` IS NULL LIMIT 1 [ RunTime:0.026613s ]
[2021-12-18T17:18:49+08:00][sql] UPDATE `product`  SET `name` = '苹果12X' , `stock` = 4561 , `spec_type` = 0 , `update_time` = 1639819129  WHERE (  `id` = 7 ) AND `product`.`delete_time` IS NULL [ RunTime:0.026332s ]
[2021-12-18T17:18:49+08:00][sql] SHOW FULL COLUMNS FROM `product_specs` [ RunTime:0.026972s ]
[2021-12-18T17:18:49+08:00][error] [0]原来的商品规格删除失败[D:\Web\www.ruiwen.com\app\admin\logic\Product.php:56]
[2021-12-18T17:19:18+08:00][error] [0]原来的商品规格删除失败
[2021-12-18T17:19:37+08:00][error] [0]原来的商品规格删除失败
[2021-12-18T17:19:52+08:00][error] [0]原来的商品规格删除失败
[2021-12-18T17:20:47+08:00][error] [0]原来的商品规格删除失败
[2021-12-18T17:21:05+08:00][error] [0]原来的商品规格删除失败
[2021-12-18T17:21:13+08:00][sql] CONNECT:[ UseTime:0.026618s ] mysql:host=124.71.218.160;port=3306;dbname=www_akali_ltd;charset=utf8
[2021-12-18T17:21:13+08:00][sql] SHOW FULL COLUMNS FROM `product` [ RunTime:0.017094s ]
[2021-12-18T17:21:13+08:00][sql] SELECT `id`,`product_category_id` FROM `product` WHERE  `name` = '苹果12X' LIMIT 1 [ RunTime:0.016612s ]
[2021-12-18T17:21:13+08:00][sql] SELECT * FROM `product` WHERE (  `id` = 7 ) AND `product`.`delete_time` IS NULL LIMIT 1 [ RunTime:0.019456s ]
[2021-12-18T17:21:13+08:00][sql] UPDATE `product`  SET `name` = '苹果12X' , `stock` = 4561 , `spec_type` = 0 , `update_time` = 1639819273  WHERE (  `id` = 7 ) AND `product`.`delete_time` IS NULL [ RunTime:0.016170s ]
[2021-12-18T17:21:13+08:00][sql] SHOW FULL COLUMNS FROM `product_specs` [ RunTime:0.016702s ]
[2021-12-18T17:21:13+08:00][error] [0]原来的商品规格删除失败[D:\Web\www.ruiwen.com\app\admin\logic\Product.php:56]
[2021-12-18T17:23:06+08:00][sql] CONNECT:[ UseTime:0.029473s ] mysql:host=124.71.218.160;port=3306;dbname=www_akali_ltd;charset=utf8
[2021-12-18T17:23:06+08:00][sql] SHOW FULL COLUMNS FROM `product` [ RunTime:0.014858s ]
[2021-12-18T17:23:06+08:00][sql] SELECT `id`,`product_category_id` FROM `product` WHERE  `name` = '苹果12X' LIMIT 1 [ RunTime:0.014206s ]
[2021-12-18T17:23:06+08:00][sql] SELECT * FROM `product` WHERE (  `id` = 7 ) AND `product`.`delete_time` IS NULL LIMIT 1 [ RunTime:0.014859s ]
[2021-12-18T17:23:06+08:00][sql] UPDATE `product`  SET `name` = '苹果12X' , `stock` = 4561 , `spec_type` = 0 , `update_time` = 1639819386  WHERE (  `id` = 7 ) AND `product`.`delete_time` IS NULL [ RunTime:0.014638s ]
[2021-12-18T17:23:06+08:00][sql] SHOW FULL COLUMNS FROM `product_specs` [ RunTime:0.014773s ]
[2021-12-18T17:23:06+08:00][error] [0][D:\Web\www.ruiwen.com\app\admin\logic\Product.php:56]
[2021-12-18T17:23:20+08:00][sql] CONNECT:[ UseTime:0.021607s ] mysql:host=124.71.218.160;port=3306;dbname=www_akali_ltd;charset=utf8
[2021-12-18T17:23:20+08:00][sql] SHOW FULL COLUMNS FROM `product` [ RunTime:0.014957s ]
[2021-12-18T17:23:20+08:00][sql] SELECT `id`,`product_category_id` FROM `product` WHERE  `name` = '苹果12X' LIMIT 1 [ RunTime:0.013832s ]
[2021-12-18T17:23:20+08:00][sql] SELECT * FROM `product` WHERE (  `id` = 7 ) AND `product`.`delete_time` IS NULL LIMIT 1 [ RunTime:0.016652s ]
[2021-12-18T17:23:20+08:00][sql] UPDATE `product`  SET `name` = '苹果12X' , `stock` = 4561 , `spec_type` = 0 , `update_time` = 1639819400  WHERE (  `id` = 7 ) AND `product`.`delete_time` IS NULL [ RunTime:0.014285s ]
[2021-12-18T17:23:20+08:00][sql] SHOW FULL COLUMNS FROM `product_specs` [ RunTime:0.014706s ]
[2021-12-18T17:23:20+08:00][error] [400][D:\Web\www.ruiwen.com\app\admin\logic\Product.php:56]
[2021-12-18T17:23:46+08:00][sql] CONNECT:[ UseTime:0.025586s ] mysql:host=124.71.218.160;port=3306;dbname=www_akali_ltd;charset=utf8
[2021-12-18T17:23:46+08:00][sql] SHOW FULL COLUMNS FROM `product` [ RunTime:0.018054s ]
[2021-12-18T17:23:46+08:00][sql] SELECT `id`,`product_category_id` FROM `product` WHERE  `name` = '苹果12X' LIMIT 1 [ RunTime:0.017089s ]
[2021-12-18T17:23:46+08:00][sql] SELECT * FROM `product` WHERE (  `id` = 7 ) AND `product`.`delete_time` IS NULL LIMIT 1 [ RunTime:0.018380s ]
[2021-12-18T17:23:46+08:00][sql] UPDATE `product`  SET `name` = '苹果12X' , `stock` = 4561 , `spec_type` = 0 , `update_time` = 1639819426  WHERE (  `id` = 7 ) AND `product`.`delete_time` IS NULL [ RunTime:0.017177s ]
[2021-12-18T17:23:46+08:00][sql] SHOW FULL COLUMNS FROM `product_specs` [ RunTime:0.020288s ]
[2021-12-18T17:23:46+08:00][error] [400][D:\Web\www.ruiwen.com\app\admin\logic\Product.php:56]
[2021-12-18T17:23:58+08:00][sql] CONNECT:[ UseTime:0.034478s ] mysql:host=124.71.218.160;port=3306;dbname=www_akali_ltd;charset=utf8
[2021-12-18T17:23:58+08:00][sql] SHOW FULL COLUMNS FROM `product` [ RunTime:0.020063s ]
[2021-12-18T17:23:58+08:00][sql] SELECT `id`,`product_category_id` FROM `product` WHERE  `name` = '苹果12X' LIMIT 1 [ RunTime:0.013700s ]
[2021-12-18T17:23:58+08:00][sql] SELECT * FROM `product` WHERE (  `id` = 7 ) AND `product`.`delete_time` IS NULL LIMIT 1 [ RunTime:0.016835s ]
[2021-12-18T17:23:58+08:00][sql] UPDATE `product`  SET `name` = '苹果12X' , `stock` = 4561 , `spec_type` = 0 , `update_time` = 1639819438  WHERE (  `id` = 7 ) AND `product`.`delete_time` IS NULL [ RunTime:0.013965s ]
[2021-12-18T17:23:58+08:00][sql] SHOW FULL COLUMNS FROM `product_specs` [ RunTime:0.014412s ]
[2021-12-18T17:23:58+08:00][error] [400][D:\Web\www.ruiwen.com\app\admin\logic\Product.php:56]
[2021-12-18T17:24:17+08:00][sql] CONNECT:[ UseTime:0.044191s ] mysql:host=124.71.218.160;port=3306;dbname=www_akali_ltd;charset=utf8
[2021-12-18T17:24:17+08:00][sql] SHOW FULL COLUMNS FROM `product` [ RunTime:0.016974s ]
[2021-12-18T17:24:17+08:00][sql] SELECT `id`,`product_category_id` FROM `product` WHERE  `name` = '苹果12X' LIMIT 1 [ RunTime:0.016061s ]
[2021-12-18T17:24:17+08:00][sql] SELECT * FROM `product` WHERE (  `id` = 7 ) AND `product`.`delete_time` IS NULL LIMIT 1 [ RunTime:0.018724s ]
[2021-12-18T17:24:17+08:00][sql] UPDATE `product`  SET `name` = '苹果12X' , `stock` = 4561 , `spec_type` = 0 , `update_time` = 1639819457  WHERE (  `id` = 7 ) AND `product`.`delete_time` IS NULL [ RunTime:0.015827s ]
[2021-12-18T17:24:17+08:00][sql] SHOW FULL COLUMNS FROM `product_specs` [ RunTime:0.016310s ]
[2021-12-18T17:24:17+08:00][error] [0]原来的商品规格删除失败[D:\Web\www.ruiwen.com\app\admin\logic\Product.php:56]
[2021-12-18T17:24:46+08:00][sql] CONNECT:[ UseTime:0.025697s ] mysql:host=124.71.218.160;port=3306;dbname=www_akali_ltd;charset=utf8
[2021-12-18T17:24:46+08:00][sql] SHOW FULL COLUMNS FROM `product` [ RunTime:0.016045s ]
[2021-12-18T17:24:46+08:00][sql] SELECT `id`,`product_category_id` FROM `product` WHERE  `name` = '苹果12X' LIMIT 1 [ RunTime:0.015538s ]
[2021-12-18T17:24:46+08:00][sql] SELECT * FROM `product` WHERE (  `id` = 7 ) AND `product`.`delete_time` IS NULL LIMIT 1 [ RunTime:0.018995s ]
[2021-12-18T17:24:46+08:00][sql] UPDATE `product`  SET `name` = '苹果12X' , `stock` = 4561 , `spec_type` = 0 , `update_time` = 1639819486  WHERE (  `id` = 7 ) AND `product`.`delete_time` IS NULL [ RunTime:0.015431s ]
[2021-12-18T17:24:46+08:00][sql] SHOW FULL COLUMNS FROM `product_specs` [ RunTime:0.016741s ]
[2021-12-18T17:24:46+08:00][error] [400][D:\Web\www.ruiwen.com\app\admin\logic\Product.php:56]
[2021-12-18T17:25:06+08:00][sql] CONNECT:[ UseTime:0.019051s ] mysql:host=124.71.218.160;port=3306;dbname=www_akali_ltd;charset=utf8
[2021-12-18T17:25:06+08:00][sql] SHOW FULL COLUMNS FROM `product` [ RunTime:0.010947s ]
[2021-12-18T17:25:06+08:00][sql] SELECT `id`,`product_category_id` FROM `product` WHERE  `name` = '苹果12X' LIMIT 1 [ RunTime:0.010189s ]
[2021-12-18T17:25:06+08:00][sql] SELECT * FROM `product` WHERE (  `id` = 7 ) AND `product`.`delete_time` IS NULL LIMIT 1 [ RunTime:0.010548s ]
[2021-12-18T17:25:06+08:00][sql] UPDATE `product`  SET `name` = '苹果12X' , `stock` = 4561 , `spec_type` = 0 , `update_time` = 1639819506  WHERE (  `id` = 7 ) AND `product`.`delete_time` IS NULL [ RunTime:0.010071s ]
[2021-12-18T17:25:06+08:00][sql] SHOW FULL COLUMNS FROM `product_specs` [ RunTime:0.010491s ]
[2021-12-18T17:25:06+08:00][error] [400][D:\Web\www.ruiwen.com\app\admin\logic\Product.php:56]
[2021-12-18T17:25:34+08:00][sql] CONNECT:[ UseTime:0.031875s ] mysql:host=124.71.218.160;port=3306;dbname=www_akali_ltd;charset=utf8
[2021-12-18T17:25:34+08:00][sql] SHOW FULL COLUMNS FROM `product` [ RunTime:0.022213s ]
[2021-12-18T17:25:34+08:00][sql] SELECT `id`,`product_category_id` FROM `product` WHERE  `name` = '苹果12X' LIMIT 1 [ RunTime:0.016641s ]
[2021-12-18T17:25:34+08:00][sql] SELECT * FROM `product` WHERE (  `id` = 7 ) AND `product`.`delete_time` IS NULL LIMIT 1 [ RunTime:0.019509s ]
[2021-12-18T17:25:34+08:00][sql] UPDATE `product`  SET `name` = '苹果12X' , `stock` = 4561 , `spec_type` = 0 , `update_time` = 1639819534  WHERE (  `id` = 7 ) AND `product`.`delete_time` IS NULL [ RunTime:0.016971s ]
[2021-12-18T17:25:34+08:00][sql] SHOW FULL COLUMNS FROM `product_specs` [ RunTime:0.019435s ]
[2021-12-18T17:25:34+08:00][error] [400][D:\Web\www.ruiwen.com\app\admin\logic\Product.php:70]
[2021-12-18T17:27:24+08:00][sql] CONNECT:[ UseTime:0.027311s ] mysql:host=124.71.218.160;port=3306;dbname=www_akali_ltd;charset=utf8
[2021-12-18T17:27:24+08:00][sql] SHOW FULL COLUMNS FROM `product` [ RunTime:0.019167s ]
[2021-12-18T17:27:24+08:00][sql] SELECT `id`,`product_category_id` FROM `product` WHERE  `name` = '苹果12X' LIMIT 1 [ RunTime:0.020061s ]
[2021-12-18T17:27:24+08:00][sql] SELECT * FROM `product` WHERE (  `id` = 7 ) AND `product`.`delete_time` IS NULL LIMIT 1 [ RunTime:0.018771s ]
[2021-12-18T17:27:24+08:00][sql] UPDATE `product`  SET `name` = '苹果12X' , `stock` = 4561 , `spec_type` = 0 , `update_time` = 1639819644  WHERE (  `id` = 7 ) AND `product`.`delete_time` IS NULL [ RunTime:0.018593s ]
[2021-12-18T17:27:24+08:00][error] [0]Call to a member function delete() on array[D:\Web\www.ruiwen.com\app\admin\logic\Product.php:39]
[2021-12-18T17:27:29+08:00][sql] CONNECT:[ UseTime:0.018409s ] mysql:host=124.71.218.160;port=3306;dbname=www_akali_ltd;charset=utf8
[2021-12-18T17:27:29+08:00][sql] SHOW FULL COLUMNS FROM `product` [ RunTime:0.010781s ]
[2021-12-18T17:27:29+08:00][sql] SELECT `id`,`product_category_id` FROM `product` WHERE  `name` = '苹果12X' LIMIT 1 [ RunTime:0.009898s ]
[2021-12-18T17:27:29+08:00][sql] SELECT * FROM `product` WHERE (  `id` = 7 ) AND `product`.`delete_time` IS NULL LIMIT 1 [ RunTime:0.010463s ]
[2021-12-18T17:27:29+08:00][sql] UPDATE `product`  SET `name` = '苹果12X' , `stock` = 4561 , `spec_type` = 0 , `update_time` = 1639819649  WHERE (  `id` = 7 ) AND `product`.`delete_time` IS NULL [ RunTime:0.010276s ]
[2021-12-18T17:27:29+08:00][sql] SHOW FULL COLUMNS FROM `product_specs` [ RunTime:0.010616s ]
[2021-12-18T17:27:29+08:00][error] [400][D:\Web\www.ruiwen.com\app\admin\logic\Product.php:70]
[2021-12-18T17:27:57+08:00][sql] CONNECT:[ UseTime:0.025458s ] mysql:host=124.71.218.160;port=3306;dbname=www_akali_ltd;charset=utf8
[2021-12-18T17:27:57+08:00][sql] SHOW FULL COLUMNS FROM `product` [ RunTime:0.016152s ]
[2021-12-18T17:27:57+08:00][sql] SELECT `id`,`product_category_id` FROM `product` WHERE  `name` = '苹果12X' LIMIT 1 [ RunTime:0.015046s ]
[2021-12-18T17:27:57+08:00][sql] SELECT * FROM `product` WHERE (  `id` = 7 ) AND `product`.`delete_time` IS NULL LIMIT 1 [ RunTime:0.015874s ]
[2021-12-18T17:27:57+08:00][sql] UPDATE `product`  SET `name` = '苹果12X' , `stock` = 4561 , `spec_type` = 0 , `update_time` = 1639819677  WHERE (  `id` = 7 ) AND `product`.`delete_time` IS NULL [ RunTime:0.015697s ]
[2021-12-18T17:27:57+08:00][error] [400][D:\Web\www.ruiwen.com\app\admin\logic\Product.php:70]
[2021-12-18T17:30:41+08:00][sql] CONNECT:[ UseTime:0.034086s ] mysql:host=124.71.218.160;port=3306;dbname=www_akali_ltd;charset=utf8
[2021-12-18T17:30:41+08:00][sql] SHOW FULL COLUMNS FROM `product` [ RunTime:0.025965s ]
[2021-12-18T17:30:41+08:00][sql] SELECT `id`,`product_category_id` FROM `product` WHERE  `name` = '苹果12X' LIMIT 1 [ RunTime:0.024112s ]
[2021-12-18T17:30:41+08:00][sql] SELECT * FROM `product` WHERE (  `id` = 7 ) AND `product`.`delete_time` IS NULL LIMIT 1 [ RunTime:0.023147s ]
[2021-12-18T17:30:41+08:00][sql] UPDATE `product`  SET `name` = '苹果12X' , `stock` = 4561 , `spec_type` = 0 , `update_time` = 1639819841  WHERE (  `id` = 7 ) AND `product`.`delete_time` IS NULL [ RunTime:0.025529s ]
[2021-12-18T17:30:41+08:00][sql] SHOW FULL COLUMNS FROM `product_specs` [ RunTime:0.026803s ]
[2021-12-18T17:30:41+08:00][error] [400][D:\Web\www.ruiwen.com\app\admin\logic\Product.php:70]
[2021-12-18T17:31:38+08:00][sql] CONNECT:[ UseTime:0.032809s ] mysql:host=124.71.218.160;port=3306;dbname=www_akali_ltd;charset=utf8
[2021-12-18T17:31:38+08:00][sql] SHOW FULL COLUMNS FROM `product` [ RunTime:0.026108s ]
[2021-12-18T17:31:38+08:00][sql] SELECT `id`,`product_category_id` FROM `product` WHERE  `name` = '苹果12X' LIMIT 1 [ RunTime:0.022799s ]
[2021-12-18T17:31:38+08:00][sql] SELECT * FROM `product` WHERE (  `id` = 7 ) AND `product`.`delete_time` IS NULL LIMIT 1 [ RunTime:0.022517s ]
[2021-12-18T17:31:38+08:00][sql] UPDATE `product`  SET `name` = '苹果12X' , `stock` = 4561 , `spec_type` = 0 , `update_time` = 1639819898  WHERE (  `id` = 7 ) AND `product`.`delete_time` IS NULL [ RunTime:0.025521s ]
[2021-12-18T17:31:38+08:00][sql] SHOW FULL COLUMNS FROM `product_specs` [ RunTime:0.021056s ]
[2021-12-18T17:31:38+08:00][error] [400][D:\Web\www.ruiwen.com\app\admin\logic\Product.php:71]
[2021-12-18T17:33:02+08:00][sql] CONNECT:[ UseTime:0.043353s ] mysql:host=124.71.218.160;port=3306;dbname=www_akali_ltd;charset=utf8
[2021-12-18T17:33:02+08:00][sql] SHOW FULL COLUMNS FROM `product` [ RunTime:0.016857s ]
[2021-12-18T17:33:02+08:00][sql] SELECT `id`,`product_category_id` FROM `product` WHERE  `name` = '苹果12X' LIMIT 1 [ RunTime:0.016181s ]
[2021-12-18T17:33:02+08:00][sql] SELECT * FROM `product` WHERE (  `id` = 7 ) AND `product`.`delete_time` IS NULL LIMIT 1 [ RunTime:0.019640s ]
[2021-12-18T17:33:02+08:00][sql] UPDATE `product`  SET `name` = '苹果12X' , `stock` = 4561 , `spec_type` = 0 , `update_time` = 1639819982  WHERE (  `id` = 7 ) AND `product`.`delete_time` IS NULL [ RunTime:0.019334s ]
[2021-12-18T17:33:02+08:00][error] [400][D:\Web\www.ruiwen.com\app\admin\logic\Product.php:71]
[2021-12-18T17:33:55+08:00][sql] CONNECT:[ UseTime:0.016043s ] mysql:host=124.71.218.160;port=3306;dbname=www_akali_ltd;charset=utf8
[2021-12-18T17:33:55+08:00][sql] SHOW FULL COLUMNS FROM `product` [ RunTime:0.009540s ]
[2021-12-18T17:33:55+08:00][sql] SELECT `id`,`product_category_id` FROM `product` WHERE  `name` = '苹果12X' LIMIT 1 [ RunTime:0.008912s ]
[2021-12-18T17:33:55+08:00][sql] SELECT * FROM `product` WHERE (  `id` = 7 ) AND `product`.`delete_time` IS NULL LIMIT 1 [ RunTime:0.009287s ]
[2021-12-18T17:33:55+08:00][sql] UPDATE `product`  SET `name` = '苹果12X' , `stock` = 4561 , `spec_type` = 0 , `update_time` = 1639820035  WHERE (  `id` = 7 ) AND `product`.`delete_time` IS NULL [ RunTime:0.008881s ]
[2021-12-18T17:33:55+08:00][sql] SHOW FULL COLUMNS FROM `product_specs` [ RunTime:0.009327s ]
[2021-12-18T17:33:55+08:00][error] [400][D:\Web\www.ruiwen.com\app\admin\logic\Product.php:72]
[2021-12-18T17:34:10+08:00][sql] CONNECT:[ UseTime:0.030043s ] mysql:host=124.71.218.160;port=3306;dbname=www_akali_ltd;charset=utf8
[2021-12-18T17:34:10+08:00][sql] SHOW FULL COLUMNS FROM `product` [ RunTime:0.018204s ]
[2021-12-18T17:34:10+08:00][sql] SELECT `id`,`product_category_id` FROM `product` WHERE  `name` = '苹果12X' LIMIT 1 [ RunTime:0.022578s ]
[2021-12-18T17:34:10+08:00][sql] SELECT * FROM `product` WHERE (  `id` = 7 ) AND `product`.`delete_time` IS NULL LIMIT 1 [ RunTime:0.030178s ]
[2021-12-18T17:34:10+08:00][sql] UPDATE `product`  SET `name` = '苹果12X' , `stock` = 4561 , `spec_type` = 0 , `update_time` = 1639820049  WHERE (  `id` = 7 ) AND `product`.`delete_time` IS NULL [ RunTime:0.018320s ]
[2021-12-18T17:34:10+08:00][sql] SHOW FULL COLUMNS FROM `product_specs` [ RunTime:0.020961s ]
[2021-12-18T17:34:10+08:00][error] [400][D:\Web\www.ruiwen.com\app\admin\logic\Product.php:72]
[2021-12-18T17:41:08+08:00][sql] CONNECT:[ UseTime:0.037765s ] mysql:host=124.71.218.160;port=3306;dbname=www_akali_ltd;charset=utf8
[2021-12-18T17:41:08+08:00][sql] SHOW FULL COLUMNS FROM `product` [ RunTime:0.017257s ]
[2021-12-18T17:41:08+08:00][sql] SELECT `id`,`product_category_id` FROM `product` WHERE  `name` = '苹果12X' LIMIT 1 [ RunTime:0.016098s ]
[2021-12-18T17:41:08+08:00][sql] SELECT * FROM `product` WHERE (  `id` = 7 ) AND `product`.`delete_time` IS NULL LIMIT 1 [ RunTime:0.019907s ]
[2021-12-18T17:41:08+08:00][sql] UPDATE `product`  SET `name` = '苹果12X' , `stock` = 4561 , `spec_type` = 0 , `update_time` = 1639820468  WHERE (  `id` = 7 ) AND `product`.`delete_time` IS NULL [ RunTime:0.015976s ]
[2021-12-18T17:41:08+08:00][sql] SHOW FULL COLUMNS FROM `product_specs` [ RunTime:0.019368s ]
[2021-12-18T17:41:08+08:00][sql] SELECT * FROM `product_specs` WHERE  `product_id` = 7 [ RunTime:0.019462s ]
[2021-12-18T17:41:08+08:00][error] [400][D:\Web\www.ruiwen.com\app\admin\logic\Product.php:72]
[2021-12-18T17:41:48+08:00][sql] CONNECT:[ UseTime:0.026660s ] mysql:host=124.71.218.160;port=3306;dbname=www_akali_ltd;charset=utf8
[2021-12-18T17:41:48+08:00][sql] SHOW FULL COLUMNS FROM `product` [ RunTime:0.017124s ]
[2021-12-18T17:41:48+08:00][sql] SELECT `id`,`product_category_id` FROM `product` WHERE  `name` = '苹果12X' LIMIT 1 [ RunTime:0.016509s ]
[2021-12-18T17:41:48+08:00][sql] SELECT * FROM `product` WHERE (  `id` = 7 ) AND `product`.`delete_time` IS NULL LIMIT 1 [ RunTime:0.018800s ]
[2021-12-18T17:41:48+08:00][sql] UPDATE `product`  SET `name` = '苹果12X' , `stock` = 4561 , `spec_type` = 0 , `update_time` = 1639820507  WHERE (  `id` = 7 ) AND `product`.`delete_time` IS NULL [ RunTime:0.016459s ]
[2021-12-18T17:41:48+08:00][sql] SHOW FULL COLUMNS FROM `product_specs` [ RunTime:0.019682s ]
[2021-12-18T17:41:48+08:00][sql] DELETE FROM `product_specs` WHERE  `product_id` = 7 [ RunTime:0.019005s ]
[2021-12-18T17:41:48+08:00][error] [400][D:\Web\www.ruiwen.com\app\admin\logic\Product.php:71]
[2021-12-18T17:42:17+08:00][sql] CONNECT:[ UseTime:0.025667s ] mysql:host=124.71.218.160;port=3306;dbname=www_akali_ltd;charset=utf8
[2021-12-18T17:42:17+08:00][sql] SHOW FULL COLUMNS FROM `product` [ RunTime:0.016293s ]
[2021-12-18T17:42:17+08:00][sql] SELECT `id`,`product_category_id` FROM `product` WHERE  `name` = '苹果12X' LIMIT 1 [ RunTime:0.015360s ]
[2021-12-18T17:42:17+08:00][sql] SELECT * FROM `product` WHERE (  `id` = 7 ) AND `product`.`delete_time` IS NULL LIMIT 1 [ RunTime:0.019005s ]
[2021-12-18T17:42:17+08:00][sql] UPDATE `product`  SET `name` = '苹果12X' , `stock` = 4561 , `spec_type` = 0 , `update_time` = 1639820537  WHERE (  `id` = 7 ) AND `product`.`delete_time` IS NULL [ RunTime:0.015561s ]
[2021-12-18T17:42:17+08:00][sql] SHOW FULL COLUMNS FROM `product_specs` [ RunTime:0.019199s ]
[2021-12-18T17:42:17+08:00][sql] DELETE FROM `product_specs` WHERE  `product_id` = 7 [ RunTime:0.015412s ]
[2021-12-18T17:42:17+08:00][sql] REPLACE INTO `product_specs` SET `product_id` = 7 , `specs_value_id` = '1,2,3,7' , `price` = '22' , `stock` = 12 , `create_time` = 1639820537 , `update_time` = 1639820537 [ RunTime:0.015481s ]
[2021-12-18T17:42:17+08:00][sql] REPLACE INTO `product_specs` SET `product_id` = 7 , `specs_value_id` = '2,7,3' , `price` = '32' , `stock` = 3 , `create_time` = 1639820537 , `update_time` = 1639820537 [ RunTime:0.015699s ]
[2021-12-18T17:42:17+08:00][sql] UPDATE `product`  SET `stock` = 15 , `update_time` = 1639820537  WHERE (  `id` = 7 ) AND `product`.`delete_time` IS NULL [ RunTime:0.015527s ]
[2021-12-18T17:42:17+08:00][sql] UPDATE `product`  SET `stock` = 4561 , `update_time` = 1639820537  WHERE (  `id` = 7 ) AND `product`.`delete_time` IS NULL [ RunTime:0.015783s ]
[2021-12-18T17:44:11+08:00][sql] CONNECT:[ UseTime:0.025634s ] mysql:host=124.71.218.160;port=3306;dbname=www_akali_ltd;charset=utf8
[2021-12-18T17:44:11+08:00][sql] SHOW FULL COLUMNS FROM `product` [ RunTime:0.009930s ]
[2021-12-18T17:44:11+08:00][sql] SELECT `id`,`product_category_id` FROM `product` WHERE  `name` = '苹果12X' LIMIT 1 [ RunTime:0.008556s ]
[2021-12-18T17:44:11+08:00][error] [300][D:\Web\www.ruiwen.com\app\common\middleware\CheckParams.php:61]
[2021-12-18T17:45:12+08:00][sql] CONNECT:[ UseTime:0.026042s ] mysql:host=124.71.218.160;port=3306;dbname=www_akali_ltd;charset=utf8
[2021-12-18T17:45:12+08:00][sql] SHOW FULL COLUMNS FROM `product` [ RunTime:0.016080s ]
[2021-12-18T17:45:12+08:00][sql] SELECT `id`,`product_category_id` FROM `product` WHERE  `name` = '苹果12' LIMIT 1 [ RunTime:0.015072s ]
[2021-12-18T17:45:12+08:00][sql] SELECT * FROM `product` WHERE (  `id` = 7 ) AND `product`.`delete_time` IS NULL LIMIT 1 [ RunTime:0.018499s ]
[2021-12-18T17:45:12+08:00][sql] UPDATE `product`  SET `name` = '苹果12' , `spec_type` = 0 , `update_time` = 1639820712  WHERE (  `id` = 7 ) AND `product`.`delete_time` IS NULL [ RunTime:0.015015s ]
[2021-12-18T17:45:12+08:00][sql] SHOW FULL COLUMNS FROM `product_specs` [ RunTime:0.015883s ]
[2021-12-18T17:45:12+08:00][sql] DELETE FROM `product_specs` WHERE  `product_id` = 7 [ RunTime:0.014973s ]
[2021-12-18T17:45:12+08:00][sql] REPLACE INTO `product_specs` SET `product_id` = 7 , `specs_value_id` = '1,2,4,7' , `price` = '22' , `stock` = 12 , `create_time` = 1639820712 , `update_time` = 1639820712 [ RunTime:0.015134s ]
[2021-12-18T17:45:12+08:00][sql] REPLACE INTO `product_specs` SET `product_id` = 7 , `specs_value_id` = '2,7,3' , `price` = '32' , `stock` = 3 , `create_time` = 1639820712 , `update_time` = 1639820712 [ RunTime:0.015127s ]
[2021-12-18T17:45:12+08:00][sql] UPDATE `product`  SET `stock` = 15 , `update_time` = 1639820712  WHERE (  `id` = 7 ) AND `product`.`delete_time` IS NULL [ RunTime:0.015270s ]
[2021-12-18T17:46:11+08:00][sql] CONNECT:[ UseTime:0.025266s ] mysql:host=124.71.218.160;port=3306;dbname=www_akali_ltd;charset=utf8
[2021-12-18T17:46:11+08:00][sql] SHOW FULL COLUMNS FROM `product` [ RunTime:0.015482s ]
[2021-12-18T17:46:11+08:00][sql] SELECT `id`,`product_category_id` FROM `product` WHERE  `name` = '苹果12s' LIMIT 1 [ RunTime:0.014922s ]
[2021-12-18T17:46:11+08:00][sql] SELECT * FROM `product` WHERE (  `id` = 7 ) AND `product`.`delete_time` IS NULL LIMIT 1 [ RunTime:0.018590s ]
[2021-12-18T17:46:11+08:00][sql] UPDATE `product`  SET `name` = '苹果12s' , `stock` = 4561 , `spec_type` = 0 , `update_time` = 1639820771  WHERE (  `id` = 7 ) AND `product`.`delete_time` IS NULL [ RunTime:0.015117s ]
[2021-12-18T17:46:11+08:00][sql] SHOW FULL COLUMNS FROM `product_specs` [ RunTime:0.027640s ]
[2021-12-18T17:46:11+08:00][sql] DELETE FROM `product_specs` WHERE  `product_id` = 7 [ RunTime:0.020132s ]
[2021-12-18T17:46:11+08:00][sql] REPLACE INTO `product_specs` SET `product_id` = 7 , `specs_value_id` = '1,2,4,7' , `price` = '22' , `stock` = 12 , `create_time` = 1639820771 , `update_time` = 1639820771 [ RunTime:0.017864s ]
[2021-12-18T17:46:11+08:00][sql] REPLACE INTO `product_specs` SET `product_id` = 7 , `specs_value_id` = '2,7,3' , `price` = '32' , `stock` = 3 , `create_time` = 1639820771 , `update_time` = 1639820771 [ RunTime:0.014529s ]
[2021-12-18T17:46:11+08:00][sql] UPDATE `product`  SET `stock` = 15 , `update_time` = 1639820771  WHERE (  `id` = 7 ) AND `product`.`delete_time` IS NULL [ RunTime:0.014483s ]
[2021-12-18T17:48:53+08:00][sql] CONNECT:[ UseTime:0.026825s ] mysql:host=124.71.218.160;port=3306;dbname=www_akali_ltd;charset=utf8
[2021-12-18T17:48:53+08:00][sql] SHOW FULL COLUMNS FROM `product` [ RunTime:0.017007s ]
[2021-12-18T17:48:53+08:00][sql] SELECT `id`,`product_category_id` FROM `product` WHERE  `name` = '苹果12s' LIMIT 1 [ RunTime:0.015790s ]
[2021-12-18T17:48:53+08:00][error] [300][D:\Web\www.ruiwen.com\app\common\middleware\CheckParams.php:61]
[2021-12-18T17:50:19+08:00][sql] CONNECT:[ UseTime:0.021416s ] mysql:host=124.71.218.160;port=3306;dbname=www_akali_ltd;charset=utf8
[2021-12-18T17:50:19+08:00][sql] SHOW FULL COLUMNS FROM `product` [ RunTime:0.013284s ]
[2021-12-18T17:50:19+08:00][sql] SELECT COUNT(*) AS think_count FROM `product` WHERE `product`.`delete_time` IS NULL LIMIT 1 [ RunTime:0.012614s ]
[2021-12-18T17:50:19+08:00][sql] SELECT * FROM `product` WHERE `product`.`delete_time` IS NULL ORDER BY `id` DESC LIMIT 0,10 [ RunTime:0.013085s ]
[2021-12-18T17:50:47+08:00][sql] CONNECT:[ UseTime:0.027779s ] mysql:host=124.71.218.160;port=3306;dbname=www_akali_ltd;charset=utf8
[2021-12-18T17:50:47+08:00][sql] SHOW FULL COLUMNS FROM `product` [ RunTime:0.017793s ]
[2021-12-18T17:50:47+08:00][sql] SELECT `id`,`product_category_id` FROM `product` WHERE  `name` = '苹果12x' LIMIT 1 [ RunTime:0.017539s ]
[2021-12-18T17:50:47+08:00][sql] SELECT * FROM `product` WHERE (  `id` = 7 ) AND `product`.`delete_time` IS NULL LIMIT 1 [ RunTime:0.019959s ]
[2021-12-18T17:50:47+08:00][sql] UPDATE `product`  SET `name` = '苹果12x' , `stock` = 4561 , `spec_type` = 0 , `update_time` = 1639821047  WHERE (  `id` = 7 ) AND `product`.`delete_time` IS NULL [ RunTime:0.017039s ]
[2021-12-18T17:50:47+08:00][sql] SHOW FULL COLUMNS FROM `product_specs` [ RunTime:0.020543s ]
[2021-12-18T17:50:47+08:00][sql] DELETE FROM `product_specs` WHERE  `product_id` = 7 [ RunTime:0.019941s ]
[2021-12-18T17:50:47+08:00][sql] REPLACE INTO `product_specs` SET `product_id` = 7 , `specs_value_id` = '1,2,4,7' , `price` = '22' , `stock` = 12 , `create_time` = 1639821047 , `update_time` = 1639821047 [ RunTime:0.016915s ]
[2021-12-18T17:50:47+08:00][sql] REPLACE INTO `product_specs` SET `product_id` = 7 , `specs_value_id` = '2,7,3' , `price` = '32' , `stock` = 3 , `create_time` = 1639821047 , `update_time` = 1639821047 [ RunTime:0.017158s ]
[2021-12-18T17:50:47+08:00][sql] UPDATE `product`  SET `stock` = 15 , `update_time` = 1639821047  WHERE (  `id` = 7 ) AND `product`.`delete_time` IS NULL [ RunTime:0.016953s ]
[2021-12-18T17:51:04+08:00][sql] CONNECT:[ UseTime:0.037818s ] mysql:host=124.71.218.160;port=3306;dbname=www_akali_ltd;charset=utf8
[2021-12-18T17:51:04+08:00][sql] SHOW FULL COLUMNS FROM `product` [ RunTime:0.028519s ]
[2021-12-18T17:51:04+08:00][sql] SELECT `id`,`product_category_id` FROM `product` WHERE  `name` = '苹果12x' LIMIT 1 [ RunTime:0.025655s ]
[2021-12-18T17:51:04+08:00][error] [300][D:\Web\www.ruiwen.com\app\common\middleware\CheckParams.php:61]
[2021-12-18T17:51:29+08:00][sql] CONNECT:[ UseTime:0.041693s ] mysql:host=124.71.218.160;port=3306;dbname=www_akali_ltd;charset=utf8
[2021-12-18T17:51:29+08:00][sql] SHOW FULL COLUMNS FROM `product` [ RunTime:0.028161s ]
[2021-12-18T17:51:29+08:00][sql] SELECT COUNT(*) AS think_count FROM `product` WHERE `product`.`delete_time` IS NULL LIMIT 1 [ RunTime:0.026394s ]
[2021-12-18T17:51:29+08:00][sql] SELECT * FROM `product` WHERE `product`.`delete_time` IS NULL ORDER BY `id` DESC LIMIT 0,10 [ RunTime:0.027928s ]
