[2021-12-20T09:00:16+08:00][sql] CONNECT:[ UseTime:0.109431s ] mysql:host=124.71.218.160;port=3306;dbname=www_akali_ltd;charset=utf8
[2021-12-20T09:00:16+08:00][sql] SHOW FULL COLUMNS FROM `product` [ RunTime:0.017203s ]
[2021-12-20T09:00:16+08:00][sql] SELECT COUNT(*) AS think_count FROM `product` WHERE `product`.`delete_time` IS NULL LIMIT 1 [ RunTime:0.016115s ]
[2021-12-20T09:00:16+08:00][sql] SELECT * FROM `product` WHERE `product`.`delete_time` IS NULL ORDER BY `id` DESC LIMIT 0,10 [ RunTime:0.016380s ]
[2021-12-20T09:37:01+08:00][sql] CONNECT:[ UseTime:0.027007s ] mysql:host=124.71.218.160;port=3306;dbname=www_akali_ltd;charset=utf8
[2021-12-20T09:37:01+08:00][sql] SHOW FULL COLUMNS FROM `product` [ RunTime:0.018022s ]
[2021-12-20T09:37:01+08:00][sql] SELECT COUNT(*) AS think_count FROM `product` WHERE `product`.`delete_time` IS NULL LIMIT 1 [ RunTime:0.016972s ]
[2021-12-20T09:37:01+08:00][sql] SELECT * FROM `product` WHERE `product`.`delete_time` IS NULL ORDER BY `id` DESC LIMIT 0,10 [ RunTime:0.019603s ]
[2021-12-20T11:41:05+08:00][sql] CONNECT:[ UseTime:0.034068s ] mysql:host=124.71.218.160;port=3306;dbname=www_akali_ltd;charset=utf8
[2021-12-20T11:41:05+08:00][sql] SHOW FULL COLUMNS FROM `product_category` [ RunTime:0.023958s ]
[2021-12-20T11:41:05+08:00][sql] SELECT COUNT(*) AS think_count FROM `product_category` WHERE `product_category`.`delete_time` IS NULL LIMIT 1 [ RunTime:0.024879s ]
[2021-12-20T11:41:05+08:00][sql] SELECT * FROM `product_category` WHERE `product_category`.`delete_time` IS NULL ORDER BY `id` DESC LIMIT 0,10 [ RunTime:0.022605s ]
[2021-12-20T11:42:02+08:00][sql] CONNECT:[ UseTime:0.032418s ] mysql:host=124.71.218.160;port=3306;dbname=www_akali_ltd;charset=utf8
[2021-12-20T11:42:02+08:00][sql] SHOW FULL COLUMNS FROM `product` [ RunTime:0.021111s ]
[2021-12-20T11:42:02+08:00][sql] SELECT COUNT(*) AS think_count FROM `product` WHERE `product`.`delete_time` IS NULL LIMIT 1 [ RunTime:0.015306s ]
[2021-12-20T11:42:02+08:00][sql] SELECT * FROM `product` WHERE `product`.`delete_time` IS NULL ORDER BY `id` DESC LIMIT 0,10 [ RunTime:0.015046s ]
[2021-12-20T11:48:16+08:00][sql] CONNECT:[ UseTime:0.023985s ] mysql:host=124.71.218.160;port=3306;dbname=www_akali_ltd;charset=utf8
[2021-12-20T11:48:16+08:00][sql] SHOW FULL COLUMNS FROM `product_category` [ RunTime:0.021276s ]
[2021-12-20T11:48:16+08:00][sql] SELECT `id` FROM `product_category` WHERE  `name` = '金克丝'  AND `id` <> 1 LIMIT 1 [ RunTime:0.018223s ]
[2021-12-20T11:48:16+08:00][error] [300][D:\Web\www.ruiwen.com\app\common\middleware\CheckParams.php:61]
[2021-12-20T11:48:33+08:00][sql] CONNECT:[ UseTime:0.013675s ] mysql:host=124.71.218.160;port=3306;dbname=www_akali_ltd;charset=utf8
[2021-12-20T11:48:33+08:00][sql] SHOW FULL COLUMNS FROM `product` [ RunTime:0.010029s ]
[2021-12-20T11:48:33+08:00][sql] SELECT `id`,`product_category_id` FROM `product` WHERE  `name` = '苹果12x' LIMIT 1 [ RunTime:0.010483s ]
[2021-12-20T11:48:33+08:00][error] [300][D:\Web\www.ruiwen.com\app\common\middleware\CheckParams.php:61]
[2021-12-20T11:50:26+08:00][sql] CONNECT:[ UseTime:0.026404s ] mysql:host=124.71.218.160;port=3306;dbname=www_akali_ltd;charset=utf8
[2021-12-20T11:50:26+08:00][sql] SHOW FULL COLUMNS FROM `product` [ RunTime:0.017128s ]
[2021-12-20T11:50:26+08:00][sql] SELECT COUNT(*) AS think_count FROM `product` WHERE `product`.`delete_time` IS NULL LIMIT 1 [ RunTime:0.015979s ]
[2021-12-20T11:50:26+08:00][sql] SELECT * FROM `product` WHERE `product`.`delete_time` IS NULL ORDER BY `id` DESC LIMIT 0,10 [ RunTime:0.016892s ]
[2021-12-20T11:52:14+08:00][sql] CONNECT:[ UseTime:0.015819s ] mysql:host=124.71.218.160;port=3306;dbname=www_akali_ltd;charset=utf8
[2021-12-20T11:52:14+08:00][sql] SHOW FULL COLUMNS FROM `product` [ RunTime:0.011005s ]
[2021-12-20T11:52:14+08:00][sql] SELECT `id`,`product_category_id` FROM `product` WHERE  `name` = '苹果12x' LIMIT 1 [ RunTime:0.010398s ]
[2021-12-20T11:52:14+08:00][error] [300][D:\Web\www.ruiwen.com\app\common\middleware\CheckParams.php:61]
[2021-12-20T11:52:54+08:00][sql] CONNECT:[ UseTime:0.015885s ] mysql:host=124.71.218.160;port=3306;dbname=www_akali_ltd;charset=utf8
[2021-12-20T11:52:54+08:00][sql] SHOW FULL COLUMNS FROM `product` [ RunTime:0.009896s ]
[2021-12-20T11:52:54+08:00][sql] SELECT COUNT(*) AS think_count FROM `product` WHERE `product`.`delete_time` IS NULL LIMIT 1 [ RunTime:0.008993s ]
[2021-12-20T11:52:54+08:00][sql] SELECT * FROM `product` WHERE `product`.`delete_time` IS NULL ORDER BY `id` DESC LIMIT 0,10 [ RunTime:0.009498s ]
[2021-12-20T11:53:45+08:00][sql] CONNECT:[ UseTime:0.036798s ] mysql:host=124.71.218.160;port=3306;dbname=www_akali_ltd;charset=utf8
[2021-12-20T11:53:45+08:00][sql] SHOW FULL COLUMNS FROM `product` [ RunTime:0.024318s ]
[2021-12-20T11:53:45+08:00][sql] SELECT COUNT(*) AS think_count FROM `product` WHERE `product`.`delete_time` IS NULL LIMIT 1 [ RunTime:0.021339s ]
[2021-12-20T11:53:45+08:00][sql] SELECT * FROM `product` WHERE `product`.`delete_time` IS NULL ORDER BY `id` DESC LIMIT 0,10 [ RunTime:0.021710s ]
[2021-12-20T11:53:54+08:00][sql] CONNECT:[ UseTime:0.035874s ] mysql:host=124.71.218.160;port=3306;dbname=www_akali_ltd;charset=utf8
[2021-12-20T11:53:54+08:00][sql] SHOW FULL COLUMNS FROM `product` [ RunTime:0.022549s ]
[2021-12-20T11:53:54+08:00][sql] SELECT `id`,`product_category_id` FROM `product` WHERE  `name` = '苹果12x' LIMIT 1 [ RunTime:0.022183s ]
[2021-12-20T11:53:54+08:00][error] [300][D:\Web\www.ruiwen.com\app\common\middleware\CheckParams.php:61]
[2021-12-20T11:54:59+08:00][sql] CONNECT:[ UseTime:0.031276s ] mysql:host=124.71.218.160;port=3306;dbname=www_akali_ltd;charset=utf8
[2021-12-20T11:54:59+08:00][sql] SHOW FULL COLUMNS FROM `product_category` [ RunTime:0.024578s ]
[2021-12-20T11:54:59+08:00][sql] SELECT `id` FROM `product_category` WHERE  `name` = '金克丝'  AND `id` <> 1 LIMIT 1 [ RunTime:0.022287s ]
[2021-12-20T11:54:59+08:00][error] [300][D:\Web\www.ruiwen.com\app\common\middleware\CheckParams.php:61]
[2021-12-20T11:55:35+08:00][sql] CONNECT:[ UseTime:0.029227s ] mysql:host=124.71.218.160;port=3306;dbname=www_akali_ltd;charset=utf8
[2021-12-20T11:55:35+08:00][sql] SHOW FULL COLUMNS FROM `product_category` [ RunTime:0.016632s ]
[2021-12-20T11:55:35+08:00][sql] SELECT `id` FROM `product_category` WHERE  `name` = '金克丝'  AND `id` <> 1 LIMIT 1 [ RunTime:0.015844s ]
[2021-12-20T11:55:35+08:00][sql] SELECT * FROM `product_category` WHERE (  `id` = 1 ) AND `product_category`.`delete_time` IS NULL LIMIT 1 [ RunTime:0.017071s ]
[2021-12-20T11:55:35+08:00][sql] UPDATE `product_category`  SET `pid` = 8 , `name` = '金克丝' , `sort` = 12 , `update_time` = 1639972535  WHERE (  `id` = 1 ) AND `product_category`.`delete_time` IS NULL [ RunTime:0.015668s ]
[2021-12-20T11:57:40+08:00][sql] CONNECT:[ UseTime:0.035686s ] mysql:host=124.71.218.160;port=3306;dbname=www_akali_ltd;charset=utf8
[2021-12-20T11:57:40+08:00][sql] SHOW FULL COLUMNS FROM `product_category` [ RunTime:0.025478s ]
[2021-12-20T11:57:40+08:00][sql] SELECT `id` FROM `product_category` WHERE  `name` = '金克丝'  AND `id` <> 1 LIMIT 1 [ RunTime:0.025887s ]
[2021-12-20T11:57:40+08:00][sql] SELECT * FROM `product_category` WHERE (  `id` = 1 ) AND `product_category`.`delete_time` IS NULL LIMIT 1 [ RunTime:0.022050s ]
[2021-12-20T11:57:58+08:00][sql] CONNECT:[ UseTime:0.036443s ] mysql:host=124.71.218.160;port=3306;dbname=www_akali_ltd;charset=utf8
[2021-12-20T11:57:58+08:00][sql] SHOW FULL COLUMNS FROM `product_category` [ RunTime:0.021412s ]
[2021-12-20T11:57:58+08:00][sql] SELECT `id` FROM `product_category` WHERE  `name` = '金克丝'  AND `id` <> 1 LIMIT 1 [ RunTime:0.020458s ]
[2021-12-20T11:57:58+08:00][sql] SELECT * FROM `product_category` WHERE (  `id` = 1 ) AND `product_category`.`delete_time` IS NULL LIMIT 1 [ RunTime:0.023720s ]
[2021-12-20T11:57:58+08:00][sql] UPDATE `product_category`  SET `sort` = 15 , `update_time` = 1639972678  WHERE (  `id` = 1 ) AND `product_category`.`delete_time` IS NULL [ RunTime:0.020775s ]
[2021-12-20T13:23:40+08:00][sql] CONNECT:[ UseTime:0.033815s ] mysql:host=124.71.218.160;port=3306;dbname=www_akali_ltd;charset=utf8
[2021-12-20T13:23:40+08:00][sql] SHOW FULL COLUMNS FROM `product_category` [ RunTime:0.024879s ]
[2021-12-20T13:23:40+08:00][sql] SELECT `id` FROM `product_category` WHERE  `name` = '金克丝'  AND `id` <> 1 LIMIT 1 [ RunTime:0.024385s ]
[2021-12-20T13:23:40+08:00][sql] SELECT * FROM `product_category` WHERE (  `id` = 1 ) AND `product_category`.`delete_time` IS NULL LIMIT 1 [ RunTime:0.025303s ]
[2021-12-20T13:23:53+08:00][sql] CONNECT:[ UseTime:0.016223s ] mysql:host=124.71.218.160;port=3306;dbname=www_akali_ltd;charset=utf8
[2021-12-20T13:23:53+08:00][sql] SHOW FULL COLUMNS FROM `product_category` [ RunTime:0.010778s ]
[2021-12-20T13:23:53+08:00][sql] SELECT `id` FROM `product_category` WHERE  `name` = '金克丝'  AND `id` <> 1 LIMIT 1 [ RunTime:0.010182s ]
[2021-12-20T13:23:53+08:00][sql] SELECT * FROM `product_category` WHERE (  `id` = 1 ) AND `product_category`.`delete_time` IS NULL LIMIT 1 [ RunTime:0.010424s ]
[2021-12-20T13:24:40+08:00][sql] CONNECT:[ UseTime:0.032342s ] mysql:host=124.71.218.160;port=3306;dbname=www_akali_ltd;charset=utf8
[2021-12-20T13:24:40+08:00][sql] SHOW FULL COLUMNS FROM `product` [ RunTime:0.017022s ]
[2021-12-20T13:24:40+08:00][sql] SELECT `id`,`product_category_id` FROM `product` WHERE  `name` = '苹果12x' LIMIT 1 [ RunTime:0.014907s ]
[2021-12-20T13:24:40+08:00][error] [300][D:\Web\www.ruiwen.com\app\common\middleware\CheckParams.php:61]
[2021-12-20T13:24:54+08:00][sql] CONNECT:[ UseTime:0.019650s ] mysql:host=124.71.218.160;port=3306;dbname=www_akali_ltd;charset=utf8
[2021-12-20T13:24:54+08:00][sql] SHOW FULL COLUMNS FROM `product` [ RunTime:0.011893s ]
[2021-12-20T13:24:54+08:00][sql] SELECT `id`,`product_category_id` FROM `product` WHERE  `name` = '苹果12x' LIMIT 1 [ RunTime:0.011171s ]
[2021-12-20T13:24:54+08:00][error] [300][D:\Web\www.ruiwen.com\app\common\middleware\CheckParams.php:61]
[2021-12-20T13:25:00+08:00][sql] CONNECT:[ UseTime:0.023435s ] mysql:host=124.71.218.160;port=3306;dbname=www_akali_ltd;charset=utf8
[2021-12-20T13:25:00+08:00][sql] SHOW FULL COLUMNS FROM `product` [ RunTime:0.016558s ]
[2021-12-20T13:25:00+08:00][sql] SELECT `id`,`product_category_id` FROM `product` WHERE  `name` = '苹果12x' LIMIT 1 [ RunTime:0.015737s ]
[2021-12-20T13:25:00+08:00][error] [300][D:\Web\www.ruiwen.com\app\common\middleware\CheckParams.php:61]
[2021-12-20T14:26:53+08:00][sql] CONNECT:[ UseTime:0.026228s ] mysql:host=124.71.218.160;port=3306;dbname=www_akali_ltd;charset=utf8
[2021-12-20T14:26:53+08:00][sql] SHOW FULL COLUMNS FROM `product` [ RunTime:0.015888s ]
[2021-12-20T14:26:53+08:00][sql] SELECT `id`,`product_category_id` FROM `product` WHERE  `name` = '苹果12x' LIMIT 1 [ RunTime:0.015033s ]
[2021-12-20T14:26:53+08:00][error] [300][D:\Web\www.ruiwen.com\app\common\middleware\CheckParams.php:61]
[2021-12-20T14:28:01+08:00][sql] CONNECT:[ UseTime:0.025644s ] mysql:host=124.71.218.160;port=3306;dbname=www_akali_ltd;charset=utf8
[2021-12-20T14:28:01+08:00][sql] SHOW FULL COLUMNS FROM `product` [ RunTime:0.017529s ]
[2021-12-20T14:28:01+08:00][sql] SELECT `id`,`product_category_id` FROM `product` WHERE  `name` = '苹果12x' LIMIT 1 [ RunTime:0.017217s ]
[2021-12-20T14:28:01+08:00][error] [300][D:\Web\www.ruiwen.com\app\common\middleware\CheckParams.php:61]
[2021-12-20T14:29:19+08:00][sql] CONNECT:[ UseTime:0.036737s ] mysql:host=124.71.218.160;port=3306;dbname=www_akali_ltd;charset=utf8
[2021-12-20T14:29:19+08:00][sql] SHOW FULL COLUMNS FROM `product` [ RunTime:0.016608s ]
[2021-12-20T14:29:19+08:00][sql] SELECT `id`,`product_category_id` FROM `product` WHERE  `name` = '苹果12x' LIMIT 1 [ RunTime:0.015535s ]
[2021-12-20T14:29:19+08:00][error] [300][D:\Web\www.ruiwen.com\app\common\middleware\CheckParams.php:61]
[2021-12-20T14:31:08+08:00][sql] CONNECT:[ UseTime:0.021480s ] mysql:host=124.71.218.160;port=3306;dbname=www_akali_ltd;charset=utf8
[2021-12-20T14:31:08+08:00][sql] SHOW FULL COLUMNS FROM `product` [ RunTime:0.015124s ]
[2021-12-20T14:31:08+08:00][sql] SELECT `id` FROM `product` WHERE  `name` = '苹果12x'  AND `id` <> 7 LIMIT 1 [ RunTime:0.014259s ]
[2021-12-20T14:31:08+08:00][sql] SELECT * FROM `product` WHERE (  `id` = 7 ) AND `product`.`delete_time` IS NULL LIMIT 1 [ RunTime:0.014973s ]
[2021-12-20T14:31:08+08:00][sql] UPDATE `product`  SET `stock` = 4561 , `spec_type` = 0 , `update_time` = 1639981868  WHERE (  `id` = 7 ) AND `product`.`delete_time` IS NULL [ RunTime:0.014426s ]
[2021-12-20T14:31:08+08:00][sql] SHOW FULL COLUMNS FROM `product_specs` [ RunTime:0.015299s ]
[2021-12-20T14:31:08+08:00][sql] DELETE FROM `product_specs` WHERE  `product_id` = 7 [ RunTime:0.014098s ]
[2021-12-20T14:31:08+08:00][sql] REPLACE INTO `product_specs` SET `product_id` = 7 , `specs_value_id` = '1,2,4,7' , `price` = '22' , `stock` = 12 , `create_time` = 1639981868 , `update_time` = 1639981868 [ RunTime:0.014496s ]
[2021-12-20T14:31:08+08:00][sql] REPLACE INTO `product_specs` SET `product_id` = 7 , `specs_value_id` = '2,7,3' , `price` = '32' , `stock` = 3 , `create_time` = 1639981868 , `update_time` = 1639981868 [ RunTime:0.014397s ]
[2021-12-20T14:31:08+08:00][sql] UPDATE `product`  SET `stock` = 15 , `update_time` = 1639981868  WHERE (  `id` = 7 ) AND `product`.`delete_time` IS NULL [ RunTime:0.014484s ]
[2021-12-20T14:31:34+08:00][sql] CONNECT:[ UseTime:0.026358s ] mysql:host=124.71.218.160;port=3306;dbname=www_akali_ltd;charset=utf8
[2021-12-20T14:31:34+08:00][sql] SHOW FULL COLUMNS FROM `product` [ RunTime:0.018966s ]
[2021-12-20T14:31:34+08:00][sql] SELECT COUNT(*) AS think_count FROM `product` WHERE `product`.`delete_time` IS NULL LIMIT 1 [ RunTime:0.015718s ]
[2021-12-20T14:31:34+08:00][sql] SELECT * FROM `product` WHERE `product`.`delete_time` IS NULL ORDER BY `id` DESC LIMIT 0,10 [ RunTime:0.015166s ]
[2021-12-20T14:31:42+08:00][sql] CONNECT:[ UseTime:0.026910s ] mysql:host=124.71.218.160;port=3306;dbname=www_akali_ltd;charset=utf8
[2021-12-20T14:31:42+08:00][sql] SHOW FULL COLUMNS FROM `product` [ RunTime:0.018910s ]
[2021-12-20T14:31:42+08:00][sql] SELECT `id` FROM `product` WHERE  `name` = '苹果12x'  AND `id` <> 1 LIMIT 1 [ RunTime:0.017940s ]
[2021-12-20T14:31:42+08:00][error] [300][D:\Web\www.ruiwen.com\app\common\middleware\CheckParams.php:61]
[2021-12-20T14:33:13+08:00][sql] CONNECT:[ UseTime:0.029282s ] mysql:host=124.71.218.160;port=3306;dbname=www_akali_ltd;charset=utf8
[2021-12-20T14:33:13+08:00][sql] SHOW FULL COLUMNS FROM `product` [ RunTime:0.016885s ]
[2021-12-20T14:33:13+08:00][sql] SELECT `id` FROM `product` WHERE  `name` = '苹果12x'  AND `id` <> 1 LIMIT 1 [ RunTime:0.016093s ]
[2021-12-20T14:33:13+08:00][error] [300][D:\Web\www.ruiwen.com\app\common\middleware\CheckParams.php:61]
[2021-12-20T14:33:32+08:00][sql] CONNECT:[ UseTime:0.043000s ] mysql:host=124.71.218.160;port=3306;dbname=www_akali_ltd;charset=utf8
[2021-12-20T14:33:32+08:00][sql] SHOW FULL COLUMNS FROM `product` [ RunTime:0.024158s ]
[2021-12-20T14:33:32+08:00][sql] SELECT `id` FROM `product` WHERE  `name` = '苹果12x'  AND `id` <> 1 LIMIT 1 [ RunTime:0.021401s ]
[2021-12-20T14:33:32+08:00][error] [300][D:\Web\www.ruiwen.com\app\common\middleware\CheckParams.php:61]
[2021-12-20T14:34:37+08:00][sql] CONNECT:[ UseTime:0.028661s ] mysql:host=124.71.218.160;port=3306;dbname=www_akali_ltd;charset=utf8
[2021-12-20T14:34:37+08:00][sql] SHOW FULL COLUMNS FROM `product` [ RunTime:0.020870s ]
[2021-12-20T14:34:37+08:00][sql] SELECT `id` FROM `product` WHERE  `name` = '苹果12x'  AND `id` <> 1 LIMIT 1 [ RunTime:0.017859s ]
[2021-12-20T14:34:37+08:00][error] [300][D:\Web\www.ruiwen.com\app\common\middleware\CheckParams.php:61]
[2021-12-20T14:35:47+08:00][sql] CONNECT:[ UseTime:0.025248s ] mysql:host=124.71.218.160;port=3306;dbname=www_akali_ltd;charset=utf8
[2021-12-20T14:35:47+08:00][sql] SHOW FULL COLUMNS FROM `product` [ RunTime:0.017371s ]
[2021-12-20T14:35:47+08:00][sql] SELECT `id` FROM `product` WHERE  `name` = '苹果12x'  AND `id` <> 1 LIMIT 1 [ RunTime:0.017068s ]
[2021-12-20T14:35:47+08:00][error] [300][D:\Web\www.ruiwen.com\app\common\middleware\CheckParams.php:61]
[2021-12-20T14:36:23+08:00][sql] CONNECT:[ UseTime:0.024620s ] mysql:host=124.71.218.160;port=3306;dbname=www_akali_ltd;charset=utf8
[2021-12-20T14:36:23+08:00][sql] SHOW FULL COLUMNS FROM `product` [ RunTime:0.016455s ]
[2021-12-20T14:36:23+08:00][sql] SELECT `id` FROM `product` WHERE  `name` = '苹果12'  AND `id` <> 1 LIMIT 1 [ RunTime:0.015461s ]
[2021-12-20T14:36:34+08:00][sql] CONNECT:[ UseTime:0.043119s ] mysql:host=124.71.218.160;port=3306;dbname=www_akali_ltd;charset=utf8
[2021-12-20T14:36:34+08:00][sql] SHOW FULL COLUMNS FROM `product` [ RunTime:0.026176s ]
[2021-12-20T14:36:34+08:00][sql] SELECT `id` FROM `product` WHERE  `name` = '苹果12'  AND `id` <> 1 LIMIT 1 [ RunTime:0.022428s ]
[2021-12-20T14:36:34+08:00][sql] SELECT * FROM `product` WHERE (  `id` = 1 ) AND `product`.`delete_time` IS NULL LIMIT 1 [ RunTime:0.022889s ]
[2021-12-20T14:36:34+08:00][error] [400][D:\Web\www.ruiwen.com\app\admin\logic\Product.php:24]
[2021-12-20T14:36:50+08:00][sql] CONNECT:[ UseTime:0.037267s ] mysql:host=124.71.218.160;port=3306;dbname=www_akali_ltd;charset=utf8
[2021-12-20T14:36:50+08:00][sql] SHOW FULL COLUMNS FROM `product` [ RunTime:0.016711s ]
[2021-12-20T14:36:50+08:00][sql] SELECT `id` FROM `product` WHERE  `name` = '苹果12'  AND `id` <> 7 LIMIT 1 [ RunTime:0.015446s ]
[2021-12-20T14:36:50+08:00][sql] SELECT * FROM `product` WHERE (  `id` = 7 ) AND `product`.`delete_time` IS NULL LIMIT 1 [ RunTime:0.018335s ]
[2021-12-20T14:36:50+08:00][sql] UPDATE `product`  SET `name` = '苹果12' , `stock` = 4561 , `spec_type` = 0 , `update_time` = 1639982210  WHERE (  `id` = 7 ) AND `product`.`delete_time` IS NULL [ RunTime:0.015468s ]
[2021-12-20T14:36:50+08:00][sql] SHOW FULL COLUMNS FROM `product_specs` [ RunTime:0.015822s ]
[2021-12-20T14:36:50+08:00][sql] DELETE FROM `product_specs` WHERE  `product_id` = 7 [ RunTime:0.016067s ]
[2021-12-20T14:36:50+08:00][sql] REPLACE INTO `product_specs` SET `product_id` = 7 , `specs_value_id` = '1,2,4,7' , `price` = '22' , `stock` = 12 , `create_time` = 1639982210 , `update_time` = 1639982210 [ RunTime:0.014955s ]
[2021-12-20T14:36:50+08:00][sql] REPLACE INTO `product_specs` SET `product_id` = 7 , `specs_value_id` = '2,7,3' , `price` = '32' , `stock` = 3 , `create_time` = 1639982210 , `update_time` = 1639982210 [ RunTime:0.015411s ]
[2021-12-20T14:36:50+08:00][sql] UPDATE `product`  SET `stock` = 15 , `update_time` = 1639982210  WHERE (  `id` = 7 ) AND `product`.`delete_time` IS NULL [ RunTime:0.015595s ]
[2021-12-20T14:42:10+08:00][sql] CONNECT:[ UseTime:0.024788s ] mysql:host=124.71.218.160;port=3306;dbname=www_akali_ltd;charset=utf8
[2021-12-20T14:42:10+08:00][sql] SHOW FULL COLUMNS FROM `product` [ RunTime:0.009313s ]
[2021-12-20T14:42:10+08:00][sql] SELECT `id` FROM `product` WHERE  `name` = '苹果12'  AND `id` <> 7 LIMIT 1 [ RunTime:0.008867s ]
[2021-12-20T14:42:10+08:00][error] [0]语法错误: unexpected '$product' (T_VARIABLE)[D:\Web\www.ruiwen.com\app\admin\controller\Product.php:20]
[2021-12-20T14:50:47+08:00][sql] CONNECT:[ UseTime:0.033479s ] mysql:host=124.71.218.160;port=3306;dbname=www_akali_ltd;charset=utf8
[2021-12-20T14:50:47+08:00][sql] SHOW FULL COLUMNS FROM `product` [ RunTime:0.014182s ]
[2021-12-20T14:50:47+08:00][sql] SELECT `id` FROM `product` WHERE  `name` = '苹果12'  AND `id` <> 7 LIMIT 1 [ RunTime:0.013448s ]
[2021-12-20T14:50:47+08:00][sql] SELECT * FROM `product` WHERE (  `id` = 7 ) AND `product`.`delete_time` IS NULL LIMIT 1 [ RunTime:0.013852s ]
[2021-12-20T14:50:47+08:00][sql] UPDATE `product`  SET `stock` = 4561 , `spec_type` = 0 , `update_time` = 1639983046  WHERE (  `id` = 7 ) AND `product`.`delete_time` IS NULL [ RunTime:0.017397s ]
[2021-12-20T14:50:47+08:00][sql] SHOW FULL COLUMNS FROM `product_specs` [ RunTime:0.014296s ]
[2021-12-20T14:50:47+08:00][sql] DELETE FROM `product_specs` WHERE  `product_id` = 7 [ RunTime:0.013272s ]
[2021-12-20T14:50:47+08:00][sql] REPLACE INTO `product_specs` SET `product_id` = 7 , `specs_value_id` = '1,2,4,7' , `price` = '22' , `stock` = 12 , `create_time` = 1639983046 , `update_time` = 1639983046 [ RunTime:0.013892s ]
[2021-12-20T14:50:47+08:00][sql] REPLACE INTO `product_specs` SET `product_id` = 7 , `specs_value_id` = '2,7,3' , `price` = '32' , `stock` = 3 , `create_time` = 1639983046 , `update_time` = 1639983046 [ RunTime:0.013674s ]
[2021-12-20T14:50:47+08:00][sql] UPDATE `product`  SET `stock` = 15 , `update_time` = 1639983046  WHERE (  `id` = 7 ) AND `product`.`delete_time` IS NULL [ RunTime:0.013241s ]
[2021-12-20T14:50:58+08:00][sql] CONNECT:[ UseTime:0.026138s ] mysql:host=124.71.218.160;port=3306;dbname=www_akali_ltd;charset=utf8
[2021-12-20T14:50:58+08:00][sql] SHOW FULL COLUMNS FROM `product` [ RunTime:0.016542s ]
[2021-12-20T14:50:58+08:00][sql] SELECT `id` FROM `product` WHERE  `name` = '苹果12'  AND `id` <> 7 LIMIT 1 [ RunTime:0.016140s ]
[2021-12-20T14:50:58+08:00][sql] SELECT * FROM `product` WHERE (  `id` = 7 ) AND `product`.`delete_time` IS NULL LIMIT 1 [ RunTime:0.016347s ]
[2021-12-20T14:50:58+08:00][sql] UPDATE `product`  SET `stock` = 4561 , `spec_type` = 0 , `update_time` = 1639983058  WHERE (  `id` = 7 ) AND `product`.`delete_time` IS NULL [ RunTime:0.015955s ]
[2021-12-20T14:50:58+08:00][sql] SHOW FULL COLUMNS FROM `product_specs` [ RunTime:0.016325s ]
[2021-12-20T14:50:58+08:00][sql] DELETE FROM `product_specs` WHERE  `product_id` = 7 [ RunTime:0.015877s ]
[2021-12-20T14:50:58+08:00][sql] REPLACE INTO `product_specs` SET `product_id` = 7 , `specs_value_id` = '1,2,4,7' , `price` = '22' , `stock` = 12 , `create_time` = 1639983058 , `update_time` = 1639983058 [ RunTime:0.016904s ]
[2021-12-20T14:50:58+08:00][sql] REPLACE INTO `product_specs` SET `product_id` = 7 , `specs_value_id` = '2,7,3' , `price` = '32' , `stock` = 3 , `create_time` = 1639983058 , `update_time` = 1639983058 [ RunTime:0.015808s ]
[2021-12-20T14:50:58+08:00][sql] UPDATE `product`  SET `stock` = 15 , `update_time` = 1639983058  WHERE (  `id` = 7 ) AND `product`.`delete_time` IS NULL [ RunTime:0.015376s ]
[2021-12-20T14:51:04+08:00][sql] CONNECT:[ UseTime:0.025472s ] mysql:host=124.71.218.160;port=3306;dbname=www_akali_ltd;charset=utf8
[2021-12-20T14:51:04+08:00][sql] SHOW FULL COLUMNS FROM `product` [ RunTime:0.016483s ]
[2021-12-20T14:51:04+08:00][sql] SELECT COUNT(*) AS think_count FROM `product` WHERE `product`.`delete_time` IS NULL LIMIT 1 [ RunTime:0.017040s ]
[2021-12-20T14:51:04+08:00][sql] SELECT * FROM `product` WHERE `product`.`delete_time` IS NULL ORDER BY `id` DESC LIMIT 0,10 [ RunTime:0.015846s ]
[2021-12-20T14:51:10+08:00][sql] CONNECT:[ UseTime:0.034271s ] mysql:host=124.71.218.160;port=3306;dbname=www_akali_ltd;charset=utf8
[2021-12-20T14:51:10+08:00][sql] SHOW FULL COLUMNS FROM `product` [ RunTime:0.023137s ]
[2021-12-20T14:51:10+08:00][sql] SELECT `id` FROM `product` WHERE  `name` = '苹果12'  AND `id` <> 7 LIMIT 1 [ RunTime:0.022233s ]
[2021-12-20T14:51:10+08:00][sql] SELECT * FROM `product` WHERE (  `id` = 7 ) AND `product`.`delete_time` IS NULL LIMIT 1 [ RunTime:0.022428s ]
[2021-12-20T14:51:10+08:00][sql] UPDATE `product`  SET `stock` = 4561 , `spec_type` = 0 , `update_time` = 1639983070  WHERE (  `id` = 7 ) AND `product`.`delete_time` IS NULL [ RunTime:0.022112s ]
[2021-12-20T14:51:10+08:00][sql] SHOW FULL COLUMNS FROM `product_specs` [ RunTime:0.024480s ]
[2021-12-20T14:51:10+08:00][sql] DELETE FROM `product_specs` WHERE  `product_id` = 7 [ RunTime:0.024330s ]
[2021-12-20T14:51:10+08:00][sql] REPLACE INTO `product_specs` SET `product_id` = 7 , `specs_value_id` = '1,2,4,7' , `price` = '22' , `stock` = 12 , `create_time` = 1639983070 , `update_time` = 1639983070 [ RunTime:0.022489s ]
[2021-12-20T14:51:10+08:00][sql] REPLACE INTO `product_specs` SET `product_id` = 7 , `specs_value_id` = '2,7,3' , `price` = '32' , `stock` = 3 , `create_time` = 1639983070 , `update_time` = 1639983070 [ RunTime:0.021856s ]
[2021-12-20T14:51:10+08:00][sql] UPDATE `product`  SET `stock` = 15 , `update_time` = 1639983070  WHERE (  `id` = 7 ) AND `product`.`delete_time` IS NULL [ RunTime:0.021994s ]
[2021-12-20T14:51:28+08:00][sql] CONNECT:[ UseTime:0.022857s ] mysql:host=124.71.218.160;port=3306;dbname=www_akali_ltd;charset=utf8
[2021-12-20T14:51:28+08:00][sql] SHOW FULL COLUMNS FROM `product` [ RunTime:0.016095s ]
[2021-12-20T14:51:28+08:00][sql] SELECT `id` FROM `product` WHERE  `name` = '苹果12'  AND `id` <> 7 LIMIT 1 [ RunTime:0.014959s ]
[2021-12-20T14:51:28+08:00][sql] SELECT * FROM `product` WHERE (  `id` = 7 ) AND `product`.`delete_time` IS NULL LIMIT 1 [ RunTime:0.015679s ]
[2021-12-20T14:51:28+08:00][sql] UPDATE `product`  SET `stock` = 4561 , `spec_type` = 0 , `update_time` = 1639983088  WHERE (  `id` = 7 ) AND `product`.`delete_time` IS NULL [ RunTime:0.015242s ]
[2021-12-20T14:51:28+08:00][sql] SHOW FULL COLUMNS FROM `product_specs` [ RunTime:0.015518s ]
[2021-12-20T14:51:28+08:00][sql] DELETE FROM `product_specs` WHERE  `product_id` = 7 [ RunTime:0.014811s ]
[2021-12-20T14:51:28+08:00][sql] REPLACE INTO `product_specs` SET `product_id` = 7 , `specs_value_id` = '1,2,4,7' , `price` = '22' , `stock` = 12 , `create_time` = 1639983088 , `update_time` = 1639983088 [ RunTime:0.014969s ]
[2021-12-20T14:51:28+08:00][sql] REPLACE INTO `product_specs` SET `product_id` = 7 , `specs_value_id` = '2,7,3' , `price` = '32' , `stock` = 3 , `create_time` = 1639983088 , `update_time` = 1639983088 [ RunTime:0.015144s ]
[2021-12-20T14:51:28+08:00][sql] UPDATE `product`  SET `stock` = 15 , `update_time` = 1639983088  WHERE (  `id` = 7 ) AND `product`.`delete_time` IS NULL [ RunTime:0.015587s ]
[2021-12-20T14:52:12+08:00][sql] CONNECT:[ UseTime:0.014818s ] mysql:host=124.71.218.160;port=3306;dbname=www_akali_ltd;charset=utf8
[2021-12-20T14:52:12+08:00][sql] SHOW FULL COLUMNS FROM `product` [ RunTime:0.010761s ]
[2021-12-20T14:52:12+08:00][sql] SELECT `id` FROM `product` WHERE  `name` = '苹果12'  AND `id` <> 7 LIMIT 1 [ RunTime:0.009759s ]
[2021-12-20T14:52:12+08:00][sql] SELECT * FROM `product` WHERE (  `id` = 7 ) AND `product`.`delete_time` IS NULL LIMIT 1 [ RunTime:0.010127s ]
[2021-12-20T14:52:12+08:00][sql] UPDATE `product`  SET `stock` = 4561 , `spec_type` = 0 , `update_time` = 1639983132  WHERE (  `id` = 7 ) AND `product`.`delete_time` IS NULL [ RunTime:0.009812s ]
[2021-12-20T14:52:12+08:00][sql] SHOW FULL COLUMNS FROM `product_specs` [ RunTime:0.010588s ]
[2021-12-20T14:52:12+08:00][sql] DELETE FROM `product_specs` WHERE  `product_id` = 7 [ RunTime:0.009791s ]
[2021-12-20T14:52:12+08:00][sql] REPLACE INTO `product_specs` SET `product_id` = 7 , `specs_value_id` = '1,2,4,7' , `price` = '22' , `stock` = 12 , `create_time` = 1639983132 , `update_time` = 1639983132 [ RunTime:0.009792s ]
[2021-12-20T14:52:12+08:00][sql] REPLACE INTO `product_specs` SET `product_id` = 7 , `specs_value_id` = '2,7,3' , `price` = '32' , `stock` = 3 , `create_time` = 1639983132 , `update_time` = 1639983132 [ RunTime:0.009854s ]
[2021-12-20T14:52:12+08:00][sql] UPDATE `product`  SET `stock` = 15 , `update_time` = 1639983132  WHERE (  `id` = 7 ) AND `product`.`delete_time` IS NULL [ RunTime:0.009569s ]
[2021-12-20T14:52:24+08:00][sql] CONNECT:[ UseTime:0.041380s ] mysql:host=124.71.218.160;port=3306;dbname=www_akali_ltd;charset=utf8
[2021-12-20T14:52:24+08:00][sql] SHOW FULL COLUMNS FROM `product` [ RunTime:0.015593s ]
[2021-12-20T14:52:24+08:00][sql] SELECT `id` FROM `product` WHERE  `name` = '苹果12'  AND `id` <> 7 LIMIT 1 [ RunTime:0.015161s ]
[2021-12-20T14:52:24+08:00][sql] INSERT INTO `product` SET `product_category_id` = 1 , `name` = '苹果12' , `image` = '寒蝉鸣泣之时 7月一号.png' , `market_price` = '3800' , `shop_price` = '3699' , `stock` = 4561 , `is_hot` = 1 , `spec_type` = 0 , `create_time` = 1639983144 , `update_time` = 1639983144 [ RunTime:0.015104s ]
[2021-12-20T14:52:24+08:00][sql] SHOW FULL COLUMNS FROM `product_specs` [ RunTime:0.015936s ]
[2021-12-20T14:52:24+08:00][sql] REPLACE INTO `product_specs` SET `product_id` = 14 , `specs_value_id` = '1,2,4,7' , `price` = '22' , `stock` = 12 , `create_time` = 1639983144 , `update_time` = 1639983144 [ RunTime:0.015034s ]
[2021-12-20T14:52:24+08:00][sql] REPLACE INTO `product_specs` SET `product_id` = 14 , `specs_value_id` = '2,7,3' , `price` = '32' , `stock` = 3 , `create_time` = 1639983144 , `update_time` = 1639983144 [ RunTime:0.015090s ]
[2021-12-20T14:52:24+08:00][sql] UPDATE `product`  SET `stock` = 15 , `update_time` = 1639983144  WHERE (  `id` = 14 ) AND `product`.`delete_time` IS NULL [ RunTime:0.015682s ]
[2021-12-20T14:52:36+08:00][sql] CONNECT:[ UseTime:0.026350s ] mysql:host=124.71.218.160;port=3306;dbname=www_akali_ltd;charset=utf8
[2021-12-20T14:52:36+08:00][sql] SHOW FULL COLUMNS FROM `product` [ RunTime:0.016863s ]
[2021-12-20T14:52:36+08:00][sql] SELECT `id` FROM `product` WHERE  `name` = '苹果12' LIMIT 1 [ RunTime:0.015893s ]
[2021-12-20T14:52:36+08:00][error] [300][D:\Web\www.ruiwen.com\app\common\middleware\CheckParams.php:61]
[2021-12-20T14:57:07+08:00][sql] CONNECT:[ UseTime:0.024137s ] mysql:host=124.71.218.160;port=3306;dbname=www_akali_ltd;charset=utf8
[2021-12-20T14:57:07+08:00][sql] SHOW FULL COLUMNS FROM `product` [ RunTime:0.016485s ]
[2021-12-20T14:57:07+08:00][sql] SELECT `id` FROM `product` WHERE  `name` = '阿卡丽'  AND `id` <> 7 LIMIT 1 [ RunTime:0.015743s ]
[2021-12-20T14:57:07+08:00][sql] SELECT * FROM `product` WHERE (  `id` = 7 ) AND `product`.`delete_time` IS NULL LIMIT 1 [ RunTime:0.016535s ]
[2021-12-20T14:57:07+08:00][sql] UPDATE `product`  SET `name` = '阿卡丽' , `stock` = 4561 , `spec_type` = 0 , `update_time` = 1639983427  WHERE (  `id` = 7 ) AND `product`.`delete_time` IS NULL [ RunTime:0.016537s ]
[2021-12-20T14:57:07+08:00][sql] SHOW FULL COLUMNS FROM `product_specs` [ RunTime:0.016365s ]
[2021-12-20T14:57:07+08:00][sql] DELETE FROM `product_specs` WHERE  `product_id` = 7 [ RunTime:0.016370s ]
[2021-12-20T14:57:07+08:00][sql] REPLACE INTO `product_specs` SET `product_id` = 7 , `specs_value_id` = '1,2,4,7' , `price` = '22' , `stock` = 12 , `create_time` = 1639983427 , `update_time` = 1639983427 [ RunTime:0.015808s ]
[2021-12-20T14:57:07+08:00][sql] REPLACE INTO `product_specs` SET `product_id` = 7 , `specs_value_id` = '2,7,3' , `price` = '32' , `stock` = 3 , `create_time` = 1639983427 , `update_time` = 1639983427 [ RunTime:0.015734s ]
[2021-12-20T14:57:07+08:00][sql] UPDATE `product`  SET `stock` = 15 , `update_time` = 1639983427  WHERE (  `id` = 7 ) AND `product`.`delete_time` IS NULL [ RunTime:0.015828s ]
[2021-12-20T14:57:43+08:00][sql] CONNECT:[ UseTime:0.032520s ] mysql:host=124.71.218.160;port=3306;dbname=www_akali_ltd;charset=utf8
[2021-12-20T14:57:43+08:00][sql] SHOW FULL COLUMNS FROM `product` [ RunTime:0.014948s ]
[2021-12-20T14:57:43+08:00][sql] SELECT `id` FROM `product` WHERE  `name` = '苹果12'  AND `id` <> 7 LIMIT 1 [ RunTime:0.014019s ]
[2021-12-20T14:57:43+08:00][error] [300][D:\Web\www.ruiwen.com\app\common\middleware\CheckParams.php:61]
[2021-12-20T14:58:59+08:00][sql] CONNECT:[ UseTime:0.037369s ] mysql:host=124.71.218.160;port=3306;dbname=www_akali_ltd;charset=utf8
[2021-12-20T14:58:59+08:00][sql] SHOW FULL COLUMNS FROM `product` [ RunTime:0.016409s ]
[2021-12-20T14:58:59+08:00][sql] SELECT `id` FROM `product` WHERE  `name` = '苹果12'  AND `id` <> 7 LIMIT 1 [ RunTime:0.015355s ]
[2021-12-20T14:58:59+08:00][error] [300][D:\Web\www.ruiwen.com\app\common\middleware\CheckParams.php:61]
[2021-12-20T14:59:06+08:00][sql] CONNECT:[ UseTime:0.035120s ] mysql:host=124.71.218.160;port=3306;dbname=www_akali_ltd;charset=utf8
[2021-12-20T14:59:06+08:00][sql] SHOW FULL COLUMNS FROM `product` [ RunTime:0.022408s ]
[2021-12-20T14:59:06+08:00][sql] SELECT `id` FROM `product` WHERE  `name` = '苹果12'  AND `id` <> 7 LIMIT 1 [ RunTime:0.021973s ]
[2021-12-20T14:59:06+08:00][error] [300][D:\Web\www.ruiwen.com\app\common\middleware\CheckParams.php:61]
[2021-12-20T15:03:22+08:00][sql] CONNECT:[ UseTime:0.016051s ] mysql:host=124.71.218.160;port=3306;dbname=www_akali_ltd;charset=utf8
[2021-12-20T15:03:22+08:00][sql] SHOW FULL COLUMNS FROM `product` [ RunTime:0.011087s ]
[2021-12-20T15:03:22+08:00][sql] SELECT `id` FROM `product` WHERE  `name` = '苹果12'  AND `id` <> 7 LIMIT 1 [ RunTime:0.011665s ]
[2021-12-20T15:03:22+08:00][error] [300][D:\Web\www.ruiwen.com\app\common\middleware\CheckParams.php:61]
[2021-12-20T15:04:17+08:00][sql] CONNECT:[ UseTime:0.027009s ] mysql:host=124.71.218.160;port=3306;dbname=www_akali_ltd;charset=utf8
[2021-12-20T15:04:17+08:00][sql] SHOW FULL COLUMNS FROM `product` [ RunTime:0.018955s ]
[2021-12-20T15:04:17+08:00][sql] SELECT `id` FROM `product` WHERE  `name` = '苹果12'  AND `id` <> 14 LIMIT 1 [ RunTime:0.020246s ]
[2021-12-20T15:04:17+08:00][sql] SELECT * FROM `product` WHERE (  `id` = 14 ) AND `product`.`delete_time` IS NULL LIMIT 1 [ RunTime:0.019357s ]
[2021-12-20T15:04:17+08:00][sql] UPDATE `product`  SET `stock` = 4561 , `spec_type` = 0 , `update_time` = 1639983857  WHERE (  `id` = 14 ) AND `product`.`delete_time` IS NULL [ RunTime:0.018059s ]
[2021-12-20T15:04:17+08:00][sql] SHOW FULL COLUMNS FROM `product_specs` [ RunTime:0.018938s ]
[2021-12-20T15:04:17+08:00][sql] DELETE FROM `product_specs` WHERE  `product_id` = 14 [ RunTime:0.018090s ]
[2021-12-20T15:04:17+08:00][sql] REPLACE INTO `product_specs` SET `product_id` = 14 , `specs_value_id` = '1,2,4,7' , `price` = '22' , `stock` = 12 , `create_time` = 1639983857 , `update_time` = 1639983857 [ RunTime:0.019241s ]
[2021-12-20T15:04:17+08:00][sql] REPLACE INTO `product_specs` SET `product_id` = 14 , `specs_value_id` = '2,7,3' , `price` = '32' , `stock` = 3 , `create_time` = 1639983857 , `update_time` = 1639983857 [ RunTime:0.018916s ]
[2021-12-20T15:04:17+08:00][sql] UPDATE `product`  SET `stock` = 15 , `update_time` = 1639983857  WHERE (  `id` = 14 ) AND `product`.`delete_time` IS NULL [ RunTime:0.017715s ]
[2021-12-20T15:04:52+08:00][sql] CONNECT:[ UseTime:0.037403s ] mysql:host=124.71.218.160;port=3306;dbname=www_akali_ltd;charset=utf8
[2021-12-20T15:04:52+08:00][sql] SHOW FULL COLUMNS FROM `product` [ RunTime:0.026395s ]
[2021-12-20T15:04:52+08:00][sql] SELECT `id` FROM `product` WHERE  `name` = '苹果12'  AND `id` <> 14 LIMIT 1 [ RunTime:0.022370s ]
[2021-12-20T15:04:52+08:00][sql] SELECT * FROM `product` WHERE (  `id` = 14 ) AND `product`.`delete_time` IS NULL LIMIT 1 [ RunTime:0.023401s ]
[2021-12-20T15:04:52+08:00][sql] UPDATE `product`  SET `stock` = 4561 , `spec_type` = 0 , `update_time` = 1639983892  WHERE (  `id` = 14 ) AND `product`.`delete_time` IS NULL [ RunTime:0.021679s ]
[2021-12-20T15:04:52+08:00][sql] SHOW FULL COLUMNS FROM `product_specs` [ RunTime:0.024192s ]
[2021-12-20T15:04:52+08:00][sql] DELETE FROM `product_specs` WHERE  `product_id` = 14 [ RunTime:0.023590s ]
[2021-12-20T15:04:52+08:00][sql] REPLACE INTO `product_specs` SET `product_id` = 14 , `specs_value_id` = '1,2,4,7' , `price` = '22' , `stock` = 12 , `create_time` = 1639983892 , `update_time` = 1639983892 [ RunTime:0.021310s ]
[2021-12-20T15:04:52+08:00][sql] REPLACE INTO `product_specs` SET `product_id` = 14 , `specs_value_id` = '2,7,3' , `price` = '32' , `stock` = 3 , `create_time` = 1639983892 , `update_time` = 1639983892 [ RunTime:0.023577s ]
[2021-12-20T15:04:52+08:00][sql] UPDATE `product`  SET `stock` = 15 , `update_time` = 1639983892  WHERE (  `id` = 14 ) AND `product`.`delete_time` IS NULL [ RunTime:0.024515s ]
[2021-12-20T15:06:59+08:00][sql] CONNECT:[ UseTime:0.024223s ] mysql:host=124.71.218.160;port=3306;dbname=www_akali_ltd;charset=utf8
[2021-12-20T15:06:59+08:00][sql] SHOW FULL COLUMNS FROM `product` [ RunTime:0.016739s ]
[2021-12-20T15:06:59+08:00][sql] SELECT `id` FROM `product` WHERE  `name` = '苹果12'  AND `id` <> 14 LIMIT 1 [ RunTime:0.015838s ]
[2021-12-20T15:06:59+08:00][sql] INSERT INTO `product` SET `product_category_id` = 1 , `name` = '苹果12' , `image` = '寒蝉鸣泣之时 7月一号.png' , `market_price` = '3800' , `shop_price` = '3699' , `stock` = 4561 , `is_hot` = 1 , `spec_type` = 0 , `create_time` = 1639984018 , `update_time` = 1639984018 [ RunTime:0.015911s ]
[2021-12-20T15:06:59+08:00][sql] SHOW FULL COLUMNS FROM `product_specs` [ RunTime:0.018076s ]
[2021-12-20T15:06:59+08:00][sql] REPLACE INTO `product_specs` SET `product_id` = 15 , `specs_value_id` = '1,2,4,7' , `price` = '22' , `stock` = 12 , `create_time` = 1639984018 , `update_time` = 1639984018 [ RunTime:0.017075s ]
[2021-12-20T15:06:59+08:00][sql] REPLACE INTO `product_specs` SET `product_id` = 15 , `specs_value_id` = '2,7,3' , `price` = '32' , `stock` = 3 , `create_time` = 1639984018 , `update_time` = 1639984018 [ RunTime:0.015830s ]
[2021-12-20T15:06:59+08:00][sql] UPDATE `product`  SET `stock` = 15 , `update_time` = 1639984018  WHERE (  `id` = 15 ) AND `product`.`delete_time` IS NULL [ RunTime:0.016652s ]
[2021-12-20T15:11:55+08:00][sql] CONNECT:[ UseTime:0.015529s ] mysql:host=124.71.218.160;port=3306;dbname=www_akali_ltd;charset=utf8
[2021-12-20T15:11:55+08:00][sql] SHOW FULL COLUMNS FROM `product` [ RunTime:0.010845s ]
[2021-12-20T15:11:55+08:00][sql] SELECT `id` FROM `product` WHERE  `name` = '苹果12'  AND `id` <> 14 LIMIT 1 [ RunTime:0.010030s ]
[2021-12-20T15:11:55+08:00][error] [300][D:\Web\www.ruiwen.com\app\common\middleware\CheckParams.php:62]
[2021-12-20T15:13:25+08:00][sql] CONNECT:[ UseTime:0.016290s ] mysql:host=124.71.218.160;port=3306;dbname=www_akali_ltd;charset=utf8
[2021-12-20T15:13:25+08:00][sql] SHOW FULL COLUMNS FROM `product` [ RunTime:0.010783s ]
[2021-12-20T15:13:25+08:00][sql] SELECT `id` FROM `product` WHERE  `name` = '苹果12'  AND `id` <> 14 LIMIT 1 [ RunTime:0.009469s ]
[2021-12-20T15:13:25+08:00][sql] SELECT * FROM `product` WHERE (  `id` = 14 ) AND `product`.`delete_time` IS NULL LIMIT 1 [ RunTime:0.022877s ]
[2021-12-20T15:13:25+08:00][sql] UPDATE `product`  SET `stock` = 4561 , `spec_type` = 0 , `update_time` = 1639984404  WHERE (  `id` = 14 ) AND `product`.`delete_time` IS NULL [ RunTime:0.021921s ]
[2021-12-20T15:13:25+08:00][sql] SHOW FULL COLUMNS FROM `product_specs` [ RunTime:0.012991s ]
[2021-12-20T15:13:25+08:00][sql] DELETE FROM `product_specs` WHERE  `product_id` = 14 [ RunTime:0.009940s ]
[2021-12-20T15:13:25+08:00][sql] REPLACE INTO `product_specs` SET `product_id` = 14 , `specs_value_id` = '1,2,4,7' , `price` = '22' , `stock` = 12 , `create_time` = 1639984404 , `update_time` = 1639984404 [ RunTime:0.013051s ]
[2021-12-20T15:13:25+08:00][sql] REPLACE INTO `product_specs` SET `product_id` = 14 , `specs_value_id` = '2,7,3' , `price` = '32' , `stock` = 3 , `create_time` = 1639984405 , `update_time` = 1639984405 [ RunTime:0.010354s ]
[2021-12-20T15:13:25+08:00][sql] UPDATE `product`  SET `stock` = 15 , `update_time` = 1639984405  WHERE (  `id` = 14 ) AND `product`.`delete_time` IS NULL [ RunTime:0.009791s ]
[2021-12-20T15:14:46+08:00][sql] CONNECT:[ UseTime:0.023639s ] mysql:host=124.71.218.160;port=3306;dbname=www_akali_ltd;charset=utf8
[2021-12-20T15:14:46+08:00][sql] SHOW FULL COLUMNS FROM `product` [ RunTime:0.016521s ]
[2021-12-20T15:14:46+08:00][sql] SELECT `id` FROM `product` WHERE  `name` = '苹果12' LIMIT 1 [ RunTime:0.015495s ]
[2021-12-20T15:14:46+08:00][error] [300][D:\Web\www.ruiwen.com\app\common\middleware\CheckParams.php:62]
[2021-12-20T16:24:00+08:00][error] [0]Call to a member function set() on null[D:\Web\www.ruiwen.com\vendor\topthink\framework\src\think\Request.php:1934]
[2021-12-20T16:24:24+08:00][error] [0]Call to a member function set() on null[D:\Web\www.ruiwen.com\vendor\topthink\framework\src\think\Request.php:1934]
[2021-12-20T16:43:23+08:00][sql] CONNECT:[ UseTime:0.023814s ] mysql:host=124.71.218.160;port=3306;dbname=www_akali_ltd;charset=utf8
[2021-12-20T16:43:23+08:00][sql] SHOW FULL COLUMNS FROM `product` [ RunTime:0.016495s ]
[2021-12-20T16:43:23+08:00][sql] SELECT `id` FROM `product` WHERE  `name` = '苹果12'  AND `id` <> 14 LIMIT 1 [ RunTime:0.016170s ]
[2021-12-20T16:43:23+08:00][error] [400][D:\Web\www.ruiwen.com\app\admin\controller\Product.php:37]
[2021-12-20T16:43:29+08:00][sql] CONNECT:[ UseTime:0.021980s ] mysql:host=124.71.218.160;port=3306;dbname=www_akali_ltd;charset=utf8
[2021-12-20T16:43:29+08:00][sql] SHOW FULL COLUMNS FROM `product` [ RunTime:0.015472s ]
[2021-12-20T16:43:29+08:00][sql] SELECT `id` FROM `product` WHERE  `name` = '苹果12'  AND `id` <> 14 LIMIT 1 [ RunTime:0.014598s ]
[2021-12-20T16:43:29+08:00][error] [400][D:\Web\www.ruiwen.com\app\admin\controller\Product.php:35]
[2021-12-20T16:43:48+08:00][sql] CONNECT:[ UseTime:0.033557s ] mysql:host=124.71.218.160;port=3306;dbname=www_akali_ltd;charset=utf8
[2021-12-20T16:43:48+08:00][sql] SHOW FULL COLUMNS FROM `product` [ RunTime:0.023066s ]
[2021-12-20T16:43:48+08:00][sql] SELECT `id` FROM `product` WHERE  `name` = '苹果12'  AND `id` <> 14 LIMIT 1 [ RunTime:0.020106s ]
[2021-12-20T16:43:48+08:00][error] [400][D:\Web\www.ruiwen.com\app\admin\controller\Product.php:35]
[2021-12-20T16:44:00+08:00][sql] CONNECT:[ UseTime:0.031526s ] mysql:host=124.71.218.160;port=3306;dbname=www_akali_ltd;charset=utf8
[2021-12-20T16:44:00+08:00][sql] SHOW FULL COLUMNS FROM `product` [ RunTime:0.026469s ]
[2021-12-20T16:44:00+08:00][sql] SELECT `id` FROM `product` WHERE  `name` = '苹果12'  AND `id` <> 14 LIMIT 1 [ RunTime:0.022781s ]
[2021-12-20T16:44:00+08:00][error] [400][D:\Web\www.ruiwen.com\app\admin\controller\Product.php:37]
[2021-12-20T16:50:57+08:00][sql] CONNECT:[ UseTime:0.039519s ] mysql:host=124.71.218.160;port=3306;dbname=www_akali_ltd;charset=utf8
[2021-12-20T16:50:57+08:00][sql] SHOW FULL COLUMNS FROM `product` [ RunTime:0.016452s ]
[2021-12-20T16:50:57+08:00][sql] SELECT `id` FROM `product` WHERE  `name` = '苹果12'  AND `id` <> 14 LIMIT 1 [ RunTime:0.015094s ]
[2021-12-20T16:55:36+08:00][sql] CONNECT:[ UseTime:0.033182s ] mysql:host=124.71.218.160;port=3306;dbname=www_akali_ltd;charset=utf8
[2021-12-20T16:55:36+08:00][sql] SHOW FULL COLUMNS FROM `product` [ RunTime:0.026730s ]
[2021-12-20T16:55:36+08:00][sql] SELECT `id` FROM `product` WHERE  `name` = '苹果12'  AND `id` <> 14 LIMIT 1 [ RunTime:0.020777s ]
[2021-12-20T16:55:36+08:00][error] [400][D:\Web\www.ruiwen.com\app\admin\controller\Product.php:26]
[2021-12-20T16:56:05+08:00][sql] CONNECT:[ UseTime:0.023702s ] mysql:host=124.71.218.160;port=3306;dbname=www_akali_ltd;charset=utf8
[2021-12-20T16:56:05+08:00][sql] SHOW FULL COLUMNS FROM `product` [ RunTime:0.016301s ]
[2021-12-20T16:56:05+08:00][sql] SELECT `id` FROM `product` WHERE  `name` = '苹果12'  AND `id` <> 14 LIMIT 1 [ RunTime:0.016582s ]
[2021-12-20T16:56:21+08:00][sql] CONNECT:[ UseTime:0.024097s ] mysql:host=124.71.218.160;port=3306;dbname=www_akali_ltd;charset=utf8
[2021-12-20T16:56:21+08:00][sql] SHOW FULL COLUMNS FROM `product` [ RunTime:0.010160s ]
[2021-12-20T16:56:21+08:00][sql] SELECT `id` FROM `product` WHERE  `name` = '苹果12'  AND `id` <> 14 LIMIT 1 [ RunTime:0.009709s ]
[2021-12-20T16:56:21+08:00][sql] SELECT * FROM `product` WHERE (  `id` = 14 ) AND `product`.`delete_time` IS NULL LIMIT 1 [ RunTime:0.010404s ]
[2021-12-20T16:56:21+08:00][sql] UPDATE `product`  SET `stock` = 4561 , `spec_type` = 0 , `update_time` = 1639990581  WHERE (  `id` = 14 ) AND `product`.`delete_time` IS NULL [ RunTime:0.009762s ]
[2021-12-20T16:56:21+08:00][sql] SHOW FULL COLUMNS FROM `product_specs` [ RunTime:0.010679s ]
[2021-12-20T16:56:21+08:00][sql] DELETE FROM `product_specs` WHERE  `product_id` = 14 [ RunTime:0.009466s ]
[2021-12-20T16:56:21+08:00][sql] REPLACE INTO `product_specs` SET `product_id` = 14 , `specs_value_id` = '1,2,4,7' , `price` = '22' , `stock` = 12 , `create_time` = 1639990581 , `update_time` = 1639990581 [ RunTime:0.009574s ]
[2021-12-20T16:56:21+08:00][sql] REPLACE INTO `product_specs` SET `product_id` = 14 , `specs_value_id` = '2,7,3' , `price` = '32' , `stock` = 3 , `create_time` = 1639990581 , `update_time` = 1639990581 [ RunTime:0.010277s ]
[2021-12-20T16:56:21+08:00][sql] UPDATE `product`  SET `stock` = 15 , `update_time` = 1639990581  WHERE (  `id` = 14 ) AND `product`.`delete_time` IS NULL [ RunTime:0.009558s ]
[2021-12-20T16:57:10+08:00][sql] CONNECT:[ UseTime:0.038143s ] mysql:host=124.71.218.160;port=3306;dbname=www_akali_ltd;charset=utf8
[2021-12-20T16:57:10+08:00][sql] SHOW FULL COLUMNS FROM `product` [ RunTime:0.010491s ]
[2021-12-20T16:57:10+08:00][sql] SELECT `id` FROM `product` WHERE  `name` = '苹果12'  AND `id` <> 14 LIMIT 1 [ RunTime:0.009574s ]
[2021-12-20T16:57:10+08:00][sql] SELECT * FROM `product` WHERE (  `id` = 14 ) AND `product`.`delete_time` IS NULL LIMIT 1 [ RunTime:0.010059s ]
[2021-12-20T16:57:10+08:00][sql] UPDATE `product`  SET `stock` = 4561 , `spec_type` = 0 , `update_time` = 1639990630  WHERE (  `id` = 14 ) AND `product`.`delete_time` IS NULL [ RunTime:0.010185s ]
[2021-12-20T16:57:10+08:00][sql] SHOW FULL COLUMNS FROM `product_specs` [ RunTime:0.010412s ]
[2021-12-20T16:57:10+08:00][sql] DELETE FROM `product_specs` WHERE  `product_id` = 14 [ RunTime:0.009461s ]
[2021-12-20T16:57:10+08:00][sql] REPLACE INTO `product_specs` SET `product_id` = 14 , `specs_value_id` = '1,2,4,7' , `price` = '22' , `stock` = 12 , `create_time` = 1639990630 , `update_time` = 1639990630 [ RunTime:0.009916s ]
[2021-12-20T16:57:10+08:00][sql] REPLACE INTO `product_specs` SET `product_id` = 14 , `specs_value_id` = '2,7,3' , `price` = '32' , `stock` = 3 , `create_time` = 1639990630 , `update_time` = 1639990630 [ RunTime:0.010137s ]
[2021-12-20T16:57:10+08:00][sql] UPDATE `product`  SET `stock` = 15 , `update_time` = 1639990630  WHERE (  `id` = 14 ) AND `product`.`delete_time` IS NULL [ RunTime:0.009878s ]
[2021-12-20T16:57:27+08:00][sql] CONNECT:[ UseTime:0.032045s ] mysql:host=124.71.218.160;port=3306;dbname=www_akali_ltd;charset=utf8
[2021-12-20T16:57:27+08:00][sql] SHOW FULL COLUMNS FROM `product` [ RunTime:0.020576s ]
[2021-12-20T16:57:27+08:00][sql] SELECT `id` FROM `product` WHERE  `name` = '苹果12'  AND `id` <> 14 LIMIT 1 [ RunTime:0.020175s ]
[2021-12-20T16:57:27+08:00][sql] SELECT * FROM `product` WHERE (  `id` = 14 ) AND `product`.`delete_time` IS NULL LIMIT 1 [ RunTime:0.026394s ]
[2021-12-20T16:57:27+08:00][sql] UPDATE `product`  SET `stock` = 4561 , `spec_type` = 0 , `update_time` = 1639990647  WHERE (  `id` = 14 ) AND `product`.`delete_time` IS NULL [ RunTime:0.032726s ]
[2021-12-20T16:57:27+08:00][sql] SHOW FULL COLUMNS FROM `product_specs` [ RunTime:0.020968s ]
[2021-12-20T16:57:27+08:00][sql] DELETE FROM `product_specs` WHERE  `product_id` = 14 [ RunTime:0.022291s ]
[2021-12-20T16:57:27+08:00][sql] REPLACE INTO `product_specs` SET `product_id` = 14 , `specs_value_id` = '1,2,4,7' , `price` = '22' , `stock` = 12 , `create_time` = 1639990647 , `update_time` = 1639990647 [ RunTime:0.022544s ]
[2021-12-20T16:57:27+08:00][sql] REPLACE INTO `product_specs` SET `product_id` = 14 , `specs_value_id` = '2,7,3' , `price` = '32' , `stock` = 3 , `create_time` = 1639990647 , `update_time` = 1639990647 [ RunTime:0.022516s ]
[2021-12-20T16:57:27+08:00][sql] UPDATE `product`  SET `stock` = 15 , `update_time` = 1639990647  WHERE (  `id` = 14 ) AND `product`.`delete_time` IS NULL [ RunTime:0.021974s ]
[2021-12-20T17:04:07+08:00][sql] CONNECT:[ UseTime:0.014714s ] mysql:host=124.71.218.160;port=3306;dbname=www_akali_ltd;charset=utf8
[2021-12-20T17:04:07+08:00][sql] SHOW FULL COLUMNS FROM `product` [ RunTime:0.010409s ]
[2021-12-20T17:04:07+08:00][sql] SELECT `id` FROM `product` WHERE  `name` = '苹果12'  AND `id` <> 14 LIMIT 1 [ RunTime:0.009502s ]
[2021-12-20T17:04:07+08:00][sql] SELECT * FROM `product` WHERE (  `id` = 14 ) AND `product`.`delete_time` IS NULL LIMIT 1 [ RunTime:0.010328s ]
[2021-12-20T17:04:07+08:00][sql] UPDATE `product`  SET `stock` = 4561 , `spec_type` = 0 , `update_time` = 1639991047  WHERE (  `id` = 14 ) AND `product`.`delete_time` IS NULL [ RunTime:0.009680s ]
[2021-12-20T17:04:07+08:00][sql] SHOW FULL COLUMNS FROM `product_specs` [ RunTime:0.010273s ]
[2021-12-20T17:04:07+08:00][sql] DELETE FROM `product_specs` WHERE  `product_id` = 14 [ RunTime:0.009686s ]
[2021-12-20T17:04:07+08:00][sql] REPLACE INTO `product_specs` SET `product_id` = 14 , `specs_value_id` = '1,2,4,7' , `price` = '22' , `stock` = 12 , `create_time` = 1639991047 , `update_time` = 1639991047 [ RunTime:0.010049s ]
[2021-12-20T17:04:07+08:00][sql] REPLACE INTO `product_specs` SET `product_id` = 14 , `specs_value_id` = '2,7,3' , `price` = '32' , `stock` = 3 , `create_time` = 1639991047 , `update_time` = 1639991047 [ RunTime:0.009625s ]
[2021-12-20T17:04:07+08:00][sql] UPDATE `product`  SET `stock` = 15 , `update_time` = 1639991047  WHERE (  `id` = 14 ) AND `product`.`delete_time` IS NULL [ RunTime:0.009713s ]
[2021-12-20T17:05:19+08:00][sql] CONNECT:[ UseTime:0.025064s ] mysql:host=124.71.218.160;port=3306;dbname=www_akali_ltd;charset=utf8
[2021-12-20T17:05:19+08:00][sql] SHOW FULL COLUMNS FROM `product` [ RunTime:0.017643s ]
[2021-12-20T17:05:19+08:00][sql] SELECT `id` FROM `product` WHERE  `name` = '苹果12'  AND `id` <> 14 LIMIT 1 [ RunTime:0.017360s ]
[2021-12-20T17:05:19+08:00][sql] SELECT * FROM `product` WHERE (  `id` = 14 ) AND `product`.`delete_time` IS NULL LIMIT 1 [ RunTime:0.017234s ]
[2021-12-20T17:05:19+08:00][sql] UPDATE `product`  SET `stock` = 4561 , `spec_type` = 0 , `update_time` = 1639991119  WHERE (  `id` = 14 ) AND `product`.`delete_time` IS NULL [ RunTime:0.016511s ]
[2021-12-20T17:05:19+08:00][sql] SHOW FULL COLUMNS FROM `product_specs` [ RunTime:0.018119s ]
[2021-12-20T17:05:19+08:00][sql] DELETE FROM `product_specs` WHERE  `product_id` = 14 [ RunTime:0.018174s ]
[2021-12-20T17:05:19+08:00][sql] REPLACE INTO `product_specs` SET `product_id` = 14 , `specs_value_id` = '1,2,4,7' , `price` = '22' , `stock` = 12 , `create_time` = 1639991119 , `update_time` = 1639991119 [ RunTime:0.017158s ]
[2021-12-20T17:05:19+08:00][sql] REPLACE INTO `product_specs` SET `product_id` = 14 , `specs_value_id` = '2,7,3' , `price` = '32' , `stock` = 3 , `create_time` = 1639991119 , `update_time` = 1639991119 [ RunTime:0.017284s ]
[2021-12-20T17:05:19+08:00][sql] UPDATE `product`  SET `stock` = 15 , `update_time` = 1639991119  WHERE (  `id` = 14 ) AND `product`.`delete_time` IS NULL [ RunTime:0.016892s ]
[2021-12-20T17:08:14+08:00][sql] CONNECT:[ UseTime:0.043110s ] mysql:host=124.71.218.160;port=3306;dbname=www_akali_ltd;charset=utf8
[2021-12-20T17:08:14+08:00][sql] SHOW FULL COLUMNS FROM `product` [ RunTime:0.020689s ]
[2021-12-20T17:08:14+08:00][sql] SELECT `id` FROM `product` WHERE  `name` = '苹果12'  AND `id` <> 14 LIMIT 1 [ RunTime:0.018404s ]
[2021-12-20T17:08:14+08:00][sql] SELECT * FROM `product` WHERE (  `id` = 14 ) AND `product`.`delete_time` IS NULL LIMIT 1 [ RunTime:0.020614s ]
[2021-12-20T17:08:14+08:00][sql] UPDATE `product`  SET `stock` = 4561 , `spec_type` = 0 , `update_time` = 1639991294  WHERE (  `id` = 14 ) AND `product`.`delete_time` IS NULL [ RunTime:0.018070s ]
[2021-12-20T17:08:14+08:00][sql] SHOW FULL COLUMNS FROM `product_specs` [ RunTime:0.019252s ]
[2021-12-20T17:08:14+08:00][sql] DELETE FROM `product_specs` WHERE  `product_id` = 14 [ RunTime:0.020376s ]
[2021-12-20T17:08:14+08:00][sql] REPLACE INTO `product_specs` SET `product_id` = 14 , `specs_value_id` = '1,2,4,7' , `price` = '22' , `stock` = 12 , `create_time` = 1639991294 , `update_time` = 1639991294 [ RunTime:0.017816s ]
[2021-12-20T17:08:14+08:00][sql] REPLACE INTO `product_specs` SET `product_id` = 14 , `specs_value_id` = '2,7,3' , `price` = '32' , `stock` = 3 , `create_time` = 1639991294 , `update_time` = 1639991294 [ RunTime:0.018136s ]
[2021-12-20T17:08:14+08:00][sql] UPDATE `product`  SET `stock` = 15 , `update_time` = 1639991294  WHERE (  `id` = 14 ) AND `product`.`delete_time` IS NULL [ RunTime:0.021884s ]
[2021-12-20T17:15:21+08:00][sql] CONNECT:[ UseTime:0.026183s ] mysql:host=124.71.218.160;port=3306;dbname=www_akali_ltd;charset=utf8
[2021-12-20T17:15:21+08:00][sql] SHOW FULL COLUMNS FROM `product` [ RunTime:0.016823s ]
[2021-12-20T17:15:21+08:00][sql] SELECT `id` FROM `product` WHERE  `name` = '苹果12'  AND `id` <> 14 LIMIT 1 [ RunTime:0.016128s ]
[2021-12-20T17:15:21+08:00][sql] SELECT * FROM `product` WHERE (  `id` = 14 ) AND `product`.`delete_time` IS NULL LIMIT 1 [ RunTime:0.018666s ]
[2021-12-20T17:15:21+08:00][sql] UPDATE `product`  SET `stock` = 4561 , `spec_type` = 0 , `update_time` = 1639991721  WHERE (  `id` = 14 ) AND `product`.`delete_time` IS NULL [ RunTime:0.016508s ]
[2021-12-20T17:15:21+08:00][sql] SHOW FULL COLUMNS FROM `product_specs` [ RunTime:0.019603s ]
[2021-12-20T17:15:21+08:00][sql] DELETE FROM `product_specs` WHERE  `product_id` = 14 [ RunTime:0.018725s ]
[2021-12-20T17:15:21+08:00][sql] REPLACE INTO `product_specs` SET `product_id` = 14 , `specs_value_id` = '1,2,4,7' , `price` = '22' , `stock` = 12 , `create_time` = 1639991721 , `update_time` = 1639991721 [ RunTime:0.016007s ]
[2021-12-20T17:15:21+08:00][sql] REPLACE INTO `product_specs` SET `product_id` = 14 , `specs_value_id` = '2,7,3' , `price` = '32' , `stock` = 3 , `create_time` = 1639991721 , `update_time` = 1639991721 [ RunTime:0.016032s ]
[2021-12-20T17:15:21+08:00][sql] UPDATE `product`  SET `stock` = 15 , `update_time` = 1639991721  WHERE (  `id` = 14 ) AND `product`.`delete_time` IS NULL [ RunTime:0.015885s ]
[2021-12-20T17:15:30+08:00][sql] CONNECT:[ UseTime:0.034657s ] mysql:host=124.71.218.160;port=3306;dbname=www_akali_ltd;charset=utf8
[2021-12-20T17:15:30+08:00][sql] SHOW FULL COLUMNS FROM `product` [ RunTime:0.027916s ]
[2021-12-20T17:15:30+08:00][sql] SELECT `id` FROM `product` WHERE  `name` = '苹果12'  AND `id` <> 14 LIMIT 1 [ RunTime:0.023822s ]
[2021-12-20T17:15:30+08:00][sql] SELECT * FROM `product` WHERE (  `id` = 14 ) AND `product`.`delete_time` IS NULL LIMIT 1 [ RunTime:0.027909s ]
[2021-12-20T17:15:30+08:00][sql] UPDATE `product`  SET `stock` = 4561 , `spec_type` = 0 , `update_time` = 1639991730  WHERE (  `id` = 14 ) AND `product`.`delete_time` IS NULL [ RunTime:0.024653s ]
[2021-12-20T17:15:30+08:00][sql] SHOW FULL COLUMNS FROM `product_specs` [ RunTime:0.025675s ]
[2021-12-20T17:15:30+08:00][sql] DELETE FROM `product_specs` WHERE  `product_id` = 14 [ RunTime:0.024522s ]
[2021-12-20T17:15:30+08:00][sql] REPLACE INTO `product_specs` SET `product_id` = 14 , `specs_value_id` = '1,2,4,7' , `price` = '22' , `stock` = 12 , `create_time` = 1639991730 , `update_time` = 1639991730 [ RunTime:0.022023s ]
[2021-12-20T17:15:30+08:00][sql] REPLACE INTO `product_specs` SET `product_id` = 14 , `specs_value_id` = '2,7,3' , `price` = '32' , `stock` = 3 , `create_time` = 1639991730 , `update_time` = 1639991730 [ RunTime:0.022536s ]
[2021-12-20T17:15:30+08:00][sql] UPDATE `product`  SET `stock` = 15 , `update_time` = 1639991730  WHERE (  `id` = 14 ) AND `product`.`delete_time` IS NULL [ RunTime:0.026195s ]
[2021-12-20T17:16:20+08:00][sql] CONNECT:[ UseTime:0.025857s ] mysql:host=124.71.218.160;port=3306;dbname=www_akali_ltd;charset=utf8
[2021-12-20T17:16:20+08:00][sql] SHOW FULL COLUMNS FROM `product` [ RunTime:0.016534s ]
[2021-12-20T17:16:20+08:00][sql] SELECT `id` FROM `product` WHERE  `name` = '苹果12'  AND `id` <> 14 LIMIT 1 [ RunTime:0.022795s ]
[2021-12-20T17:16:45+08:00][sql] CONNECT:[ UseTime:0.037817s ] mysql:host=124.71.218.160;port=3306;dbname=www_akali_ltd;charset=utf8
[2021-12-20T17:16:45+08:00][sql] SHOW FULL COLUMNS FROM `product` [ RunTime:0.023741s ]
[2021-12-20T17:16:45+08:00][sql] SELECT `id` FROM `product` WHERE  `name` = '苹果12'  AND `id` <> 14 LIMIT 1 [ RunTime:0.021964s ]
[2021-12-20T17:17:04+08:00][sql] CONNECT:[ UseTime:0.023143s ] mysql:host=124.71.218.160;port=3306;dbname=www_akali_ltd;charset=utf8
[2021-12-20T17:17:04+08:00][sql] SHOW FULL COLUMNS FROM `product` [ RunTime:0.016530s ]
[2021-12-20T17:17:04+08:00][sql] SELECT `id` FROM `product` WHERE  `name` = '苹果12'  AND `id` <> 14 LIMIT 1 [ RunTime:0.015316s ]
[2021-12-20T17:20:13+08:00][error] [400][D:\Web\www.ruiwen.com\app\common\middleware\Token.php:20]
[2021-12-20T17:21:45+08:00][sql] CONNECT:[ UseTime:0.035451s ] mysql:host=124.71.218.160;port=3306;dbname=www_akali_ltd;charset=utf8
[2021-12-20T17:21:45+08:00][sql] SHOW FULL COLUMNS FROM `product` [ RunTime:0.019467s ]
[2021-12-20T17:21:45+08:00][sql] SELECT `id` FROM `product` WHERE  `name` = '苹果12'  AND `id` <> 14 LIMIT 1 [ RunTime:0.015119s ]
[2021-12-20T17:22:26+08:00][sql] CONNECT:[ UseTime:0.025444s ] mysql:host=124.71.218.160;port=3306;dbname=www_akali_ltd;charset=utf8
[2021-12-20T17:22:26+08:00][sql] SHOW FULL COLUMNS FROM `product` [ RunTime:0.017508s ]
[2021-12-20T17:22:26+08:00][sql] SELECT `id` FROM `product` WHERE  `name` = '苹果12'  AND `id` <> 14 LIMIT 1 [ RunTime:0.016455s ]
[2021-12-20T17:22:26+08:00][sql] SELECT * FROM `product` WHERE (  `id` = 14 ) AND `product`.`delete_time` IS NULL LIMIT 1 [ RunTime:0.017069s ]
[2021-12-20T17:22:26+08:00][sql] UPDATE `product`  SET `stock` = 4561 , `spec_type` = 0 , `update_time` = 1639992146  WHERE (  `id` = 14 ) AND `product`.`delete_time` IS NULL [ RunTime:0.016924s ]
[2021-12-20T17:22:26+08:00][sql] SHOW FULL COLUMNS FROM `product_specs` [ RunTime:0.019881s ]
[2021-12-20T17:22:26+08:00][sql] DELETE FROM `product_specs` WHERE  `product_id` = 14 [ RunTime:0.016938s ]
[2021-12-20T17:22:26+08:00][sql] REPLACE INTO `product_specs` SET `product_id` = 14 , `specs_value_id` = '1,2,4,7' , `price` = '22' , `stock` = 12 , `create_time` = 1639992146 , `update_time` = 1639992146 [ RunTime:0.016860s ]
[2021-12-20T17:22:26+08:00][sql] REPLACE INTO `product_specs` SET `product_id` = 14 , `specs_value_id` = '2,7,3' , `price` = '32' , `stock` = 3 , `create_time` = 1639992146 , `update_time` = 1639992146 [ RunTime:0.016819s ]
[2021-12-20T17:22:26+08:00][sql] UPDATE `product`  SET `stock` = 15 , `update_time` = 1639992146  WHERE (  `id` = 14 ) AND `product`.`delete_time` IS NULL [ RunTime:0.016912s ]
[2021-12-20T17:24:42+08:00][error] [400][D:\Web\www.ruiwen.com\app\common\middleware\Token.php:20]
[2021-12-20T17:36:46+08:00][sql] CONNECT:[ UseTime:0.025879s ] mysql:host=124.71.218.160;port=3306;dbname=www_akali_ltd;charset=utf8
[2021-12-20T17:36:46+08:00][sql] SHOW FULL COLUMNS FROM `product` [ RunTime:0.017792s ]
[2021-12-20T17:36:46+08:00][sql] SELECT `id` FROM `product` WHERE  `name` = '苹果12'  AND `id` <> 14 LIMIT 1 [ RunTime:0.019314s ]
[2021-12-20T17:36:46+08:00][sql] SELECT * FROM `product` WHERE (  `id` = 14 ) AND `product`.`delete_time` IS NULL LIMIT 1 [ RunTime:0.017623s ]
[2021-12-20T17:36:46+08:00][sql] UPDATE `product`  SET `stock` = 4561 , `spec_type` = 0 , `update_time` = 1639993006  WHERE (  `id` = 14 ) AND `product`.`delete_time` IS NULL [ RunTime:0.019741s ]
[2021-12-20T17:36:46+08:00][sql] SHOW FULL COLUMNS FROM `product_specs` [ RunTime:0.017769s ]
[2021-12-20T17:36:46+08:00][sql] DELETE FROM `product_specs` WHERE  `product_id` = 14 [ RunTime:0.018178s ]
[2021-12-20T17:36:46+08:00][sql] REPLACE INTO `product_specs` SET `product_id` = 14 , `specs_value_id` = '1,2,4,7' , `price` = '22' , `stock` = 12 , `create_time` = 1639993006 , `update_time` = 1639993006 [ RunTime:0.017133s ]
[2021-12-20T17:36:46+08:00][sql] REPLACE INTO `product_specs` SET `product_id` = 14 , `specs_value_id` = '2,7,3' , `price` = '32' , `stock` = 3 , `create_time` = 1639993006 , `update_time` = 1639993006 [ RunTime:0.016991s ]
[2021-12-20T17:36:46+08:00][sql] UPDATE `product`  SET `stock` = 15 , `update_time` = 1639993006  WHERE (  `id` = 14 ) AND `product`.`delete_time` IS NULL [ RunTime:0.017387s ]
