[2021-12-23T09:06:35+08:00][sql] CONNECT:[ UseTime:0.025825s ] mysql:host=124.71.218.160;port=3306;dbname=www_akali_ltd;charset=utf8
[2021-12-23T09:06:35+08:00][sql] SHOW FULL COLUMNS FROM `product` [ RunTime:0.018077s ]
[2021-12-23T09:06:35+08:00][sql] SELECT `id` FROM `product` WHERE  `name` = '苹果13'  AND `id` <> 17 LIMIT 1 [ RunTime:0.016539s ]
[2021-12-23T09:06:35+08:00][sql] SHOW FULL COLUMNS FROM `product_category` [ RunTime:0.017180s ]
[2021-12-23T09:06:35+08:00][sql] SELECT * FROM `product_category` WHERE (  `id` = 1 ) AND `product_category`.`delete_time` IS NULL LIMIT 1 [ RunTime:0.016434s ]
[2021-12-23T09:06:35+08:00][sql] SHOW FULL COLUMNS FROM `product_specs_value` [ RunTime:0.016884s ]
[2021-12-23T09:06:35+08:00][sql] SELECT * FROM `product_specs_value` WHERE  `id` IN (4,12,19) [ RunTime:0.016091s ]
[2021-12-23T09:06:35+08:00][sql] SELECT * FROM `product_specs_value` WHERE  `id` IN (5,12,20) [ RunTime:0.017501s ]
[2021-12-23T09:06:35+08:00][sql] SELECT * FROM `product` WHERE (  `id` = 17 ) AND `product`.`delete_time` IS NULL LIMIT 1 [ RunTime:0.016709s ]
[2021-12-23T09:06:35+08:00][sql] UPDATE `product`  SET `stock` = 3000 , `update_time` = 1640221595  WHERE (  `id` = 17 ) AND `product`.`delete_time` IS NULL [ RunTime:0.016152s ]
[2021-12-23T09:06:35+08:00][sql] SHOW FULL COLUMNS FROM `product_specs` [ RunTime:0.016493s ]
[2021-12-23T09:06:35+08:00][error] [400][D:\Web\www.ruiwen.com\app\admin\logic\Product.php:62]
[2021-12-23T09:10:11+08:00][sql] CONNECT:[ UseTime:0.024704s ] mysql:host=124.71.218.160;port=3306;dbname=www_akali_ltd;charset=utf8
[2021-12-23T09:10:11+08:00][sql] SHOW FULL COLUMNS FROM `product` [ RunTime:0.016911s ]
[2021-12-23T09:10:11+08:00][sql] SELECT `id` FROM `product` WHERE  `name` = '苹果13'  AND `id` <> 17 LIMIT 1 [ RunTime:0.015701s ]
[2021-12-23T09:10:11+08:00][sql] SHOW FULL COLUMNS FROM `product_category` [ RunTime:0.016358s ]
[2021-12-23T09:10:11+08:00][sql] SELECT * FROM `product_category` WHERE (  `id` = 1 ) AND `product_category`.`delete_time` IS NULL LIMIT 1 [ RunTime:0.015271s ]
[2021-12-23T09:10:11+08:00][sql] SHOW FULL COLUMNS FROM `product_specs_value` [ RunTime:0.015287s ]
[2021-12-23T09:10:11+08:00][sql] SELECT * FROM `product_specs_value` WHERE  `id` IN (4,12,19) [ RunTime:0.015921s ]
[2021-12-23T09:10:11+08:00][sql] SELECT * FROM `product_specs_value` WHERE  `id` IN (5,12,20) [ RunTime:0.017904s ]
[2021-12-23T09:10:11+08:00][sql] SELECT * FROM `product` WHERE (  `id` = 17 ) AND `product`.`delete_time` IS NULL LIMIT 1 [ RunTime:0.016980s ]
[2021-12-23T09:10:11+08:00][sql] UPDATE `product`  SET `stock` = 3000 , `update_time` = 1640221811  WHERE (  `id` = 17 ) AND `product`.`delete_time` IS NULL [ RunTime:0.014253s ]
[2021-12-23T09:10:11+08:00][sql] SHOW FULL COLUMNS FROM `product_specs` [ RunTime:0.014839s ]
[2021-12-23T09:10:11+08:00][error] [400][D:\Web\www.ruiwen.com\app\admin\logic\Product.php:62]
[2021-12-23T09:15:00+08:00][sql] CONNECT:[ UseTime:0.014630s ] mysql:host=124.71.218.160;port=3306;dbname=www_akali_ltd;charset=utf8
[2021-12-23T09:15:00+08:00][sql] SHOW FULL COLUMNS FROM `product` [ RunTime:0.010436s ]
[2021-12-23T09:15:00+08:00][sql] SELECT `id` FROM `product` WHERE  `name` = '苹果13'  AND `id` <> 17 LIMIT 1 [ RunTime:0.010041s ]
[2021-12-23T09:15:00+08:00][sql] SHOW FULL COLUMNS FROM `product_category` [ RunTime:0.010591s ]
[2021-12-23T09:15:00+08:00][sql] SELECT * FROM `product_category` WHERE (  `id` = 1 ) AND `product_category`.`delete_time` IS NULL LIMIT 1 [ RunTime:0.009884s ]
[2021-12-23T09:15:00+08:00][sql] SHOW FULL COLUMNS FROM `product_specs_value` [ RunTime:0.010627s ]
[2021-12-23T09:15:00+08:00][sql] SELECT * FROM `product_specs_value` WHERE  `id` IN (4,12,19) [ RunTime:0.010264s ]
[2021-12-23T09:15:00+08:00][sql] SELECT * FROM `product_specs_value` WHERE  `id` IN (5,12,20) [ RunTime:0.010154s ]
[2021-12-23T09:15:00+08:00][sql] SELECT * FROM `product` WHERE (  `id` = 17 ) AND `product`.`delete_time` IS NULL LIMIT 1 [ RunTime:0.010354s ]
[2021-12-23T09:15:00+08:00][sql] UPDATE `product`  SET `stock` = 3000 , `update_time` = 1640222100  WHERE (  `id` = 17 ) AND `product`.`delete_time` IS NULL [ RunTime:0.009803s ]
[2021-12-23T09:15:00+08:00][sql] SHOW FULL COLUMNS FROM `product_specs` [ RunTime:0.010715s ]
[2021-12-23T09:15:00+08:00][sql] DELETE FROM `product_specs` WHERE  `product_id` = 17 [ RunTime:0.009789s ]
[2021-12-23T09:15:00+08:00][sql] REPLACE INTO `product_specs` SET `product_id` = 17 , `specs_value_id` = '4,12,19' , `price` = '6900' , `stock` = 12 , `create_time` = 1640222100 , `update_time` = 1640222100 [ RunTime:0.009611s ]
[2021-12-23T09:15:00+08:00][sql] REPLACE INTO `product_specs` SET `product_id` = 17 , `specs_value_id` = '5,12,20' , `price` = '8000' , `stock` = 3 , `create_time` = 1640222100 , `update_time` = 1640222100 [ RunTime:0.009878s ]
[2021-12-23T09:15:00+08:00][sql] UPDATE `product`  SET `stock` = 15 , `update_time` = 1640222100  WHERE (  `id` = 17 ) AND `product`.`delete_time` IS NULL [ RunTime:0.009681s ]
[2021-12-23T09:15:14+08:00][sql] CONNECT:[ UseTime:0.048805s ] mysql:host=124.71.218.160;port=3306;dbname=www_akali_ltd;charset=utf8
[2021-12-23T09:15:14+08:00][sql] SHOW FULL COLUMNS FROM `product` [ RunTime:0.023212s ]
[2021-12-23T09:15:14+08:00][sql] SELECT `id` FROM `product` WHERE  `name` = '苹果13'  AND `id` <> 17 LIMIT 1 [ RunTime:0.020522s ]
[2021-12-23T09:15:14+08:00][sql] SHOW FULL COLUMNS FROM `product_category` [ RunTime:0.022939s ]
[2021-12-23T09:15:14+08:00][sql] SELECT * FROM `product_category` WHERE (  `id` = 1 ) AND `product_category`.`delete_time` IS NULL LIMIT 1 [ RunTime:0.018604s ]
[2021-12-23T09:15:14+08:00][sql] SHOW FULL COLUMNS FROM `product_specs_value` [ RunTime:0.028580s ]
[2021-12-23T09:15:14+08:00][sql] SELECT * FROM `product_specs_value` WHERE  `id` IN (4,12,19) [ RunTime:0.041966s ]
[2021-12-23T09:15:14+08:00][sql] SELECT * FROM `product_specs_value` WHERE  `id` IN (5,12,17) [ RunTime:0.037916s ]
[2021-12-23T09:15:14+08:00][sql] SELECT * FROM `product` WHERE (  `id` = 17 ) AND `product`.`delete_time` IS NULL LIMIT 1 [ RunTime:0.020788s ]
[2021-12-23T09:15:14+08:00][sql] UPDATE `product`  SET `stock` = 3000 , `update_time` = 1640222114  WHERE (  `id` = 17 ) AND `product`.`delete_time` IS NULL [ RunTime:0.021009s ]
[2021-12-23T09:15:14+08:00][sql] SHOW FULL COLUMNS FROM `product_specs` [ RunTime:0.025723s ]
[2021-12-23T09:15:14+08:00][sql] DELETE FROM `product_specs` WHERE  `product_id` = 17 [ RunTime:0.020709s ]
[2021-12-23T09:15:14+08:00][sql] REPLACE INTO `product_specs` SET `product_id` = 17 , `specs_value_id` = '4,12,19' , `price` = '6900' , `stock` = 12 , `create_time` = 1640222114 , `update_time` = 1640222114 [ RunTime:0.018314s ]
[2021-12-23T09:15:14+08:00][sql] REPLACE INTO `product_specs` SET `product_id` = 17 , `specs_value_id` = '5,12,17' , `price` = '8000' , `stock` = 3 , `create_time` = 1640222114 , `update_time` = 1640222114 [ RunTime:0.018022s ]
[2021-12-23T09:15:14+08:00][sql] UPDATE `product`  SET `stock` = 15 , `update_time` = 1640222114  WHERE (  `id` = 17 ) AND `product`.`delete_time` IS NULL [ RunTime:0.018223s ]
[2021-12-23T09:15:34+08:00][sql] CONNECT:[ UseTime:0.026724s ] mysql:host=124.71.218.160;port=3306;dbname=www_akali_ltd;charset=utf8
[2021-12-23T09:15:34+08:00][sql] SHOW FULL COLUMNS FROM `product` [ RunTime:0.018318s ]
[2021-12-23T09:15:34+08:00][sql] SELECT `id` FROM `product` WHERE  `name` = '苹果13'  AND `id` <> 17 LIMIT 1 [ RunTime:0.026172s ]
[2021-12-23T09:15:34+08:00][sql] SHOW FULL COLUMNS FROM `product_category` [ RunTime:0.021491s ]
[2021-12-23T09:15:34+08:00][sql] SELECT * FROM `product_category` WHERE (  `id` = 1 ) AND `product_category`.`delete_time` IS NULL LIMIT 1 [ RunTime:0.017405s ]
[2021-12-23T09:15:34+08:00][sql] SHOW FULL COLUMNS FROM `product_specs_value` [ RunTime:0.020553s ]
[2021-12-23T09:15:34+08:00][sql] SELECT * FROM `product_specs_value` WHERE  `id` IN (4,12,19) [ RunTime:0.020672s ]
[2021-12-23T09:15:34+08:00][sql] SELECT * FROM `product_specs_value` WHERE  `id` IN (5,12,20) [ RunTime:0.018309s ]
[2021-12-23T09:15:34+08:00][sql] SELECT * FROM `product` WHERE (  `id` = 17 ) AND `product`.`delete_time` IS NULL LIMIT 1 [ RunTime:0.017566s ]
[2021-12-23T09:15:34+08:00][sql] UPDATE `product`  SET `stock` = 3000 , `update_time` = 1640222134  WHERE (  `id` = 17 ) AND `product`.`delete_time` IS NULL [ RunTime:0.016870s ]
[2021-12-23T09:15:34+08:00][sql] SHOW FULL COLUMNS FROM `product_specs` [ RunTime:0.017366s ]
[2021-12-23T09:15:34+08:00][sql] DELETE FROM `product_specs` WHERE  `product_id` = 17 [ RunTime:0.017031s ]
[2021-12-23T09:15:34+08:00][sql] REPLACE INTO `product_specs` SET `product_id` = 17 , `specs_value_id` = '4,12,19' , `price` = '6900' , `stock` = 12 , `create_time` = 1640222134 , `update_time` = 1640222134 [ RunTime:0.016764s ]
[2021-12-23T09:15:34+08:00][sql] REPLACE INTO `product_specs` SET `product_id` = 17 , `specs_value_id` = '5,12,20' , `price` = '8000' , `stock` = 3 , `create_time` = 1640222134 , `update_time` = 1640222134 [ RunTime:0.016921s ]
[2021-12-23T09:15:34+08:00][sql] UPDATE `product`  SET `stock` = 15 , `update_time` = 1640222134  WHERE (  `id` = 17 ) AND `product`.`delete_time` IS NULL [ RunTime:0.016677s ]
[2021-12-23T09:19:11+08:00][sql] CONNECT:[ UseTime:0.019264s ] mysql:host=124.71.218.160;port=3306;dbname=www_akali_ltd;charset=utf8
[2021-12-23T09:19:11+08:00][sql] SHOW FULL COLUMNS FROM `product` [ RunTime:0.010595s ]
[2021-12-23T09:19:11+08:00][sql] SELECT `id` FROM `product` WHERE  `name` = '苹果13'  AND `id` <> 17 LIMIT 1 [ RunTime:0.008904s ]
[2021-12-23T09:19:11+08:00][sql] SHOW FULL COLUMNS FROM `product_category` [ RunTime:0.010262s ]
[2021-12-23T09:19:11+08:00][sql] SELECT * FROM `product_category` WHERE (  `id` = 1 ) AND `product_category`.`delete_time` IS NULL LIMIT 1 [ RunTime:0.009836s ]
[2021-12-23T09:19:11+08:00][sql] SHOW FULL COLUMNS FROM `product_specs_value` [ RunTime:0.009877s ]
[2021-12-23T09:19:11+08:00][sql] SELECT * FROM `product_specs_value` WHERE  `id` IN (4,12,19) [ RunTime:0.009588s ]
[2021-12-23T09:19:11+08:00][sql] SELECT * FROM `product_specs_value` WHERE  `id` IN (5,12,20) [ RunTime:0.009254s ]
[2021-12-23T09:19:11+08:00][sql] SELECT * FROM `product` WHERE (  `id` = 17 ) AND `product`.`delete_time` IS NULL LIMIT 1 [ RunTime:0.009654s ]
[2021-12-23T09:19:11+08:00][sql] UPDATE `product`  SET `stock` = 3000 , `update_time` = 1640222351  WHERE (  `id` = 17 ) AND `product`.`delete_time` IS NULL [ RunTime:0.009481s ]
[2021-12-23T09:19:11+08:00][sql] SHOW FULL COLUMNS FROM `product_specs` [ RunTime:0.009302s ]
[2021-12-23T09:19:11+08:00][error] [400][D:\Web\www.ruiwen.com\app\admin\logic\Product.php:62]
[2021-12-23T09:19:21+08:00][sql] CONNECT:[ UseTime:0.036147s ] mysql:host=124.71.218.160;port=3306;dbname=www_akali_ltd;charset=utf8
[2021-12-23T09:19:21+08:00][sql] SHOW FULL COLUMNS FROM `product` [ RunTime:0.014890s ]
[2021-12-23T09:19:21+08:00][sql] SELECT `id` FROM `product` WHERE  `name` = '苹果13'  AND `id` <> 17 LIMIT 1 [ RunTime:0.013974s ]
[2021-12-23T09:19:21+08:00][sql] SHOW FULL COLUMNS FROM `product_category` [ RunTime:0.014792s ]
[2021-12-23T09:19:21+08:00][sql] SELECT * FROM `product_category` WHERE (  `id` = 1 ) AND `product_category`.`delete_time` IS NULL LIMIT 1 [ RunTime:0.014334s ]
[2021-12-23T09:19:21+08:00][sql] SHOW FULL COLUMNS FROM `product_specs_value` [ RunTime:0.014764s ]
[2021-12-23T09:19:21+08:00][sql] SELECT * FROM `product_specs_value` WHERE  `id` IN (4,12,19) [ RunTime:0.014828s ]
[2021-12-23T09:19:21+08:00][sql] SELECT * FROM `product_specs_value` WHERE  `id` IN (5,12,20) [ RunTime:0.014756s ]
[2021-12-23T09:19:21+08:00][sql] SELECT * FROM `product` WHERE (  `id` = 17 ) AND `product`.`delete_time` IS NULL LIMIT 1 [ RunTime:0.014426s ]
[2021-12-23T09:19:21+08:00][sql] UPDATE `product`  SET `stock` = 3000 , `update_time` = 1640222361  WHERE (  `id` = 17 ) AND `product`.`delete_time` IS NULL [ RunTime:0.014983s ]
[2021-12-23T09:19:21+08:00][sql] SHOW FULL COLUMNS FROM `product_specs` [ RunTime:0.014497s ]
[2021-12-23T09:19:21+08:00][error] [0]Too few arguments to function think\db\Query::force(), 0 passed and exactly 1 expected[D:\Web\www.ruiwen.com\vendor\topthink\think-orm\src\db\Query.php:205]
[2021-12-23T09:23:36+08:00][sql] CONNECT:[ UseTime:0.025097s ] mysql:host=124.71.218.160;port=3306;dbname=www_akali_ltd;charset=utf8
[2021-12-23T09:23:36+08:00][sql] SHOW FULL COLUMNS FROM `product` [ RunTime:0.018618s ]
[2021-12-23T09:23:36+08:00][sql] SELECT `id` FROM `product` WHERE  `name` = '苹果13'  AND `id` <> 17 LIMIT 1 [ RunTime:0.017133s ]
[2021-12-23T09:23:36+08:00][sql] SHOW FULL COLUMNS FROM `product_category` [ RunTime:0.019949s ]
[2021-12-23T09:23:36+08:00][sql] SELECT * FROM `product_category` WHERE (  `id` = 1 ) AND `product_category`.`delete_time` IS NULL LIMIT 1 [ RunTime:0.017342s ]
[2021-12-23T09:23:36+08:00][sql] SHOW FULL COLUMNS FROM `product_specs_value` [ RunTime:0.017971s ]
[2021-12-23T09:23:36+08:00][sql] SELECT * FROM `product_specs_value` WHERE  `id` IN (4,12,19) [ RunTime:0.017174s ]
[2021-12-23T09:23:36+08:00][sql] SELECT * FROM `product_specs_value` WHERE  `id` IN (5,12,20) [ RunTime:0.019020s ]
[2021-12-23T09:23:36+08:00][sql] SELECT * FROM `product` WHERE (  `id` = 17 ) AND `product`.`delete_time` IS NULL LIMIT 1 [ RunTime:0.019170s ]
[2021-12-23T09:23:36+08:00][sql] UPDATE `product`  SET `stock` = 3000 , `update_time` = 1640222615  WHERE (  `id` = 17 ) AND `product`.`delete_time` IS NULL [ RunTime:0.017188s ]
[2021-12-23T09:23:36+08:00][sql] SHOW FULL COLUMNS FROM `product_specs` [ RunTime:0.019428s ]
[2021-12-23T09:23:36+08:00][error] [400][D:\Web\www.ruiwen.com\app\admin\logic\Product.php:62]
[2021-12-23T09:23:47+08:00][sql] CONNECT:[ UseTime:0.037393s ] mysql:host=124.71.218.160;port=3306;dbname=www_akali_ltd;charset=utf8
[2021-12-23T09:23:47+08:00][sql] SHOW FULL COLUMNS FROM `product` [ RunTime:0.024045s ]
[2021-12-23T09:23:47+08:00][sql] SELECT `id` FROM `product` WHERE  `name` = '苹果13'  AND `id` <> 17 LIMIT 1 [ RunTime:0.014863s ]
[2021-12-23T09:23:47+08:00][sql] SHOW FULL COLUMNS FROM `product_category` [ RunTime:0.021884s ]
[2021-12-23T09:23:47+08:00][sql] SELECT * FROM `product_category` WHERE (  `id` = 1 ) AND `product_category`.`delete_time` IS NULL LIMIT 1 [ RunTime:0.031030s ]
[2021-12-23T09:23:47+08:00][sql] SHOW FULL COLUMNS FROM `product_specs_value` [ RunTime:0.018160s ]
[2021-12-23T09:23:47+08:00][sql] SELECT * FROM `product_specs_value` WHERE  `id` IN (4,12,19) [ RunTime:0.021422s ]
[2021-12-23T09:23:47+08:00][sql] SELECT * FROM `product_specs_value` WHERE  `id` IN (5,12,20) [ RunTime:0.014743s ]
[2021-12-23T09:23:47+08:00][sql] SELECT * FROM `product` WHERE (  `id` = 17 ) AND `product`.`delete_time` IS NULL LIMIT 1 [ RunTime:0.015213s ]
[2021-12-23T09:23:47+08:00][sql] UPDATE `product`  SET `stock` = 3000 , `update_time` = 1640222627  WHERE (  `id` = 17 ) AND `product`.`delete_time` IS NULL [ RunTime:0.022069s ]
[2021-12-23T09:23:47+08:00][sql] SHOW FULL COLUMNS FROM `product_specs` [ RunTime:0.021035s ]
[2021-12-23T09:23:47+08:00][error] [400][D:\Web\www.ruiwen.com\app\admin\logic\Product.php:62]
[2021-12-23T09:26:42+08:00][sql] CONNECT:[ UseTime:0.030177s ] mysql:host=124.71.218.160;port=3306;dbname=www_akali_ltd;charset=utf8
[2021-12-23T09:26:42+08:00][sql] SHOW FULL COLUMNS FROM `product` [ RunTime:0.025649s ]
[2021-12-23T09:26:42+08:00][sql] SELECT `id` FROM `product` WHERE  `name` = '苹果13'  AND `id` <> 17 LIMIT 1 [ RunTime:0.018670s ]
[2021-12-23T09:26:42+08:00][sql] SHOW FULL COLUMNS FROM `product_category` [ RunTime:0.024493s ]
[2021-12-23T09:26:42+08:00][sql] SELECT * FROM `product_category` WHERE (  `id` = 1 ) AND `product_category`.`delete_time` IS NULL LIMIT 1 [ RunTime:0.019822s ]
[2021-12-23T09:26:42+08:00][sql] SHOW FULL COLUMNS FROM `product_specs_value` [ RunTime:0.020004s ]
[2021-12-23T09:26:42+08:00][sql] SELECT * FROM `product_specs_value` WHERE  `id` IN (4,12,19) [ RunTime:0.023456s ]
[2021-12-23T09:26:42+08:00][sql] SELECT * FROM `product_specs_value` WHERE  `id` IN (5,12,20) [ RunTime:0.023553s ]
[2021-12-23T09:26:42+08:00][sql] SELECT * FROM `product` WHERE (  `id` = 17 ) AND `product`.`delete_time` IS NULL LIMIT 1 [ RunTime:0.021077s ]
[2021-12-23T09:26:42+08:00][sql] UPDATE `product`  SET `stock` = 3000 , `product_category_id` = 1 , `update_time` = 1640222802  WHERE (  `id` = 17 ) AND `product`.`delete_time` IS NULL [ RunTime:0.024101s ]
[2021-12-23T09:26:42+08:00][sql] SHOW FULL COLUMNS FROM `product_specs` [ RunTime:0.020207s ]
[2021-12-23T09:26:42+08:00][error] [400][D:\Web\www.ruiwen.com\app\admin\logic\Product.php:62]
[2021-12-23T09:26:52+08:00][sql] CONNECT:[ UseTime:0.025275s ] mysql:host=124.71.218.160;port=3306;dbname=www_akali_ltd;charset=utf8
[2021-12-23T09:26:52+08:00][sql] SHOW FULL COLUMNS FROM `product` [ RunTime:0.021006s ]
[2021-12-23T09:26:52+08:00][sql] SELECT `id` FROM `product` WHERE  `name` = '苹果13'  AND `id` <> 17 LIMIT 1 [ RunTime:0.017943s ]
[2021-12-23T09:26:52+08:00][sql] SHOW FULL COLUMNS FROM `product_category` [ RunTime:0.027129s ]
[2021-12-23T09:26:52+08:00][sql] SELECT * FROM `product_category` WHERE (  `id` = 1 ) AND `product_category`.`delete_time` IS NULL LIMIT 1 [ RunTime:0.020053s ]
[2021-12-23T09:26:52+08:00][sql] SHOW FULL COLUMNS FROM `product_specs_value` [ RunTime:0.021096s ]
[2021-12-23T09:26:52+08:00][sql] SELECT * FROM `product_specs_value` WHERE  `id` IN (4,12,19) [ RunTime:0.020708s ]
[2021-12-23T09:26:52+08:00][sql] SELECT * FROM `product_specs_value` WHERE  `id` IN (5,12,20) [ RunTime:0.020854s ]
[2021-12-23T09:26:52+08:00][sql] SELECT * FROM `product` WHERE (  `id` = 17 ) AND `product`.`delete_time` IS NULL LIMIT 1 [ RunTime:0.016903s ]
[2021-12-23T09:26:52+08:00][sql] UPDATE `product`  SET `stock` = 3000 , `product_category_id` = 1 , `update_time` = 1640222812  WHERE (  `id` = 17 ) AND `product`.`delete_time` IS NULL [ RunTime:0.015022s ]
[2021-12-23T09:26:52+08:00][sql] SHOW FULL COLUMNS FROM `product_specs` [ RunTime:0.016356s ]
[2021-12-23T09:26:52+08:00][error] [400][D:\Web\www.ruiwen.com\app\admin\logic\Product.php:62]
[2021-12-23T09:29:19+08:00][sql] CONNECT:[ UseTime:0.038231s ] mysql:host=124.71.218.160;port=3306;dbname=www_akali_ltd;charset=utf8
[2021-12-23T09:29:19+08:00][sql] SHOW FULL COLUMNS FROM `product` [ RunTime:0.015243s ]
[2021-12-23T09:29:19+08:00][sql] SELECT `id` FROM `product` WHERE  `name` = '苹果13'  AND `id` <> 17 LIMIT 1 [ RunTime:0.014534s ]
[2021-12-23T09:29:19+08:00][sql] SHOW FULL COLUMNS FROM `product_category` [ RunTime:0.015258s ]
[2021-12-23T09:29:19+08:00][sql] SELECT * FROM `product_category` WHERE (  `id` = 1 ) AND `product_category`.`delete_time` IS NULL LIMIT 1 [ RunTime:0.015469s ]
[2021-12-23T09:29:19+08:00][sql] SHOW FULL COLUMNS FROM `product_specs_value` [ RunTime:0.014965s ]
[2021-12-23T09:29:19+08:00][sql] SELECT * FROM `product_specs_value` WHERE  `id` IN (4,12,19) [ RunTime:0.015834s ]
[2021-12-23T09:29:19+08:00][sql] SELECT * FROM `product_specs_value` WHERE  `id` IN (5,12,20) [ RunTime:0.015028s ]
[2021-12-23T09:29:19+08:00][sql] SELECT * FROM `product` WHERE (  `id` = 17 ) AND `product`.`delete_time` IS NULL LIMIT 1 [ RunTime:0.016671s ]
[2021-12-23T09:29:19+08:00][sql] UPDATE `product`  SET `stock` = 3000 , `product_category_id` = 1 , `update_time` = 1640222959  WHERE (  `id` = 17 ) AND `product`.`delete_time` IS NULL [ RunTime:0.014378s ]
[2021-12-23T09:29:19+08:00][sql] SHOW FULL COLUMNS FROM `product_specs` [ RunTime:0.014968s ]
[2021-12-23T09:29:19+08:00][sql] SELECT * FROM `product_specs` WHERE (  `id` = 97 ) AND `product_specs`.`delete_time` IS NULL [ RunTime:0.014597s ]
[2021-12-23T09:29:19+08:00][sql] UPDATE `product_specs`  SET `delete_time` = 1640222959 , `update_time` = 1640222959  WHERE (  `id` = 97 ) AND `product_specs`.`delete_time` IS NULL [ RunTime:0.014414s ]
[2021-12-23T09:29:19+08:00][error] [400][D:\Web\www.ruiwen.com\app\admin\logic\Product.php:62]
[2021-12-23T09:34:36+08:00][sql] CONNECT:[ UseTime:0.042578s ] mysql:host=124.71.218.160;port=3306;dbname=www_akali_ltd;charset=utf8
[2021-12-23T09:34:36+08:00][sql] SHOW FULL COLUMNS FROM `product` [ RunTime:0.017391s ]
[2021-12-23T09:34:36+08:00][sql] SELECT `id` FROM `product` WHERE  `name` = '苹果13'  AND `id` <> 17 LIMIT 1 [ RunTime:0.016246s ]
[2021-12-23T09:34:36+08:00][sql] SHOW FULL COLUMNS FROM `product_category` [ RunTime:0.016916s ]
[2021-12-23T09:34:36+08:00][sql] SELECT * FROM `product_category` WHERE (  `id` = 1 ) AND `product_category`.`delete_time` IS NULL LIMIT 1 [ RunTime:0.016989s ]
[2021-12-23T09:34:36+08:00][sql] SHOW FULL COLUMNS FROM `product_specs_value` [ RunTime:0.017052s ]
[2021-12-23T09:34:36+08:00][sql] SELECT * FROM `product_specs_value` WHERE  `id` IN (4,12,19) [ RunTime:0.016982s ]
[2021-12-23T09:34:36+08:00][sql] SELECT * FROM `product_specs_value` WHERE  `id` IN (5,12,20) [ RunTime:0.016847s ]
[2021-12-23T09:34:36+08:00][sql] SELECT * FROM `product` WHERE (  `id` = 17 ) AND `product`.`delete_time` IS NULL LIMIT 1 [ RunTime:0.016380s ]
[2021-12-23T09:34:36+08:00][sql] UPDATE `product`  SET `stock` = 3000 , `product_category_id` = 1 , `update_time` = 1640223276  WHERE (  `id` = 17 ) AND `product`.`delete_time` IS NULL [ RunTime:0.015769s ]
[2021-12-23T09:34:36+08:00][sql] SHOW FULL COLUMNS FROM `product_specs` [ RunTime:0.016499s ]
[2021-12-23T09:34:36+08:00][error] [400][D:\Web\www.ruiwen.com\app\admin\logic\Product.php:61]
[2021-12-23T09:35:41+08:00][sql] CONNECT:[ UseTime:0.029501s ] mysql:host=124.71.218.160;port=3306;dbname=www_akali_ltd;charset=utf8
[2021-12-23T09:35:41+08:00][sql] SHOW FULL COLUMNS FROM `product` [ RunTime:0.014606s ]
[2021-12-23T09:35:41+08:00][sql] SELECT `id` FROM `product` WHERE  `name` = '苹果13'  AND `id` <> 17 LIMIT 1 [ RunTime:0.014392s ]
[2021-12-23T09:35:41+08:00][sql] SHOW FULL COLUMNS FROM `product_category` [ RunTime:0.014500s ]
[2021-12-23T09:35:41+08:00][sql] SELECT * FROM `product_category` WHERE (  `id` = 1 ) AND `product_category`.`delete_time` IS NULL LIMIT 1 [ RunTime:0.014259s ]
[2021-12-23T09:35:41+08:00][sql] SHOW FULL COLUMNS FROM `product_specs_value` [ RunTime:0.014204s ]
[2021-12-23T09:35:41+08:00][sql] SELECT * FROM `product_specs_value` WHERE  `id` IN (4,12,19) [ RunTime:0.013947s ]
[2021-12-23T09:35:41+08:00][sql] SELECT * FROM `product_specs_value` WHERE  `id` IN (5,12,20) [ RunTime:0.014292s ]
[2021-12-23T09:35:41+08:00][sql] SELECT * FROM `product` WHERE (  `id` = 17 ) AND `product`.`delete_time` IS NULL LIMIT 1 [ RunTime:0.014111s ]
[2021-12-23T09:35:41+08:00][sql] UPDATE `product`  SET `stock` = 3000 , `product_category_id` = 1 , `update_time` = 1640223341  WHERE (  `id` = 17 ) AND `product`.`delete_time` IS NULL [ RunTime:0.013937s ]
[2021-12-23T09:35:41+08:00][sql] SHOW FULL COLUMNS FROM `product_specs` [ RunTime:0.014603s ]
[2021-12-23T09:35:41+08:00][error] [400][D:\Web\www.ruiwen.com\app\admin\logic\Product.php:61]
[2021-12-23T09:40:30+08:00][sql] CONNECT:[ UseTime:0.016141s ] mysql:host=124.71.218.160;port=3306;dbname=www_akali_ltd;charset=utf8
[2021-12-23T09:40:30+08:00][sql] SHOW FULL COLUMNS FROM `product` [ RunTime:0.011715s ]
[2021-12-23T09:40:30+08:00][sql] SELECT `id` FROM `product` WHERE  `name` = '苹果13'  AND `id` <> 17 LIMIT 1 [ RunTime:0.011592s ]
[2021-12-23T09:40:30+08:00][sql] SHOW FULL COLUMNS FROM `product_category` [ RunTime:0.011040s ]
[2021-12-23T09:40:30+08:00][sql] SELECT * FROM `product_category` WHERE (  `id` = 1 ) AND `product_category`.`delete_time` IS NULL LIMIT 1 [ RunTime:0.010011s ]
[2021-12-23T09:40:30+08:00][sql] SHOW FULL COLUMNS FROM `product_specs_value` [ RunTime:0.010800s ]
[2021-12-23T09:40:30+08:00][sql] SELECT * FROM `product_specs_value` WHERE  `id` IN (4,12,19) [ RunTime:0.009900s ]
[2021-12-23T09:40:30+08:00][sql] SELECT * FROM `product_specs_value` WHERE  `id` IN (5,12,20) [ RunTime:0.010288s ]
[2021-12-23T09:40:30+08:00][sql] SELECT * FROM `product` WHERE (  `id` = 17 ) AND `product`.`delete_time` IS NULL LIMIT 1 [ RunTime:0.009926s ]
[2021-12-23T09:40:30+08:00][sql] UPDATE `product`  SET `stock` = 3000 , `product_category_id` = 1 , `update_time` = 1640223630  WHERE (  `id` = 17 ) AND `product`.`delete_time` IS NULL [ RunTime:0.009881s ]
[2021-12-23T09:40:30+08:00][sql] SHOW FULL COLUMNS FROM `product_specs` [ RunTime:0.010154s ]
[2021-12-23T09:40:30+08:00][error] [400][D:\Web\www.ruiwen.com\app\admin\logic\Product.php:61]
[2021-12-23T09:43:48+08:00][sql] CONNECT:[ UseTime:0.013252s ] mysql:host=124.71.218.160;port=3306;dbname=www_akali_ltd;charset=utf8
[2021-12-23T09:43:48+08:00][sql] SHOW FULL COLUMNS FROM `product` [ RunTime:0.010288s ]
[2021-12-23T09:43:48+08:00][sql] SELECT `id` FROM `product` WHERE  `name` = '苹果13'  AND `id` <> 17 LIMIT 1 [ RunTime:0.008424s ]
[2021-12-23T09:43:48+08:00][sql] SHOW FULL COLUMNS FROM `product_category` [ RunTime:0.008949s ]
[2021-12-23T09:43:48+08:00][sql] SELECT * FROM `product_category` WHERE (  `id` = 1 ) AND `product_category`.`delete_time` IS NULL LIMIT 1 [ RunTime:0.009177s ]
[2021-12-23T09:43:48+08:00][sql] SHOW FULL COLUMNS FROM `product_specs_value` [ RunTime:0.008734s ]
[2021-12-23T09:43:48+08:00][sql] SELECT * FROM `product_specs_value` WHERE  `id` IN (4,12,19) [ RunTime:0.008512s ]
[2021-12-23T09:43:48+08:00][sql] SELECT * FROM `product_specs_value` WHERE  `id` IN (5,12,20) [ RunTime:0.008509s ]
[2021-12-23T09:43:48+08:00][sql] SELECT * FROM `product` WHERE (  `id` = 17 ) AND `product`.`delete_time` IS NULL LIMIT 1 [ RunTime:0.008467s ]
[2021-12-23T09:43:48+08:00][sql] UPDATE `product`  SET `stock` = 3000 , `product_category_id` = 1 , `update_time` = 1640223828  WHERE (  `id` = 17 ) AND `product`.`delete_time` IS NULL [ RunTime:0.007983s ]
[2021-12-23T09:43:48+08:00][error] [400][D:\Web\www.ruiwen.com\app\admin\logic\Product.php:62]
[2021-12-23T09:44:03+08:00][sql] CONNECT:[ UseTime:0.035337s ] mysql:host=124.71.218.160;port=3306;dbname=www_akali_ltd;charset=utf8
[2021-12-23T09:44:03+08:00][sql] SHOW FULL COLUMNS FROM `product` [ RunTime:0.017668s ]
[2021-12-23T09:44:03+08:00][sql] SELECT `id` FROM `product` WHERE  `name` = '苹果13'  AND `id` <> 17 LIMIT 1 [ RunTime:0.017555s ]
[2021-12-23T09:44:03+08:00][sql] SHOW FULL COLUMNS FROM `product_category` [ RunTime:0.018503s ]
[2021-12-23T09:44:03+08:00][sql] SELECT * FROM `product_category` WHERE (  `id` = 1 ) AND `product_category`.`delete_time` IS NULL LIMIT 1 [ RunTime:0.019171s ]
[2021-12-23T09:44:03+08:00][sql] SHOW FULL COLUMNS FROM `product_specs_value` [ RunTime:0.019304s ]
[2021-12-23T09:44:03+08:00][sql] SELECT * FROM `product_specs_value` WHERE  `id` IN (4,12,19) [ RunTime:0.016976s ]
[2021-12-23T09:44:03+08:00][sql] SELECT * FROM `product_specs_value` WHERE  `id` IN (5,12,20) [ RunTime:0.016684s ]
[2021-12-23T09:44:03+08:00][sql] SELECT * FROM `product` WHERE (  `id` = 17 ) AND `product`.`delete_time` IS NULL LIMIT 1 [ RunTime:0.019524s ]
[2021-12-23T09:44:03+08:00][sql] UPDATE `product`  SET `stock` = 3000 , `product_category_id` = 1 , `update_time` = 1640223843  WHERE (  `id` = 17 ) AND `product`.`delete_time` IS NULL [ RunTime:0.016815s ]
[2021-12-23T09:44:03+08:00][error] [400][D:\Web\www.ruiwen.com\app\admin\logic\Product.php:62]
[2021-12-23T09:44:21+08:00][sql] CONNECT:[ UseTime:0.030882s ] mysql:host=124.71.218.160;port=3306;dbname=www_akali_ltd;charset=utf8
[2021-12-23T09:44:21+08:00][sql] SHOW FULL COLUMNS FROM `product` [ RunTime:0.015820s ]
[2021-12-23T09:44:21+08:00][sql] SELECT `id` FROM `product` WHERE  `name` = '苹果13'  AND `id` <> 17 LIMIT 1 [ RunTime:0.014381s ]
[2021-12-23T09:44:21+08:00][sql] SHOW FULL COLUMNS FROM `product_category` [ RunTime:0.015528s ]
[2021-12-23T09:44:21+08:00][sql] SELECT * FROM `product_category` WHERE (  `id` = 1 ) AND `product_category`.`delete_time` IS NULL LIMIT 1 [ RunTime:0.014729s ]
[2021-12-23T09:44:21+08:00][sql] SHOW FULL COLUMNS FROM `product_specs_value` [ RunTime:0.015080s ]
[2021-12-23T09:44:21+08:00][sql] SELECT * FROM `product_specs_value` WHERE  `id` IN (4,12,19) [ RunTime:0.014646s ]
[2021-12-23T09:44:21+08:00][sql] SELECT * FROM `product_specs_value` WHERE  `id` IN (5,12,20) [ RunTime:0.014600s ]
[2021-12-23T09:44:21+08:00][sql] SELECT * FROM `product` WHERE (  `id` = 17 ) AND `product`.`delete_time` IS NULL LIMIT 1 [ RunTime:0.016680s ]
[2021-12-23T09:44:21+08:00][sql] UPDATE `product`  SET `stock` = 3000 , `product_category_id` = 1 , `update_time` = 1640223861  WHERE (  `id` = 17 ) AND `product`.`delete_time` IS NULL [ RunTime:0.014426s ]
[2021-12-23T09:44:21+08:00][error] [400][D:\Web\www.ruiwen.com\app\admin\logic\Product.php:62]
[2021-12-23T09:45:28+08:00][sql] CONNECT:[ UseTime:0.030155s ] mysql:host=124.71.218.160;port=3306;dbname=www_akali_ltd;charset=utf8
[2021-12-23T09:45:28+08:00][sql] SHOW FULL COLUMNS FROM `product` [ RunTime:0.020885s ]
[2021-12-23T09:45:28+08:00][sql] SELECT `id` FROM `product` WHERE  `name` = '苹果13'  AND `id` <> 17 LIMIT 1 [ RunTime:0.020121s ]
[2021-12-23T09:45:28+08:00][sql] SHOW FULL COLUMNS FROM `product_category` [ RunTime:0.020860s ]
[2021-12-23T09:45:28+08:00][sql] SELECT * FROM `product_category` WHERE (  `id` = 1 ) AND `product_category`.`delete_time` IS NULL LIMIT 1 [ RunTime:0.026858s ]
[2021-12-23T09:45:28+08:00][sql] SHOW FULL COLUMNS FROM `product_specs_value` [ RunTime:0.032497s ]
[2021-12-23T09:45:28+08:00][sql] SELECT * FROM `product_specs_value` WHERE  `id` IN (4,12,19) [ RunTime:0.030468s ]
[2021-12-23T09:45:28+08:00][sql] SELECT * FROM `product_specs_value` WHERE  `id` IN (5,12,20) [ RunTime:0.020228s ]
[2021-12-23T09:45:28+08:00][sql] SELECT * FROM `product` WHERE (  `id` = 17 ) AND `product`.`delete_time` IS NULL LIMIT 1 [ RunTime:0.020854s ]
[2021-12-23T09:45:28+08:00][sql] SHOW FULL COLUMNS FROM `product_specs` [ RunTime:0.021133s ]
[2021-12-23T09:45:28+08:00][sql] SELECT * FROM `product_specs` WHERE (  `product_id` = 17 ) AND `product_specs`.`delete_time` IS NULL [ RunTime:0.022605s ]
[2021-12-23T09:45:47+08:00][sql] CONNECT:[ UseTime:0.024026s ] mysql:host=124.71.218.160;port=3306;dbname=www_akali_ltd;charset=utf8
[2021-12-23T09:45:47+08:00][sql] SHOW FULL COLUMNS FROM `product` [ RunTime:0.016529s ]
[2021-12-23T09:45:47+08:00][sql] SELECT `id` FROM `product` WHERE  `name` = '苹果13'  AND `id` <> 17 LIMIT 1 [ RunTime:0.015996s ]
[2021-12-23T09:45:47+08:00][sql] SHOW FULL COLUMNS FROM `product_category` [ RunTime:0.016598s ]
[2021-12-23T09:45:47+08:00][sql] SELECT * FROM `product_category` WHERE (  `id` = 1 ) AND `product_category`.`delete_time` IS NULL LIMIT 1 [ RunTime:0.016160s ]
[2021-12-23T09:45:47+08:00][sql] SHOW FULL COLUMNS FROM `product_specs_value` [ RunTime:0.016363s ]
[2021-12-23T09:45:47+08:00][sql] SELECT * FROM `product_specs_value` WHERE  `id` IN (4,12,19) [ RunTime:0.016021s ]
[2021-12-23T09:45:47+08:00][sql] SELECT * FROM `product_specs_value` WHERE  `id` IN (5,12,20) [ RunTime:0.016902s ]
[2021-12-23T09:45:47+08:00][sql] SELECT * FROM `product` WHERE (  `id` = 17 ) AND `product`.`delete_time` IS NULL LIMIT 1 [ RunTime:0.018315s ]
[2021-12-23T09:45:47+08:00][sql] UPDATE `product`  SET `stock` = 3000 , `product_category_id` = 1 , `update_time` = 1640223947  WHERE (  `id` = 17 ) AND `product`.`delete_time` IS NULL [ RunTime:0.015895s ]
[2021-12-23T09:45:47+08:00][error] [400][D:\Web\www.ruiwen.com\app\admin\logic\Product.php:62]
[2021-12-23T09:48:01+08:00][sql] CONNECT:[ UseTime:0.024623s ] mysql:host=124.71.218.160;port=3306;dbname=www_akali_ltd;charset=utf8
[2021-12-23T09:48:01+08:00][sql] SHOW FULL COLUMNS FROM `product` [ RunTime:0.016948s ]
[2021-12-23T09:48:01+08:00][sql] SELECT `id` FROM `product` WHERE  `name` = '苹果13'  AND `id` <> 17 LIMIT 1 [ RunTime:0.016457s ]
[2021-12-23T09:48:01+08:00][sql] SHOW FULL COLUMNS FROM `product_category` [ RunTime:0.017339s ]
[2021-12-23T09:48:01+08:00][sql] SELECT * FROM `product_category` WHERE (  `id` = 1 ) AND `product_category`.`delete_time` IS NULL LIMIT 1 [ RunTime:0.018244s ]
[2021-12-23T09:48:01+08:00][sql] SHOW FULL COLUMNS FROM `product_specs_value` [ RunTime:0.019273s ]
[2021-12-23T09:48:01+08:00][sql] SELECT * FROM `product_specs_value` WHERE  `id` IN (4,12,19) [ RunTime:0.019386s ]
[2021-12-23T09:48:01+08:00][sql] SELECT * FROM `product_specs_value` WHERE  `id` IN (5,12,20) [ RunTime:0.018421s ]
[2021-12-23T09:48:01+08:00][sql] SELECT * FROM `product` WHERE (  `id` = 17 ) AND `product`.`delete_time` IS NULL LIMIT 1 [ RunTime:0.016782s ]
[2021-12-23T09:48:01+08:00][sql] SHOW FULL COLUMNS FROM `product_specs` [ RunTime:0.019001s ]
[2021-12-23T09:48:01+08:00][sql] SELECT * FROM `product_specs` WHERE (  `product_id` = 17 ) AND `product_specs`.`delete_time` IS NULL [ RunTime:0.019044s ]
[2021-12-23T09:48:01+08:00][sql] UPDATE `product`  SET `stock` = 3000 , `product_category_id` = 1 , `update_time` = 1640224081  WHERE (  `id` = 17 ) AND `product`.`delete_time` IS NULL [ RunTime:0.021074s ]
[2021-12-23T09:48:01+08:00][error] [400][D:\Web\www.ruiwen.com\app\admin\logic\Product.php:64]
[2021-12-23T09:48:15+08:00][sql] CONNECT:[ UseTime:0.035060s ] mysql:host=124.71.218.160;port=3306;dbname=www_akali_ltd;charset=utf8
[2021-12-23T09:48:15+08:00][sql] SHOW FULL COLUMNS FROM `product` [ RunTime:0.024396s ]
[2021-12-23T09:48:15+08:00][sql] SELECT `id` FROM `product` WHERE  `name` = '苹果13'  AND `id` <> 17 LIMIT 1 [ RunTime:0.025814s ]
[2021-12-23T09:48:15+08:00][sql] SHOW FULL COLUMNS FROM `product_category` [ RunTime:0.024069s ]
[2021-12-23T09:48:15+08:00][sql] SELECT * FROM `product_category` WHERE (  `id` = 1 ) AND `product_category`.`delete_time` IS NULL LIMIT 1 [ RunTime:0.024848s ]
[2021-12-23T09:48:15+08:00][sql] SHOW FULL COLUMNS FROM `product_specs_value` [ RunTime:0.023864s ]
[2021-12-23T09:48:15+08:00][sql] SELECT * FROM `product_specs_value` WHERE  `id` IN (4,12,19) [ RunTime:0.025664s ]
[2021-12-23T09:48:15+08:00][sql] SELECT * FROM `product_specs_value` WHERE  `id` IN (5,12,20) [ RunTime:0.027066s ]
[2021-12-23T09:48:15+08:00][sql] SELECT * FROM `product` WHERE (  `id` = 17 ) AND `product`.`delete_time` IS NULL LIMIT 1 [ RunTime:0.025707s ]
[2021-12-23T09:48:15+08:00][sql] SHOW FULL COLUMNS FROM `product_specs` [ RunTime:0.026568s ]
[2021-12-23T09:48:15+08:00][sql] SELECT * FROM `product_specs` WHERE (  `product_id` = 17 ) AND `product_specs`.`delete_time` IS NULL [ RunTime:0.025603s ]
[2021-12-23T09:48:15+08:00][sql] UPDATE `product`  SET `stock` = 3000 , `product_category_id` = 1 , `update_time` = 1640224095  WHERE (  `id` = 17 ) AND `product`.`delete_time` IS NULL [ RunTime:0.023073s ]
[2021-12-23T09:48:15+08:00][error] [400][D:\Web\www.ruiwen.com\app\admin\logic\Product.php:64]
[2021-12-23T09:48:26+08:00][sql] CONNECT:[ UseTime:0.029153s ] mysql:host=124.71.218.160;port=3306;dbname=www_akali_ltd;charset=utf8
[2021-12-23T09:48:26+08:00][sql] SHOW FULL COLUMNS FROM `product` [ RunTime:0.019005s ]
[2021-12-23T09:48:26+08:00][sql] SELECT `id` FROM `product` WHERE  `name` = '苹果13'  AND `id` <> 17 LIMIT 1 [ RunTime:0.018784s ]
[2021-12-23T09:48:26+08:00][sql] SHOW FULL COLUMNS FROM `product_category` [ RunTime:0.019374s ]
[2021-12-23T09:48:26+08:00][sql] SELECT * FROM `product_category` WHERE (  `id` = 1 ) AND `product_category`.`delete_time` IS NULL LIMIT 1 [ RunTime:0.019587s ]
[2021-12-23T09:48:26+08:00][sql] SHOW FULL COLUMNS FROM `product_specs_value` [ RunTime:0.019438s ]
[2021-12-23T09:48:26+08:00][sql] SELECT * FROM `product_specs_value` WHERE  `id` IN (4,12,19) [ RunTime:0.020801s ]
[2021-12-23T09:48:26+08:00][sql] SELECT * FROM `product_specs_value` WHERE  `id` IN (5,12,20) [ RunTime:0.018488s ]
[2021-12-23T09:48:26+08:00][sql] SELECT * FROM `product` WHERE (  `id` = 17 ) AND `product`.`delete_time` IS NULL LIMIT 1 [ RunTime:0.020492s ]
[2021-12-23T09:48:26+08:00][sql] SHOW FULL COLUMNS FROM `product_specs` [ RunTime:0.021276s ]
[2021-12-23T09:48:26+08:00][sql] SELECT * FROM `product_specs` WHERE (  `product_id` = 17 ) AND `product_specs`.`delete_time` IS NULL [ RunTime:0.018089s ]
[2021-12-23T09:48:26+08:00][sql] UPDATE `product`  SET `stock` = 3000 , `product_category_id` = 1 , `update_time` = 1640224106  WHERE (  `id` = 17 ) AND `product`.`delete_time` IS NULL [ RunTime:0.018115s ]
[2021-12-23T09:48:26+08:00][error] [400][D:\Web\www.ruiwen.com\app\admin\logic\Product.php:64]
[2021-12-23T09:48:37+08:00][sql] CONNECT:[ UseTime:0.023717s ] mysql:host=124.71.218.160;port=3306;dbname=www_akali_ltd;charset=utf8
[2021-12-23T09:48:37+08:00][sql] SHOW FULL COLUMNS FROM `product` [ RunTime:0.016123s ]
[2021-12-23T09:48:37+08:00][sql] SELECT `id` FROM `product` WHERE  `name` = '苹果13'  AND `id` <> 17 LIMIT 1 [ RunTime:0.015368s ]
[2021-12-23T09:48:37+08:00][sql] SHOW FULL COLUMNS FROM `product_category` [ RunTime:0.015729s ]
[2021-12-23T09:48:37+08:00][sql] SELECT * FROM `product_category` WHERE (  `id` = 1 ) AND `product_category`.`delete_time` IS NULL LIMIT 1 [ RunTime:0.015506s ]
[2021-12-23T09:48:37+08:00][sql] SHOW FULL COLUMNS FROM `product_specs_value` [ RunTime:0.015939s ]
[2021-12-23T09:48:37+08:00][sql] SELECT * FROM `product_specs_value` WHERE  `id` IN (4,12,19) [ RunTime:0.015537s ]
[2021-12-23T09:48:37+08:00][sql] SELECT * FROM `product_specs_value` WHERE  `id` IN (5,12,20) [ RunTime:0.018069s ]
[2021-12-23T09:48:37+08:00][sql] SELECT * FROM `product` WHERE (  `id` = 17 ) AND `product`.`delete_time` IS NULL LIMIT 1 [ RunTime:0.015622s ]
[2021-12-23T09:48:37+08:00][sql] SHOW FULL COLUMNS FROM `product_specs` [ RunTime:0.017566s ]
[2021-12-23T09:48:37+08:00][sql] SELECT * FROM `product_specs` WHERE (  `product_id` = 17 ) AND `product_specs`.`delete_time` IS NULL [ RunTime:0.017536s ]
[2021-12-23T09:48:37+08:00][sql] UPDATE `product`  SET `stock` = 3000 , `product_category_id` = 1 , `update_time` = 1640224117  WHERE (  `id` = 17 ) AND `product`.`delete_time` IS NULL [ RunTime:0.015920s ]
[2021-12-23T09:48:37+08:00][error] [400][D:\Web\www.ruiwen.com\app\admin\logic\Product.php:64]
[2021-12-23T09:48:54+08:00][sql] CONNECT:[ UseTime:0.023511s ] mysql:host=124.71.218.160;port=3306;dbname=www_akali_ltd;charset=utf8
[2021-12-23T09:48:54+08:00][sql] SHOW FULL COLUMNS FROM `product` [ RunTime:0.016378s ]
[2021-12-23T09:48:54+08:00][sql] SELECT `id` FROM `product` WHERE  `name` = '苹果13'  AND `id` <> 17 LIMIT 1 [ RunTime:0.016423s ]
[2021-12-23T09:48:54+08:00][sql] SHOW FULL COLUMNS FROM `product_category` [ RunTime:0.017767s ]
[2021-12-23T09:48:54+08:00][sql] SELECT * FROM `product_category` WHERE (  `id` = 1 ) AND `product_category`.`delete_time` IS NULL LIMIT 1 [ RunTime:0.015487s ]
[2021-12-23T09:48:54+08:00][sql] SHOW FULL COLUMNS FROM `product_specs_value` [ RunTime:0.015650s ]
[2021-12-23T09:48:54+08:00][sql] SELECT * FROM `product_specs_value` WHERE  `id` IN (4,12,19) [ RunTime:0.015207s ]
[2021-12-23T09:48:54+08:00][sql] SELECT * FROM `product_specs_value` WHERE  `id` IN (5,12,20) [ RunTime:0.015274s ]
[2021-12-23T09:48:54+08:00][sql] SELECT * FROM `product` WHERE (  `id` = 17 ) AND `product`.`delete_time` IS NULL LIMIT 1 [ RunTime:0.018342s ]
[2021-12-23T09:48:54+08:00][sql] SHOW FULL COLUMNS FROM `product_specs` [ RunTime:0.017952s ]
[2021-12-23T09:48:54+08:00][sql] SELECT * FROM `product_specs` WHERE (  `product_id` = 17 ) AND `product_specs`.`delete_time` IS NULL [ RunTime:0.015528s ]
[2021-12-23T09:48:54+08:00][sql] UPDATE `product`  SET `stock` = 3000 , `product_category_id` = 1 , `update_time` = 1640224134  WHERE (  `id` = 17 ) AND `product`.`delete_time` IS NULL [ RunTime:0.015243s ]
[2021-12-23T09:48:54+08:00][error] [400][D:\Web\www.ruiwen.com\app\admin\logic\Product.php:65]
[2021-12-23T09:49:09+08:00][sql] CONNECT:[ UseTime:0.038175s ] mysql:host=124.71.218.160;port=3306;dbname=www_akali_ltd;charset=utf8
[2021-12-23T09:49:09+08:00][sql] SHOW FULL COLUMNS FROM `product` [ RunTime:0.024424s ]
[2021-12-23T09:49:09+08:00][sql] SELECT `id` FROM `product` WHERE  `name` = '苹果13'  AND `id` <> 17 LIMIT 1 [ RunTime:0.023903s ]
[2021-12-23T09:49:09+08:00][sql] SHOW FULL COLUMNS FROM `product_category` [ RunTime:0.022756s ]
[2021-12-23T09:49:09+08:00][sql] SELECT * FROM `product_category` WHERE (  `id` = 1 ) AND `product_category`.`delete_time` IS NULL LIMIT 1 [ RunTime:0.025455s ]
[2021-12-23T09:49:09+08:00][sql] SHOW FULL COLUMNS FROM `product_specs_value` [ RunTime:0.024028s ]
[2021-12-23T09:49:09+08:00][sql] SELECT * FROM `product_specs_value` WHERE  `id` IN (4,12,19) [ RunTime:0.024336s ]
[2021-12-23T09:49:09+08:00][sql] SELECT * FROM `product_specs_value` WHERE  `id` IN (5,12,20) [ RunTime:0.024185s ]
[2021-12-23T09:49:09+08:00][sql] SELECT * FROM `product` WHERE (  `id` = 17 ) AND `product`.`delete_time` IS NULL LIMIT 1 [ RunTime:0.022870s ]
[2021-12-23T09:49:09+08:00][sql] SHOW FULL COLUMNS FROM `product_specs` [ RunTime:0.022271s ]
[2021-12-23T09:49:09+08:00][sql] SELECT * FROM `product_specs` WHERE (  `product_id` = 17 ) AND `product_specs`.`delete_time` IS NULL [ RunTime:0.022223s ]
[2021-12-23T09:49:09+08:00][sql] UPDATE `product`  SET `stock` = 3000 , `product_category_id` = 1 , `update_time` = 1640224149  WHERE (  `id` = 17 ) AND `product`.`delete_time` IS NULL [ RunTime:0.024901s ]
[2021-12-23T09:49:09+08:00][error] [400][D:\Web\www.ruiwen.com\app\admin\logic\Product.php:65]
[2021-12-23T09:49:25+08:00][sql] CONNECT:[ UseTime:0.029278s ] mysql:host=124.71.218.160;port=3306;dbname=www_akali_ltd;charset=utf8
[2021-12-23T09:49:25+08:00][sql] SHOW FULL COLUMNS FROM `product` [ RunTime:0.018060s ]
[2021-12-23T09:49:25+08:00][sql] SELECT `id` FROM `product` WHERE  `name` = '苹果13'  AND `id` <> 17 LIMIT 1 [ RunTime:0.017704s ]
[2021-12-23T09:49:25+08:00][sql] SHOW FULL COLUMNS FROM `product_category` [ RunTime:0.017909s ]
[2021-12-23T09:49:25+08:00][sql] SELECT * FROM `product_category` WHERE (  `id` = 1 ) AND `product_category`.`delete_time` IS NULL LIMIT 1 [ RunTime:0.017332s ]
[2021-12-23T09:49:25+08:00][sql] SHOW FULL COLUMNS FROM `product_specs_value` [ RunTime:0.020232s ]
[2021-12-23T09:49:25+08:00][sql] SELECT * FROM `product_specs_value` WHERE  `id` IN (4,12,19) [ RunTime:0.019573s ]
[2021-12-23T09:49:25+08:00][sql] SELECT * FROM `product_specs_value` WHERE  `id` IN (5,12,20) [ RunTime:0.017264s ]
[2021-12-23T09:49:25+08:00][sql] SELECT * FROM `product` WHERE (  `id` = 17 ) AND `product`.`delete_time` IS NULL LIMIT 1 [ RunTime:0.019016s ]
[2021-12-23T09:49:25+08:00][sql] SHOW FULL COLUMNS FROM `product_specs` [ RunTime:0.018036s ]
[2021-12-23T09:49:25+08:00][sql] SELECT * FROM `product_specs` WHERE (  `product_id` = 17 ) AND `product_specs`.`delete_time` IS NULL [ RunTime:0.019588s ]
[2021-12-23T09:49:25+08:00][sql] UPDATE `product`  SET `stock` = 3000 , `product_category_id` = 1 , `update_time` = 1640224164  WHERE (  `id` = 17 ) AND `product`.`delete_time` IS NULL [ RunTime:0.017172s ]
[2021-12-23T09:49:25+08:00][error] [400][D:\Web\www.ruiwen.com\app\admin\logic\Product.php:65]
[2021-12-23T09:49:57+08:00][sql] CONNECT:[ UseTime:0.013758s ] mysql:host=124.71.218.160;port=3306;dbname=www_akali_ltd;charset=utf8
[2021-12-23T09:49:57+08:00][sql] SHOW FULL COLUMNS FROM `product` [ RunTime:0.008774s ]
[2021-12-23T09:49:57+08:00][sql] SELECT `id` FROM `product` WHERE  `name` = '苹果13'  AND `id` <> 17 LIMIT 1 [ RunTime:0.008196s ]
[2021-12-23T09:49:57+08:00][sql] SHOW FULL COLUMNS FROM `product_category` [ RunTime:0.008607s ]
[2021-12-23T09:49:57+08:00][sql] SELECT * FROM `product_category` WHERE (  `id` = 1 ) AND `product_category`.`delete_time` IS NULL LIMIT 1 [ RunTime:0.009358s ]
[2021-12-23T09:49:57+08:00][sql] SHOW FULL COLUMNS FROM `product_specs_value` [ RunTime:0.008726s ]
[2021-12-23T09:49:57+08:00][sql] SELECT * FROM `product_specs_value` WHERE  `id` IN (4,12,19) [ RunTime:0.008009s ]
[2021-12-23T09:49:57+08:00][sql] SELECT * FROM `product_specs_value` WHERE  `id` IN (5,12,20) [ RunTime:0.008456s ]
[2021-12-23T09:49:57+08:00][sql] SELECT * FROM `product` WHERE (  `id` = 17 ) AND `product`.`delete_time` IS NULL LIMIT 1 [ RunTime:0.008254s ]
[2021-12-23T09:49:57+08:00][sql] SHOW FULL COLUMNS FROM `product_specs` [ RunTime:0.008716s ]
[2021-12-23T09:49:57+08:00][sql] SELECT * FROM `product_specs` WHERE (  `product_id` = 17 ) AND `product_specs`.`delete_time` IS NULL [ RunTime:0.008461s ]
[2021-12-23T09:49:57+08:00][sql] UPDATE `product`  SET `stock` = 3000 , `product_category_id` = 1 , `update_time` = 1640224197  WHERE (  `id` = 17 ) AND `product`.`delete_time` IS NULL [ RunTime:0.008076s ]
[2021-12-23T09:49:57+08:00][error] [400][D:\Web\www.ruiwen.com\app\admin\logic\Product.php:64]
[2021-12-23T09:50:16+08:00][sql] CONNECT:[ UseTime:0.037366s ] mysql:host=124.71.218.160;port=3306;dbname=www_akali_ltd;charset=utf8
[2021-12-23T09:50:16+08:00][sql] SHOW FULL COLUMNS FROM `product` [ RunTime:0.016551s ]
[2021-12-23T09:50:16+08:00][sql] SELECT `id` FROM `product` WHERE  `name` = '苹果13'  AND `id` <> 17 LIMIT 1 [ RunTime:0.016086s ]
[2021-12-23T09:50:16+08:00][sql] SHOW FULL COLUMNS FROM `product_category` [ RunTime:0.016714s ]
[2021-12-23T09:50:16+08:00][sql] SELECT * FROM `product_category` WHERE (  `id` = 1 ) AND `product_category`.`delete_time` IS NULL LIMIT 1 [ RunTime:0.016320s ]
[2021-12-23T09:50:16+08:00][sql] SHOW FULL COLUMNS FROM `product_specs_value` [ RunTime:0.017017s ]
[2021-12-23T09:50:16+08:00][sql] SELECT * FROM `product_specs_value` WHERE  `id` IN (4,12,19) [ RunTime:0.016655s ]
[2021-12-23T09:50:16+08:00][sql] SELECT * FROM `product_specs_value` WHERE  `id` IN (5,12,20) [ RunTime:0.018513s ]
[2021-12-23T09:50:16+08:00][sql] SELECT * FROM `product` WHERE (  `id` = 17 ) AND `product`.`delete_time` IS NULL LIMIT 1 [ RunTime:0.017083s ]
[2021-12-23T09:50:16+08:00][sql] SHOW FULL COLUMNS FROM `product_specs` [ RunTime:0.016769s ]
[2021-12-23T09:50:16+08:00][sql] SELECT * FROM `product_specs` WHERE (  `product_id` = 17 ) AND `product_specs`.`delete_time` IS NULL [ RunTime:0.016345s ]
[2021-12-23T09:50:16+08:00][sql] UPDATE `product`  SET `stock` = 3000 , `product_category_id` = 1 , `update_time` = 1640224215  WHERE (  `id` = 17 ) AND `product`.`delete_time` IS NULL [ RunTime:0.015938s ]
[2021-12-23T09:50:16+08:00][sql] SELECT * FROM `product_specs` WHERE (  `id` IN (96,97) ) AND `product_specs`.`delete_time` IS NULL [ RunTime:0.016274s ]
[2021-12-23T09:50:16+08:00][sql] UPDATE `product_specs`  SET `delete_time` = 1640224216 , `update_time` = 1640224216  WHERE (  `id` = 96 ) AND `product_specs`.`delete_time` IS NULL [ RunTime:0.016080s ]
[2021-12-23T09:50:16+08:00][sql] UPDATE `product_specs`  SET `delete_time` = 1640224216 , `update_time` = 1640224216  WHERE (  `id` = 97 ) AND `product_specs`.`delete_time` IS NULL [ RunTime:0.015854s ]
[2021-12-23T09:50:16+08:00][error] [400][D:\Web\www.ruiwen.com\app\admin\logic\Product.php:63]
[2021-12-23T09:53:55+08:00][sql] CONNECT:[ UseTime:0.022554s ] mysql:host=124.71.218.160;port=3306;dbname=www_akali_ltd;charset=utf8
[2021-12-23T09:53:55+08:00][sql] SHOW FULL COLUMNS FROM `product` [ RunTime:0.015870s ]
[2021-12-23T09:53:55+08:00][sql] SELECT `id` FROM `product` WHERE  `name` = '苹果13'  AND `id` <> 17 LIMIT 1 [ RunTime:0.016419s ]
[2021-12-23T09:53:55+08:00][sql] SHOW FULL COLUMNS FROM `product_category` [ RunTime:0.015686s ]
[2021-12-23T09:53:55+08:00][sql] SELECT * FROM `product_category` WHERE (  `id` = 1 ) AND `product_category`.`delete_time` IS NULL LIMIT 1 [ RunTime:0.015082s ]
[2021-12-23T09:53:55+08:00][sql] SHOW FULL COLUMNS FROM `product_specs_value` [ RunTime:0.015487s ]
[2021-12-23T09:53:55+08:00][sql] SELECT * FROM `product_specs_value` WHERE  `id` IN (4,12,19) [ RunTime:0.015238s ]
[2021-12-23T09:53:55+08:00][sql] SELECT * FROM `product_specs_value` WHERE  `id` IN (5,12,20) [ RunTime:0.017080s ]
[2021-12-23T09:53:55+08:00][sql] SELECT * FROM `product` WHERE (  `id` = 17 ) AND `product`.`delete_time` IS NULL LIMIT 1 [ RunTime:0.015683s ]
[2021-12-23T09:53:55+08:00][sql] SHOW FULL COLUMNS FROM `product_specs` [ RunTime:0.018483s ]
[2021-12-23T09:53:55+08:00][sql] SELECT * FROM `product_specs` WHERE (  `product_id` = 17 ) AND `product_specs`.`delete_time` IS NULL [ RunTime:0.014924s ]
[2021-12-23T09:53:55+08:00][sql] UPDATE `product`  SET `stock` = 3000 , `product_category_id` = 1 , `update_time` = 1640224435  WHERE (  `id` = 17 ) AND `product`.`delete_time` IS NULL [ RunTime:0.014922s ]
[2021-12-23T09:53:55+08:00][sql] SELECT * FROM `product_specs` WHERE (  `id` IN (96,97) ) AND `product_specs`.`delete_time` IS NULL [ RunTime:0.014974s ]
[2021-12-23T09:53:55+08:00][sql] UPDATE `product_specs`  SET `delete_time` = 1640224435 , `update_time` = 1640224435  WHERE (  `id` = 96 ) AND `product_specs`.`delete_time` IS NULL [ RunTime:0.014740s ]
[2021-12-23T09:53:55+08:00][sql] UPDATE `product_specs`  SET `delete_time` = 1640224435 , `update_time` = 1640224435  WHERE (  `id` = 97 ) AND `product_specs`.`delete_time` IS NULL [ RunTime:0.014764s ]
[2021-12-23T09:53:55+08:00][sql] REPLACE INTO `product_specs` SET `product_id` = 17 , `specs_value_id` = '4,12,19' , `price` = '6900' , `stock` = 12 , `create_time` = 1640224435 , `update_time` = 1640224435 [ RunTime:0.014564s ]
[2021-12-23T09:53:55+08:00][sql] REPLACE INTO `product_specs` SET `product_id` = 17 , `specs_value_id` = '5,12,20' , `price` = '8000' , `stock` = 3 , `create_time` = 1640224435 , `update_time` = 1640224435 [ RunTime:0.015204s ]
[2021-12-23T09:53:55+08:00][sql] UPDATE `product`  SET `stock` = 15 , `update_time` = 1640224435  WHERE (  `id` = 17 ) AND `product`.`delete_time` IS NULL [ RunTime:0.014816s ]
[2021-12-23T11:02:51+08:00][sql] CONNECT:[ UseTime:0.013907s ] mysql:host=124.71.218.160;port=3306;dbname=www_akali_ltd;charset=utf8
[2021-12-23T11:02:51+08:00][sql] SHOW FULL COLUMNS FROM `product` [ RunTime:0.010913s ]
[2021-12-23T11:02:51+08:00][sql] SELECT `id` FROM `product` WHERE  `name` = '苹果13'  AND `id` <> 17 LIMIT 1 [ RunTime:0.009842s ]
[2021-12-23T11:02:51+08:00][sql] SHOW FULL COLUMNS FROM `product_category` [ RunTime:0.010472s ]
[2021-12-23T11:02:51+08:00][sql] SELECT * FROM `product_category` WHERE (  `id` = 1 ) AND `product_category`.`delete_time` IS NULL LIMIT 1 [ RunTime:0.009919s ]
[2021-12-23T11:02:51+08:00][sql] SHOW FULL COLUMNS FROM `product_specs_value` [ RunTime:0.010052s ]
[2021-12-23T11:02:51+08:00][sql] SELECT * FROM `product_specs_value` WHERE  `id` IN (4,12,19) [ RunTime:0.009328s ]
[2021-12-23T11:02:51+08:00][sql] SELECT * FROM `product_specs_value` WHERE  `id` IN (5,12,20) [ RunTime:0.009470s ]
[2021-12-23T11:02:51+08:00][sql] SELECT * FROM `product` WHERE (  `id` = 17 ) AND `product`.`delete_time` IS NULL LIMIT 1 [ RunTime:0.009408s ]
[2021-12-23T11:02:51+08:00][sql] SHOW FULL COLUMNS FROM `product_specs` [ RunTime:0.009845s ]
[2021-12-23T11:02:51+08:00][sql] SELECT * FROM `product_specs` WHERE (  `product_id` = 17 ) AND `product_specs`.`delete_time` IS NULL [ RunTime:0.009253s ]
[2021-12-23T11:02:51+08:00][sql] UPDATE `product`  SET `stock` = 3000 , `update_time` = 1640228571  WHERE (  `id` = 17 ) AND `product`.`delete_time` IS NULL [ RunTime:0.008864s ]
[2021-12-23T11:02:51+08:00][sql] SELECT * FROM `product_specs` WHERE (  `id` IN (98,99) ) AND `product_specs`.`delete_time` IS NULL [ RunTime:0.010485s ]
[2021-12-23T11:02:51+08:00][sql] UPDATE `product_specs`  SET `delete_time` = 1640228571 , `update_time` = 1640228571  WHERE (  `id` = 98 ) AND `product_specs`.`delete_time` IS NULL [ RunTime:0.008792s ]
[2021-12-23T11:02:51+08:00][sql] UPDATE `product_specs`  SET `delete_time` = 1640228571 , `update_time` = 1640228571  WHERE (  `id` = 99 ) AND `product_specs`.`delete_time` IS NULL [ RunTime:0.010011s ]
[2021-12-23T11:02:51+08:00][sql] REPLACE INTO `product_specs` SET `product_id` = 17 , `specs_value_id` = '4,12,19' , `price` = '6900' , `stock` = 12 , `create_time` = 1640228571 , `update_time` = 1640228571 [ RunTime:0.008515s ]
[2021-12-23T11:02:51+08:00][sql] REPLACE INTO `product_specs` SET `product_id` = 17 , `specs_value_id` = '5,12,20' , `price` = '8000' , `stock` = 3 , `create_time` = 1640228571 , `update_time` = 1640228571 [ RunTime:0.008665s ]
[2021-12-23T11:02:51+08:00][sql] UPDATE `product`  SET `stock` = 15 , `update_time` = 1640228571  WHERE (  `id` = 17 ) AND `product`.`delete_time` IS NULL [ RunTime:0.008843s ]
[2021-12-23T14:11:24+08:00][sql] CONNECT:[ UseTime:0.037313s ] mysql:host=124.71.218.160;port=3306;dbname=www_akali_ltd;charset=utf8
[2021-12-23T14:11:24+08:00][sql] SHOW FULL COLUMNS FROM `product_specs_value` [ RunTime:0.013920s ]
[2021-12-23T14:11:24+08:00][sql] SELECT `id` FROM `product_specs_value` WHERE  `value` = '包邮'  AND `id` <> 12 LIMIT 1 [ RunTime:0.018577s ]
[2021-12-23T14:11:24+08:00][sql] SHOW FULL COLUMNS FROM `product_specs_name` [ RunTime:0.013736s ]
[2021-12-23T14:11:24+08:00][sql] SELECT * FROM `product_specs_name` WHERE (  `id` = 5 ) AND `product_specs_name`.`delete_time` IS NULL LIMIT 1 [ RunTime:0.014526s ]
[2021-12-23T14:11:24+08:00][sql] REPLACE INTO `product_specs_value` SET `product_specs_name_id` = 5 , `id` = 12 , `value` = '包邮' , `specs_name` = '包邮' , `create_time` = 1640239884 , `update_time` = 1640239884 [ RunTime:0.014753s ]
[2021-12-23T14:12:41+08:00][sql] CONNECT:[ UseTime:0.025599s ] mysql:host=124.71.218.160;port=3306;dbname=www_akali_ltd;charset=utf8
[2021-12-23T14:12:41+08:00][sql] SHOW FULL COLUMNS FROM `product_specs_value` [ RunTime:0.019323s ]
[2021-12-23T14:12:41+08:00][sql] SELECT `id` FROM `product_specs_value` WHERE  `value` = '6G' LIMIT 1 [ RunTime:0.018294s ]
[2021-12-23T14:12:41+08:00][sql] SHOW FULL COLUMNS FROM `product_specs_name` [ RunTime:0.017460s ]
[2021-12-23T14:12:41+08:00][sql] SELECT * FROM `product_specs_name` WHERE (  `id` = 7 ) AND `product_specs_name`.`delete_time` IS NULL LIMIT 1 [ RunTime:0.020357s ]
[2021-12-23T14:12:41+08:00][sql] REPLACE INTO `product_specs_value` SET `product_specs_name_id` = 7 , `value` = '6G' , `specs_name` = '网络' , `create_time` = 1640239961 , `update_time` = 1640239961 [ RunTime:0.016607s ]
