[2022-05-06T15:26:38+08:00][sql] CONNECT:[ UseTime:0.001558s ] mysql:host=127.0.0.1;port=3306;dbname=www_ruiwen_com;charset=utf8
[2022-05-06T15:26:38+08:00][sql] SHOW FULL COLUMNS FROM `product` [ RunTime:0.004679s ]
[2022-05-06T15:26:38+08:00][sql] SELECT * FROM `product` WHERE (  `id` = 18 ) AND `product`.`delete_time` IS NULL LIMIT 1 [ RunTime:0.001252s ]
[2022-05-06T15:26:38+08:00][sql] SHOW FULL COLUMNS FROM `product_img` [ RunTime:0.003199s ]
[2022-05-06T15:26:38+08:00][sql] SELECT * FROM `product_img` WHERE (  `product_id` = 18 ) AND `product_img`.`delete_time` IS NULL [ RunTime:0.001448s ]
[2022-05-06T15:26:38+08:00][sql] SHOW FULL COLUMNS FROM `product_specs` [ RunTime:0.003288s ]
[2022-05-06T15:26:38+08:00][sql] SELECT * FROM `product_specs` WHERE (  `product_id` = 18 ) AND `product_specs`.`delete_time` IS NULL [ RunTime:0.000670s ]
[2022-05-06T15:26:38+08:00][sql] SHOW FULL COLUMNS FROM `product_specs_value` [ RunTime:0.002551s ]
[2022-05-06T15:26:38+08:00][sql] SELECT * FROM `product_specs_value` WHERE  `id` IN (4,12,19,5,20) [ RunTime:0.000461s ]
[2022-05-06T15:27:31+08:00][sql] CONNECT:[ UseTime:0.001014s ] mysql:host=127.0.0.1;port=3306;dbname=www_ruiwen_com;charset=utf8
[2022-05-06T15:27:31+08:00][sql] SHOW FULL COLUMNS FROM `product` [ RunTime:0.002782s ]
[2022-05-06T15:27:31+08:00][sql] SHOW FULL COLUMNS FROM `product_img` [ RunTime:0.002399s ]
[2022-05-06T15:27:31+08:00][sql] SELECT * FROM `product_img` WHERE (  `product_id` = 18 ) AND `product_img`.`delete_time` IS NULL [ RunTime:0.000283s ]
[2022-05-06T15:27:31+08:00][sql] SHOW FULL COLUMNS FROM `product_specs` [ RunTime:0.003612s ]
[2022-05-06T15:27:31+08:00][sql] SELECT * FROM `product_specs` WHERE (  `product_id` = 18 ) AND `product_specs`.`delete_time` IS NULL [ RunTime:0.000532s ]
[2022-05-06T15:27:31+08:00][sql] SHOW FULL COLUMNS FROM `product_specs_value` [ RunTime:0.003073s ]
[2022-05-06T15:27:31+08:00][sql] SELECT * FROM `product_specs_value` WHERE  `id` IN (4,12,19,5,20) [ RunTime:0.000327s ]
[2022-05-06T15:27:36+08:00][sql] CONNECT:[ UseTime:0.000487s ] mysql:host=127.0.0.1;port=3306;dbname=www_ruiwen_com;charset=utf8
[2022-05-06T15:27:36+08:00][sql] SHOW FULL COLUMNS FROM `product` [ RunTime:0.004029s ]
[2022-05-06T15:27:36+08:00][sql] SHOW FULL COLUMNS FROM `product_img` [ RunTime:0.002448s ]
[2022-05-06T15:27:36+08:00][sql] SHOW FULL COLUMNS FROM `product_specs` [ RunTime:0.002328s ]
[2022-05-06T15:27:36+08:00][sql] SHOW FULL COLUMNS FROM `product_specs_value` [ RunTime:0.002244s ]
[2022-05-06T15:27:36+08:00][sql] SELECT * FROM `product_specs_value` WHERE  `id` IN (4,12,19,5,20) [ RunTime:0.000290s ]
[2022-05-06T15:27:43+08:00][sql] CONNECT:[ UseTime:0.000647s ] mysql:host=127.0.0.1;port=3306;dbname=www_ruiwen_com;charset=utf8
[2022-05-06T15:27:43+08:00][sql] SHOW FULL COLUMNS FROM `product` [ RunTime:0.002744s ]
[2022-05-06T15:27:43+08:00][sql] SELECT * FROM `product` WHERE (  `id` = 18 ) AND `product`.`delete_time` IS NULL LIMIT 1 [ RunTime:0.000967s ]
[2022-05-06T15:27:43+08:00][sql] SHOW FULL COLUMNS FROM `product_img` [ RunTime:0.003141s ]
[2022-05-06T15:27:43+08:00][sql] SELECT * FROM `product_img` WHERE (  `product_id` = 18 ) AND `product_img`.`delete_time` IS NULL [ RunTime:0.000279s ]
[2022-05-06T15:27:43+08:00][sql] SHOW FULL COLUMNS FROM `product_specs` [ RunTime:0.002385s ]
[2022-05-06T15:27:43+08:00][sql] SELECT * FROM `product_specs` WHERE (  `product_id` = 18 ) AND `product_specs`.`delete_time` IS NULL [ RunTime:0.000279s ]
[2022-05-06T15:27:43+08:00][sql] SHOW FULL COLUMNS FROM `product_specs_value` [ RunTime:0.002592s ]
[2022-05-06T15:27:43+08:00][sql] SELECT * FROM `product_specs_value` WHERE  `id` IN (4,12,19,5,20) [ RunTime:0.000295s ]
[2022-05-06T15:27:48+08:00][sql] CONNECT:[ UseTime:0.000630s ] mysql:host=127.0.0.1;port=3306;dbname=www_ruiwen_com;charset=utf8
[2022-05-06T15:27:48+08:00][sql] SHOW FULL COLUMNS FROM `product` [ RunTime:0.005555s ]
[2022-05-06T15:27:48+08:00][sql] SHOW FULL COLUMNS FROM `product_img` [ RunTime:0.002704s ]
[2022-05-06T15:27:48+08:00][sql] SHOW FULL COLUMNS FROM `product_specs` [ RunTime:0.002845s ]
[2022-05-06T15:27:48+08:00][sql] SHOW FULL COLUMNS FROM `product_specs_value` [ RunTime:0.003913s ]
[2022-05-06T15:27:48+08:00][sql] SELECT * FROM `product_specs_value` WHERE  `id` IN (4,12,19,5,20) [ RunTime:0.000590s ]
