[2022-01-07T11:29:07+08:00][sql] CONNECT:[ UseTime:0.031543s ] mysql:host=124.71.218.160;port=3306;dbname=www_akali_ltd;charset=utf8
[2022-01-07T11:29:07+08:00][sql] SHOW FULL COLUMNS FROM `user` [ RunTime:0.019864s ]
[2022-01-07T11:29:07+08:00][sql] SELECT * FROM `user` WHERE  `id` = 1 LIMIT 1 [ RunTime:0.015452s ]
[2022-01-07T11:29:07+08:00][sql] SHOW FULL COLUMNS FROM `product` [ RunTime:0.016713s ]
[2022-01-07T11:29:07+08:00][sql] SELECT * FROM `product` WHERE (  `id` = 16 ) AND `product`.`delete_time` IS NULL LIMIT 1 [ RunTime:0.015940s ]
[2022-01-07T11:29:15+08:00][sql] CONNECT:[ UseTime:0.022266s ] mysql:host=124.71.218.160;port=3306;dbname=www_akali_ltd;charset=utf8
[2022-01-07T11:29:15+08:00][sql] SHOW FULL COLUMNS FROM `user` [ RunTime:0.015696s ]
[2022-01-07T11:29:15+08:00][sql] SELECT * FROM `user` WHERE  `id` = 6 LIMIT 1 [ RunTime:0.015507s ]
[2022-01-07T11:29:15+08:00][error] [404][D:\Web\www.ruiwen.com\app\web\middleware\DosecKill.php:26]
[2022-01-07T15:39:08+08:00][sql] CONNECT:[ UseTime:0.014561s ] mysql:host=124.71.218.160;port=3306;dbname=www_akali_ltd;charset=utf8
[2022-01-07T15:39:08+08:00][sql] SHOW FULL COLUMNS FROM `user` [ RunTime:0.008390s ]
[2022-01-07T15:39:08+08:00][sql] SELECT * FROM `user` WHERE  `id` = 1 LIMIT 1 [ RunTime:0.007488s ]
[2022-01-07T15:39:08+08:00][sql] SHOW FULL COLUMNS FROM `product` [ RunTime:0.008406s ]
[2022-01-07T15:39:08+08:00][sql] SELECT * FROM `product` WHERE (  `id` = 16 ) AND `product`.`delete_time` IS NULL LIMIT 1 [ RunTime:0.007463s ]
[2022-01-07T15:44:40+08:00][sql] CONNECT:[ UseTime:0.014116s ] mysql:host=124.71.218.160;port=3306;dbname=www_akali_ltd;charset=utf8
[2022-01-07T15:44:40+08:00][sql] SHOW FULL COLUMNS FROM `user` [ RunTime:0.010038s ]
[2022-01-07T15:44:40+08:00][sql] SELECT * FROM `user` WHERE  `id` = 1 LIMIT 1 [ RunTime:0.009731s ]
[2022-01-07T15:44:40+08:00][sql] SHOW FULL COLUMNS FROM `product` [ RunTime:0.010472s ]
[2022-01-07T15:44:40+08:00][sql] SELECT * FROM `product` WHERE (  `id` = 16 ) AND `product`.`delete_time` IS NULL LIMIT 1 [ RunTime:0.009570s ]
[2022-01-07T15:44:40+08:00][error] [8]未定义数组索引: prodcut_id[D:\Web\www.ruiwen.com\app\web\controller\RedisDemo.php:91]
[2022-01-07T15:44:56+08:00][sql] CONNECT:[ UseTime:0.021267s ] mysql:host=124.71.218.160;port=3306;dbname=www_akali_ltd;charset=utf8
[2022-01-07T15:44:56+08:00][sql] SHOW FULL COLUMNS FROM `user` [ RunTime:0.012402s ]
[2022-01-07T15:44:56+08:00][sql] SELECT * FROM `user` WHERE  `id` = 1 LIMIT 1 [ RunTime:0.012125s ]
[2022-01-07T15:44:56+08:00][sql] SHOW FULL COLUMNS FROM `product` [ RunTime:0.012429s ]
[2022-01-07T15:44:56+08:00][sql] SELECT * FROM `product` WHERE (  `id` = 16 ) AND `product`.`delete_time` IS NULL LIMIT 1 [ RunTime:0.011937s ]
[2022-01-07T15:46:56+08:00][sql] CONNECT:[ UseTime:0.024820s ] mysql:host=124.71.218.160;port=3306;dbname=www_akali_ltd;charset=utf8
[2022-01-07T15:46:56+08:00][sql] SHOW FULL COLUMNS FROM `user` [ RunTime:0.016669s ]
[2022-01-07T15:46:56+08:00][sql] SELECT * FROM `user` WHERE  `id` = 1 LIMIT 1 [ RunTime:0.041828s ]
[2022-01-07T15:46:56+08:00][sql] SHOW FULL COLUMNS FROM `product` [ RunTime:0.016001s ]
[2022-01-07T15:46:56+08:00][sql] SELECT * FROM `product` WHERE (  `id` = 16 ) AND `product`.`delete_time` IS NULL LIMIT 1 [ RunTime:0.015497s ]
[2022-01-07T15:46:56+08:00][error] [400][D:\Web\www.ruiwen.com\app\web\logic\DosecKill.php:24]
[2022-01-07T15:47:16+08:00][sql] CONNECT:[ UseTime:0.034804s ] mysql:host=124.71.218.160;port=3306;dbname=www_akali_ltd;charset=utf8
[2022-01-07T15:47:16+08:00][sql] SHOW FULL COLUMNS FROM `user` [ RunTime:0.012397s ]
[2022-01-07T15:47:16+08:00][sql] SELECT * FROM `user` WHERE  `id` = 13 LIMIT 1 [ RunTime:0.011258s ]
[2022-01-07T15:47:16+08:00][error] [404][D:\Web\www.ruiwen.com\app\web\middleware\DosecKill.php:26]
[2022-01-07T15:47:47+08:00][error] [400][D:\Web\www.ruiwen.com\app\web\logic\DosecKill.php:24]
[2022-01-07T15:51:17+08:00][error] [404][D:\Web\www.ruiwen.com\app\web\logic\DosecKill.php:21]
[2022-01-07T15:53:21+08:00][error] [400][D:\Web\www.ruiwen.com\app\web\logic\DosecKill.php:27]
[2022-01-07T17:33:10+08:00][error] [300][D:\Web\www.ruiwen.com\app\common\middleware\CheckParams.php:63]
[2022-01-07T17:33:25+08:00][error] [300][D:\Web\www.ruiwen.com\app\common\middleware\CheckParams.php:63]
[2022-01-07T17:41:05+08:00][error] [400][D:\Web\www.ruiwen.com\app\web\logic\DosecKill.php:27]
