[2022-04-23T20:30:08+08:00][error] [8]未定义数组索引: product_category_id[D:\Web\www.ruiwen.com\app\admin\middleware\Product.php:22]
[2022-04-23T20:38:39+08:00][error] [8]未定义数组索引: product_category_id[D:\Web\www.ruiwen.com\app\admin\middleware\Product.php:22]
[2022-04-23T20:38:42+08:00][error] [8]未定义数组索引: product_category_id[D:\Web\www.ruiwen.com\app\admin\middleware\Product.php:22]
[2022-04-23T20:39:08+08:00][error] [8]未定义数组索引: product_category_id[D:\Web\www.ruiwen.com\app\admin\middleware\Product.php:22]
[2022-04-23T20:40:05+08:00][error] [8]未定义数组索引: product_category_id[D:\Web\www.ruiwen.com\app\admin\middleware\Product.php:22]
[2022-04-23T20:40:07+08:00][error] [8]未定义数组索引: product_category_id[D:\Web\www.ruiwen.com\app\admin\middleware\Product.php:22]
[2022-04-23T20:40:24+08:00][error] [8]未定义数组索引: product_category_id[D:\Web\www.ruiwen.com\app\admin\middleware\Product.php:22]
[2022-04-23T20:50:55+08:00][error] [8]Trying to access array offset on value of type null[D:\Web\www.ruiwen.com\app\admin\middleware\Product.php:22]
[2022-04-23T21:00:22+08:00][sql] CONNECT:[ UseTime:0.022059s ] mysql:host=124.71.218.160;port=3306;dbname=www_ruiwen_com;charset=utf8
[2022-04-23T21:00:22+08:00][sql] SHOW FULL COLUMNS FROM `product` [ RunTime:0.016799s ]
[2022-04-23T21:00:22+08:00][sql] SELECT COUNT(*) AS think_count FROM `product` WHERE `product`.`delete_time` IS NULL LIMIT 1 [ RunTime:0.014729s ]
[2022-04-23T21:00:22+08:00][sql] SELECT * FROM `product` WHERE `product`.`delete_time` IS NULL ORDER BY `id` DESC LIMIT 0,10 [ RunTime:0.013983s ]
[2022-04-23T21:01:09+08:00][sql] CONNECT:[ UseTime:0.025265s ] mysql:host=124.71.218.160;port=3306;dbname=www_ruiwen_com;charset=utf8
[2022-04-23T21:01:09+08:00][sql] SHOW FULL COLUMNS FROM `product` [ RunTime:0.019026s ]
[2022-04-23T21:01:09+08:00][sql] SELECT COUNT(*) AS think_count FROM `product` WHERE `product`.`delete_time` IS NULL LIMIT 1 [ RunTime:0.017256s ]
[2022-04-23T21:01:09+08:00][sql] SELECT * FROM `product` WHERE `product`.`delete_time` IS NULL ORDER BY `id` DESC LIMIT 0,10 [ RunTime:0.020614s ]
[2022-04-23T21:07:36+08:00][error] [300][D:\Web\www.ruiwen.com\app\common\middleware\CheckParams.php:62]
[2022-04-23T21:07:52+08:00][error] [300][D:\Web\www.ruiwen.com\app\common\middleware\CheckParams.php:62]
[2022-04-23T21:08:16+08:00][error] [300][D:\Web\www.ruiwen.com\app\common\middleware\CheckParams.php:62]
[2022-04-23T21:08:20+08:00][error] [300][D:\Web\www.ruiwen.com\app\common\middleware\CheckParams.php:62]
[2022-04-23T21:10:40+08:00][error] [300][D:\Web\www.ruiwen.com\app\common\middleware\CheckParams.php:62]
[2022-04-23T21:10:56+08:00][error] [300][D:\Web\www.ruiwen.com\app\common\middleware\CheckParams.php:62]
[2022-04-23T21:11:13+08:00][sql] CONNECT:[ UseTime:0.023022s ] mysql:host=124.71.218.160;port=3306;dbname=www_ruiwen_com;charset=utf8
[2022-04-23T21:11:13+08:00][sql] SHOW FULL COLUMNS FROM `product` [ RunTime:0.026350s ]
[2022-04-23T21:11:13+08:00][error] [10500]method not exist:think\db\Query->get[D:\Web\www.ruiwen.com\vendor\topthink\think-orm\src\db\BaseQuery.php:117]
[2022-04-23T21:11:22+08:00][sql] CONNECT:[ UseTime:0.023045s ] mysql:host=124.71.218.160;port=3306;dbname=www_ruiwen_com;charset=utf8
[2022-04-23T21:11:22+08:00][sql] SHOW FULL COLUMNS FROM `product` [ RunTime:0.015930s ]
[2022-04-23T21:11:22+08:00][sql] SELECT * FROM `product` WHERE (  `id` = 17 ) AND `product`.`delete_time` IS NULL LIMIT 1 [ RunTime:0.014828s ]
[2022-04-23T21:11:31+08:00][sql] CONNECT:[ UseTime:0.025654s ] mysql:host=124.71.218.160;port=3306;dbname=www_ruiwen_com;charset=utf8
[2022-04-23T21:11:31+08:00][sql] SHOW FULL COLUMNS FROM `product` [ RunTime:0.017286s ]
[2022-04-23T21:11:31+08:00][sql] SELECT * FROM `product` WHERE (  `id` = 17 ) AND `product`.`delete_time` IS NULL LIMIT 1 [ RunTime:0.022921s ]
[2022-04-23T21:12:13+08:00][sql] CONNECT:[ UseTime:0.024648s ] mysql:host=124.71.218.160;port=3306;dbname=www_ruiwen_com;charset=utf8
[2022-04-23T21:12:13+08:00][sql] SHOW FULL COLUMNS FROM `product` [ RunTime:0.023818s ]
[2022-04-23T21:12:13+08:00][sql] SELECT * FROM `product` WHERE (  `id` = 17 ) AND `product`.`delete_time` IS NULL LIMIT 1 [ RunTime:0.021314s ]
[2022-04-23T21:12:13+08:00][sql] SHOW FULL COLUMNS FROM `product_category` [ RunTime:0.018635s ]
[2022-04-23T21:12:13+08:00][sql] SELECT * FROM `product_category` WHERE (  `id` = 1 ) AND `product_category`.`delete_time` IS NULL [ RunTime:0.018022s ]
[2022-04-23T21:12:13+08:00][error] [10500]method not exist:think\db\Query->specsValue[D:\Web\www.ruiwen.com\vendor\topthink\think-orm\src\db\BaseQuery.php:117]
[2022-04-23T21:12:23+08:00][sql] CONNECT:[ UseTime:0.023186s ] mysql:host=124.71.218.160;port=3306;dbname=www_ruiwen_com;charset=utf8
[2022-04-23T21:12:23+08:00][sql] SHOW FULL COLUMNS FROM `product` [ RunTime:0.013969s ]
[2022-04-23T21:12:23+08:00][sql] SELECT * FROM `product` WHERE (  `id` = 17 ) AND `product`.`delete_time` IS NULL LIMIT 1 [ RunTime:0.017198s ]
[2022-04-23T21:12:23+08:00][sql] SHOW FULL COLUMNS FROM `product_category` [ RunTime:0.014965s ]
[2022-04-23T21:12:23+08:00][sql] SELECT * FROM `product_category` WHERE (  `id` = 1 ) AND `product_category`.`delete_time` IS NULL [ RunTime:0.019148s ]
[2022-04-23T21:12:23+08:00][error] [10500]method not exist:think\db\Query->specsValues[D:\Web\www.ruiwen.com\vendor\topthink\think-orm\src\db\BaseQuery.php:117]
[2022-04-23T21:12:33+08:00][sql] CONNECT:[ UseTime:0.025637s ] mysql:host=124.71.218.160;port=3306;dbname=www_ruiwen_com;charset=utf8
[2022-04-23T21:12:33+08:00][sql] SHOW FULL COLUMNS FROM `product` [ RunTime:0.016895s ]
[2022-04-23T21:12:33+08:00][sql] SELECT * FROM `product` WHERE (  `id` = 17 ) AND `product`.`delete_time` IS NULL LIMIT 1 [ RunTime:0.015315s ]
[2022-04-23T21:12:33+08:00][sql] SHOW FULL COLUMNS FROM `product_category` [ RunTime:0.014005s ]
[2022-04-23T21:12:33+08:00][sql] SELECT * FROM `product_category` WHERE (  `id` = 1 ) AND `product_category`.`delete_time` IS NULL [ RunTime:0.015081s ]
[2022-04-23T21:12:33+08:00][sql] SHOW FULL COLUMNS FROM `product_specs` [ RunTime:0.018082s ]
[2022-04-23T21:12:33+08:00][sql] SELECT * FROM `product_specs` WHERE (  `product_id` = 17 ) AND `product_specs`.`delete_time` IS NULL [ RunTime:0.016555s ]
[2022-04-23T21:16:53+08:00][sql] CONNECT:[ UseTime:0.019792s ] mysql:host=124.71.218.160;port=3306;dbname=www_ruiwen_com;charset=utf8
[2022-04-23T21:16:53+08:00][sql] SHOW FULL COLUMNS FROM `product` [ RunTime:0.014873s ]
[2022-04-23T21:16:53+08:00][sql] SELECT `id` FROM `product` WHERE  `name` = '苹果SE' LIMIT 1 [ RunTime:0.015137s ]
[2022-04-23T21:16:53+08:00][sql] SHOW FULL COLUMNS FROM `product_category` [ RunTime:0.026002s ]
[2022-04-23T21:16:53+08:00][sql] SELECT * FROM `product_category` WHERE (  `id` = 2 ) AND `product_category`.`delete_time` IS NULL LIMIT 1 [ RunTime:0.014505s ]
[2022-04-23T21:16:53+08:00][sql] SHOW FULL COLUMNS FROM `product_specs_value` [ RunTime:0.014201s ]
[2022-04-23T21:16:53+08:00][sql] SELECT * FROM `product_specs_value` WHERE  `id` IN (4,12,19) [ RunTime:0.014683s ]
[2022-04-23T21:16:53+08:00][sql] SELECT * FROM `product_specs_value` WHERE  `id` IN (5,12,20) [ RunTime:0.015019s ]
[2022-04-23T21:16:53+08:00][sql] INSERT INTO `product` SET `product_category_id` = 2 , `name` = '苹果SE' , `image` = '寒蝉鸣泣之时 7月一号.png' , `market_price` = '7000' , `shop_price` = '6900' , `stock` = 4561 , `is_hot` = 1 , `spec_type` = 1 , `create_time` = 1650719813 , `update_time` = 1650719813 [ RunTime:0.019319s ]
[2022-04-23T21:16:53+08:00][sql] SHOW FULL COLUMNS FROM `product_specs` [ RunTime:0.013440s ]
[2022-04-23T21:16:53+08:00][sql] REPLACE INTO `product_specs` SET `product_id` = 18 , `specs_value_id` = '4,12,19' , `price` = '6900' , `stock` = 12 , `create_time` = 1650719813 , `update_time` = 1650719813 [ RunTime:0.016003s ]
[2022-04-23T21:16:53+08:00][sql] REPLACE INTO `product_specs` SET `product_id` = 18 , `specs_value_id` = '5,12,20' , `price` = '8000' , `stock` = 3 , `create_time` = 1650719813 , `update_time` = 1650719813 [ RunTime:0.016645s ]
[2022-04-23T21:16:53+08:00][sql] UPDATE `product`  SET `stock` = 15 , `update_time` = 1650719813  WHERE (  `id` = 18 ) AND `product`.`delete_time` IS NULL [ RunTime:0.011912s ]
[2022-04-23T21:16:53+08:00][error] [400][D:\Web\www.ruiwen.com\app\admin\logic\Product.php:73]
[2022-04-23T21:18:03+08:00][sql] CONNECT:[ UseTime:0.026458s ] mysql:host=124.71.218.160;port=3306;dbname=www_ruiwen_com;charset=utf8
[2022-04-23T21:18:03+08:00][sql] SHOW FULL COLUMNS FROM `product` [ RunTime:0.018946s ]
[2022-04-23T21:18:03+08:00][sql] SELECT `id` FROM `product` WHERE  `name` = '苹果SE' LIMIT 1 [ RunTime:0.011788s ]
[2022-04-23T21:18:03+08:00][error] [300][D:\Web\www.ruiwen.com\app\common\middleware\CheckParams.php:62]
[2022-04-23T21:18:29+08:00][sql] CONNECT:[ UseTime:0.025804s ] mysql:host=124.71.218.160;port=3306;dbname=www_ruiwen_com;charset=utf8
[2022-04-23T21:18:29+08:00][sql] SHOW FULL COLUMNS FROM `product` [ RunTime:0.017738s ]
[2022-04-23T21:18:29+08:00][sql] SELECT * FROM `product` WHERE (  `id` = 18 ) AND `product`.`delete_time` IS NULL LIMIT 1 [ RunTime:0.013970s ]
[2022-04-23T21:18:29+08:00][sql] SHOW FULL COLUMNS FROM `product_category` [ RunTime:0.027904s ]
[2022-04-23T21:18:29+08:00][sql] SELECT * FROM `product_category` WHERE (  `id` = 2 ) AND `product_category`.`delete_time` IS NULL [ RunTime:0.015844s ]
[2022-04-23T21:18:29+08:00][sql] SHOW FULL COLUMNS FROM `product_specs` [ RunTime:0.015109s ]
[2022-04-23T21:18:29+08:00][sql] SELECT * FROM `product_specs` WHERE (  `product_id` = 18 ) AND `product_specs`.`delete_time` IS NULL [ RunTime:0.014328s ]
[2022-04-23T21:24:42+08:00][sql] CONNECT:[ UseTime:0.025603s ] mysql:host=124.71.218.160;port=3306;dbname=www_ruiwen_com;charset=utf8
[2022-04-23T21:24:42+08:00][sql] SHOW FULL COLUMNS FROM `product` [ RunTime:0.016627s ]
[2022-04-23T21:24:42+08:00][sql] SELECT * FROM `product` WHERE (  `id` = 18 ) AND `product`.`delete_time` IS NULL LIMIT 1 [ RunTime:0.015469s ]
[2022-04-23T21:24:42+08:00][sql] SHOW FULL COLUMNS FROM `product_category` [ RunTime:0.016025s ]
[2022-04-23T21:24:42+08:00][sql] SELECT * FROM `product_category` WHERE (  `id` = 2 ) AND `product_category`.`delete_time` IS NULL [ RunTime:0.016835s ]
[2022-04-23T21:24:42+08:00][sql] SHOW FULL COLUMNS FROM `product_specs` [ RunTime:0.018236s ]
[2022-04-23T21:24:42+08:00][sql] SELECT * FROM `product_specs` WHERE (  `product_id` = 18 ) AND `product_specs`.`delete_time` IS NULL [ RunTime:0.017627s ]
[2022-04-23T21:29:46+08:00][sql] CONNECT:[ UseTime:0.022320s ] mysql:host=124.71.218.160;port=3306;dbname=www_ruiwen_com;charset=utf8
[2022-04-23T21:29:46+08:00][sql] SHOW FULL COLUMNS FROM `product` [ RunTime:0.014002s ]
[2022-04-23T21:29:46+08:00][sql] SHOW FULL COLUMNS FROM `product_img` [ RunTime:0.014938s ]
[2022-04-23T21:29:46+08:00][error] [10501]SQLSTATE[42S22]: Column not found: 1054 Unknown column 'product_img.delete_time' in 'where clause'[D:\Web\www.ruiwen.com\vendor\topthink\think-orm\src\db\PDOConnection.php:796]
[2022-04-23T21:32:33+08:00][sql] CONNECT:[ UseTime:0.035168s ] mysql:host=124.71.218.160;port=3306;dbname=www_ruiwen_com;charset=utf8
[2022-04-23T21:32:33+08:00][sql] SHOW FULL COLUMNS FROM `product` [ RunTime:0.015878s ]
[2022-04-23T21:32:33+08:00][sql] SHOW FULL COLUMNS FROM `product_img` [ RunTime:0.020576s ]
[2022-04-23T21:32:33+08:00][sql] SELECT * FROM `product_img` WHERE (  `product_id` = 18 ) AND `product_img`.`delete_time` IS NULL [ RunTime:0.014799s ]
[2022-04-23T21:32:33+08:00][sql] SHOW FULL COLUMNS FROM `product_specs` [ RunTime:0.027242s ]
[2022-04-23T21:32:33+08:00][sql] SELECT * FROM `product_specs` WHERE (  `product_id` = 18 ) AND `product_specs`.`delete_time` IS NULL [ RunTime:0.018074s ]
[2022-04-23T21:32:54+08:00][sql] CONNECT:[ UseTime:0.022763s ] mysql:host=124.71.218.160;port=3306;dbname=www_ruiwen_com;charset=utf8
[2022-04-23T21:32:54+08:00][sql] SHOW FULL COLUMNS FROM `product` [ RunTime:0.018034s ]
[2022-04-23T21:32:54+08:00][sql] SELECT * FROM `product` WHERE (  `id` = 18 ) AND `product`.`delete_time` IS NULL LIMIT 1 [ RunTime:0.015384s ]
[2022-04-23T21:32:54+08:00][sql] SHOW FULL COLUMNS FROM `product_img` [ RunTime:0.017063s ]
[2022-04-23T21:32:54+08:00][sql] SELECT * FROM `product_img` WHERE (  `product_id` = 18 ) AND `product_img`.`delete_time` IS NULL [ RunTime:0.018176s ]
[2022-04-23T21:32:54+08:00][sql] SHOW FULL COLUMNS FROM `product_specs` [ RunTime:0.022885s ]
[2022-04-23T21:32:54+08:00][sql] SELECT * FROM `product_specs` WHERE (  `product_id` = 18 ) AND `product_specs`.`delete_time` IS NULL [ RunTime:0.021130s ]
[2022-04-23T21:35:05+08:00][sql] CONNECT:[ UseTime:0.048609s ] mysql:host=124.71.218.160;port=3306;dbname=www_ruiwen_com;charset=utf8
[2022-04-23T21:35:05+08:00][sql] SHOW FULL COLUMNS FROM `product` [ RunTime:0.024092s ]
[2022-04-23T21:35:05+08:00][sql] SHOW FULL COLUMNS FROM `product_img` [ RunTime:0.020969s ]
[2022-04-23T21:35:05+08:00][sql] SELECT * FROM `product_img` WHERE (  `product_id` = 18 ) AND `product_img`.`delete_time` IS NULL [ RunTime:0.018726s ]
[2022-04-23T21:35:05+08:00][sql] SHOW FULL COLUMNS FROM `product_specs` [ RunTime:0.018871s ]
[2022-04-23T21:35:05+08:00][sql] SELECT * FROM `product_specs` WHERE (  `product_id` = 18 ) AND `product_specs`.`delete_time` IS NULL [ RunTime:0.014922s ]
[2022-04-23T21:35:20+08:00][sql] CONNECT:[ UseTime:0.024328s ] mysql:host=124.71.218.160;port=3306;dbname=www_ruiwen_com;charset=utf8
[2022-04-23T21:35:20+08:00][sql] SHOW FULL COLUMNS FROM `product` [ RunTime:0.017913s ]
[2022-04-23T21:35:20+08:00][sql] SELECT `id` FROM `product` WHERE  `name` = '苹果se2'  AND `id` <> 18 LIMIT 1 [ RunTime:0.018089s ]
[2022-04-23T21:35:20+08:00][sql] SHOW FULL COLUMNS FROM `product_category` [ RunTime:0.016629s ]
[2022-04-23T21:35:20+08:00][sql] SELECT * FROM `product_category` WHERE (  `id` = 1 ) AND `product_category`.`delete_time` IS NULL LIMIT 1 [ RunTime:0.014444s ]
[2022-04-23T21:35:20+08:00][sql] SHOW FULL COLUMNS FROM `product_specs_value` [ RunTime:0.018268s ]
[2022-04-23T21:35:20+08:00][sql] SELECT * FROM `product_specs_value` WHERE  `id` IN (4,12,19) [ RunTime:0.014449s ]
[2022-04-23T21:35:20+08:00][sql] SELECT * FROM `product_specs_value` WHERE  `id` IN (5,12,20) [ RunTime:0.015180s ]
[2022-04-23T21:36:20+08:00][sql] CONNECT:[ UseTime:0.024786s ] mysql:host=124.71.218.160;port=3306;dbname=www_ruiwen_com;charset=utf8
[2022-04-23T21:36:20+08:00][sql] SHOW FULL COLUMNS FROM `product` [ RunTime:0.015520s ]
[2022-04-23T21:36:20+08:00][sql] SELECT * FROM `product` WHERE (  `id` = 18 ) AND `product`.`delete_time` IS NULL LIMIT 1 [ RunTime:0.015003s ]
[2022-04-23T21:36:20+08:00][sql] SHOW FULL COLUMNS FROM `product_img` [ RunTime:0.016266s ]
[2022-04-23T21:36:20+08:00][sql] SELECT * FROM `product_img` WHERE (  `product_id` = 18 ) AND `product_img`.`delete_time` IS NULL [ RunTime:0.015074s ]
[2022-04-23T21:36:20+08:00][sql] SHOW FULL COLUMNS FROM `product_specs` [ RunTime:0.015816s ]
[2022-04-23T21:36:20+08:00][sql] SELECT * FROM `product_specs` WHERE (  `product_id` = 18 ) AND `product_specs`.`delete_time` IS NULL [ RunTime:0.014670s ]
[2022-04-23T21:36:38+08:00][sql] CONNECT:[ UseTime:0.026123s ] mysql:host=124.71.218.160;port=3306;dbname=www_ruiwen_com;charset=utf8
[2022-04-23T21:36:38+08:00][sql] SHOW FULL COLUMNS FROM `product` [ RunTime:0.016589s ]
[2022-04-23T21:36:38+08:00][sql] SELECT `id` FROM `product` WHERE  `name` = '苹果se2'  AND `id` <> 18 LIMIT 1 [ RunTime:0.012423s ]
[2022-04-23T21:36:38+08:00][sql] SHOW FULL COLUMNS FROM `product_category` [ RunTime:0.023683s ]
[2022-04-23T21:36:38+08:00][sql] SELECT * FROM `product_category` WHERE (  `id` = 1 ) AND `product_category`.`delete_time` IS NULL LIMIT 1 [ RunTime:0.016337s ]
[2022-04-23T21:36:38+08:00][sql] SHOW FULL COLUMNS FROM `product_specs_value` [ RunTime:0.018064s ]
[2022-04-23T21:36:38+08:00][sql] SELECT * FROM `product_specs_value` WHERE  `id` IN (4,12,19) [ RunTime:0.015988s ]
[2022-04-23T21:36:38+08:00][sql] SELECT * FROM `product_specs_value` WHERE  `id` IN (5,12,20) [ RunTime:0.015273s ]
[2022-04-23T21:36:52+08:00][sql] CONNECT:[ UseTime:0.023040s ] mysql:host=124.71.218.160;port=3306;dbname=www_ruiwen_com;charset=utf8
[2022-04-23T21:36:52+08:00][sql] SHOW FULL COLUMNS FROM `product` [ RunTime:0.020194s ]
[2022-04-23T21:36:52+08:00][sql] SELECT `id` FROM `product` WHERE  `name` = '苹果se2'  AND `id` <> 18 LIMIT 1 [ RunTime:0.014765s ]
[2022-04-23T21:36:52+08:00][sql] SHOW FULL COLUMNS FROM `product_category` [ RunTime:0.017672s ]
[2022-04-23T21:36:52+08:00][sql] SELECT * FROM `product_category` WHERE (  `id` = 1 ) AND `product_category`.`delete_time` IS NULL LIMIT 1 [ RunTime:0.015976s ]
[2022-04-23T21:36:52+08:00][sql] SHOW FULL COLUMNS FROM `product_specs_value` [ RunTime:0.015416s ]
[2022-04-23T21:36:52+08:00][sql] SELECT * FROM `product_specs_value` WHERE  `id` IN (4,12,19) [ RunTime:0.020491s ]
[2022-04-23T21:36:52+08:00][sql] SELECT * FROM `product_specs_value` WHERE  `id` IN (5,12,20) [ RunTime:0.014462s ]
[2022-04-23T21:36:52+08:00][sql] SELECT * FROM `product` WHERE (  `id` = 18 ) AND `product`.`delete_time` IS NULL LIMIT 1 [ RunTime:0.016220s ]
[2022-04-23T21:36:52+08:00][sql] SHOW FULL COLUMNS FROM `product_specs` [ RunTime:0.014518s ]
[2022-04-23T21:36:52+08:00][sql] SELECT * FROM `product_specs` WHERE (  `product_id` = 18 ) AND `product_specs`.`delete_time` IS NULL [ RunTime:0.015141s ]
[2022-04-23T21:36:52+08:00][sql] UPDATE `product`  SET `name` = '苹果se2' , `stock` = 3000 , `product_category_id` = 1 , `update_time` = 1650721012  WHERE (  `id` = 18 ) AND `product`.`delete_time` IS NULL [ RunTime:0.014170s ]
[2022-04-23T21:36:52+08:00][error] [400][D:\Web\www.ruiwen.com\app\admin\logic\Product.php:76]
[2022-04-23T21:46:30+08:00][error] [300][D:\Web\www.ruiwen.com\app\common\middleware\CheckParams.php:62]
[2022-04-23T21:47:25+08:00][error] [300][D:\Web\www.ruiwen.com\app\common\middleware\CheckParams.php:62]
[2022-04-23T21:48:01+08:00][error] [300][D:\Web\www.ruiwen.com\app\common\middleware\CheckParams.php:62]
[2022-04-23T21:49:11+08:00][error] [300][D:\Web\www.ruiwen.com\app\common\middleware\CheckParams.php:62]
[2022-04-23T21:52:21+08:00][error] [300][D:\Web\www.ruiwen.com\app\common\middleware\CheckParams.php:62]
[2022-04-23T21:54:50+08:00][error] [0]Too few arguments to function dump(), 0 passed in D:\Web\www.ruiwen.com\vendor\topthink\framework\src\helper.php on line 239 and exactly 1 expected[D:\Web\www.ruiwen.com\vendor\symfony\var-dumper\Resources\functions\dump.php:18]
[2022-04-23T22:06:09+08:00][sql] CONNECT:[ UseTime:0.028852s ] mysql:host=124.71.218.160;port=3306;dbname=www_ruiwen_com;charset=utf8
[2022-04-23T22:06:09+08:00][sql] SHOW FULL COLUMNS FROM `product` [ RunTime:0.015993s ]
[2022-04-23T22:06:09+08:00][sql] SELECT `id` FROM `product` WHERE  `name` = '苹果se3'  AND `id` <> 18 LIMIT 1 [ RunTime:0.012440s ]
[2022-04-23T22:06:09+08:00][sql] SHOW FULL COLUMNS FROM `product_category` [ RunTime:0.015532s ]
[2022-04-23T22:06:09+08:00][sql] SELECT * FROM `product_category` WHERE (  `id` = 1 ) AND `product_category`.`delete_time` IS NULL LIMIT 1 [ RunTime:0.014295s ]
[2022-04-23T22:06:09+08:00][sql] SHOW FULL COLUMNS FROM `product_specs_value` [ RunTime:0.013421s ]
[2022-04-23T22:06:09+08:00][sql] SELECT * FROM `product_specs_value` WHERE  `id` IN (4,12,19) [ RunTime:0.017579s ]
[2022-04-23T22:06:09+08:00][sql] SELECT * FROM `product_specs_value` WHERE  `id` IN (5,12,20) [ RunTime:0.013425s ]
[2022-04-23T22:06:09+08:00][sql] SELECT * FROM `product` WHERE (  `id` = 18 ) AND `product`.`delete_time` IS NULL LIMIT 1 [ RunTime:0.013996s ]
[2022-04-23T22:06:09+08:00][sql] SHOW FULL COLUMNS FROM `product_specs` [ RunTime:0.013592s ]
[2022-04-23T22:06:09+08:00][sql] SELECT * FROM `product_specs` WHERE (  `product_id` = 18 ) AND `product_specs`.`delete_time` IS NULL [ RunTime:0.019149s ]
[2022-04-23T22:06:09+08:00][sql] SHOW FULL COLUMNS FROM `product_img` [ RunTime:0.013169s ]
[2022-04-23T22:06:22+08:00][sql] CONNECT:[ UseTime:0.031240s ] mysql:host=124.71.218.160;port=3306;dbname=www_ruiwen_com;charset=utf8
[2022-04-23T22:06:22+08:00][sql] SHOW FULL COLUMNS FROM `product` [ RunTime:0.018440s ]
[2022-04-23T22:06:22+08:00][sql] SELECT `id` FROM `product` WHERE  `name` = '苹果se3'  AND `id` <> 18 LIMIT 1 [ RunTime:0.018638s ]
[2022-04-23T22:06:22+08:00][sql] SHOW FULL COLUMNS FROM `product_category` [ RunTime:0.016499s ]
[2022-04-23T22:06:22+08:00][sql] SELECT * FROM `product_category` WHERE (  `id` = 1 ) AND `product_category`.`delete_time` IS NULL LIMIT 1 [ RunTime:0.020235s ]
[2022-04-23T22:06:22+08:00][sql] SHOW FULL COLUMNS FROM `product_specs_value` [ RunTime:0.017151s ]
[2022-04-23T22:06:22+08:00][sql] SELECT * FROM `product_specs_value` WHERE  `id` IN (4,12,19) [ RunTime:0.015017s ]
[2022-04-23T22:06:22+08:00][sql] SELECT * FROM `product_specs_value` WHERE  `id` IN (5,12,20) [ RunTime:0.017110s ]
[2022-04-23T22:06:22+08:00][sql] SELECT * FROM `product` WHERE (  `id` = 18 ) AND `product`.`delete_time` IS NULL LIMIT 1 [ RunTime:0.223783s ]
[2022-04-23T22:06:22+08:00][sql] SHOW FULL COLUMNS FROM `product_specs` [ RunTime:0.018444s ]
[2022-04-23T22:06:22+08:00][sql] SELECT * FROM `product_specs` WHERE (  `product_id` = 18 ) AND `product_specs`.`delete_time` IS NULL [ RunTime:0.013992s ]
[2022-04-23T22:06:22+08:00][sql] SHOW FULL COLUMNS FROM `product_img` [ RunTime:0.016842s ]
[2022-04-23T22:07:04+08:00][sql] CONNECT:[ UseTime:0.026383s ] mysql:host=124.71.218.160;port=3306;dbname=www_ruiwen_com;charset=utf8
[2022-04-23T22:07:04+08:00][sql] SHOW FULL COLUMNS FROM `product` [ RunTime:0.021728s ]
[2022-04-23T22:07:04+08:00][sql] SELECT `id` FROM `product` WHERE  `name` = '苹果se3'  AND `id` <> 18 LIMIT 1 [ RunTime:0.014933s ]
[2022-04-23T22:07:04+08:00][sql] SHOW FULL COLUMNS FROM `product_category` [ RunTime:0.020979s ]
[2022-04-23T22:07:04+08:00][sql] SELECT * FROM `product_category` WHERE (  `id` = 1 ) AND `product_category`.`delete_time` IS NULL LIMIT 1 [ RunTime:0.014894s ]
[2022-04-23T22:07:04+08:00][sql] SHOW FULL COLUMNS FROM `product_specs_value` [ RunTime:0.018594s ]
[2022-04-23T22:07:04+08:00][sql] SELECT * FROM `product_specs_value` WHERE  `id` IN (4,12,19) [ RunTime:0.017256s ]
[2022-04-23T22:07:04+08:00][sql] SELECT * FROM `product_specs_value` WHERE  `id` IN (5,12,20) [ RunTime:0.019005s ]
[2022-04-23T22:07:04+08:00][sql] SELECT * FROM `product` WHERE (  `id` = 18 ) AND `product`.`delete_time` IS NULL LIMIT 1 [ RunTime:0.016280s ]
[2022-04-23T22:07:04+08:00][sql] SHOW FULL COLUMNS FROM `product_specs` [ RunTime:0.015569s ]
[2022-04-23T22:07:04+08:00][sql] SELECT * FROM `product_specs` WHERE (  `product_id` = 18 ) AND `product_specs`.`delete_time` IS NULL [ RunTime:0.017357s ]
[2022-04-23T22:07:04+08:00][sql] SHOW FULL COLUMNS FROM `product_img` [ RunTime:0.014302s ]
[2022-04-23T22:07:04+08:00][sql] SELECT * FROM `product_img` WHERE (  `product_id` = 18 ) AND `product_img`.`delete_time` IS NULL [ RunTime:0.021400s ]
[2022-04-23T22:07:15+08:00][sql] CONNECT:[ UseTime:0.022121s ] mysql:host=124.71.218.160;port=3306;dbname=www_ruiwen_com;charset=utf8
[2022-04-23T22:07:15+08:00][sql] SHOW FULL COLUMNS FROM `product` [ RunTime:0.014853s ]
[2022-04-23T22:07:15+08:00][sql] SELECT `id` FROM `product` WHERE  `name` = '苹果se3'  AND `id` <> 18 LIMIT 1 [ RunTime:0.022417s ]
[2022-04-23T22:07:15+08:00][sql] SHOW FULL COLUMNS FROM `product_category` [ RunTime:0.016444s ]
[2022-04-23T22:07:15+08:00][sql] SELECT * FROM `product_category` WHERE (  `id` = 1 ) AND `product_category`.`delete_time` IS NULL LIMIT 1 [ RunTime:0.016871s ]
[2022-04-23T22:07:15+08:00][sql] SHOW FULL COLUMNS FROM `product_specs_value` [ RunTime:0.015542s ]
[2022-04-23T22:07:15+08:00][sql] SELECT * FROM `product_specs_value` WHERE  `id` IN (4,12,19) [ RunTime:0.018387s ]
[2022-04-23T22:07:15+08:00][sql] SELECT * FROM `product_specs_value` WHERE  `id` IN (5,12,20) [ RunTime:0.030347s ]
[2022-04-23T22:07:15+08:00][sql] SELECT * FROM `product` WHERE (  `id` = 18 ) AND `product`.`delete_time` IS NULL LIMIT 1 [ RunTime:0.024311s ]
[2022-04-23T22:07:15+08:00][sql] SHOW FULL COLUMNS FROM `product_specs` [ RunTime:0.027039s ]
[2022-04-23T22:07:15+08:00][sql] SELECT * FROM `product_specs` WHERE (  `product_id` = 18 ) AND `product_specs`.`delete_time` IS NULL [ RunTime:0.016272s ]
[2022-04-23T22:07:15+08:00][sql] SHOW FULL COLUMNS FROM `product_img` [ RunTime:0.027314s ]
[2022-04-23T22:07:15+08:00][sql] SELECT * FROM `product_img` WHERE (  `product_id` = 18 ) AND `product_img`.`delete_time` IS NULL [ RunTime:0.019387s ]
[2022-04-23T22:07:34+08:00][sql] CONNECT:[ UseTime:0.032299s ] mysql:host=124.71.218.160;port=3306;dbname=www_ruiwen_com;charset=utf8
[2022-04-23T22:07:34+08:00][sql] SHOW FULL COLUMNS FROM `product` [ RunTime:0.019503s ]
[2022-04-23T22:07:34+08:00][sql] SELECT `id` FROM `product` WHERE  `name` = '苹果se3'  AND `id` <> 18 LIMIT 1 [ RunTime:0.014338s ]
[2022-04-23T22:07:34+08:00][sql] SHOW FULL COLUMNS FROM `product_category` [ RunTime:0.018955s ]
[2022-04-23T22:07:34+08:00][sql] SELECT * FROM `product_category` WHERE (  `id` = 1 ) AND `product_category`.`delete_time` IS NULL LIMIT 1 [ RunTime:0.016081s ]
[2022-04-23T22:07:34+08:00][sql] SHOW FULL COLUMNS FROM `product_specs_value` [ RunTime:0.020344s ]
[2022-04-23T22:07:34+08:00][sql] SELECT * FROM `product_specs_value` WHERE  `id` IN (4,12,19) [ RunTime:0.016714s ]
[2022-04-23T22:07:34+08:00][sql] SELECT * FROM `product_specs_value` WHERE  `id` IN (5,12,20) [ RunTime:0.021744s ]
[2022-04-23T22:07:34+08:00][sql] SELECT * FROM `product` WHERE (  `id` = 18 ) AND `product`.`delete_time` IS NULL LIMIT 1 [ RunTime:0.016970s ]
[2022-04-23T22:07:34+08:00][sql] SHOW FULL COLUMNS FROM `product_specs` [ RunTime:0.019807s ]
[2022-04-23T22:07:34+08:00][sql] SELECT * FROM `product_specs` WHERE (  `product_id` = 18 ) AND `product_specs`.`delete_time` IS NULL [ RunTime:0.016990s ]
[2022-04-23T22:07:34+08:00][sql] SHOW FULL COLUMNS FROM `product_img` [ RunTime:0.017054s ]
[2022-04-23T22:07:34+08:00][sql] SELECT * FROM `product_img` WHERE (  `product_id` = 18 ) AND `product_img`.`delete_time` IS NULL [ RunTime:0.022550s ]
[2022-04-23T22:07:34+08:00][sql] UPDATE `product_img`  SET `delete_time` = 1650722854  WHERE (  `id` = 1 ) AND `product_img`.`delete_time` IS NULL [ RunTime:0.019732s ]
[2022-04-23T22:35:01+08:00][sql] CONNECT:[ UseTime:3.047391s ] mysql:host=124.71.218.160;port=3306;dbname=www_ruiwen_com;charset=utf8
[2022-04-23T22:35:01+08:00][sql] SHOW FULL COLUMNS FROM `product` [ RunTime:0.023525s ]
[2022-04-23T22:35:01+08:00][sql] SELECT `id` FROM `product` WHERE  `name` = '苹果se'  AND `id` <> 18 LIMIT 1 [ RunTime:0.015653s ]
[2022-04-23T22:35:01+08:00][error] [300][D:\Web\www.ruiwen.com\app\common\middleware\CheckParams.php:62]
[2022-04-23T22:35:21+08:00][sql] CONNECT:[ UseTime:0.061026s ] mysql:host=124.71.218.160;port=3306;dbname=www_ruiwen_com;charset=utf8
[2022-04-23T22:35:21+08:00][sql] SHOW FULL COLUMNS FROM `product` [ RunTime:0.059345s ]
[2022-04-23T22:35:21+08:00][sql] SELECT `id` FROM `product` WHERE  `name` = '苹果se'  AND `id` <> 18 LIMIT 1 [ RunTime:0.086136s ]
[2022-04-23T22:35:21+08:00][sql] SHOW FULL COLUMNS FROM `product_category` [ RunTime:0.056169s ]
[2022-04-23T22:35:21+08:00][sql] SELECT * FROM `product_category` WHERE (  `id` = 1 ) AND `product_category`.`delete_time` IS NULL LIMIT 1 [ RunTime:0.278746s ]
[2022-04-23T22:35:21+08:00][sql] SHOW FULL COLUMNS FROM `product_specs_value` [ RunTime:0.017962s ]
[2022-04-23T22:35:21+08:00][sql] SELECT * FROM `product_specs_value` WHERE  `id` IN (4,12,21) [ RunTime:0.014872s ]
[2022-04-23T22:35:21+08:00][sql] SELECT * FROM `product_specs_value` WHERE  `id` IN (5,12,20) [ RunTime:0.018069s ]
[2022-04-23T22:35:21+08:00][sql] SELECT * FROM `product` WHERE (  `id` = 18 ) AND `product`.`delete_time` IS NULL LIMIT 1 [ RunTime:0.014829s ]
[2022-04-23T22:35:21+08:00][sql] SHOW FULL COLUMNS FROM `product_specs` [ RunTime:0.015326s ]
[2022-04-23T22:35:21+08:00][sql] SELECT * FROM `product_specs` WHERE (  `product_id` = 18 ) AND `product_specs`.`delete_time` IS NULL [ RunTime:0.024896s ]
[2022-04-23T22:35:21+08:00][sql] UPDATE `product`  SET `name` = '苹果se' , `market_price` = '1200' , `shop_price` = '1100' , `stock` = 300 , `is_hot` = 0 , `product_category_id` = 1 , `update_time` = 1650724521  WHERE (  `id` = 18 ) AND `product`.`delete_time` IS NULL [ RunTime:0.021693s ]
[2022-04-23T22:35:21+08:00][error] [0]Call to a member function delete() on array[D:\Web\www.ruiwen.com\app\admin\logic\Product.php:47]
[2022-04-23T22:35:53+08:00][sql] CONNECT:[ UseTime:0.021183s ] mysql:host=124.71.218.160;port=3306;dbname=www_ruiwen_com;charset=utf8
[2022-04-23T22:35:53+08:00][sql] SHOW FULL COLUMNS FROM `product` [ RunTime:0.016073s ]
[2022-04-23T22:35:53+08:00][sql] SELECT `id` FROM `product` WHERE  `name` = '苹果se'  AND `id` <> 18 LIMIT 1 [ RunTime:0.013007s ]
[2022-04-23T22:35:53+08:00][sql] SHOW FULL COLUMNS FROM `product_category` [ RunTime:0.015096s ]
[2022-04-23T22:35:53+08:00][sql] SELECT * FROM `product_category` WHERE (  `id` = 1 ) AND `product_category`.`delete_time` IS NULL LIMIT 1 [ RunTime:0.014928s ]
[2022-04-23T22:35:53+08:00][sql] SHOW FULL COLUMNS FROM `product_specs_value` [ RunTime:0.017748s ]
[2022-04-23T22:35:53+08:00][sql] SELECT * FROM `product_specs_value` WHERE  `id` IN (4,12,21) [ RunTime:0.012364s ]
[2022-04-23T22:35:53+08:00][sql] SELECT * FROM `product_specs_value` WHERE  `id` IN (5,12,20) [ RunTime:0.016262s ]
[2022-04-23T22:35:53+08:00][sql] SELECT * FROM `product` WHERE (  `id` = 18 ) AND `product`.`delete_time` IS NULL LIMIT 1 [ RunTime:0.015296s ]
[2022-04-23T22:35:53+08:00][sql] SHOW FULL COLUMNS FROM `product_specs` [ RunTime:0.014080s ]
[2022-04-23T22:35:53+08:00][sql] SELECT * FROM `product_specs` WHERE (  `product_id` = 18 ) AND `product_specs`.`delete_time` IS NULL [ RunTime:0.012607s ]
[2022-04-23T22:35:53+08:00][sql] UPDATE `product`  SET `name` = '苹果se' , `market_price` = '1200' , `shop_price` = '1100' , `stock` = 300 , `is_hot` = 0 , `product_category_id` = 1 , `update_time` = 1650724553  WHERE (  `id` = 18 ) AND `product`.`delete_time` IS NULL [ RunTime:0.012709s ]
[2022-04-23T22:35:53+08:00][sql] SHOW FULL COLUMNS FROM `product_img` [ RunTime:0.014959s ]
[2022-04-23T22:35:53+08:00][sql] SELECT * FROM `product_img` WHERE (  `product_id` = 18 ) AND `product_img`.`delete_time` IS NULL [ RunTime:0.015227s ]
[2022-04-23T22:35:53+08:00][error] [400][D:\Web\www.ruiwen.com\app\admin\logic\Product.php:88]
[2022-04-23T22:36:09+08:00][sql] CONNECT:[ UseTime:0.019993s ] mysql:host=124.71.218.160;port=3306;dbname=www_ruiwen_com;charset=utf8
[2022-04-23T22:36:09+08:00][sql] SHOW FULL COLUMNS FROM `product` [ RunTime:0.017503s ]
[2022-04-23T22:36:09+08:00][sql] SELECT `id` FROM `product` WHERE  `name` = '苹果se'  AND `id` <> 18 LIMIT 1 [ RunTime:0.013548s ]
[2022-04-23T22:36:09+08:00][sql] SHOW FULL COLUMNS FROM `product_category` [ RunTime:0.014158s ]
[2022-04-23T22:36:09+08:00][sql] SELECT * FROM `product_category` WHERE (  `id` = 1 ) AND `product_category`.`delete_time` IS NULL LIMIT 1 [ RunTime:0.013436s ]
[2022-04-23T22:36:09+08:00][sql] SHOW FULL COLUMNS FROM `product_specs_value` [ RunTime:0.018375s ]
[2022-04-23T22:36:09+08:00][sql] SELECT * FROM `product_specs_value` WHERE  `id` IN (4,12,21) [ RunTime:0.014834s ]
[2022-04-23T22:36:09+08:00][sql] SELECT * FROM `product_specs_value` WHERE  `id` IN (5,12,20) [ RunTime:0.019836s ]
[2022-04-23T22:36:09+08:00][sql] SELECT * FROM `product` WHERE (  `id` = 18 ) AND `product`.`delete_time` IS NULL LIMIT 1 [ RunTime:0.014472s ]
[2022-04-23T22:36:09+08:00][sql] SHOW FULL COLUMNS FROM `product_specs` [ RunTime:0.014052s ]
[2022-04-23T22:36:09+08:00][sql] SELECT * FROM `product_specs` WHERE (  `product_id` = 18 ) AND `product_specs`.`delete_time` IS NULL [ RunTime:0.016352s ]
[2022-04-23T22:36:09+08:00][sql] UPDATE `product`  SET `name` = '苹果se' , `market_price` = '1200' , `shop_price` = '1100' , `stock` = 300 , `is_hot` = 0 , `product_category_id` = 1 , `update_time` = 1650724569  WHERE (  `id` = 18 ) AND `product`.`delete_time` IS NULL [ RunTime:0.013689s ]
[2022-04-23T22:36:09+08:00][error] [0]Call to a member function delete() on array[D:\Web\www.ruiwen.com\app\admin\logic\Product.php:47]
[2022-04-23T22:36:44+08:00][sql] CONNECT:[ UseTime:0.064077s ] mysql:host=124.71.218.160;port=3306;dbname=www_ruiwen_com;charset=utf8
[2022-04-23T22:36:44+08:00][sql] SHOW FULL COLUMNS FROM `product` [ RunTime:0.047265s ]
[2022-04-23T22:36:44+08:00][sql] SELECT `id` FROM `product` WHERE  `name` = '苹果se'  AND `id` <> 18 LIMIT 1 [ RunTime:0.019359s ]
[2022-04-23T22:36:44+08:00][sql] SHOW FULL COLUMNS FROM `product_category` [ RunTime:0.048985s ]
[2022-04-23T22:36:44+08:00][sql] SELECT * FROM `product_category` WHERE (  `id` = 1 ) AND `product_category`.`delete_time` IS NULL LIMIT 1 [ RunTime:0.055431s ]
[2022-04-23T22:36:44+08:00][sql] SHOW FULL COLUMNS FROM `product_specs_value` [ RunTime:0.073675s ]
[2022-04-23T22:36:44+08:00][sql] SELECT * FROM `product_specs_value` WHERE  `id` IN (4,12,21) [ RunTime:0.069367s ]
[2022-04-23T22:36:44+08:00][sql] SELECT * FROM `product_specs_value` WHERE  `id` IN (5,12,20) [ RunTime:0.267340s ]
[2022-04-23T22:36:44+08:00][sql] SELECT * FROM `product` WHERE (  `id` = 18 ) AND `product`.`delete_time` IS NULL LIMIT 1 [ RunTime:0.022923s ]
[2022-04-23T22:36:44+08:00][sql] SHOW FULL COLUMNS FROM `product_specs` [ RunTime:0.015747s ]
[2022-04-23T22:36:44+08:00][sql] SELECT * FROM `product_specs` WHERE (  `product_id` = 18 ) AND `product_specs`.`delete_time` IS NULL [ RunTime:0.017189s ]
[2022-04-23T22:36:44+08:00][sql] UPDATE `product_specs`  SET `delete_time` = 1650724604 , `update_time` = 1650724604  WHERE (  `id` = 102 ) AND `product_specs`.`delete_time` IS NULL [ RunTime:0.015057s ]
[2022-04-23T22:36:44+08:00][sql] UPDATE `product_specs`  SET `delete_time` = 1650724604 , `update_time` = 1650724604  WHERE (  `id` = 103 ) AND `product_specs`.`delete_time` IS NULL [ RunTime:0.015475s ]
[2022-04-23T22:55:47+08:00][sql] CONNECT:[ UseTime:0.020336s ] mysql:host=124.71.218.160;port=3306;dbname=www_ruiwen_com;charset=utf8
[2022-04-23T22:55:47+08:00][sql] SHOW FULL COLUMNS FROM `product` [ RunTime:0.019364s ]
[2022-04-23T22:55:47+08:00][sql] SELECT `id` FROM `product` WHERE  `name` = '苹果se'  AND `id` <> 18 LIMIT 1 [ RunTime:0.013261s ]
[2022-04-23T22:55:47+08:00][sql] SHOW FULL COLUMNS FROM `product_category` [ RunTime:0.014887s ]
[2022-04-23T22:55:47+08:00][sql] SELECT * FROM `product_category` WHERE (  `id` = 1 ) AND `product_category`.`delete_time` IS NULL LIMIT 1 [ RunTime:0.013542s ]
[2022-04-23T22:55:47+08:00][sql] SHOW FULL COLUMNS FROM `product_specs_value` [ RunTime:0.012566s ]
[2022-04-23T22:55:47+08:00][sql] SELECT * FROM `product_specs_value` WHERE  `id` IN (4,12,21) [ RunTime:0.013612s ]
[2022-04-23T22:55:47+08:00][sql] SELECT * FROM `product_specs_value` WHERE  `id` IN (5,12,20) [ RunTime:0.218329s ]
[2022-04-23T22:55:47+08:00][sql] SELECT * FROM `product` WHERE (  `id` = 18 ) AND `product`.`delete_time` IS NULL LIMIT 1 [ RunTime:0.017656s ]
[2022-04-23T22:55:47+08:00][sql] UPDATE `product`  SET `name` = '苹果se' , `market_price` = '1200' , `shop_price` = '1100' , `stock` = 300 , `is_hot` = 0 , `product_category_id` = 1 , `update_time` = 1650725747  WHERE (  `id` = 18 ) AND `product`.`delete_time` IS NULL [ RunTime:0.013558s ]
[2022-04-23T22:55:47+08:00][error] [0]Call to a member function delete() on array[D:\Web\www.ruiwen.com\app\admin\logic\Product.php:44]
[2022-04-23T22:56:52+08:00][sql] CONNECT:[ UseTime:0.238628s ] mysql:host=124.71.218.160;port=3306;dbname=www_ruiwen_com;charset=utf8
[2022-04-23T22:56:52+08:00][sql] SHOW FULL COLUMNS FROM `product` [ RunTime:0.017331s ]
[2022-04-23T22:56:52+08:00][sql] SELECT `id` FROM `product` WHERE  `name` = '苹果se'  AND `id` <> 18 LIMIT 1 [ RunTime:0.017274s ]
[2022-04-23T22:56:52+08:00][sql] SHOW FULL COLUMNS FROM `product_category` [ RunTime:0.017708s ]
[2022-04-23T22:56:52+08:00][sql] SELECT * FROM `product_category` WHERE (  `id` = 1 ) AND `product_category`.`delete_time` IS NULL LIMIT 1 [ RunTime:0.023662s ]
[2022-04-23T22:56:52+08:00][sql] SHOW FULL COLUMNS FROM `product_specs_value` [ RunTime:0.017703s ]
[2022-04-23T22:56:52+08:00][sql] SELECT * FROM `product_specs_value` WHERE  `id` IN (4,12,21) [ RunTime:0.017114s ]
[2022-04-23T22:56:52+08:00][sql] SELECT * FROM `product_specs_value` WHERE  `id` IN (5,12,20) [ RunTime:0.017763s ]
[2022-04-23T22:56:52+08:00][sql] SELECT * FROM `product` WHERE (  `id` = 18 ) AND `product`.`delete_time` IS NULL LIMIT 1 [ RunTime:0.019451s ]
[2022-04-23T22:56:52+08:00][sql] SHOW FULL COLUMNS FROM `product_specs` [ RunTime:0.021873s ]
[2022-04-23T22:56:52+08:00][sql] SELECT * FROM `product_specs` WHERE (  `product_id` = 18 ) AND `product_specs`.`delete_time` IS NULL [ RunTime:0.017856s ]
[2022-04-23T22:56:52+08:00][sql] SHOW FULL COLUMNS FROM `product_img` [ RunTime:0.029993s ]
[2022-04-23T22:56:52+08:00][sql] SELECT * FROM `product_img` WHERE (  `product_id` = 18 ) AND `product_img`.`delete_time` IS NULL [ RunTime:0.015077s ]
[2022-04-23T22:56:52+08:00][sql] REPLACE INTO `product_specs` SET `product_id` = 18 , `specs_value_id` = '4,12,21' , `price` = '6900' , `stock` = 12 , `create_time` = 1650725812 , `update_time` = 1650725812 [ RunTime:0.016518s ]
[2022-04-23T22:56:52+08:00][sql] REPLACE INTO `product_specs` SET `product_id` = 18 , `specs_value_id` = '5,12,20' , `price` = '8000' , `stock` = 3 , `create_time` = 1650725812 , `update_time` = 1650725812 [ RunTime:0.016147s ]
[2022-04-23T22:56:52+08:00][error] [400][D:\Web\www.ruiwen.com\app\admin\logic\Product.php:86]
[2022-04-23T22:57:41+08:00][sql] CONNECT:[ UseTime:0.024359s ] mysql:host=124.71.218.160;port=3306;dbname=www_ruiwen_com;charset=utf8
[2022-04-23T22:57:41+08:00][sql] SHOW FULL COLUMNS FROM `product` [ RunTime:0.019289s ]
[2022-04-23T22:57:41+08:00][sql] SELECT `id` FROM `product` WHERE  `name` = '苹果se'  AND `id` <> 18 LIMIT 1 [ RunTime:0.220039s ]
[2022-04-23T22:57:41+08:00][sql] SHOW FULL COLUMNS FROM `product_category` [ RunTime:0.016995s ]
[2022-04-23T22:57:41+08:00][sql] SELECT * FROM `product_category` WHERE (  `id` = 1 ) AND `product_category`.`delete_time` IS NULL LIMIT 1 [ RunTime:0.018487s ]
[2022-04-23T22:57:41+08:00][sql] SHOW FULL COLUMNS FROM `product_specs_value` [ RunTime:0.014468s ]
[2022-04-23T22:57:41+08:00][sql] SELECT * FROM `product_specs_value` WHERE  `id` IN (4,12,21) [ RunTime:0.031688s ]
[2022-04-23T22:57:41+08:00][sql] SELECT * FROM `product_specs_value` WHERE  `id` IN (5,12,20) [ RunTime:0.021210s ]
[2022-04-23T22:57:41+08:00][sql] SELECT * FROM `product` WHERE (  `id` = 18 ) AND `product`.`delete_time` IS NULL LIMIT 1 [ RunTime:0.017356s ]
[2022-04-23T22:58:45+08:00][sql] CONNECT:[ UseTime:0.022090s ] mysql:host=124.71.218.160;port=3306;dbname=www_ruiwen_com;charset=utf8
[2022-04-23T22:58:45+08:00][sql] SHOW FULL COLUMNS FROM `product` [ RunTime:0.017864s ]
[2022-04-23T22:58:45+08:00][sql] SELECT `id` FROM `product` WHERE  `name` = '苹果se'  AND `id` <> 18 LIMIT 1 [ RunTime:0.015718s ]
[2022-04-23T22:58:45+08:00][sql] SHOW FULL COLUMNS FROM `product_category` [ RunTime:0.017945s ]
[2022-04-23T22:58:45+08:00][sql] SELECT * FROM `product_category` WHERE (  `id` = 1 ) AND `product_category`.`delete_time` IS NULL LIMIT 1 [ RunTime:0.016276s ]
[2022-04-23T22:58:45+08:00][sql] SHOW FULL COLUMNS FROM `product_specs_value` [ RunTime:0.015954s ]
[2022-04-23T22:58:45+08:00][sql] SELECT * FROM `product_specs_value` WHERE  `id` IN (4,12,21) [ RunTime:0.017522s ]
[2022-04-23T22:58:45+08:00][sql] SELECT * FROM `product_specs_value` WHERE  `id` IN (5,12,20) [ RunTime:0.019040s ]
[2022-04-23T22:58:45+08:00][sql] SELECT * FROM `product` WHERE (  `id` = 18 ) AND `product`.`delete_time` IS NULL LIMIT 1 [ RunTime:0.015365s ]
[2022-04-23T22:58:45+08:00][error] [400][D:\Web\www.ruiwen.com\app\admin\logic\Product.php:86]
[2022-04-23T22:59:47+08:00][error] [10501]SQLSTATE[HY000] [2002] 由于连接方在一段时间后没有正确答复或连接的主机没有反应，连接尝试失败。
[D:\Web\www.ruiwen.com\vendor\topthink\think-orm\src\db\PDOConnection.php:796]
[2022-04-23T23:00:03+08:00][sql] CONNECT:[ UseTime:1.028464s ] mysql:host=124.71.218.160;port=3306;dbname=www_ruiwen_com;charset=utf8
[2022-04-23T23:00:03+08:00][sql] SHOW FULL COLUMNS FROM `product` [ RunTime:0.019775s ]
[2022-04-23T23:00:03+08:00][sql] SELECT `id` FROM `product` WHERE  `name` = '苹果se'  AND `id` <> 18 LIMIT 1 [ RunTime:0.014578s ]
[2022-04-23T23:00:03+08:00][sql] SHOW FULL COLUMNS FROM `product_category` [ RunTime:0.017888s ]
[2022-04-23T23:00:03+08:00][sql] SELECT * FROM `product_category` WHERE (  `id` = 1 ) AND `product_category`.`delete_time` IS NULL LIMIT 1 [ RunTime:0.224220s ]
[2022-04-23T23:00:03+08:00][sql] SHOW FULL COLUMNS FROM `product_specs_value` [ RunTime:0.018428s ]
[2022-04-23T23:00:03+08:00][sql] SELECT * FROM `product_specs_value` WHERE  `id` IN (4,12,21) [ RunTime:0.015353s ]
[2022-04-23T23:00:03+08:00][sql] SELECT * FROM `product_specs_value` WHERE  `id` IN (5,12,20) [ RunTime:0.017993s ]
[2022-04-23T23:00:03+08:00][sql] SELECT * FROM `product` WHERE (  `id` = 18 ) AND `product`.`delete_time` IS NULL LIMIT 1 [ RunTime:0.018841s ]
[2022-04-23T23:00:03+08:00][sql] SHOW FULL COLUMNS FROM `product_specs` [ RunTime:0.034579s ]
[2022-04-23T23:00:03+08:00][sql] SELECT * FROM `product_specs` WHERE (  `product_id` = 18 ) AND `product_specs`.`delete_time` IS NULL [ RunTime:0.018768s ]
[2022-04-23T23:00:03+08:00][sql] SHOW FULL COLUMNS FROM `product_img` [ RunTime:0.026754s ]
[2022-04-23T23:00:03+08:00][sql] SELECT * FROM `product_img` WHERE (  `product_id` = 18 ) AND `product_img`.`delete_time` IS NULL [ RunTime:0.022028s ]
[2022-04-23T23:00:03+08:00][sql] REPLACE INTO `product_specs` SET `product_id` = 18 , `specs_value_id` = '4,12,21' , `price` = '6900' , `stock` = 12 , `create_time` = 1650726003 , `update_time` = 1650726003 [ RunTime:0.026952s ]
[2022-04-23T23:00:03+08:00][sql] REPLACE INTO `product_specs` SET `product_id` = 18 , `specs_value_id` = '5,12,20' , `price` = '8000' , `stock` = 3 , `create_time` = 1650726003 , `update_time` = 1650726003 [ RunTime:0.013495s ]
[2022-04-23T23:00:03+08:00][error] [400][D:\Web\www.ruiwen.com\app\admin\logic\Product.php:86]
[2022-04-23T23:01:26+08:00][error] [10501]SQLSTATE[HY000] [2002] 由于连接方在一段时间后没有正确答复或连接的主机没有反应，连接尝试失败。
[D:\Web\www.ruiwen.com\vendor\topthink\think-orm\src\db\PDOConnection.php:796]
[2022-04-23T23:01:45+08:00][sql] CONNECT:[ UseTime:1.033018s ] mysql:host=124.71.218.160;port=3306;dbname=www_ruiwen_com;charset=utf8
[2022-04-23T23:01:45+08:00][sql] SHOW FULL COLUMNS FROM `product` [ RunTime:0.014106s ]
[2022-04-23T23:01:45+08:00][sql] SELECT `id` FROM `product` WHERE  `name` = '苹果se'  AND `id` <> 18 LIMIT 1 [ RunTime:0.015041s ]
[2022-04-23T23:01:45+08:00][sql] SHOW FULL COLUMNS FROM `product_category` [ RunTime:0.016538s ]
[2022-04-23T23:01:45+08:00][sql] SELECT * FROM `product_category` WHERE (  `id` = 1 ) AND `product_category`.`delete_time` IS NULL LIMIT 1 [ RunTime:0.014869s ]
[2022-04-23T23:01:45+08:00][sql] SHOW FULL COLUMNS FROM `product_specs_value` [ RunTime:0.017056s ]
[2022-04-23T23:01:45+08:00][sql] SELECT * FROM `product_specs_value` WHERE  `id` IN (4,12,21) [ RunTime:0.013379s ]
[2022-04-23T23:01:45+08:00][sql] SELECT * FROM `product_specs_value` WHERE  `id` IN (5,12,20) [ RunTime:0.013343s ]
[2022-04-23T23:01:45+08:00][sql] SELECT * FROM `product` WHERE (  `id` = 18 ) AND `product`.`delete_time` IS NULL LIMIT 1 [ RunTime:0.013502s ]
[2022-04-23T23:01:45+08:00][sql] SHOW FULL COLUMNS FROM `product_specs` [ RunTime:0.013593s ]
[2022-04-23T23:01:45+08:00][sql] SELECT * FROM `product_specs` WHERE (  `product_id` = 18 ) AND `product_specs`.`delete_time` IS NULL [ RunTime:0.013087s ]
[2022-04-23T23:01:45+08:00][error] [400][D:\Web\www.ruiwen.com\app\admin\logic\Product.php:88]
[2022-04-23T23:02:34+08:00][error] [10501]SQLSTATE[HY000] [2002] 由于连接方在一段时间后没有正确答复或连接的主机没有反应，连接尝试失败。
[D:\Web\www.ruiwen.com\vendor\topthink\think-orm\src\db\PDOConnection.php:796]
[2022-04-23T23:04:07+08:00][sql] CONNECT:[ UseTime:7.059120s ] mysql:host=124.71.218.160;port=3306;dbname=www_ruiwen_com;charset=utf8
[2022-04-23T23:04:07+08:00][sql] SHOW FULL COLUMNS FROM `product` [ RunTime:0.018247s ]
[2022-04-23T23:04:07+08:00][sql] SELECT `id` FROM `product` WHERE  `name` = '苹果se'  AND `id` <> 18 LIMIT 1 [ RunTime:0.090319s ]
[2022-04-23T23:04:07+08:00][sql] SHOW FULL COLUMNS FROM `product_category` [ RunTime:0.081513s ]
[2022-04-23T23:04:07+08:00][sql] SELECT * FROM `product_category` WHERE (  `id` = 1 ) AND `product_category`.`delete_time` IS NULL LIMIT 1 [ RunTime:0.069900s ]
[2022-04-23T23:04:07+08:00][sql] SHOW FULL COLUMNS FROM `product_specs_value` [ RunTime:0.291321s ]
[2022-04-23T23:04:07+08:00][sql] SELECT * FROM `product_specs_value` WHERE  `id` IN (4,12,21) [ RunTime:0.068759s ]
[2022-04-23T23:04:07+08:00][sql] SELECT * FROM `product_specs_value` WHERE  `id` IN (5,12,20) [ RunTime:0.085047s ]
[2022-04-23T23:04:07+08:00][sql] SELECT * FROM `product` WHERE (  `id` = 18 ) AND `product`.`delete_time` IS NULL LIMIT 1 [ RunTime:0.076756s ]
[2022-04-23T23:04:07+08:00][sql] SHOW FULL COLUMNS FROM `product_specs` [ RunTime:0.071602s ]
[2022-04-23T23:04:07+08:00][sql] SELECT * FROM `product_specs` WHERE (  `product_id` = 18 ) AND `product_specs`.`delete_time` IS NULL [ RunTime:0.302101s ]
[2022-04-23T23:04:07+08:00][sql] SHOW FULL COLUMNS FROM `product_img` [ RunTime:0.067873s ]
[2022-04-23T23:04:07+08:00][sql] SELECT * FROM `product_img` WHERE (  `product_id` = 18 ) AND `product_img`.`delete_time` IS NULL [ RunTime:0.069321s ]
[2022-04-23T23:04:07+08:00][error] [400][D:\Web\www.ruiwen.com\app\admin\logic\Product.php:88]
[2022-04-23T23:05:18+08:00][error] [10501]SQLSTATE[HY000] [2002] 由于连接方在一段时间后没有正确答复或连接的主机没有反应，连接尝试失败。
[D:\Web\www.ruiwen.com\vendor\topthink\think-orm\src\db\PDOConnection.php:796]
[2022-04-23T23:05:46+08:00][error] [10501]SQLSTATE[HY000] [1045] Access denied for user 'www_ruiwen_com'@'120.85.183.200' (using password: NO)[D:\Web\www.ruiwen.com\vendor\topthink\think-orm\src\db\PDOConnection.php:796]
[2022-04-23T23:05:57+08:00][sql] CONNECT:[ UseTime:0.025392s ] mysql:host=124.71.218.160;port=3306;dbname=www_ruiwen_com;charset=utf8
[2022-04-23T23:05:57+08:00][sql] SHOW FULL COLUMNS FROM `product` [ RunTime:0.014519s ]
[2022-04-23T23:05:57+08:00][sql] SELECT `id` FROM `product` WHERE  `name` = '苹果se'  AND `id` <> 18 LIMIT 1 [ RunTime:0.013782s ]
[2022-04-23T23:05:57+08:00][sql] SHOW FULL COLUMNS FROM `product_category` [ RunTime:0.021389s ]
[2022-04-23T23:05:57+08:00][sql] SELECT * FROM `product_category` WHERE (  `id` = 1 ) AND `product_category`.`delete_time` IS NULL LIMIT 1 [ RunTime:0.015937s ]
[2022-04-23T23:05:57+08:00][sql] SHOW FULL COLUMNS FROM `product_specs_value` [ RunTime:0.020883s ]
[2022-04-23T23:05:57+08:00][sql] SELECT * FROM `product_specs_value` WHERE  `id` IN (4,12,21) [ RunTime:0.016168s ]
[2022-04-23T23:05:57+08:00][sql] SELECT * FROM `product_specs_value` WHERE  `id` IN (5,12,20) [ RunTime:0.014025s ]
[2022-04-23T23:05:57+08:00][sql] SELECT * FROM `product` WHERE (  `id` = 18 ) AND `product`.`delete_time` IS NULL LIMIT 1 [ RunTime:0.021564s ]
[2022-04-23T23:05:57+08:00][sql] SHOW FULL COLUMNS FROM `product_specs` [ RunTime:0.015736s ]
[2022-04-23T23:05:57+08:00][sql] SELECT * FROM `product_specs` WHERE (  `product_id` = 18 ) AND `product_specs`.`delete_time` IS NULL [ RunTime:0.014566s ]
[2022-04-23T23:05:57+08:00][sql] SHOW FULL COLUMNS FROM `product_img` [ RunTime:0.015580s ]
[2022-04-23T23:05:57+08:00][sql] SELECT * FROM `product_img` WHERE (  `product_id` = 18 ) AND `product_img`.`delete_time` IS NULL [ RunTime:0.015496s ]
[2022-04-23T23:05:57+08:00][sql] REPLACE INTO `product_specs` SET `product_id` = 18 , `specs_value_id` = '4,12,21' , `price` = '6900' , `stock` = 12 , `create_time` = 1650726357 , `update_time` = 1650726357 [ RunTime:0.019482s ]
[2022-04-23T23:05:57+08:00][sql] REPLACE INTO `product_specs` SET `product_id` = 18 , `specs_value_id` = '5,12,20' , `price` = '8000' , `stock` = 3 , `create_time` = 1650726357 , `update_time` = 1650726357 [ RunTime:0.015778s ]
[2022-04-23T23:05:57+08:00][error] [400][D:\Web\www.ruiwen.com\app\admin\logic\Product.php:86]
[2022-04-23T23:06:21+08:00][sql] CONNECT:[ UseTime:0.020130s ] mysql:host=124.71.218.160;port=3306;dbname=www_ruiwen_com;charset=utf8
[2022-04-23T23:06:21+08:00][sql] SHOW FULL COLUMNS FROM `product` [ RunTime:0.015451s ]
[2022-04-23T23:06:21+08:00][sql] SELECT `id` FROM `product` WHERE  `name` = '苹果se'  AND `id` <> 18 LIMIT 1 [ RunTime:0.016094s ]
[2022-04-23T23:06:21+08:00][sql] SHOW FULL COLUMNS FROM `product_category` [ RunTime:0.016977s ]
[2022-04-23T23:06:21+08:00][sql] SELECT * FROM `product_category` WHERE (  `id` = 1 ) AND `product_category`.`delete_time` IS NULL LIMIT 1 [ RunTime:0.013758s ]
[2022-04-23T23:06:21+08:00][sql] SHOW FULL COLUMNS FROM `product_specs_value` [ RunTime:0.012981s ]
[2022-04-23T23:06:21+08:00][sql] SELECT * FROM `product_specs_value` WHERE  `id` IN (4,12,21) [ RunTime:0.017783s ]
[2022-04-23T23:06:21+08:00][sql] SELECT * FROM `product_specs_value` WHERE  `id` IN (5,12,20) [ RunTime:0.014863s ]
[2022-04-23T23:06:21+08:00][sql] SELECT * FROM `product` WHERE (  `id` = 18 ) AND `product`.`delete_time` IS NULL LIMIT 1 [ RunTime:0.018201s ]
[2022-04-23T23:06:21+08:00][sql] SHOW FULL COLUMNS FROM `product_specs` [ RunTime:0.014272s ]
[2022-04-23T23:06:21+08:00][sql] SELECT * FROM `product_specs` WHERE (  `product_id` = 18 ) AND `product_specs`.`delete_time` IS NULL [ RunTime:0.014090s ]
[2022-04-23T23:06:21+08:00][sql] SHOW FULL COLUMNS FROM `product_img` [ RunTime:0.017227s ]
[2022-04-23T23:06:21+08:00][sql] SELECT * FROM `product_img` WHERE (  `product_id` = 18 ) AND `product_img`.`delete_time` IS NULL [ RunTime:0.012667s ]
[2022-04-23T23:06:21+08:00][sql] REPLACE INTO `product_specs` SET `product_id` = 18 , `specs_value_id` = '4,12,21' , `price` = '6900' , `stock` = 12 , `create_time` = 1650726381 , `update_time` = 1650726381 [ RunTime:0.013473s ]
[2022-04-23T23:06:21+08:00][sql] REPLACE INTO `product_specs` SET `product_id` = 18 , `specs_value_id` = '5,12,20' , `price` = '8000' , `stock` = 3 , `create_time` = 1650726381 , `update_time` = 1650726381 [ RunTime:0.027844s ]
[2022-04-23T23:06:21+08:00][error] [400][D:\Web\www.ruiwen.com\app\admin\logic\Product.php:87]
[2022-04-23T23:06:35+08:00][sql] CONNECT:[ UseTime:3.047201s ] mysql:host=124.71.218.160;port=3306;dbname=www_ruiwen_com;charset=utf8
[2022-04-23T23:06:35+08:00][sql] SHOW FULL COLUMNS FROM `product` [ RunTime:0.019170s ]
[2022-04-23T23:06:35+08:00][sql] SELECT `id` FROM `product` WHERE  `name` = '苹果se'  AND `id` <> 18 LIMIT 1 [ RunTime:0.017256s ]
[2022-04-23T23:06:35+08:00][sql] SHOW FULL COLUMNS FROM `product_category` [ RunTime:0.016528s ]
[2022-04-23T23:06:35+08:00][sql] SELECT * FROM `product_category` WHERE (  `id` = 1 ) AND `product_category`.`delete_time` IS NULL LIMIT 1 [ RunTime:0.016918s ]
[2022-04-23T23:06:35+08:00][sql] SHOW FULL COLUMNS FROM `product_specs_value` [ RunTime:0.020953s ]
[2022-04-23T23:06:35+08:00][sql] SELECT * FROM `product_specs_value` WHERE  `id` IN (4,12,21) [ RunTime:0.018183s ]
[2022-04-23T23:06:35+08:00][sql] SELECT * FROM `product_specs_value` WHERE  `id` IN (5,12,20) [ RunTime:0.019049s ]
[2022-04-23T23:31:10+08:00][sql] CONNECT:[ UseTime:0.022200s ] mysql:host=124.71.218.160;port=3306;dbname=www_ruiwen_com;charset=utf8
[2022-04-23T23:31:10+08:00][sql] SHOW FULL COLUMNS FROM `product` [ RunTime:0.012795s ]
[2022-04-23T23:31:10+08:00][sql] SELECT `id` FROM `product` WHERE  `name` = '苹果se'  AND `id` <> 18 LIMIT 1 [ RunTime:0.018837s ]
[2022-04-23T23:31:10+08:00][error] [0]规格值id不能为空[D:\Web\www.ruiwen.com\app\admin\validate\Product.php:120]
[2022-04-23T23:34:09+08:00][sql] CONNECT:[ UseTime:0.028501s ] mysql:host=124.71.218.160;port=3306;dbname=www_ruiwen_com;charset=utf8
[2022-04-23T23:34:09+08:00][sql] SHOW FULL COLUMNS FROM `product` [ RunTime:0.014146s ]
[2022-04-23T23:34:09+08:00][sql] SELECT `id` FROM `product` WHERE  `name` = '苹果se'  AND `id` <> 18 LIMIT 1 [ RunTime:0.011459s ]
[2022-04-23T23:34:09+08:00][error] [0]规格值id不能为空[D:\Web\www.ruiwen.com\app\admin\validate\Product.php:127]
[2022-04-23T23:34:56+08:00][sql] CONNECT:[ UseTime:7.034552s ] mysql:host=124.71.218.160;port=3306;dbname=www_ruiwen_com;charset=utf8
[2022-04-23T23:34:56+08:00][sql] SHOW FULL COLUMNS FROM `product` [ RunTime:0.016155s ]
[2022-04-23T23:34:56+08:00][sql] SELECT `id` FROM `product` WHERE  `name` = '苹果se'  AND `id` <> 18 LIMIT 1 [ RunTime:0.020710s ]
[2022-04-23T23:34:56+08:00][error] [0]规格值id必须为数字[D:\Web\www.ruiwen.com\app\admin\validate\Product.php:127]
[2022-04-23T23:36:23+08:00][sql] CONNECT:[ UseTime:1.046115s ] mysql:host=124.71.218.160;port=3306;dbname=www_ruiwen_com;charset=utf8
[2022-04-23T23:36:23+08:00][sql] SHOW FULL COLUMNS FROM `product` [ RunTime:0.020117s ]
[2022-04-23T23:36:23+08:00][sql] SELECT `id` FROM `product` WHERE  `name` = '苹果se'  AND `id` <> 18 LIMIT 1 [ RunTime:0.016660s ]
[2022-04-23T23:36:23+08:00][error] [0]图册不能为空[D:\Web\www.ruiwen.com\app\admin\validate\Product.php:128]
[2022-04-23T23:36:45+08:00][sql] CONNECT:[ UseTime:1.030585s ] mysql:host=124.71.218.160;port=3306;dbname=www_ruiwen_com;charset=utf8
[2022-04-23T23:36:45+08:00][sql] SHOW FULL COLUMNS FROM `product` [ RunTime:0.017687s ]
[2022-04-23T23:36:45+08:00][sql] SELECT `id` FROM `product` WHERE  `name` = '苹果se'  AND `id` <> 18 LIMIT 1 [ RunTime:0.016825s ]
[2022-04-23T23:36:45+08:00][error] [0]图册不能为空[D:\Web\www.ruiwen.com\app\admin\validate\Product.php:128]
[2022-04-23T23:37:24+08:00][sql] CONNECT:[ UseTime:0.025947s ] mysql:host=124.71.218.160;port=3306;dbname=www_ruiwen_com;charset=utf8
[2022-04-23T23:37:24+08:00][sql] SHOW FULL COLUMNS FROM `product` [ RunTime:0.014360s ]
[2022-04-23T23:37:24+08:00][sql] SELECT `id` FROM `product` WHERE  `name` = '苹果se'  AND `id` <> 18 LIMIT 1 [ RunTime:0.012898s ]
[2022-04-23T23:37:24+08:00][error] [0]商品id不能为空[D:\Web\www.ruiwen.com\app\admin\validate\Product.php:128]
[2022-04-23T23:39:43+08:00][error] [10501]SQLSTATE[HY000] [2002] 由于连接方在一段时间后没有正确答复或连接的主机没有反应，连接尝试失败。
[D:\Web\www.ruiwen.com\vendor\topthink\think-orm\src\db\PDOConnection.php:796]
[2022-04-23T23:39:54+08:00][sql] CONNECT:[ UseTime:3.046296s ] mysql:host=124.71.218.160;port=3306;dbname=www_ruiwen_com;charset=utf8
[2022-04-23T23:39:54+08:00][sql] SHOW FULL COLUMNS FROM `product` [ RunTime:0.017084s ]
[2022-04-23T23:39:54+08:00][sql] SELECT `id` FROM `product` WHERE  `name` = '苹果se'  AND `id` <> 18 LIMIT 1 [ RunTime:0.016247s ]
[2022-04-23T23:39:54+08:00][error] [0]图册不能为空[D:\Web\www.ruiwen.com\app\admin\validate\Product.php:130]
[2022-04-23T23:41:39+08:00][sql] CONNECT:[ UseTime:0.031313s ] mysql:host=124.71.218.160;port=3306;dbname=www_ruiwen_com;charset=utf8
[2022-04-23T23:41:39+08:00][sql] SHOW FULL COLUMNS FROM `product` [ RunTime:0.019785s ]
[2022-04-23T23:41:39+08:00][sql] SELECT `id` FROM `product` WHERE  `name` = '苹果se'  AND `id` <> 18 LIMIT 1 [ RunTime:0.015797s ]
[2022-04-23T23:41:39+08:00][error] [0]图册不能为空[D:\Web\www.ruiwen.com\app\admin\validate\Product.php:130]
[2022-04-23T23:44:53+08:00][sql] CONNECT:[ UseTime:0.038029s ] mysql:host=124.71.218.160;port=3306;dbname=www_ruiwen_com;charset=utf8
[2022-04-23T23:44:53+08:00][sql] SHOW FULL COLUMNS FROM `product` [ RunTime:0.016804s ]
[2022-04-23T23:44:53+08:00][sql] SELECT `id` FROM `product` WHERE  `name` = '苹果se'  AND `id` <> 18 LIMIT 1 [ RunTime:0.013224s ]
[2022-04-23T23:45:26+08:00][sql] CONNECT:[ UseTime:3.034294s ] mysql:host=124.71.218.160;port=3306;dbname=www_ruiwen_com;charset=utf8
[2022-04-23T23:45:26+08:00][sql] SHOW FULL COLUMNS FROM `product` [ RunTime:0.018313s ]
[2022-04-23T23:45:26+08:00][sql] SELECT `id` FROM `product` WHERE  `name` = '苹果se'  AND `id` <> 18 LIMIT 1 [ RunTime:0.016784s ]
[2022-04-23T23:50:20+08:00][error] [10501]SQLSTATE[HY000] [2002] 由于连接方在一段时间后没有正确答复或连接的主机没有反应，连接尝试失败。
[D:\Web\www.ruiwen.com\vendor\topthink\think-orm\src\db\PDOConnection.php:796]
[2022-04-23T23:50:45+08:00][sql] CONNECT:[ UseTime:3.041270s ] mysql:host=124.71.218.160;port=3306;dbname=www_ruiwen_com;charset=utf8
[2022-04-23T23:50:45+08:00][sql] SHOW FULL COLUMNS FROM `product` [ RunTime:0.029439s ]
[2022-04-23T23:50:45+08:00][sql] SELECT `id` FROM `product` WHERE  `name` = '苹果se'  AND `id` <> 18 LIMIT 1 [ RunTime:0.013161s ]
[2022-04-23T23:51:28+08:00][error] [10501]SQLSTATE[HY000] [1049] Unknown database 'www_ruiwen_com'[D:\Web\www.ruiwen.com\vendor\topthink\think-orm\src\db\PDOConnection.php:796]
[2022-04-23T23:53:00+08:00][sql] CONNECT:[ UseTime:0.019867s ] mysql:host=127.0.0.1;port=3306;dbname=www_ruiwen_com;charset=utf8
[2022-04-23T23:53:00+08:00][sql] SHOW FULL COLUMNS FROM `product` [ RunTime:0.081625s ]
[2022-04-23T23:53:00+08:00][sql] SELECT `id` FROM `product` WHERE  `name` = '苹果se'  AND `id` <> 18 LIMIT 1 [ RunTime:0.013247s ]
[2022-04-23T23:55:49+08:00][sql] CONNECT:[ UseTime:0.026023s ] mysql:host=127.0.0.1;port=3306;dbname=www_ruiwen_com;charset=utf8
[2022-04-23T23:55:49+08:00][sql] SHOW FULL COLUMNS FROM `product` [ RunTime:0.004034s ]
[2022-04-23T23:55:49+08:00][sql] SELECT `id` FROM `product` WHERE  `name` = '苹果se'  AND `id` <> 18 LIMIT 1 [ RunTime:0.000445s ]
[2022-04-23T23:56:04+08:00][sql] CONNECT:[ UseTime:0.018996s ] mysql:host=127.0.0.1;port=3306;dbname=www_ruiwen_com;charset=utf8
[2022-04-23T23:56:04+08:00][sql] SHOW FULL COLUMNS FROM `product` [ RunTime:0.003279s ]
[2022-04-23T23:56:04+08:00][sql] SELECT `id` FROM `product` WHERE  `name` = '苹果se'  AND `id` <> 18 LIMIT 1 [ RunTime:0.000770s ]
[2022-04-23T23:57:20+08:00][sql] CONNECT:[ UseTime:0.023271s ] mysql:host=127.0.0.1;port=3306;dbname=www_ruiwen_com;charset=utf8
[2022-04-23T23:57:20+08:00][sql] SHOW FULL COLUMNS FROM `product` [ RunTime:0.002907s ]
[2022-04-23T23:57:20+08:00][sql] SELECT `id` FROM `product` WHERE  `name` = '苹果se'  AND `id` <> 18 LIMIT 1 [ RunTime:0.000328s ]
[2022-04-23T23:57:20+08:00][sql] SHOW FULL COLUMNS FROM `product_category` [ RunTime:0.002271s ]
[2022-04-23T23:57:20+08:00][sql] SELECT * FROM `product_category` WHERE (  `id` = 1 ) AND `product_category`.`delete_time` IS NULL LIMIT 1 [ RunTime:0.042550s ]
[2022-04-23T23:57:20+08:00][sql] SHOW FULL COLUMNS FROM `product_specs_value` [ RunTime:0.002649s ]
[2022-04-23T23:57:20+08:00][sql] SELECT * FROM `product_specs_value` WHERE  `id` IN (4,12,21) [ RunTime:0.010898s ]
[2022-04-23T23:57:20+08:00][sql] SELECT * FROM `product_specs_value` WHERE  `id` IN (5,12,20) [ RunTime:0.001022s ]
[2022-04-23T23:57:48+08:00][sql] CONNECT:[ UseTime:0.017540s ] mysql:host=127.0.0.1;port=3306;dbname=www_ruiwen_com;charset=utf8
[2022-04-23T23:57:48+08:00][sql] SHOW FULL COLUMNS FROM `product` [ RunTime:0.003545s ]
[2022-04-23T23:57:48+08:00][sql] SELECT `id` FROM `product` WHERE  `name` = '苹果se'  AND `id` <> 18 LIMIT 1 [ RunTime:0.000453s ]
[2022-04-23T23:57:48+08:00][sql] SHOW FULL COLUMNS FROM `product_category` [ RunTime:0.002550s ]
[2022-04-23T23:57:48+08:00][sql] SELECT * FROM `product_category` WHERE (  `id` = 1 ) AND `product_category`.`delete_time` IS NULL LIMIT 1 [ RunTime:0.000294s ]
[2022-04-23T23:57:48+08:00][sql] SHOW FULL COLUMNS FROM `product_specs_value` [ RunTime:0.002278s ]
[2022-04-23T23:57:48+08:00][sql] SELECT * FROM `product_specs_value` WHERE  `id` IN (4,12,21) [ RunTime:0.000284s ]
[2022-04-23T23:57:48+08:00][sql] SELECT * FROM `product_specs_value` WHERE  `id` IN (5,12,20) [ RunTime:0.000272s ]
[2022-04-23T23:57:48+08:00][sql] SELECT * FROM `product` WHERE (  `id` = 18 ) AND `product`.`delete_time` IS NULL LIMIT 1 [ RunTime:0.000276s ]
[2022-04-23T23:57:48+08:00][sql] SHOW FULL COLUMNS FROM `product_specs` [ RunTime:0.002775s ]
[2022-04-23T23:57:48+08:00][sql] SELECT * FROM `product_specs` WHERE (  `product_id` = 18 ) AND `product_specs`.`delete_time` IS NULL [ RunTime:0.000770s ]
[2022-04-23T23:57:48+08:00][sql] SHOW FULL COLUMNS FROM `product_img` [ RunTime:0.002355s ]
[2022-04-23T23:57:48+08:00][sql] SELECT * FROM `product_img` WHERE (  `product_id` = 18 ) AND `product_img`.`delete_time` IS NULL [ RunTime:0.000266s ]
[2022-04-23T23:57:48+08:00][sql] REPLACE INTO `product_specs` SET `product_id` = 18 , `specs_value_id` = '4,12,21' , `price` = '6900' , `stock` = 12 , `create_time` = 1650729468 , `update_time` = 1650729468 [ RunTime:0.000278s ]
[2022-04-23T23:57:48+08:00][sql] REPLACE INTO `product_specs` SET `product_id` = 18 , `specs_value_id` = '5,12,20' , `price` = '8000' , `stock` = 3 , `create_time` = 1650729468 , `update_time` = 1650729468 [ RunTime:0.000243s ]
[2022-04-23T23:57:48+08:00][error] [0]Argument 1 passed to think\Model::save() must be of the type array, string given, called in D:\Web\www.ruiwen.com\vendor\topthink\think-orm\src\model\relation\HasMany.php on line 246[D:\Web\www.ruiwen.com\vendor\topthink\think-orm\src\Model.php:526]
[2022-04-23T23:58:54+08:00][sql] CONNECT:[ UseTime:0.019712s ] mysql:host=127.0.0.1;port=3306;dbname=www_ruiwen_com;charset=utf8
[2022-04-23T23:58:54+08:00][sql] SHOW FULL COLUMNS FROM `product` [ RunTime:0.002943s ]
[2022-04-23T23:58:54+08:00][sql] SELECT `id` FROM `product` WHERE  `name` = '苹果se'  AND `id` <> 18 LIMIT 1 [ RunTime:0.000503s ]
[2022-04-23T23:58:54+08:00][sql] SHOW FULL COLUMNS FROM `product_category` [ RunTime:0.002595s ]
[2022-04-23T23:58:54+08:00][sql] SELECT * FROM `product_category` WHERE (  `id` = 1 ) AND `product_category`.`delete_time` IS NULL LIMIT 1 [ RunTime:0.000356s ]
[2022-04-23T23:58:54+08:00][sql] SHOW FULL COLUMNS FROM `product_specs_value` [ RunTime:0.002207s ]
[2022-04-23T23:58:54+08:00][sql] SELECT * FROM `product_specs_value` WHERE  `id` IN (4,12,21) [ RunTime:0.000300s ]
[2022-04-23T23:58:54+08:00][sql] SELECT * FROM `product_specs_value` WHERE  `id` IN (5,12,20) [ RunTime:0.000276s ]
[2022-04-23T23:59:39+08:00][sql] CONNECT:[ UseTime:0.018492s ] mysql:host=127.0.0.1;port=3306;dbname=www_ruiwen_com;charset=utf8
[2022-04-23T23:59:39+08:00][sql] SHOW FULL COLUMNS FROM `product` [ RunTime:0.002746s ]
[2022-04-23T23:59:39+08:00][sql] SELECT `id` FROM `product` WHERE  `name` = '苹果se'  AND `id` <> 18 LIMIT 1 [ RunTime:0.000327s ]
[2022-04-23T23:59:39+08:00][sql] SHOW FULL COLUMNS FROM `product_category` [ RunTime:0.003255s ]
[2022-04-23T23:59:39+08:00][sql] SELECT * FROM `product_category` WHERE (  `id` = 1 ) AND `product_category`.`delete_time` IS NULL LIMIT 1 [ RunTime:0.000773s ]
[2022-04-23T23:59:39+08:00][sql] SHOW FULL COLUMNS FROM `product_specs_value` [ RunTime:0.002566s ]
[2022-04-23T23:59:39+08:00][sql] SELECT * FROM `product_specs_value` WHERE  `id` IN (4,12,21) [ RunTime:0.000338s ]
[2022-04-23T23:59:39+08:00][sql] SELECT * FROM `product_specs_value` WHERE  `id` IN (5,12,20) [ RunTime:0.000435s ]
[2022-04-23T23:59:39+08:00][sql] SELECT * FROM `product` WHERE (  `id` = 18 ) AND `product`.`delete_time` IS NULL LIMIT 1 [ RunTime:0.000426s ]
[2022-04-23T23:59:39+08:00][sql] SHOW FULL COLUMNS FROM `product_specs` [ RunTime:0.002510s ]
[2022-04-23T23:59:39+08:00][sql] SELECT * FROM `product_specs` WHERE (  `product_id` = 18 ) AND `product_specs`.`delete_time` IS NULL [ RunTime:0.000482s ]
[2022-04-23T23:59:39+08:00][sql] SHOW FULL COLUMNS FROM `product_img` [ RunTime:0.002729s ]
[2022-04-23T23:59:39+08:00][sql] SELECT * FROM `product_img` WHERE (  `product_id` = 18 ) AND `product_img`.`delete_time` IS NULL [ RunTime:0.000303s ]
[2022-04-23T23:59:39+08:00][sql] REPLACE INTO `product_specs` SET `product_id` = 18 , `specs_value_id` = '4,12,21' , `price` = '6900' , `stock` = 12 , `create_time` = 1650729579 , `update_time` = 1650729579 [ RunTime:0.000435s ]
[2022-04-23T23:59:39+08:00][sql] REPLACE INTO `product_specs` SET `product_id` = 18 , `specs_value_id` = '5,12,20' , `price` = '8000' , `stock` = 3 , `create_time` = 1650729579 , `update_time` = 1650729579 [ RunTime:0.050902s ]
[2022-04-23T23:59:39+08:00][error] [0]Argument 1 passed to think\Model::save() must be of the type array, string given, called in D:\Web\www.ruiwen.com\vendor\topthink\think-orm\src\model\relation\HasMany.php on line 246[D:\Web\www.ruiwen.com\vendor\topthink\think-orm\src\Model.php:526]
