[2022-04-25T14:49:59+08:00][error] [10501]SQLSTATE[HY000] [1049] Unknown database 'www_ruiwen_com'[D:\Web\www.ruiwen.com\vendor\topthink\think-orm\src\db\PDOConnection.php:796]
[2022-04-25T14:52:24+08:00][error] [10501]SQLSTATE[HY000] [1049] Unknown database 'www_ruiwen_com'[D:\Web\www.ruiwen.com\vendor\topthink\think-orm\src\db\PDOConnection.php:796]
[2022-04-25T14:52:51+08:00][error] [10501]SQLSTATE[HY000] [1049] Unknown database 'www_ruiwen_com'[D:\Web\www.ruiwen.com\vendor\topthink\think-orm\src\db\PDOConnection.php:796]
[2022-04-25T15:24:05+08:00][sql] CONNECT:[ UseTime:0.023614s ] mysql:host=124.71.218.160;port=3306;dbname=www_ruiwen_com;charset=utf8
[2022-04-25T15:24:05+08:00][sql] SHOW FULL COLUMNS FROM `product` [ RunTime:0.015406s ]
[2022-04-25T15:24:05+08:00][sql] SELECT * FROM `product` WHERE (  `id` = 18 ) AND `product`.`delete_time` IS NULL LIMIT 1 [ RunTime:0.016756s ]
[2022-04-25T15:24:05+08:00][sql] SHOW FULL COLUMNS FROM `product_img` [ RunTime:0.015672s ]
[2022-04-25T15:24:05+08:00][sql] SELECT * FROM `product_img` WHERE (  `product_id` = 18 ) AND `product_img`.`delete_time` IS NULL [ RunTime:0.014339s ]
[2022-04-25T15:24:05+08:00][sql] SHOW FULL COLUMNS FROM `product_specs` [ RunTime:0.017765s ]
[2022-04-25T15:24:05+08:00][sql] SELECT * FROM `product_specs` WHERE (  `product_id` = 18 ) AND `product_specs`.`delete_time` IS NULL [ RunTime:0.014678s ]
[2022-04-25T15:25:45+08:00][sql] CONNECT:[ UseTime:0.023784s ] mysql:host=124.71.218.160;port=3306;dbname=www_ruiwen_com;charset=utf8
[2022-04-25T15:25:45+08:00][sql] SHOW FULL COLUMNS FROM `product` [ RunTime:0.014864s ]
[2022-04-25T15:25:45+08:00][sql] SHOW FULL COLUMNS FROM `product_img` [ RunTime:0.014395s ]
[2022-04-25T15:25:45+08:00][sql] SELECT * FROM `product_img` WHERE (  `product_id` = 18 ) AND `product_img`.`delete_time` IS NULL [ RunTime:0.014152s ]
[2022-04-25T15:25:45+08:00][sql] SHOW FULL COLUMNS FROM `product_specs` [ RunTime:0.014967s ]
[2022-04-25T15:25:45+08:00][sql] SELECT * FROM `product_specs` WHERE (  `product_id` = 18 ) AND `product_specs`.`delete_time` IS NULL [ RunTime:0.015035s ]
[2022-04-25T15:27:53+08:00][sql] CONNECT:[ UseTime:0.015364s ] mysql:host=124.71.218.160;port=3306;dbname=www_ruiwen_com;charset=utf8
[2022-04-25T15:27:53+08:00][sql] SHOW FULL COLUMNS FROM `product` [ RunTime:0.011880s ]
[2022-04-25T15:27:53+08:00][sql] SHOW FULL COLUMNS FROM `product_img` [ RunTime:0.010821s ]
[2022-04-25T15:27:53+08:00][sql] SELECT * FROM `product_img` WHERE (  `product_id` = 18 ) AND `product_img`.`delete_time` IS NULL [ RunTime:0.010582s ]
[2022-04-25T15:27:53+08:00][sql] SHOW FULL COLUMNS FROM `product_specs` [ RunTime:0.011034s ]
[2022-04-25T15:27:53+08:00][sql] SELECT * FROM `product_specs` WHERE (  `product_id` = 18 ) AND `product_specs`.`delete_time` IS NULL [ RunTime:0.010691s ]
[2022-04-25T15:28:03+08:00][sql] CONNECT:[ UseTime:0.023928s ] mysql:host=124.71.218.160;port=3306;dbname=www_ruiwen_com;charset=utf8
[2022-04-25T15:28:03+08:00][sql] SHOW FULL COLUMNS FROM `product` [ RunTime:0.015096s ]
[2022-04-25T15:28:03+08:00][sql] SELECT * FROM `product` WHERE (  `id` = 18 ) AND `product`.`delete_time` IS NULL LIMIT 1 [ RunTime:0.015264s ]
[2022-04-25T15:28:03+08:00][sql] SHOW FULL COLUMNS FROM `product_img` [ RunTime:0.014909s ]
[2022-04-25T15:28:03+08:00][sql] SELECT * FROM `product_img` WHERE (  `product_id` = 18 ) AND `product_img`.`delete_time` IS NULL [ RunTime:0.015280s ]
[2022-04-25T15:28:03+08:00][sql] SHOW FULL COLUMNS FROM `product_specs` [ RunTime:0.014992s ]
[2022-04-25T15:28:03+08:00][sql] SELECT * FROM `product_specs` WHERE (  `product_id` = 18 ) AND `product_specs`.`delete_time` IS NULL [ RunTime:0.015063s ]
[2022-04-25T15:28:07+08:00][sql] CONNECT:[ UseTime:0.026296s ] mysql:host=124.71.218.160;port=3306;dbname=www_ruiwen_com;charset=utf8
[2022-04-25T15:28:07+08:00][sql] SHOW FULL COLUMNS FROM `product` [ RunTime:0.017813s ]
[2022-04-25T15:28:07+08:00][sql] SHOW FULL COLUMNS FROM `product_img` [ RunTime:0.016829s ]
[2022-04-25T15:28:07+08:00][sql] SHOW FULL COLUMNS FROM `product_specs` [ RunTime:0.016578s ]
[2022-04-25T15:29:58+08:00][sql] CONNECT:[ UseTime:0.023935s ] mysql:host=124.71.218.160;port=3306;dbname=www_ruiwen_com;charset=utf8
[2022-04-25T15:29:58+08:00][sql] SHOW FULL COLUMNS FROM `product` [ RunTime:0.017413s ]
[2022-04-25T15:29:58+08:00][sql] SHOW FULL COLUMNS FROM `product_img` [ RunTime:0.016028s ]
[2022-04-25T15:29:58+08:00][sql] SHOW FULL COLUMNS FROM `product_specs` [ RunTime:0.016437s ]
[2022-04-25T15:35:07+08:00][sql] CONNECT:[ UseTime:0.014368s ] mysql:host=124.71.218.160;port=3306;dbname=www_ruiwen_com;charset=utf8
[2022-04-25T15:35:07+08:00][sql] SHOW FULL COLUMNS FROM `product` [ RunTime:0.010356s ]
[2022-04-25T15:35:07+08:00][sql] SHOW FULL COLUMNS FROM `product_img` [ RunTime:0.010910s ]
[2022-04-25T15:35:07+08:00][sql] SELECT * FROM `product_img` WHERE (  `product_id` = 18 ) AND `product_img`.`delete_time` IS NULL [ RunTime:0.009529s ]
[2022-04-25T15:35:07+08:00][sql] SHOW FULL COLUMNS FROM `product_specs` [ RunTime:0.010309s ]
[2022-04-25T15:35:07+08:00][sql] SELECT * FROM `product_specs` WHERE (  `product_id` = 18 ) AND `product_specs`.`delete_time` IS NULL [ RunTime:0.009791s ]
[2022-04-25T15:45:55+08:00][sql] CONNECT:[ UseTime:0.022852s ] mysql:host=124.71.218.160;port=3306;dbname=www_ruiwen_com;charset=utf8
[2022-04-25T15:45:55+08:00][sql] SHOW FULL COLUMNS FROM `product` [ RunTime:0.016094s ]
[2022-04-25T15:45:55+08:00][sql] SHOW FULL COLUMNS FROM `product_img` [ RunTime:0.016377s ]
[2022-04-25T15:45:55+08:00][sql] SELECT * FROM `product_img` WHERE (  `product_id` = 18 ) AND `product_img`.`delete_time` IS NULL [ RunTime:0.044385s ]
[2022-04-25T15:45:55+08:00][sql] SHOW FULL COLUMNS FROM `product_specs` [ RunTime:0.017110s ]
[2022-04-25T15:45:55+08:00][sql] SELECT * FROM `product_specs` WHERE (  `product_id` = 18 ) AND `product_specs`.`delete_time` IS NULL [ RunTime:0.016710s ]
[2022-04-25T15:45:55+08:00][sql] SHOW FULL COLUMNS FROM `product_specs_value` [ RunTime:0.016091s ]
[2022-04-25T15:45:55+08:00][sql] SELECT * FROM `product_specs_value` WHERE  `id` IN (4,12,21,5,20) [ RunTime:0.015550s ]
[2022-04-25T15:46:11+08:00][sql] CONNECT:[ UseTime:0.023035s ] mysql:host=124.71.218.160;port=3306;dbname=www_ruiwen_com;charset=utf8
[2022-04-25T15:46:11+08:00][sql] SHOW FULL COLUMNS FROM `product` [ RunTime:0.015698s ]
[2022-04-25T15:46:11+08:00][sql] SHOW FULL COLUMNS FROM `product_img` [ RunTime:0.016440s ]
[2022-04-25T15:46:11+08:00][sql] SELECT * FROM `product_img` WHERE (  `product_id` = 18 ) AND `product_img`.`delete_time` IS NULL [ RunTime:0.015166s ]
[2022-04-25T15:46:11+08:00][sql] SHOW FULL COLUMNS FROM `product_specs` [ RunTime:0.015695s ]
[2022-04-25T15:46:11+08:00][sql] SELECT * FROM `product_specs` WHERE (  `product_id` = 18 ) AND `product_specs`.`delete_time` IS NULL [ RunTime:0.017530s ]
[2022-04-25T15:46:11+08:00][sql] SHOW FULL COLUMNS FROM `product_specs_value` [ RunTime:0.018463s ]
[2022-04-25T15:46:11+08:00][sql] SELECT * FROM `product_specs_value` WHERE  `id` IN (4,12,21,5,20) [ RunTime:0.015202s ]
[2022-04-25T15:46:16+08:00][sql] CONNECT:[ UseTime:0.024028s ] mysql:host=124.71.218.160;port=3306;dbname=www_ruiwen_com;charset=utf8
[2022-04-25T15:46:16+08:00][sql] SHOW FULL COLUMNS FROM `product` [ RunTime:0.015152s ]
[2022-04-25T15:46:16+08:00][sql] SHOW FULL COLUMNS FROM `product_img` [ RunTime:0.017980s ]
[2022-04-25T15:46:16+08:00][sql] SHOW FULL COLUMNS FROM `product_specs` [ RunTime:0.015437s ]
[2022-04-25T15:46:16+08:00][sql] SHOW FULL COLUMNS FROM `product_specs_value` [ RunTime:0.016401s ]
[2022-04-25T15:46:16+08:00][sql] SELECT * FROM `product_specs_value` WHERE  `id` IN (4,12,21,5,20) [ RunTime:0.015793s ]
[2022-04-25T15:46:21+08:00][sql] CONNECT:[ UseTime:0.024901s ] mysql:host=124.71.218.160;port=3306;dbname=www_ruiwen_com;charset=utf8
[2022-04-25T15:46:21+08:00][sql] SHOW FULL COLUMNS FROM `product` [ RunTime:0.016144s ]
[2022-04-25T15:46:21+08:00][sql] SHOW FULL COLUMNS FROM `product_img` [ RunTime:0.016042s ]
[2022-04-25T15:46:21+08:00][sql] SHOW FULL COLUMNS FROM `product_specs` [ RunTime:0.016178s ]
[2022-04-25T15:46:21+08:00][sql] SHOW FULL COLUMNS FROM `product_specs_value` [ RunTime:0.017011s ]
[2022-04-25T15:46:21+08:00][sql] SELECT * FROM `product_specs_value` WHERE  `id` IN (4,12,21,5,20) [ RunTime:0.015919s ]
