[2022-04-26T11:51:53+08:00][error] [10501]SQLSTATE[HY000] [1045] Access denied for user 'www_ruiwen_com'@'113.67.182.53' (using password: YES)[D:\Web\www.ruiwen.com\vendor\topthink\think-orm\src\db\PDOConnection.php:796]
[2022-04-26T11:52:06+08:00][error] [10501]SQLSTATE[HY000] [1045] Access denied for user 'www_ruiwen_com'@'113.67.182.53' (using password: YES)[D:\Web\www.ruiwen.com\vendor\topthink\think-orm\src\db\PDOConnection.php:796]
[2022-04-26T11:54:38+08:00][error] [10501]SQLSTATE[HY000] [1045] Access denied for user 'www_ruiwen_com'@'113.67.182.53' (using password: YES)[D:\Web\www.ruiwen.com\vendor\topthink\think-orm\src\db\PDOConnection.php:796]
[2022-04-26T13:28:17+08:00][sql] CONNECT:[ UseTime:0.021666s ] mysql:host=124.71.218.160;port=3306;dbname=www_ruiwen_com;charset=utf8
[2022-04-26T13:28:17+08:00][sql] SHOW FULL COLUMNS FROM `product` [ RunTime:0.015221s ]
[2022-04-26T13:28:17+08:00][sql] SELECT * FROM `product` WHERE (  `id` = 18 ) AND `product`.`delete_time` IS NULL LIMIT 1 [ RunTime:0.014461s ]
[2022-04-26T13:28:17+08:00][sql] SHOW FULL COLUMNS FROM `product_img` [ RunTime:0.027134s ]
[2022-04-26T13:28:17+08:00][sql] SELECT * FROM `product_img` WHERE (  `product_id` = 18 ) AND `product_img`.`delete_time` IS NULL [ RunTime:0.021521s ]
[2022-04-26T13:28:17+08:00][sql] SHOW FULL COLUMNS FROM `product_specs` [ RunTime:0.014662s ]
[2022-04-26T13:28:17+08:00][sql] SELECT * FROM `product_specs` WHERE (  `product_id` = 18 ) AND `product_specs`.`delete_time` IS NULL [ RunTime:0.013930s ]
[2022-04-26T13:28:17+08:00][sql] SHOW FULL COLUMNS FROM `product_specs_value` [ RunTime:0.017749s ]
[2022-04-26T13:28:17+08:00][sql] SELECT * FROM `product_specs_value` WHERE  `id` IN (4,12,21,5,20) [ RunTime:0.014023s ]
[2022-04-26T13:28:32+08:00][sql] CONNECT:[ UseTime:0.020692s ] mysql:host=124.71.218.160;port=3306;dbname=www_ruiwen_com;charset=utf8
[2022-04-26T13:28:32+08:00][sql] SHOW FULL COLUMNS FROM `product` [ RunTime:0.014036s ]
[2022-04-26T13:28:32+08:00][sql] SHOW FULL COLUMNS FROM `product_img` [ RunTime:0.013900s ]
[2022-04-26T13:28:32+08:00][sql] SHOW FULL COLUMNS FROM `product_specs` [ RunTime:0.012879s ]
[2022-04-26T13:28:32+08:00][sql] SHOW FULL COLUMNS FROM `product_specs_value` [ RunTime:0.013947s ]
[2022-04-26T13:28:32+08:00][sql] SELECT * FROM `product_specs_value` WHERE  `id` IN (4,12,21,5,20) [ RunTime:0.012309s ]
[2022-04-26T14:18:07+08:00][sql] CONNECT:[ UseTime:0.022835s ] mysql:host=124.71.218.160;port=3306;dbname=www_ruiwen_com;charset=utf8
[2022-04-26T14:18:07+08:00][sql] SHOW FULL COLUMNS FROM `product` [ RunTime:0.016538s ]
[2022-04-26T14:18:07+08:00][sql] SHOW FULL COLUMNS FROM `product_img` [ RunTime:0.016187s ]
[2022-04-26T14:18:07+08:00][sql] SELECT * FROM `product_img` WHERE (  `product_id` = 18 ) AND `product_img`.`delete_time` IS NULL [ RunTime:0.015447s ]
[2022-04-26T14:18:07+08:00][sql] SHOW FULL COLUMNS FROM `product_specs` [ RunTime:0.015930s ]
[2022-04-26T14:18:07+08:00][sql] SELECT * FROM `product_specs` WHERE (  `product_id` = 18 ) AND `product_specs`.`delete_time` IS NULL [ RunTime:0.016569s ]
[2022-04-26T14:18:07+08:00][sql] SHOW FULL COLUMNS FROM `product_specs_value` [ RunTime:0.015669s ]
[2022-04-26T14:18:07+08:00][sql] SELECT * FROM `product_specs_value` WHERE  `id` IN (4,12,21,5,20) [ RunTime:0.015477s ]
[2022-04-26T14:18:23+08:00][sql] CONNECT:[ UseTime:0.022382s ] mysql:host=124.71.218.160;port=3306;dbname=www_ruiwen_com;charset=utf8
[2022-04-26T14:18:23+08:00][sql] SHOW FULL COLUMNS FROM `product` [ RunTime:0.017317s ]
[2022-04-26T14:18:23+08:00][sql] SHOW FULL COLUMNS FROM `product_img` [ RunTime:0.022827s ]
[2022-04-26T14:18:23+08:00][sql] SHOW FULL COLUMNS FROM `product_specs` [ RunTime:0.021626s ]
[2022-04-26T14:18:23+08:00][sql] SHOW FULL COLUMNS FROM `product_specs_value` [ RunTime:0.016693s ]
[2022-04-26T14:18:23+08:00][sql] SELECT * FROM `product_specs_value` WHERE  `id` IN (4,12,21,5,20) [ RunTime:0.014870s ]
[2022-04-26T14:36:24+08:00][sql] CONNECT:[ UseTime:0.021508s ] mysql:host=124.71.218.160;port=3306;dbname=www_ruiwen_com;charset=utf8
[2022-04-26T14:36:24+08:00][sql] SHOW FULL COLUMNS FROM `product` [ RunTime:0.015631s ]
[2022-04-26T14:36:24+08:00][sql] SELECT * FROM `product` WHERE (  `id` = 18 ) AND `product`.`delete_time` IS NULL LIMIT 1 [ RunTime:0.015166s ]
[2022-04-26T14:36:24+08:00][sql] SHOW FULL COLUMNS FROM `product_img` [ RunTime:0.014986s ]
[2022-04-26T14:36:24+08:00][sql] SELECT * FROM `product_img` WHERE (  `product_id` = 18 ) AND `product_img`.`delete_time` IS NULL [ RunTime:0.014858s ]
[2022-04-26T14:36:24+08:00][sql] SHOW FULL COLUMNS FROM `product_specs` [ RunTime:0.015603s ]
[2022-04-26T14:36:24+08:00][sql] SELECT * FROM `product_specs` WHERE (  `product_id` = 18 ) AND `product_specs`.`delete_time` IS NULL [ RunTime:0.014827s ]
[2022-04-26T14:36:24+08:00][sql] SHOW FULL COLUMNS FROM `product_specs_value` [ RunTime:0.018574s ]
[2022-04-26T14:36:24+08:00][sql] SELECT * FROM `product_specs_value` WHERE  `id` IN (4,12,21,5,20) [ RunTime:0.015785s ]
[2022-04-26T14:40:38+08:00][sql] CONNECT:[ UseTime:0.024105s ] mysql:host=124.71.218.160;port=3306;dbname=www_ruiwen_com;charset=utf8
[2022-04-26T14:40:38+08:00][sql] SHOW FULL COLUMNS FROM `product` [ RunTime:0.016443s ]
[2022-04-26T14:40:38+08:00][sql] SHOW FULL COLUMNS FROM `product_img` [ RunTime:0.016073s ]
[2022-04-26T14:40:38+08:00][sql] SELECT * FROM `product_img` WHERE (  `product_id` = 18 ) AND `product_img`.`delete_time` IS NULL [ RunTime:0.015283s ]
[2022-04-26T14:40:38+08:00][sql] SHOW FULL COLUMNS FROM `product_specs` [ RunTime:0.016286s ]
[2022-04-26T14:40:38+08:00][sql] SELECT * FROM `product_specs` WHERE (  `product_id` = 18 ) AND `product_specs`.`delete_time` IS NULL [ RunTime:0.015414s ]
[2022-04-26T14:40:38+08:00][sql] SHOW FULL COLUMNS FROM `product_specs_value` [ RunTime:0.015829s ]
[2022-04-26T14:40:38+08:00][sql] SELECT * FROM `product_specs_value` WHERE  `id` IN (4,12,21,5,20) [ RunTime:0.015586s ]
[2022-04-26T14:41:21+08:00][sql] CONNECT:[ UseTime:0.024482s ] mysql:host=124.71.218.160;port=3306;dbname=www_ruiwen_com;charset=utf8
[2022-04-26T14:41:21+08:00][sql] SHOW FULL COLUMNS FROM `product` [ RunTime:0.016493s ]
[2022-04-26T14:41:21+08:00][sql] SHOW FULL COLUMNS FROM `product_img` [ RunTime:0.016257s ]
[2022-04-26T14:41:21+08:00][sql] SELECT * FROM `product_img` WHERE (  `product_id` = 18 ) AND `product_img`.`delete_time` IS NULL [ RunTime:0.015847s ]
[2022-04-26T14:41:21+08:00][sql] SHOW FULL COLUMNS FROM `product_specs` [ RunTime:0.015661s ]
[2022-04-26T14:41:21+08:00][sql] SELECT * FROM `product_specs` WHERE (  `product_id` = 18 ) AND `product_specs`.`delete_time` IS NULL [ RunTime:0.019521s ]
[2022-04-26T14:41:21+08:00][sql] SHOW FULL COLUMNS FROM `product_specs_value` [ RunTime:0.016633s ]
[2022-04-26T14:41:21+08:00][sql] SELECT * FROM `product_specs_value` WHERE  `id` IN (4,12,21,5,20) [ RunTime:0.014828s ]
[2022-04-26T14:41:36+08:00][sql] CONNECT:[ UseTime:0.026397s ] mysql:host=124.71.218.160;port=3306;dbname=www_ruiwen_com;charset=utf8
[2022-04-26T14:41:36+08:00][sql] SHOW FULL COLUMNS FROM `product` [ RunTime:0.016428s ]
[2022-04-26T14:41:36+08:00][sql] SELECT * FROM `product` WHERE (  `id` = 18 ) AND `product`.`delete_time` IS NULL LIMIT 1 [ RunTime:0.015920s ]
[2022-04-26T14:41:36+08:00][sql] SHOW FULL COLUMNS FROM `product_img` [ RunTime:0.016297s ]
[2022-04-26T14:41:36+08:00][sql] SELECT * FROM `product_img` WHERE (  `product_id` = 18 ) AND `product_img`.`delete_time` IS NULL [ RunTime:0.015866s ]
[2022-04-26T14:41:36+08:00][sql] SHOW FULL COLUMNS FROM `product_specs` [ RunTime:0.016554s ]
[2022-04-26T14:41:36+08:00][sql] SELECT * FROM `product_specs` WHERE (  `product_id` = 18 ) AND `product_specs`.`delete_time` IS NULL [ RunTime:0.015901s ]
[2022-04-26T14:41:36+08:00][sql] SHOW FULL COLUMNS FROM `product_specs_value` [ RunTime:0.016198s ]
[2022-04-26T14:41:36+08:00][sql] SELECT * FROM `product_specs_value` WHERE  `id` IN (4,12,21,5,20) [ RunTime:0.015503s ]
[2022-04-26T14:41:47+08:00][sql] CONNECT:[ UseTime:0.013623s ] mysql:host=124.71.218.160;port=3306;dbname=www_ruiwen_com;charset=utf8
[2022-04-26T14:41:47+08:00][sql] SHOW FULL COLUMNS FROM `product` [ RunTime:0.009805s ]
[2022-04-26T14:41:47+08:00][sql] SHOW FULL COLUMNS FROM `product_img` [ RunTime:0.009765s ]
[2022-04-26T14:41:47+08:00][sql] SHOW FULL COLUMNS FROM `product_specs` [ RunTime:0.011694s ]
[2022-04-26T14:41:47+08:00][sql] SHOW FULL COLUMNS FROM `product_specs_value` [ RunTime:0.010146s ]
[2022-04-26T14:41:47+08:00][sql] SELECT * FROM `product_specs_value` WHERE  `id` IN (4,12,21,5,20) [ RunTime:0.009080s ]
[2022-04-26T14:43:16+08:00][sql] CONNECT:[ UseTime:0.021385s ] mysql:host=124.71.218.160;port=3306;dbname=www_ruiwen_com;charset=utf8
[2022-04-26T14:43:16+08:00][sql] SHOW FULL COLUMNS FROM `product` [ RunTime:0.015136s ]
[2022-04-26T14:43:16+08:00][sql] SHOW FULL COLUMNS FROM `product_img` [ RunTime:0.014540s ]
[2022-04-26T14:43:16+08:00][sql] SELECT * FROM `product_img` WHERE (  `product_id` = 18 ) AND `product_img`.`delete_time` IS NULL [ RunTime:0.014034s ]
[2022-04-26T14:43:16+08:00][sql] SHOW FULL COLUMNS FROM `product_specs` [ RunTime:0.016902s ]
[2022-04-26T14:43:16+08:00][sql] SELECT * FROM `product_specs` WHERE (  `product_id` = 18 ) AND `product_specs`.`delete_time` IS NULL [ RunTime:0.015744s ]
[2022-04-26T14:43:16+08:00][sql] SHOW FULL COLUMNS FROM `product_specs_value` [ RunTime:0.015271s ]
[2022-04-26T14:43:16+08:00][sql] SELECT * FROM `product_specs_value` WHERE  `id` IN (4,12,21,5,20) [ RunTime:0.014322s ]
[2022-04-26T14:57:07+08:00][error] [10501]SQLSTATE[HY000] [1045] Access denied for user 'www_ruiwen_com'@'localhost' (using password: YES)[D:\Web\www.ruiwen.com\vendor\topthink\think-orm\src\db\PDOConnection.php:796]
[2022-04-26T15:15:02+08:00][sql] CONNECT:[ UseTime:0.015395s ] mysql:host=124.71.218.160;port=3306;dbname=www_ruiwen_com;charset=utf8
[2022-04-26T15:15:02+08:00][sql] SHOW FULL COLUMNS FROM `product` [ RunTime:0.011301s ]
[2022-04-26T15:15:02+08:00][sql] SHOW FULL COLUMNS FROM `product_img` [ RunTime:0.010362s ]
[2022-04-26T15:15:02+08:00][sql] SELECT * FROM `product_img` WHERE (  `product_id` = 18 ) AND `product_img`.`delete_time` IS NULL [ RunTime:0.010240s ]
[2022-04-26T15:15:02+08:00][sql] SHOW FULL COLUMNS FROM `product_specs` [ RunTime:0.012023s ]
[2022-04-26T15:15:02+08:00][sql] SELECT * FROM `product_specs` WHERE (  `product_id` = 18 ) AND `product_specs`.`delete_time` IS NULL [ RunTime:0.010658s ]
[2022-04-26T15:15:02+08:00][sql] SHOW FULL COLUMNS FROM `product_specs_value` [ RunTime:0.011997s ]
[2022-04-26T15:15:02+08:00][sql] SELECT * FROM `product_specs_value` WHERE  `id` IN (4,12,21,5,20) [ RunTime:0.010498s ]
[2022-04-26T15:15:10+08:00][sql] CONNECT:[ UseTime:0.031608s ] mysql:host=124.71.218.160;port=3306;dbname=www_ruiwen_com;charset=utf8
[2022-04-26T15:15:10+08:00][sql] SHOW FULL COLUMNS FROM `product` [ RunTime:0.014390s ]
[2022-04-26T15:15:10+08:00][sql] SHOW FULL COLUMNS FROM `product_img` [ RunTime:0.018066s ]
[2022-04-26T15:15:10+08:00][sql] SHOW FULL COLUMNS FROM `product_specs` [ RunTime:0.015513s ]
[2022-04-26T15:15:10+08:00][sql] SHOW FULL COLUMNS FROM `product_specs_value` [ RunTime:0.016474s ]
[2022-04-26T15:15:10+08:00][sql] SELECT * FROM `product_specs_value` WHERE  `id` IN (4,12,21,5,20) [ RunTime:0.015836s ]
[2022-04-26T15:19:50+08:00][sql] CONNECT:[ UseTime:0.023600s ] mysql:host=124.71.218.160;port=3306;dbname=www_ruiwen_com;charset=utf8
[2022-04-26T15:19:50+08:00][sql] SHOW FULL COLUMNS FROM `product` [ RunTime:0.014978s ]
[2022-04-26T15:19:50+08:00][sql] SHOW FULL COLUMNS FROM `product_img` [ RunTime:0.014543s ]
[2022-04-26T15:19:50+08:00][sql] SELECT * FROM `product_img` WHERE (  `product_id` = 18 ) AND `product_img`.`delete_time` IS NULL [ RunTime:0.015651s ]
[2022-04-26T15:19:50+08:00][sql] SHOW FULL COLUMNS FROM `product_specs` [ RunTime:0.014801s ]
[2022-04-26T15:19:50+08:00][sql] SELECT * FROM `product_specs` WHERE (  `product_id` = 18 ) AND `product_specs`.`delete_time` IS NULL [ RunTime:0.014123s ]
[2022-04-26T15:19:50+08:00][sql] SHOW FULL COLUMNS FROM `product_specs_value` [ RunTime:0.014414s ]
[2022-04-26T15:19:50+08:00][sql] SELECT * FROM `product_specs_value` WHERE  `id` IN (4,12,21,5,20) [ RunTime:0.014177s ]
[2022-04-26T15:24:54+08:00][sql] CONNECT:[ UseTime:0.027125s ] mysql:host=124.71.218.160;port=3306;dbname=www_ruiwen_com;charset=utf8
[2022-04-26T15:24:54+08:00][sql] SHOW FULL COLUMNS FROM `product` [ RunTime:0.009745s ]
[2022-04-26T15:24:54+08:00][sql] SHOW FULL COLUMNS FROM `product_img` [ RunTime:0.008641s ]
[2022-04-26T15:24:54+08:00][sql] SHOW FULL COLUMNS FROM `product_specs` [ RunTime:0.009153s ]
[2022-04-26T15:24:54+08:00][sql] SHOW FULL COLUMNS FROM `product_specs_value` [ RunTime:0.008833s ]
[2022-04-26T15:24:54+08:00][sql] SELECT * FROM `product_specs_value` WHERE  `id` IN (4,12,21,5,20) [ RunTime:0.008712s ]
