[2021-12-22T14:49:01+08:00][error] [300][D:\Web\www.ruiwen.com\app\common\middleware\CheckParams.php:64]
[2021-12-22T14:50:25+08:00][error] [300][D:\Web\www.ruiwen.com\app\common\middleware\CheckParams.php:64]
[2021-12-22T14:59:35+08:00][error] [300][D:\Web\www.ruiwen.com\app\web\middleware\Product.php:24]
[2021-12-22T15:02:52+08:00][error] [300][D:\Web\www.ruiwen.com\app\web\middleware\Product.php:24]
[2021-12-22T15:04:58+08:00][error] [0]Too few arguments to function dump(), 0 passed in D:\Web\www.ruiwen.com\vendor\topthink\framework\src\helper.php on line 239 and exactly 1 expected[D:\Web\www.ruiwen.com\vendor\symfony\var-dumper\Resources\functions\dump.php:18]
[2021-12-22T15:06:34+08:00][error] [300][D:\Web\www.ruiwen.com\app\common\middleware\CheckParams.php:64]
[2021-12-22T15:06:50+08:00][error] [0]Argument 1 passed to think\Validate::check() must be of the type array, null given, called in D:\Web\www.ruiwen.com\app\web\middleware\Product.php on line 22[D:\Web\www.ruiwen.com\vendor\topthink\framework\src\think\Validate.php:471]
[2021-12-22T15:07:07+08:00][error] [0]Argument 1 passed to think\Validate::check() must be of the type array, null given, called in D:\Web\www.ruiwen.com\app\web\middleware\Product.php on line 22[D:\Web\www.ruiwen.com\vendor\topthink\framework\src\think\Validate.php:471]
[2021-12-22T15:07:55+08:00][error] [0]Argument 1 passed to think\Validate::check() must be of the type array, null given, called in D:\Web\www.ruiwen.com\app\web\middleware\Product.php on line 22[D:\Web\www.ruiwen.com\vendor\topthink\framework\src\think\Validate.php:471]
[2021-12-22T15:08:23+08:00][error] [2]A non-numeric value encountered[D:\Web\www.ruiwen.com\app\common\validate\BaseValidate.php:57]
[2021-12-22T15:08:57+08:00][error] [300][D:\Web\www.ruiwen.com\app\web\middleware\Product.php:25]
[2021-12-22T15:09:01+08:00][error] [2]A non-numeric value encountered[D:\Web\www.ruiwen.com\app\common\validate\BaseValidate.php:57]
[2021-12-22T15:10:28+08:00][error] [300][D:\Web\www.ruiwen.com\app\common\middleware\CheckParams.php:64]
[2021-12-22T15:10:33+08:00][error] [300][D:\Web\www.ruiwen.com\app\web\middleware\Product.php:24]
[2021-12-22T15:11:36+08:00][error] [300][D:\Web\www.ruiwen.com\app\common\middleware\CheckParams.php:64]
[2021-12-22T15:12:10+08:00][error] [2]A non-numeric value encountered[D:\Web\www.ruiwen.com\app\common\validate\BaseValidate.php:57]
[2021-12-22T15:38:27+08:00][sql] CONNECT:[ UseTime:0.025687s ] mysql:host=124.71.218.160;port=3306;dbname=www_akali_ltd;charset=utf8
[2021-12-22T15:38:27+08:00][sql] SHOW FULL COLUMNS FROM `product` [ RunTime:0.017815s ]
[2021-12-22T15:38:27+08:00][sql] SELECT * FROM `product` WHERE (  `id` = 6 ) AND `product`.`delete_time` IS NULL LIMIT 1 [ RunTime:0.025747s ]
[2021-12-22T15:42:14+08:00][sql] CONNECT:[ UseTime:0.024208s ] mysql:host=124.71.218.160;port=3306;dbname=www_akali_ltd;charset=utf8
[2021-12-22T15:42:14+08:00][sql] SHOW FULL COLUMNS FROM `product` [ RunTime:0.016510s ]
[2021-12-22T15:42:14+08:00][sql] SELECT * FROM `product` WHERE (  `id` = 66 ) AND `product`.`delete_time` IS NULL LIMIT 1 [ RunTime:0.016006s ]
[2021-12-22T15:43:08+08:00][sql] CONNECT:[ UseTime:0.022186s ] mysql:host=124.71.218.160;port=3306;dbname=www_akali_ltd;charset=utf8
[2021-12-22T15:43:08+08:00][sql] SHOW FULL COLUMNS FROM `product` [ RunTime:0.015673s ]
[2021-12-22T15:43:08+08:00][sql] SELECT * FROM `product` WHERE (  `id` = 6 ) AND `product`.`delete_time` IS NULL LIMIT 1 [ RunTime:0.014971s ]
[2021-12-22T15:43:08+08:00][sql] SHOW FULL COLUMNS FROM `product_specs` [ RunTime:0.017528s ]
[2021-12-22T15:43:08+08:00][sql] SELECT * FROM `product_specs` WHERE  `product_id` = 6 [ RunTime:0.014969s ]
[2021-12-22T15:43:08+08:00][error] [10500]method not exist:think\db\Query->specsValues[D:\Web\www.ruiwen.com\vendor\topthink\think-orm\src\db\BaseQuery.php:117]
[2021-12-22T15:43:49+08:00][sql] CONNECT:[ UseTime:0.026785s ] mysql:host=124.71.218.160;port=3306;dbname=www_akali_ltd;charset=utf8
[2021-12-22T15:43:49+08:00][sql] SHOW FULL COLUMNS FROM `product` [ RunTime:0.017687s ]
[2021-12-22T15:43:49+08:00][sql] SELECT * FROM `product` WHERE (  `id` = 6 ) AND `product`.`delete_time` IS NULL LIMIT 1 [ RunTime:0.017369s ]
[2021-12-22T15:43:49+08:00][sql] SHOW FULL COLUMNS FROM `product_specs` [ RunTime:0.019480s ]
[2021-12-22T15:43:49+08:00][sql] SELECT * FROM `product_specs` WHERE  `product_id` = 6 [ RunTime:0.017597s ]
[2021-12-22T15:43:49+08:00][error] [10500]method not exist:think\db\Query->specsValues[D:\Web\www.ruiwen.com\vendor\topthink\think-orm\src\db\BaseQuery.php:117]
[2021-12-22T15:47:10+08:00][sql] CONNECT:[ UseTime:0.024604s ] mysql:host=124.71.218.160;port=3306;dbname=www_akali_ltd;charset=utf8
[2021-12-22T15:47:10+08:00][sql] SHOW FULL COLUMNS FROM `product` [ RunTime:0.018825s ]
[2021-12-22T15:47:10+08:00][sql] SELECT * FROM `product` WHERE (  `id` = 61 ) AND `product`.`delete_time` IS NULL LIMIT 1 [ RunTime:0.016553s ]
[2021-12-22T15:47:10+08:00][error] [404][D:\Web\www.ruiwen.com\app\web\logic\Product.php:12]
[2021-12-22T15:48:24+08:00][sql] CONNECT:[ UseTime:0.022738s ] mysql:host=124.71.218.160;port=3306;dbname=www_akali_ltd;charset=utf8
[2021-12-22T15:48:24+08:00][sql] SHOW FULL COLUMNS FROM `product` [ RunTime:0.015941s ]
[2021-12-22T15:48:24+08:00][sql] SELECT * FROM `product` WHERE (  `id` = 6 ) AND `product`.`delete_time` IS NULL LIMIT 1 [ RunTime:0.015275s ]
[2021-12-22T15:48:24+08:00][sql] SHOW FULL COLUMNS FROM `product_specs` [ RunTime:0.015875s ]
[2021-12-22T15:48:24+08:00][sql] SELECT * FROM `product_specs` WHERE  `product_id` = 6 [ RunTime:0.016566s ]
[2021-12-22T15:48:24+08:00][error] [10500]method not exist:think\db\Query->specsValues[D:\Web\www.ruiwen.com\vendor\topthink\think-orm\src\db\BaseQuery.php:117]
[2021-12-22T15:51:14+08:00][sql] CONNECT:[ UseTime:0.023838s ] mysql:host=124.71.218.160;port=3306;dbname=www_akali_ltd;charset=utf8
[2021-12-22T15:51:14+08:00][sql] SHOW FULL COLUMNS FROM `product` [ RunTime:0.015960s ]
[2021-12-22T15:51:14+08:00][sql] SELECT * FROM `product` WHERE (  `id` = 6 ) AND `product`.`delete_time` IS NULL LIMIT 1 [ RunTime:0.015223s ]
[2021-12-22T15:51:14+08:00][sql] SHOW FULL COLUMNS FROM `product_specs` [ RunTime:0.015671s ]
[2021-12-22T15:51:14+08:00][sql] SELECT * FROM `product_specs` WHERE  `product_id` = 6 [ RunTime:0.014870s ]
[2021-12-22T16:01:25+08:00][sql] CONNECT:[ UseTime:0.040755s ] mysql:host=124.71.218.160;port=3306;dbname=www_akali_ltd;charset=utf8
[2021-12-22T16:01:25+08:00][sql] SHOW FULL COLUMNS FROM `product` [ RunTime:0.018028s ]
[2021-12-22T16:01:25+08:00][sql] SELECT * FROM `product` WHERE (  `id` = 6 ) AND `product`.`delete_time` IS NULL LIMIT 1 [ RunTime:0.016654s ]
[2021-12-22T16:01:25+08:00][sql] SHOW FULL COLUMNS FROM `product_specs` [ RunTime:0.016863s ]
[2021-12-22T16:01:25+08:00][sql] SELECT `sales`,`create_time`,`update_time`,`product_id` FROM `product_specs` WHERE  `product_id` = 6 [ RunTime:0.016642s ]
[2021-12-22T16:02:21+08:00][sql] CONNECT:[ UseTime:0.032150s ] mysql:host=124.71.218.160;port=3306;dbname=www_akali_ltd;charset=utf8
[2021-12-22T16:02:21+08:00][sql] SHOW FULL COLUMNS FROM `product` [ RunTime:0.016131s ]
[2021-12-22T16:02:21+08:00][sql] SELECT * FROM `product` WHERE (  `id` = 6 ) AND `product`.`delete_time` IS NULL LIMIT 1 [ RunTime:0.015576s ]
[2021-12-22T16:02:21+08:00][sql] SHOW FULL COLUMNS FROM `product_specs` [ RunTime:0.015813s ]
[2021-12-22T16:02:21+08:00][error] [0]Argument 1 passed to think\model\Relation::withField() must be of the type array, string given, called in D:\Web\www.ruiwen.com\app\web\logic\Product.php on line 12[D:\Web\www.ruiwen.com\vendor\topthink\think-orm\src\model\Relation.php:221]
[2021-12-22T16:02:34+08:00][sql] CONNECT:[ UseTime:0.032326s ] mysql:host=124.71.218.160;port=3306;dbname=www_akali_ltd;charset=utf8
[2021-12-22T16:02:34+08:00][sql] SHOW FULL COLUMNS FROM `product` [ RunTime:0.018551s ]
[2021-12-22T16:02:34+08:00][sql] SELECT * FROM `product` WHERE (  `id` = 6 ) AND `product`.`delete_time` IS NULL LIMIT 1 [ RunTime:0.016754s ]
[2021-12-22T16:02:34+08:00][sql] SHOW FULL COLUMNS FROM `product_specs` [ RunTime:0.018950s ]
[2021-12-22T16:02:34+08:00][error] [0]Argument 1 passed to think\model\Relation::withField() must be of the type array, string given, called in D:\Web\www.ruiwen.com\app\web\logic\Product.php on line 12[D:\Web\www.ruiwen.com\vendor\topthink\think-orm\src\model\Relation.php:221]
[2021-12-22T16:03:43+08:00][sql] CONNECT:[ UseTime:0.013514s ] mysql:host=124.71.218.160;port=3306;dbname=www_akali_ltd;charset=utf8
[2021-12-22T16:03:43+08:00][sql] SHOW FULL COLUMNS FROM `product` [ RunTime:0.010303s ]
[2021-12-22T16:03:43+08:00][sql] SELECT * FROM `product` WHERE (  `id` = 6 ) AND `product`.`delete_time` IS NULL LIMIT 1 [ RunTime:0.009365s ]
[2021-12-22T16:03:43+08:00][sql] SHOW FULL COLUMNS FROM `product_specs` [ RunTime:0.010008s ]
[2021-12-22T16:03:43+08:00][error] [0]Argument 1 passed to think\model\Relation::withField() must be of the type array, string given, called in D:\Web\www.ruiwen.com\app\web\logic\Product.php on line 12[D:\Web\www.ruiwen.com\vendor\topthink\think-orm\src\model\Relation.php:221]
[2021-12-22T16:05:21+08:00][sql] CONNECT:[ UseTime:0.023635s ] mysql:host=124.71.218.160;port=3306;dbname=www_akali_ltd;charset=utf8
[2021-12-22T16:05:21+08:00][sql] SHOW FULL COLUMNS FROM `product` [ RunTime:0.016689s ]
[2021-12-22T16:05:21+08:00][sql] SELECT * FROM `product` WHERE (  `id` = 6 ) AND `product`.`delete_time` IS NULL LIMIT 1 [ RunTime:0.016887s ]
[2021-12-22T16:05:21+08:00][sql] SHOW FULL COLUMNS FROM `product_specs` [ RunTime:0.018546s ]
[2021-12-22T16:05:21+08:00][error] [0]Argument 1 passed to think\model\Relation::withField() must be of the type array, string given, called in D:\Web\www.ruiwen.com\app\web\logic\Product.php on line 12[D:\Web\www.ruiwen.com\vendor\topthink\think-orm\src\model\Relation.php:221]
[2021-12-22T16:06:50+08:00][sql] CONNECT:[ UseTime:0.014184s ] mysql:host=124.71.218.160;port=3306;dbname=www_akali_ltd;charset=utf8
[2021-12-22T16:06:50+08:00][sql] SHOW FULL COLUMNS FROM `product` [ RunTime:0.009092s ]
[2021-12-22T16:06:50+08:00][sql] SELECT * FROM `product` WHERE (  `id` = 6 ) AND `product`.`delete_time` IS NULL LIMIT 1 [ RunTime:0.008264s ]
[2021-12-22T16:06:50+08:00][sql] SHOW FULL COLUMNS FROM `product_specs` [ RunTime:0.008952s ]
[2021-12-22T16:06:50+08:00][sql] SELECT * FROM `product_specs` WHERE  `product_id` = 6 [ RunTime:0.008513s ]
[2021-12-22T16:07:15+08:00][sql] CONNECT:[ UseTime:0.023269s ] mysql:host=124.71.218.160;port=3306;dbname=www_akali_ltd;charset=utf8
[2021-12-22T16:07:15+08:00][sql] SHOW FULL COLUMNS FROM `product` [ RunTime:0.016544s ]
[2021-12-22T16:07:15+08:00][sql] SELECT * FROM `product` WHERE (  `id` = 6 ) AND `product`.`delete_time` IS NULL LIMIT 1 [ RunTime:0.017029s ]
[2021-12-22T16:07:15+08:00][sql] SHOW FULL COLUMNS FROM `product_specs` [ RunTime:0.016359s ]
[2021-12-22T16:07:15+08:00][sql] SELECT * FROM `product_specs` WHERE  `product_id` = 6 [ RunTime:0.016085s ]
[2021-12-22T16:07:37+08:00][sql] CONNECT:[ UseTime:0.021436s ] mysql:host=124.71.218.160;port=3306;dbname=www_akali_ltd;charset=utf8
[2021-12-22T16:07:37+08:00][sql] SHOW FULL COLUMNS FROM `product` [ RunTime:0.014975s ]
[2021-12-22T16:07:37+08:00][sql] SELECT * FROM `product` WHERE (  `id` = 6 ) AND `product`.`delete_time` IS NULL LIMIT 1 [ RunTime:0.014934s ]
[2021-12-22T16:07:37+08:00][sql] SHOW FULL COLUMNS FROM `product_specs` [ RunTime:0.019719s ]
[2021-12-22T16:07:37+08:00][sql] SELECT * FROM `product_specs` WHERE  `product_id` = 6 [ RunTime:0.015278s ]
[2021-12-22T16:08:05+08:00][sql] CONNECT:[ UseTime:0.026798s ] mysql:host=124.71.218.160;port=3306;dbname=www_akali_ltd;charset=utf8
[2021-12-22T16:08:05+08:00][sql] SHOW FULL COLUMNS FROM `product` [ RunTime:0.017899s ]
[2021-12-22T16:08:05+08:00][sql] SELECT * FROM `product` WHERE (  `id` = 6 ) AND `product`.`delete_time` IS NULL LIMIT 1 [ RunTime:0.017859s ]
[2021-12-22T16:08:05+08:00][sql] SHOW FULL COLUMNS FROM `product_specs` [ RunTime:0.017372s ]
[2021-12-22T16:08:05+08:00][sql] SELECT `id`,`specs_value_id`,`price`,`stock`,`product_id` FROM `product_specs` WHERE  `product_id` = 6 [ RunTime:0.016704s ]
[2021-12-22T16:08:22+08:00][sql] CONNECT:[ UseTime:0.034015s ] mysql:host=124.71.218.160;port=3306;dbname=www_akali_ltd;charset=utf8
[2021-12-22T16:08:22+08:00][sql] SHOW FULL COLUMNS FROM `product` [ RunTime:0.022318s ]
[2021-12-22T16:08:22+08:00][sql] SELECT * FROM `product` WHERE (  `id` = 6 ) AND `product`.`delete_time` IS NULL LIMIT 1 [ RunTime:0.022068s ]
[2021-12-22T16:08:22+08:00][sql] SHOW FULL COLUMNS FROM `product_specs` [ RunTime:0.028966s ]
[2021-12-22T16:08:22+08:00][sql] SELECT `id`,`specs_value_id`,`price`,`stock` FROM `product_specs` WHERE  `product_id` = 6 [ RunTime:0.044023s ]
[2021-12-22T16:08:31+08:00][sql] CONNECT:[ UseTime:0.037722s ] mysql:host=124.71.218.160;port=3306;dbname=www_akali_ltd;charset=utf8
[2021-12-22T16:08:31+08:00][sql] SHOW FULL COLUMNS FROM `product` [ RunTime:0.020437s ]
[2021-12-22T16:08:31+08:00][sql] SELECT * FROM `product` WHERE (  `id` = 6 ) AND `product`.`delete_time` IS NULL LIMIT 1 [ RunTime:0.015731s ]
[2021-12-22T16:08:31+08:00][sql] SHOW FULL COLUMNS FROM `product_specs` [ RunTime:0.030678s ]
[2021-12-22T16:08:31+08:00][sql] SELECT `id`,`specs_value_id`,`price`,`stock`,`product_id` FROM `product_specs` WHERE  `product_id` = 6 [ RunTime:0.050552s ]
[2021-12-22T16:10:02+08:00][sql] CONNECT:[ UseTime:0.024234s ] mysql:host=124.71.218.160;port=3306;dbname=www_akali_ltd;charset=utf8
[2021-12-22T16:10:02+08:00][sql] SHOW FULL COLUMNS FROM `product` [ RunTime:0.016817s ]
[2021-12-22T16:10:02+08:00][sql] SELECT * FROM `product` WHERE (  `id` = 6 ) AND `product`.`delete_time` IS NULL LIMIT 1 [ RunTime:0.017406s ]
[2021-12-22T16:10:02+08:00][sql] SHOW FULL COLUMNS FROM `product_specs` [ RunTime:0.016917s ]
[2021-12-22T16:10:02+08:00][sql] SELECT `id`,`specs_value_id`,`price`,`stock`,`create_time`,`update_time`,`product_id` FROM `product_specs` WHERE  `product_id` = 6 [ RunTime:0.016158s ]
[2021-12-22T16:10:23+08:00][sql] CONNECT:[ UseTime:0.024830s ] mysql:host=124.71.218.160;port=3306;dbname=www_akali_ltd;charset=utf8
[2021-12-22T16:10:23+08:00][sql] SHOW FULL COLUMNS FROM `product` [ RunTime:0.017364s ]
[2021-12-22T16:10:23+08:00][sql] SELECT * FROM `product` WHERE (  `id` = 6 ) AND `product`.`delete_time` IS NULL LIMIT 1 [ RunTime:0.017071s ]
[2021-12-22T16:10:23+08:00][sql] SHOW FULL COLUMNS FROM `product_specs` [ RunTime:0.017426s ]
[2021-12-22T16:10:23+08:00][sql] SELECT `id`,`specs_value_id`,`stock`,`create_time`,`update_time`,`product_id` FROM `product_specs` WHERE  `product_id` = 6 [ RunTime:0.017085s ]
[2021-12-22T16:19:42+08:00][sql] CONNECT:[ UseTime:0.034615s ] mysql:host=124.71.218.160;port=3306;dbname=www_akali_ltd;charset=utf8
[2021-12-22T16:19:42+08:00][sql] SHOW FULL COLUMNS FROM `product` [ RunTime:0.017094s ]
[2021-12-22T16:19:42+08:00][sql] SELECT * FROM `product` WHERE (  `id` = 6 ) AND `product`.`delete_time` IS NULL LIMIT 1 [ RunTime:0.016488s ]
[2021-12-22T16:19:42+08:00][sql] SHOW FULL COLUMNS FROM `product_specs` [ RunTime:0.016686s ]
[2021-12-22T16:19:42+08:00][sql] SELECT `id`,`specs_value_id`,`price`,`stock` FROM `product_specs` WHERE  `product_id` = 6 [ RunTime:0.015687s ]
[2021-12-22T16:20:45+08:00][sql] CONNECT:[ UseTime:0.036995s ] mysql:host=124.71.218.160;port=3306;dbname=www_akali_ltd;charset=utf8
[2021-12-22T16:20:45+08:00][sql] SHOW FULL COLUMNS FROM `product` [ RunTime:0.016948s ]
[2021-12-22T16:20:45+08:00][sql] SELECT * FROM `product` WHERE (  `id` = 6 ) AND `product`.`delete_time` IS NULL LIMIT 1 [ RunTime:0.015745s ]
[2021-12-22T16:20:45+08:00][sql] SHOW FULL COLUMNS FROM `product_specs` [ RunTime:0.015945s ]
[2021-12-22T16:20:45+08:00][sql] SELECT `id`,`specs_value_id`,`price`,`stock` FROM `product_specs` WHERE  `product_id` = 6 [ RunTime:0.015492s ]
[2021-12-22T16:24:09+08:00][error] [10501]SQLSTATE[HY000] [2002] ”…”⁄¡¨Ω”∑Ω‘⁄“ª∂Œ ±º‰∫Û√ª”–’˝»∑¥∏¥ªÚ¡¨Ω”µƒ÷˜ª˙√ª”–∑¥”¶£¨¡¨Ω”≥¢ ‘ ß∞‹°£
[D:\Web\www.ruiwen.com\vendor\topthink\think-orm\src\db\PDOConnection.php:796]
[2021-12-22T16:25:30+08:00][sql] CONNECT:[ UseTime:0.000668s ] mysql:host=127.0.0.1;port=3306;dbname=www_akali_ltd;charset=utf8
[2021-12-22T16:25:30+08:00][sql] SHOW FULL COLUMNS FROM `product` [ RunTime:0.003590s ]
[2021-12-22T16:25:30+08:00][sql] SELECT * FROM `product` WHERE (  `id` = 6 ) AND `product`.`delete_time` IS NULL LIMIT 1 [ RunTime:0.003046s ]
[2021-12-22T16:25:30+08:00][sql] SHOW FULL COLUMNS FROM `product_specs` [ RunTime:0.003450s ]
[2021-12-22T16:25:30+08:00][sql] SELECT `id`,`specs_value_id`,`price`,`stock` FROM `product_specs` WHERE  `product_id` = 6 [ RunTime:0.000731s ]
[2021-12-22T16:25:36+08:00][sql] CONNECT:[ UseTime:0.000642s ] mysql:host=127.0.0.1;port=3306;dbname=www_akali_ltd;charset=utf8
[2021-12-22T16:25:36+08:00][sql] SHOW FULL COLUMNS FROM `product` [ RunTime:0.002659s ]
[2021-12-22T16:25:36+08:00][sql] SELECT * FROM `product` WHERE (  `id` = 6 ) AND `product`.`delete_time` IS NULL LIMIT 1 [ RunTime:0.000320s ]
[2021-12-22T16:25:36+08:00][sql] SHOW FULL COLUMNS FROM `product_specs` [ RunTime:0.003708s ]
[2021-12-22T16:25:36+08:00][sql] SELECT `id`,`specs_value_id`,`price`,`stock` FROM `product_specs` WHERE  `product_id` = 6 [ RunTime:0.000415s ]
[2021-12-22T16:25:56+08:00][sql] CONNECT:[ UseTime:0.013307s ] mysql:host=124.71.218.160;port=3306;dbname=www_akali_ltd;charset=utf8
[2021-12-22T16:25:56+08:00][sql] SHOW FULL COLUMNS FROM `product` [ RunTime:0.009728s ]
[2021-12-22T16:25:56+08:00][sql] SELECT * FROM `product` WHERE (  `id` = 6 ) AND `product`.`delete_time` IS NULL LIMIT 1 [ RunTime:0.009256s ]
[2021-12-22T16:25:56+08:00][sql] SHOW FULL COLUMNS FROM `product_specs` [ RunTime:0.009598s ]
[2021-12-22T16:25:56+08:00][sql] SELECT `id`,`specs_value_id`,`price`,`stock` FROM `product_specs` WHERE  `product_id` = 6 [ RunTime:0.009349s ]
[2021-12-22T16:26:22+08:00][sql] CONNECT:[ UseTime:0.036873s ] mysql:host=124.71.218.160;port=3306;dbname=www_akali_ltd;charset=utf8
[2021-12-22T16:26:22+08:00][sql] SHOW FULL COLUMNS FROM `product` [ RunTime:0.024032s ]
[2021-12-22T16:26:22+08:00][sql] SELECT * FROM `product` WHERE (  `id` = 6 ) AND `product`.`delete_time` IS NULL LIMIT 1 [ RunTime:0.025061s ]
[2021-12-22T16:26:22+08:00][sql] SHOW FULL COLUMNS FROM `product_specs` [ RunTime:0.026085s ]
[2021-12-22T16:26:22+08:00][sql] SELECT `id`,`specs_value_id`,`price`,`stock`,`create_time`,`update_time`,`product_id` FROM `product_specs` WHERE  `product_id` = 6 [ RunTime:0.023135s ]
[2021-12-22T16:31:04+08:00][sql] CONNECT:[ UseTime:0.027645s ] mysql:host=124.71.218.160;port=3306;dbname=www_akali_ltd;charset=utf8
[2021-12-22T16:31:04+08:00][sql] SHOW FULL COLUMNS FROM `product` [ RunTime:0.019529s ]
[2021-12-22T16:31:04+08:00][sql] SELECT * FROM `product` WHERE (  `id` = 6 ) AND `product`.`delete_time` IS NULL LIMIT 1 [ RunTime:0.018439s ]
[2021-12-22T16:31:04+08:00][sql] SHOW FULL COLUMNS FROM `product_specs` [ RunTime:0.017763s ]
[2021-12-22T16:31:04+08:00][sql] SELECT `id`,`specs_value_id`,`price`,`stock`,`create_time`,`update_time`,`delete_time`,`product_id` FROM `product_specs` WHERE (  `product_id` = 6 ) AND `product_specs`.`delete_time` IS NULL [ RunTime:0.017868s ]
[2021-12-22T17:16:52+08:00][sql] CONNECT:[ UseTime:0.033169s ] mysql:host=124.71.218.160;port=3306;dbname=www_akali_ltd;charset=utf8
[2021-12-22T17:16:52+08:00][sql] SHOW FULL COLUMNS FROM `product` [ RunTime:0.008592s ]
[2021-12-22T17:16:52+08:00][sql] SELECT * FROM `product` WHERE (  `id` = 6 ) AND `product`.`delete_time` IS NULL LIMIT 1 [ RunTime:0.008503s ]
[2021-12-22T17:16:52+08:00][sql] SHOW FULL COLUMNS FROM `product_specs` [ RunTime:0.008256s ]
[2021-12-22T17:16:52+08:00][sql] SELECT `id`,`specs_value_id`,`price`,`stock`,`create_time`,`update_time`,`delete_time`,`product_id` FROM `product_specs` WHERE (  `product_id` = 6 ) AND `product_specs`.`delete_time` IS NULL [ RunTime:0.008062s ]
[2021-12-22T17:16:52+08:00][sql] SELECT `id`,`specs_value_id`,`price`,`stock` FROM `product_specs` WHERE (  `product_id` = [{"id":80,"specs_value_id":"1,12,19","price":2200,"stock":12,"product_id":6},{"id":81,"specs_value_id":"5,12,20","price":3200,"stock":3,"product_id":6}] ) AND `product_specs`.`delete_time` IS NULL [ RunTime:0.008605s ]
[2021-12-22T17:19:13+08:00][sql] CONNECT:[ UseTime:0.042777s ] mysql:host=124.71.218.160;port=3306;dbname=www_akali_ltd;charset=utf8
[2021-12-22T17:19:13+08:00][sql] SHOW FULL COLUMNS FROM `product` [ RunTime:0.015247s ]
[2021-12-22T17:19:13+08:00][sql] SELECT * FROM `product` WHERE (  `id` = 6 ) AND `product`.`delete_time` IS NULL LIMIT 1 [ RunTime:0.014559s ]
[2021-12-22T17:19:13+08:00][sql] SHOW FULL COLUMNS FROM `product_specs` [ RunTime:0.014539s ]
[2021-12-22T17:19:13+08:00][sql] SELECT `id`,`specs_value_id`,`price`,`stock`,`create_time`,`update_time`,`delete_time`,`product_id` FROM `product_specs` WHERE (  `product_id` = 6 ) AND `product_specs`.`delete_time` IS NULL [ RunTime:0.014465s ]
[2021-12-22T17:19:13+08:00][error] [2]array_column() expects parameter 1 to be array, object given[D:\Web\www.ruiwen.com\app\web\logic\ProductSpecs.php:20]
[2021-12-22T17:19:42+08:00][sql] CONNECT:[ UseTime:0.022636s ] mysql:host=124.71.218.160;port=3306;dbname=www_akali_ltd;charset=utf8
[2021-12-22T17:19:42+08:00][sql] SHOW FULL COLUMNS FROM `product` [ RunTime:0.014664s ]
[2021-12-22T17:19:42+08:00][sql] SELECT * FROM `product` WHERE (  `id` = 6 ) AND `product`.`delete_time` IS NULL LIMIT 1 [ RunTime:0.013989s ]
[2021-12-22T17:19:42+08:00][sql] SHOW FULL COLUMNS FROM `product_specs` [ RunTime:0.014794s ]
[2021-12-22T17:19:42+08:00][sql] SELECT `id`,`specs_value_id`,`price`,`stock`,`create_time`,`update_time`,`delete_time`,`product_id` FROM `product_specs` WHERE (  `product_id` = 6 ) AND `product_specs`.`delete_time` IS NULL [ RunTime:0.014946s ]
[2021-12-22T17:20:17+08:00][sql] CONNECT:[ UseTime:0.022701s ] mysql:host=124.71.218.160;port=3306;dbname=www_akali_ltd;charset=utf8
[2021-12-22T17:20:17+08:00][sql] SHOW FULL COLUMNS FROM `product` [ RunTime:0.015914s ]
[2021-12-22T17:20:17+08:00][sql] SELECT * FROM `product` WHERE (  `id` = 6 ) AND `product`.`delete_time` IS NULL LIMIT 1 [ RunTime:0.015704s ]
[2021-12-22T17:20:17+08:00][sql] SHOW FULL COLUMNS FROM `product_specs` [ RunTime:0.015980s ]
[2021-12-22T17:20:17+08:00][sql] SELECT `id`,`specs_value_id`,`price`,`stock`,`create_time`,`update_time`,`delete_time`,`product_id` FROM `product_specs` WHERE (  `product_id` = 6 ) AND `product_specs`.`delete_time` IS NULL [ RunTime:0.015697s ]
[2021-12-22T17:20:46+08:00][sql] CONNECT:[ UseTime:0.033079s ] mysql:host=124.71.218.160;port=3306;dbname=www_akali_ltd;charset=utf8
[2021-12-22T17:20:46+08:00][sql] SHOW FULL COLUMNS FROM `product` [ RunTime:0.017089s ]
[2021-12-22T17:20:46+08:00][sql] SELECT * FROM `product` WHERE (  `id` = 6 ) AND `product`.`delete_time` IS NULL LIMIT 1 [ RunTime:0.016541s ]
[2021-12-22T17:20:46+08:00][sql] SHOW FULL COLUMNS FROM `product_specs` [ RunTime:0.017308s ]
[2021-12-22T17:20:46+08:00][sql] SELECT `id`,`specs_value_id`,`price`,`stock`,`create_time`,`update_time`,`delete_time`,`product_id` FROM `product_specs` WHERE (  `product_id` = 6 ) AND `product_specs`.`delete_time` IS NULL [ RunTime:0.016461s ]
[2021-12-22T17:21:12+08:00][sql] CONNECT:[ UseTime:0.019124s ] mysql:host=124.71.218.160;port=3306;dbname=www_akali_ltd;charset=utf8
[2021-12-22T17:21:12+08:00][sql] SHOW FULL COLUMNS FROM `product` [ RunTime:0.012404s ]
[2021-12-22T17:21:12+08:00][sql] SELECT * FROM `product` WHERE (  `id` = 6 ) AND `product`.`delete_time` IS NULL LIMIT 1 [ RunTime:0.012147s ]
[2021-12-22T17:21:12+08:00][sql] SHOW FULL COLUMNS FROM `product_specs` [ RunTime:0.012561s ]
[2021-12-22T17:21:12+08:00][sql] SELECT `id`,`specs_value_id`,`price`,`stock`,`create_time`,`update_time`,`delete_time`,`product_id` FROM `product_specs` WHERE (  `product_id` = 6 ) AND `product_specs`.`delete_time` IS NULL [ RunTime:0.012204s ]
[2021-12-22T17:23:07+08:00][sql] CONNECT:[ UseTime:0.038267s ] mysql:host=124.71.218.160;port=3306;dbname=www_akali_ltd;charset=utf8
[2021-12-22T17:23:07+08:00][sql] SHOW FULL COLUMNS FROM `product` [ RunTime:0.017471s ]
[2021-12-22T17:23:07+08:00][sql] SELECT * FROM `product` WHERE (  `id` = 6 ) AND `product`.`delete_time` IS NULL LIMIT 1 [ RunTime:0.017497s ]
[2021-12-22T17:23:07+08:00][sql] SHOW FULL COLUMNS FROM `product_specs` [ RunTime:0.018552s ]
[2021-12-22T17:23:07+08:00][sql] SELECT `id`,`specs_value_id`,`price`,`stock`,`create_time`,`update_time`,`delete_time`,`product_id` FROM `product_specs` WHERE (  `product_id` = 6 ) AND `product_specs`.`delete_time` IS NULL [ RunTime:0.017508s ]
[2021-12-22T17:23:07+08:00][sql] SHOW FULL COLUMNS FROM `product_specs_value` [ RunTime:0.019595s ]
[2021-12-22T17:23:07+08:00][sql] SELECT * FROM `product_specs_value` WHERE  `id` = in [ RunTime:0.017289s ]
[2021-12-22T17:24:42+08:00][sql] CONNECT:[ UseTime:0.034139s ] mysql:host=124.71.218.160;port=3306;dbname=www_akali_ltd;charset=utf8
[2021-12-22T17:24:42+08:00][sql] SHOW FULL COLUMNS FROM `product` [ RunTime:0.019352s ]
[2021-12-22T17:24:42+08:00][sql] SELECT * FROM `product` WHERE (  `id` = 6 ) AND `product`.`delete_time` IS NULL LIMIT 1 [ RunTime:0.016758s ]
[2021-12-22T17:24:42+08:00][sql] SHOW FULL COLUMNS FROM `product_specs` [ RunTime:0.017105s ]
[2021-12-22T17:24:42+08:00][sql] SELECT `id`,`specs_value_id`,`price`,`stock`,`create_time`,`update_time`,`delete_time`,`product_id` FROM `product_specs` WHERE (  `product_id` = 6 ) AND `product_specs`.`delete_time` IS NULL [ RunTime:0.016675s ]
[2021-12-22T17:24:42+08:00][sql] SHOW FULL COLUMNS FROM `product_specs_value` [ RunTime:0.017278s ]
[2021-12-22T17:24:42+08:00][sql] SELECT * FROM `product_specs_value` WHERE  `id` IN (1,12,19,5,20) [ RunTime:0.016672s ]
[2021-12-22T17:25:06+08:00][sql] CONNECT:[ UseTime:0.022797s ] mysql:host=124.71.218.160;port=3306;dbname=www_akali_ltd;charset=utf8
[2021-12-22T17:25:06+08:00][sql] SHOW FULL COLUMNS FROM `product` [ RunTime:0.015945s ]
[2021-12-22T17:25:06+08:00][sql] SELECT * FROM `product` WHERE (  `id` = 6 ) AND `product`.`delete_time` IS NULL LIMIT 1 [ RunTime:0.015521s ]
[2021-12-22T17:25:06+08:00][sql] SHOW FULL COLUMNS FROM `product_specs` [ RunTime:0.018017s ]
[2021-12-22T17:25:06+08:00][sql] SELECT `id`,`specs_value_id`,`price`,`stock`,`create_time`,`update_time`,`delete_time`,`product_id` FROM `product_specs` WHERE (  `product_id` = 6 ) AND `product_specs`.`delete_time` IS NULL [ RunTime:0.015667s ]
[2021-12-22T17:25:06+08:00][sql] SHOW FULL COLUMNS FROM `product_specs_value` [ RunTime:0.016150s ]
[2021-12-22T17:25:06+08:00][sql] SELECT * FROM `product_specs_value` WHERE  `id` IN (1,12,19,5,20) [ RunTime:0.015389s ]
[2021-12-22T18:16:17+08:00][sql] CONNECT:[ UseTime:0.031223s ] mysql:host=124.71.218.160;port=3306;dbname=www_akali_ltd;charset=utf8
[2021-12-22T18:16:17+08:00][sql] SHOW FULL COLUMNS FROM `product` [ RunTime:0.017209s ]
[2021-12-22T18:16:17+08:00][sql] SELECT * FROM `product` WHERE (  `id` = 6 ) AND `product`.`delete_time` IS NULL LIMIT 1 [ RunTime:0.016734s ]
[2021-12-22T18:16:17+08:00][error] [0]Call to a member function toArray() on null[D:\Web\www.ruiwen.com\app\web\logic\Product.php:14]
[2021-12-22T18:16:51+08:00][sql] CONNECT:[ UseTime:0.014195s ] mysql:host=124.71.218.160;port=3306;dbname=www_akali_ltd;charset=utf8
[2021-12-22T18:16:51+08:00][sql] SHOW FULL COLUMNS FROM `product` [ RunTime:0.008994s ]
[2021-12-22T18:16:51+08:00][sql] SELECT * FROM `product` WHERE (  `id` = 6 ) AND `product`.`delete_time` IS NULL LIMIT 1 [ RunTime:0.008339s ]
[2021-12-22T18:16:51+08:00][error] [0]Call to a member function toArray() on null[D:\Web\www.ruiwen.com\app\web\logic\Product.php:14]
[2021-12-22T18:17:03+08:00][sql] CONNECT:[ UseTime:0.024860s ] mysql:host=124.71.218.160;port=3306;dbname=www_akali_ltd;charset=utf8
[2021-12-22T18:17:03+08:00][sql] SHOW FULL COLUMNS FROM `product` [ RunTime:0.019578s ]
[2021-12-22T18:17:03+08:00][sql] SELECT * FROM `product` WHERE (  `id` = 16 ) AND `product`.`delete_time` IS NULL LIMIT 1 [ RunTime:0.016353s ]
[2021-12-22T18:17:03+08:00][sql] SHOW FULL COLUMNS FROM `product_specs` [ RunTime:0.016912s ]
[2021-12-22T18:17:03+08:00][sql] SELECT `id`,`specs_value_id`,`price`,`stock`,`create_time`,`update_time`,`delete_time`,`product_id` FROM `product_specs` WHERE (  `product_id` = 16 ) AND `product_specs`.`delete_time` IS NULL [ RunTime:0.016861s ]
[2021-12-22T18:17:03+08:00][sql] SHOW FULL COLUMNS FROM `product_specs_value` [ RunTime:0.016853s ]
[2021-12-22T18:17:03+08:00][sql] SELECT * FROM `product_specs_value` WHERE  `id` = in [ RunTime:0.016571s ]
[2021-12-22T18:19:02+08:00][sql] CONNECT:[ UseTime:0.035938s ] mysql:host=124.71.218.160;port=3306;dbname=www_akali_ltd;charset=utf8
[2021-12-22T18:19:02+08:00][sql] SHOW FULL COLUMNS FROM `product` [ RunTime:0.011296s ]
[2021-12-22T18:19:02+08:00][sql] SELECT * FROM `product` WHERE (  `id` = 16 ) AND `product`.`delete_time` IS NULL LIMIT 1 [ RunTime:0.008351s ]
[2021-12-22T18:19:02+08:00][sql] SHOW FULL COLUMNS FROM `product_specs` [ RunTime:0.008763s ]
[2021-12-22T18:19:02+08:00][sql] SELECT `id`,`specs_value_id`,`price`,`stock`,`create_time`,`update_time`,`delete_time`,`product_id` FROM `product_specs` WHERE (  `product_id` = 16 ) AND `product_specs`.`delete_time` IS NULL [ RunTime:0.008836s ]
[2021-12-22T18:19:02+08:00][sql] SHOW FULL COLUMNS FROM `product_specs_value` [ RunTime:0.011811s ]
[2021-12-22T18:19:02+08:00][sql] SELECT * FROM `product_specs_value` WHERE  `id` = in [ RunTime:0.008017s ]
[2021-12-22T18:19:22+08:00][sql] CONNECT:[ UseTime:0.036341s ] mysql:host=124.71.218.160;port=3306;dbname=www_akali_ltd;charset=utf8
[2021-12-22T18:19:22+08:00][sql] SHOW FULL COLUMNS FROM `product` [ RunTime:0.010993s ]
[2021-12-22T18:19:22+08:00][sql] SELECT * FROM `product` WHERE (  `id` = 16 ) AND `product`.`delete_time` IS NULL LIMIT 1 [ RunTime:0.010747s ]
[2021-12-22T18:19:22+08:00][error] [8]Êú™ÂÆö‰πâÊï∞ÁªÑÁ¥¢Âºï: specs[D:\Web\www.ruiwen.com\app\web\logic\Product.php:15]
[2021-12-22T18:19:40+08:00][sql] CONNECT:[ UseTime:0.036548s ] mysql:host=124.71.218.160;port=3306;dbname=www_akali_ltd;charset=utf8
[2021-12-22T18:19:40+08:00][sql] SHOW FULL COLUMNS FROM `product` [ RunTime:0.013645s ]
[2021-12-22T18:19:40+08:00][sql] SELECT * FROM `product` WHERE (  `id` = 16 ) AND `product`.`delete_time` IS NULL LIMIT 1 [ RunTime:0.013428s ]
[2021-12-22T18:20:58+08:00][sql] CONNECT:[ UseTime:0.040581s ] mysql:host=124.71.218.160;port=3306;dbname=www_akali_ltd;charset=utf8
[2021-12-22T18:20:58+08:00][sql] SHOW FULL COLUMNS FROM `product` [ RunTime:0.024565s ]
[2021-12-22T18:20:58+08:00][sql] SELECT * FROM `product` WHERE (  `id` = 16 ) AND `product`.`delete_time` IS NULL LIMIT 1 [ RunTime:0.024324s ]
[2021-12-22T18:20:58+08:00][sql] SHOW FULL COLUMNS FROM `product_specs` [ RunTime:0.026617s ]
[2021-12-22T18:20:58+08:00][sql] SELECT `id`,`specs_value_id`,`price`,`stock`,`create_time`,`update_time`,`delete_time`,`product_id` FROM `product_specs` WHERE (  `product_id` = 16 ) AND `product_specs`.`delete_time` IS NULL [ RunTime:0.025711s ]
[2021-12-22T18:21:16+08:00][sql] CONNECT:[ UseTime:0.035095s ] mysql:host=124.71.218.160;port=3306;dbname=www_akali_ltd;charset=utf8
[2021-12-22T18:21:16+08:00][sql] SHOW FULL COLUMNS FROM `product` [ RunTime:0.013492s ]
[2021-12-22T18:21:16+08:00][sql] SELECT * FROM `product` WHERE (  `id` = 17 ) AND `product`.`delete_time` IS NULL LIMIT 1 [ RunTime:0.012451s ]
[2021-12-22T18:21:16+08:00][sql] SHOW FULL COLUMNS FROM `product_specs` [ RunTime:0.012420s ]
[2021-12-22T18:21:16+08:00][sql] SELECT `id`,`specs_value_id`,`price`,`stock`,`create_time`,`update_time`,`delete_time`,`product_id` FROM `product_specs` WHERE (  `product_id` = 17 ) AND `product_specs`.`delete_time` IS NULL [ RunTime:0.012459s ]
[2021-12-22T18:21:21+08:00][sql] CONNECT:[ UseTime:0.038016s ] mysql:host=124.71.218.160;port=3306;dbname=www_akali_ltd;charset=utf8
[2021-12-22T18:21:21+08:00][sql] SHOW FULL COLUMNS FROM `product` [ RunTime:0.015636s ]
[2021-12-22T18:21:21+08:00][sql] SELECT * FROM `product` WHERE (  `id` = 11 ) AND `product`.`delete_time` IS NULL LIMIT 1 [ RunTime:0.014843s ]
[2021-12-22T18:21:21+08:00][error] [0]Call to a member function toArray() on null[D:\Web\www.ruiwen.com\app\web\logic\Product.php:14]
[2021-12-22T18:21:32+08:00][sql] CONNECT:[ UseTime:0.025028s ] mysql:host=124.71.218.160;port=3306;dbname=www_akali_ltd;charset=utf8
[2021-12-22T18:21:32+08:00][sql] SHOW FULL COLUMNS FROM `product` [ RunTime:0.015666s ]
[2021-12-22T18:21:32+08:00][sql] SELECT * FROM `product` WHERE (  `id` = 11 ) AND `product`.`delete_time` IS NULL LIMIT 1 [ RunTime:0.015270s ]
[2021-12-22T18:26:29+08:00][sql] CONNECT:[ UseTime:0.024270s ] mysql:host=124.71.218.160;port=3306;dbname=www_akali_ltd;charset=utf8
[2021-12-22T18:26:29+08:00][sql] SHOW FULL COLUMNS FROM `product` [ RunTime:0.017032s ]
[2021-12-22T18:26:29+08:00][sql] SELECT * FROM `product` WHERE (  `id` = 11 ) AND `product`.`delete_time` IS NULL LIMIT 1 [ RunTime:0.015699s ]
[2021-12-22T18:26:29+08:00][error] [404][D:\Web\www.ruiwen.com\app\web\logic\Product.php:15]
[2021-12-22T18:28:29+08:00][sql] CONNECT:[ UseTime:0.024350s ] mysql:host=124.71.218.160;port=3306;dbname=www_akali_ltd;charset=utf8
[2021-12-22T18:28:29+08:00][sql] SHOW FULL COLUMNS FROM `product` [ RunTime:0.010391s ]
[2021-12-22T18:28:29+08:00][sql] SELECT * FROM `product` WHERE (  `id` = 16 ) AND `product`.`delete_time` IS NULL LIMIT 1 [ RunTime:0.009497s ]
[2021-12-22T18:28:29+08:00][sql] SHOW FULL COLUMNS FROM `product_specs` [ RunTime:0.009902s ]
[2021-12-22T18:28:29+08:00][sql] SELECT `id`,`specs_value_id`,`price`,`stock`,`create_time`,`update_time`,`delete_time`,`product_id` FROM `product_specs` WHERE (  `product_id` = 16 ) AND `product_specs`.`delete_time` IS NULL [ RunTime:0.009716s ]
[2021-12-22T18:28:57+08:00][sql] CONNECT:[ UseTime:0.031899s ] mysql:host=124.71.218.160;port=3306;dbname=www_akali_ltd;charset=utf8
[2021-12-22T18:28:57+08:00][sql] SHOW FULL COLUMNS FROM `product` [ RunTime:0.017781s ]
[2021-12-22T18:28:57+08:00][sql] SELECT * FROM `product` WHERE (  `id` = 16 ) AND `product`.`delete_time` IS NULL LIMIT 1 [ RunTime:0.017315s ]
[2021-12-22T18:28:57+08:00][sql] SHOW FULL COLUMNS FROM `product_specs` [ RunTime:0.017026s ]
[2021-12-22T18:28:57+08:00][sql] SELECT `id`,`specs_value_id`,`price`,`stock`,`create_time`,`update_time`,`delete_time`,`product_id` FROM `product_specs` WHERE (  `product_id` = 16 ) AND `product_specs`.`delete_time` IS NULL [ RunTime:0.018316s ]
[2021-12-22T18:30:04+08:00][sql] CONNECT:[ UseTime:0.024617s ] mysql:host=124.71.218.160;port=3306;dbname=www_akali_ltd;charset=utf8
[2021-12-22T18:30:04+08:00][sql] SHOW FULL COLUMNS FROM `product` [ RunTime:0.016942s ]
[2021-12-22T18:30:04+08:00][sql] SELECT * FROM `product` WHERE (  `id` = 16 ) AND `product`.`delete_time` IS NULL LIMIT 1 [ RunTime:0.016435s ]
[2021-12-22T18:30:04+08:00][sql] SHOW FULL COLUMNS FROM `product_specs` [ RunTime:0.017139s ]
[2021-12-22T18:30:04+08:00][sql] SELECT `id`,`specs_value_id`,`price`,`stock`,`create_time`,`update_time`,`delete_time`,`product_id` FROM `product_specs` WHERE (  `product_id` = 16 ) AND `product_specs`.`delete_time` IS NULL [ RunTime:0.016938s ]
[2021-12-22T18:30:04+08:00][sql] SHOW FULL COLUMNS FROM `product_specs_value` [ RunTime:0.018323s ]
[2021-12-22T18:30:04+08:00][sql] SELECT * FROM `product_specs_value` WHERE  `id` = in [ RunTime:0.016461s ]
[2021-12-22T18:31:08+08:00][sql] CONNECT:[ UseTime:0.015802s ] mysql:host=124.71.218.160;port=3306;dbname=www_akali_ltd;charset=utf8
[2021-12-22T18:31:08+08:00][sql] SHOW FULL COLUMNS FROM `product` [ RunTime:0.011524s ]
[2021-12-22T18:31:08+08:00][sql] SELECT * FROM `product` WHERE (  `id` = 16 ) AND `product`.`delete_time` IS NULL LIMIT 1 [ RunTime:0.010827s ]
[2021-12-22T18:31:08+08:00][sql] SHOW FULL COLUMNS FROM `product_specs` [ RunTime:0.011755s ]
[2021-12-22T18:31:08+08:00][sql] SELECT `id`,`specs_value_id`,`price`,`stock`,`create_time`,`update_time`,`delete_time`,`product_id` FROM `product_specs` WHERE (  `product_id` = 16 ) AND `product_specs`.`delete_time` IS NULL [ RunTime:0.011089s ]
[2021-12-22T18:31:08+08:00][sql] SHOW FULL COLUMNS FROM `product_specs_value` [ RunTime:0.011507s ]
[2021-12-22T18:31:08+08:00][sql] SELECT * FROM `product_specs_value` WHERE  `id` = in [ RunTime:0.011137s ]
[2021-12-22T18:31:18+08:00][sql] CONNECT:[ UseTime:0.023032s ] mysql:host=124.71.218.160;port=3306;dbname=www_akali_ltd;charset=utf8
[2021-12-22T18:31:18+08:00][sql] SHOW FULL COLUMNS FROM `product` [ RunTime:0.016808s ]
[2021-12-22T18:31:18+08:00][sql] SELECT * FROM `product` WHERE (  `id` = 16 ) AND `product`.`delete_time` IS NULL LIMIT 1 [ RunTime:0.016130s ]
[2021-12-22T18:31:18+08:00][sql] SHOW FULL COLUMNS FROM `product_specs` [ RunTime:0.015499s ]
[2021-12-22T18:31:18+08:00][sql] SELECT `id`,`specs_value_id`,`price`,`stock`,`create_time`,`update_time`,`delete_time`,`product_id` FROM `product_specs` WHERE (  `product_id` = 16 ) AND `product_specs`.`delete_time` IS NULL [ RunTime:0.014991s ]
[2021-12-22T18:31:34+08:00][sql] CONNECT:[ UseTime:0.037372s ] mysql:host=124.71.218.160;port=3306;dbname=www_akali_ltd;charset=utf8
[2021-12-22T18:31:34+08:00][sql] SHOW FULL COLUMNS FROM `product` [ RunTime:0.026230s ]
[2021-12-22T18:31:34+08:00][sql] SELECT * FROM `product` WHERE (  `id` = 16 ) AND `product`.`delete_time` IS NULL LIMIT 1 [ RunTime:0.024643s ]
[2021-12-22T18:31:34+08:00][sql] SHOW FULL COLUMNS FROM `product_specs` [ RunTime:0.022446s ]
[2021-12-22T18:31:34+08:00][sql] SELECT `id`,`specs_value_id`,`price`,`stock`,`create_time`,`update_time`,`delete_time`,`product_id` FROM `product_specs` WHERE (  `product_id` = 16 ) AND `product_specs`.`delete_time` IS NULL [ RunTime:0.025572s ]
[2021-12-22T18:31:34+08:00][sql] SHOW FULL COLUMNS FROM `product_specs_value` [ RunTime:0.026522s ]
[2021-12-22T18:31:34+08:00][sql] SELECT * FROM `product_specs_value` WHERE  `id` = in [ RunTime:0.026170s ]
[2021-12-22T18:32:26+08:00][sql] CONNECT:[ UseTime:0.037652s ] mysql:host=124.71.218.160;port=3306;dbname=www_akali_ltd;charset=utf8
[2021-12-22T18:32:26+08:00][sql] SHOW FULL COLUMNS FROM `product` [ RunTime:0.018137s ]
[2021-12-22T18:32:26+08:00][sql] SELECT * FROM `product` WHERE (  `id` = 16 ) AND `product`.`delete_time` IS NULL LIMIT 1 [ RunTime:0.017285s ]
[2021-12-22T18:32:26+08:00][sql] SHOW FULL COLUMNS FROM `product_specs` [ RunTime:0.017692s ]
[2021-12-22T18:32:26+08:00][sql] SELECT `id`,`specs_value_id`,`price`,`stock`,`create_time`,`update_time`,`delete_time`,`product_id` FROM `product_specs` WHERE (  `product_id` = 16 ) AND `product_specs`.`delete_time` IS NULL [ RunTime:0.019586s ]
[2021-12-22T18:32:37+08:00][sql] CONNECT:[ UseTime:0.022059s ] mysql:host=124.71.218.160;port=3306;dbname=www_akali_ltd;charset=utf8
[2021-12-22T18:32:37+08:00][sql] SHOW FULL COLUMNS FROM `product` [ RunTime:0.014472s ]
[2021-12-22T18:32:37+08:00][sql] SELECT * FROM `product` WHERE (  `id` = 16 ) AND `product`.`delete_time` IS NULL LIMIT 1 [ RunTime:0.014424s ]
[2021-12-22T18:32:37+08:00][sql] SHOW FULL COLUMNS FROM `product_specs` [ RunTime:0.014383s ]
[2021-12-22T18:32:37+08:00][sql] SELECT `id`,`specs_value_id`,`price`,`stock`,`create_time`,`update_time`,`delete_time`,`product_id` FROM `product_specs` WHERE (  `product_id` = 16 ) AND `product_specs`.`delete_time` IS NULL [ RunTime:0.013991s ]
[2021-12-22T18:32:37+08:00][sql] SHOW FULL COLUMNS FROM `product_specs_value` [ RunTime:0.016432s ]
[2021-12-22T18:32:37+08:00][sql] SELECT * FROM `product_specs_value` WHERE  `id` IN (1,12,19,20) [ RunTime:0.014057s ]
[2021-12-22T18:33:50+08:00][sql] CONNECT:[ UseTime:0.037676s ] mysql:host=124.71.218.160;port=3306;dbname=www_akali_ltd;charset=utf8
[2021-12-22T18:33:50+08:00][sql] SHOW FULL COLUMNS FROM `product` [ RunTime:0.024599s ]
[2021-12-22T18:33:50+08:00][sql] SELECT * FROM `product` WHERE (  `id` = 16 ) AND `product`.`delete_time` IS NULL LIMIT 1 [ RunTime:0.025825s ]
[2021-12-22T18:33:50+08:00][sql] SHOW FULL COLUMNS FROM `product_specs` [ RunTime:0.024508s ]
[2021-12-22T18:33:50+08:00][sql] SELECT `id`,`specs_value_id`,`price`,`stock`,`create_time`,`update_time`,`delete_time`,`product_id` FROM `product_specs` WHERE (  `product_id` = 16 ) AND `product_specs`.`delete_time` IS NULL [ RunTime:0.024555s ]
[2021-12-22T18:33:50+08:00][error] [2]array_column() expects parameter 1 to be array, object given[D:\Web\www.ruiwen.com\app\web\logic\ProductSpecs.php:20]
[2021-12-22T18:34:32+08:00][sql] CONNECT:[ UseTime:0.027028s ] mysql:host=124.71.218.160;port=3306;dbname=www_akali_ltd;charset=utf8
[2021-12-22T18:34:32+08:00][sql] SHOW FULL COLUMNS FROM `product` [ RunTime:0.017570s ]
[2021-12-22T18:34:32+08:00][sql] SELECT * FROM `product` WHERE (  `id` = 16 ) AND `product`.`delete_time` IS NULL LIMIT 1 [ RunTime:0.017430s ]
[2021-12-22T18:34:32+08:00][sql] SHOW FULL COLUMNS FROM `product_specs` [ RunTime:0.020051s ]
[2021-12-22T18:34:32+08:00][sql] SELECT `id`,`specs_value_id`,`price`,`stock`,`create_time`,`update_time`,`delete_time`,`product_id` FROM `product_specs` WHERE (  `product_id` = 16 ) AND `product_specs`.`delete_time` IS NULL [ RunTime:0.019493s ]
[2021-12-22T18:34:32+08:00][sql] SHOW FULL COLUMNS FROM `product_specs_value` [ RunTime:0.019433s ]
[2021-12-22T18:34:32+08:00][sql] SELECT * FROM `product_specs_value` WHERE  `id` IN (1,12,19,20) [ RunTime:0.016677s ]
[2021-12-22T18:35:01+08:00][sql] CONNECT:[ UseTime:0.035166s ] mysql:host=124.71.218.160;port=3306;dbname=www_akali_ltd;charset=utf8
[2021-12-22T18:35:01+08:00][sql] SHOW FULL COLUMNS FROM `product` [ RunTime:0.016276s ]
[2021-12-22T18:35:01+08:00][sql] SELECT * FROM `product` WHERE (  `id` = 16 ) AND `product`.`delete_time` IS NULL LIMIT 1 [ RunTime:0.015799s ]
[2021-12-22T18:35:01+08:00][sql] SHOW FULL COLUMNS FROM `product_specs` [ RunTime:0.016192s ]
[2021-12-22T18:35:01+08:00][sql] SELECT `id`,`specs_value_id`,`price`,`stock`,`create_time`,`update_time`,`delete_time`,`product_id` FROM `product_specs` WHERE (  `product_id` = 16 ) AND `product_specs`.`delete_time` IS NULL [ RunTime:0.017399s ]
[2021-12-22T18:35:01+08:00][sql] SHOW FULL COLUMNS FROM `product_specs_value` [ RunTime:0.017198s ]
[2021-12-22T18:35:01+08:00][sql] SELECT * FROM `product_specs_value` WHERE  `id` IN (1,12,19,20) [ RunTime:0.015651s ]
[2021-12-22T18:35:14+08:00][sql] CONNECT:[ UseTime:0.034845s ] mysql:host=124.71.218.160;port=3306;dbname=www_akali_ltd;charset=utf8
[2021-12-22T18:35:14+08:00][sql] SHOW FULL COLUMNS FROM `product` [ RunTime:0.020909s ]
[2021-12-22T18:35:14+08:00][sql] SELECT * FROM `product` WHERE (  `id` = 16 ) AND `product`.`delete_time` IS NULL LIMIT 1 [ RunTime:0.021507s ]
[2021-12-22T18:35:14+08:00][sql] SHOW FULL COLUMNS FROM `product_specs` [ RunTime:0.024368s ]
[2021-12-22T18:35:14+08:00][sql] SELECT `id`,`specs_value_id`,`price`,`stock`,`create_time`,`update_time`,`delete_time`,`product_id` FROM `product_specs` WHERE (  `product_id` = 16 ) AND `product_specs`.`delete_time` IS NULL [ RunTime:0.021777s ]
[2021-12-22T18:35:14+08:00][sql] SHOW FULL COLUMNS FROM `product_specs_value` [ RunTime:0.021573s ]
[2021-12-22T18:35:14+08:00][sql] SELECT * FROM `product_specs_value` WHERE  `id` IN (1,12,19,20) [ RunTime:0.021814s ]
[2021-12-22T18:39:35+08:00][sql] CONNECT:[ UseTime:0.026031s ] mysql:host=124.71.218.160;port=3306;dbname=www_akali_ltd;charset=utf8
[2021-12-22T18:39:35+08:00][sql] SHOW FULL COLUMNS FROM `product` [ RunTime:0.017243s ]
[2021-12-22T18:39:35+08:00][sql] SELECT * FROM `product` WHERE (  `id` = 16 ) AND `product`.`delete_time` IS NULL LIMIT 1 [ RunTime:0.017417s ]
[2021-12-22T18:39:35+08:00][sql] SHOW FULL COLUMNS FROM `product_specs` [ RunTime:0.017744s ]
[2021-12-22T18:39:35+08:00][sql] SELECT `id`,`specs_value_id`,`price`,`stock`,`create_time`,`update_time`,`delete_time`,`product_id` FROM `product_specs` WHERE (  `product_id` = 16 ) AND `product_specs`.`delete_time` IS NULL [ RunTime:0.018655s ]
[2021-12-22T18:39:35+08:00][error] [8]Êú™ÂÆö‰πâÂèòÈáè: specs[D:\Web\www.ruiwen.com\app\web\logic\ProductSpecs.php:21]
[2021-12-22T18:39:41+08:00][sql] CONNECT:[ UseTime:0.039573s ] mysql:host=124.71.218.160;port=3306;dbname=www_akali_ltd;charset=utf8
[2021-12-22T18:39:41+08:00][sql] SHOW FULL COLUMNS FROM `product` [ RunTime:0.014380s ]
[2021-12-22T18:39:41+08:00][sql] SELECT * FROM `product` WHERE (  `id` = 16 ) AND `product`.`delete_time` IS NULL LIMIT 1 [ RunTime:0.013961s ]
[2021-12-22T18:39:41+08:00][sql] SHOW FULL COLUMNS FROM `product_specs` [ RunTime:0.016057s ]
[2021-12-22T18:39:41+08:00][sql] SELECT `id`,`specs_value_id`,`price`,`stock`,`create_time`,`update_time`,`delete_time`,`product_id` FROM `product_specs` WHERE (  `product_id` = 16 ) AND `product_specs`.`delete_time` IS NULL [ RunTime:0.014101s ]
[2021-12-22T18:39:54+08:00][sql] CONNECT:[ UseTime:0.027576s ] mysql:host=124.71.218.160;port=3306;dbname=www_akali_ltd;charset=utf8
[2021-12-22T18:39:54+08:00][sql] SHOW FULL COLUMNS FROM `product` [ RunTime:0.015813s ]
[2021-12-22T18:39:54+08:00][sql] SELECT * FROM `product` WHERE (  `id` = 16 ) AND `product`.`delete_time` IS NULL LIMIT 1 [ RunTime:0.015256s ]
[2021-12-22T18:39:54+08:00][sql] SHOW FULL COLUMNS FROM `product_specs` [ RunTime:0.017679s ]
[2021-12-22T18:39:54+08:00][sql] SELECT `id`,`specs_value_id`,`price`,`stock`,`create_time`,`update_time`,`delete_time`,`product_id` FROM `product_specs` WHERE (  `product_id` = 16 ) AND `product_specs`.`delete_time` IS NULL [ RunTime:0.015040s ]
[2021-12-22T18:39:54+08:00][sql] SHOW FULL COLUMNS FROM `product_specs_value` [ RunTime:0.015432s ]
[2021-12-22T18:39:54+08:00][sql] SELECT * FROM `product_specs_value` WHERE  `id` IN (1,12,19,20) [ RunTime:0.016498s ]
[2021-12-22T18:40:00+08:00][sql] CONNECT:[ UseTime:0.024515s ] mysql:host=124.71.218.160;port=3306;dbname=www_akali_ltd;charset=utf8
[2021-12-22T18:40:00+08:00][sql] SHOW FULL COLUMNS FROM `product` [ RunTime:0.015494s ]
[2021-12-22T18:40:00+08:00][sql] SELECT * FROM `product` WHERE (  `id` = 16 ) AND `product`.`delete_time` IS NULL LIMIT 1 [ RunTime:0.015139s ]
[2021-12-22T18:40:00+08:00][sql] SHOW FULL COLUMNS FROM `product_specs` [ RunTime:0.015535s ]
[2021-12-22T18:40:00+08:00][sql] SELECT `id`,`specs_value_id`,`price`,`stock`,`create_time`,`update_time`,`delete_time`,`product_id` FROM `product_specs` WHERE (  `product_id` = 16 ) AND `product_specs`.`delete_time` IS NULL [ RunTime:0.017290s ]
[2021-12-22T18:40:00+08:00][sql] SHOW FULL COLUMNS FROM `product_specs_value` [ RunTime:0.015449s ]
[2021-12-22T18:40:00+08:00][sql] SELECT * FROM `product_specs_value` WHERE  `id` IN (1,12,19,20) [ RunTime:0.015126s ]
[2021-12-22T18:40:51+08:00][sql] CONNECT:[ UseTime:0.025714s ] mysql:host=124.71.218.160;port=3306;dbname=www_akali_ltd;charset=utf8
[2021-12-22T18:40:51+08:00][sql] SHOW FULL COLUMNS FROM `product` [ RunTime:0.016876s ]
[2021-12-22T18:40:51+08:00][sql] SELECT * FROM `product` WHERE (  `id` = 16 ) AND `product`.`delete_time` IS NULL LIMIT 1 [ RunTime:0.016454s ]
[2021-12-22T18:40:51+08:00][sql] SHOW FULL COLUMNS FROM `product_specs` [ RunTime:0.016960s ]
[2021-12-22T18:40:51+08:00][sql] SELECT `id`,`specs_value_id`,`price`,`stock`,`create_time`,`update_time`,`delete_time`,`product_id` FROM `product_specs` WHERE (  `product_id` = 16 ) AND `product_specs`.`delete_time` IS NULL [ RunTime:0.017464s ]
[2021-12-22T18:40:51+08:00][sql] SHOW FULL COLUMNS FROM `product_specs_value` [ RunTime:0.018518s ]
[2021-12-22T18:40:51+08:00][sql] SELECT * FROM `product_specs_value` WHERE  `id` IN (1,12,19,20) [ RunTime:0.016224s ]
[2021-12-22T18:41:32+08:00][sql] CONNECT:[ UseTime:0.025010s ] mysql:host=124.71.218.160;port=3306;dbname=www_akali_ltd;charset=utf8
[2021-12-22T18:41:32+08:00][sql] SHOW FULL COLUMNS FROM `product` [ RunTime:0.017272s ]
[2021-12-22T18:41:32+08:00][sql] SELECT * FROM `product` WHERE (  `id` = 16 ) AND `product`.`delete_time` IS NULL LIMIT 1 [ RunTime:0.016783s ]
[2021-12-22T18:41:32+08:00][sql] SHOW FULL COLUMNS FROM `product_specs` [ RunTime:0.017590s ]
[2021-12-22T18:41:32+08:00][sql] SELECT `id`,`specs_value_id`,`price`,`stock`,`create_time`,`update_time`,`delete_time`,`product_id` FROM `product_specs` WHERE (  `product_id` = 16 ) AND `product_specs`.`delete_time` IS NULL [ RunTime:0.019049s ]
[2021-12-22T18:41:32+08:00][sql] SHOW FULL COLUMNS FROM `product_specs_value` [ RunTime:0.017485s ]
[2021-12-22T18:41:32+08:00][sql] SELECT * FROM `product_specs_value` WHERE  `id` IN (1,12,19,20) [ RunTime:0.016802s ]
[2021-12-22T18:41:44+08:00][sql] CONNECT:[ UseTime:0.024598s ] mysql:host=124.71.218.160;port=3306;dbname=www_akali_ltd;charset=utf8
[2021-12-22T18:41:44+08:00][sql] SHOW FULL COLUMNS FROM `product` [ RunTime:0.023451s ]
[2021-12-22T18:41:44+08:00][sql] SELECT * FROM `product` WHERE (  `id` = 16 ) AND `product`.`delete_time` IS NULL LIMIT 1 [ RunTime:0.015568s ]
[2021-12-22T18:41:44+08:00][sql] SHOW FULL COLUMNS FROM `product_specs` [ RunTime:0.016932s ]
[2021-12-22T18:41:44+08:00][sql] SELECT `id`,`specs_value_id`,`price`,`stock`,`create_time`,`update_time`,`delete_time`,`product_id` FROM `product_specs` WHERE (  `product_id` = 16 ) AND `product_specs`.`delete_time` IS NULL [ RunTime:0.019034s ]
[2021-12-22T18:41:44+08:00][sql] SHOW FULL COLUMNS FROM `product_specs_value` [ RunTime:0.027345s ]
[2021-12-22T18:41:44+08:00][sql] SELECT * FROM `product_specs_value` WHERE  `id` IN (1,12,19,20) [ RunTime:0.029699s ]
